#TANK TIME(SEC) TIME(MIN) H2O2        DBCP        HO2*        HCO3-       H2PO4-      
  1      0.      .0     .100E-02    .183E-05    .000E+00    .400E-02    .000E+00
  1    300.     5.0     .883E-03    .143E-05    .114E-05    .400E-02    .000E+00
  1    600.    10.0     .812E-03    .124E-05    .103E-05    .400E-02    .000E+00
  1    900.    15.0     .770E-03    .115E-05    .959E-06    .400E-02    .000E+00
  1   1200.    20.0     .744E-03    .110E-05    .919E-06    .400E-02    .000E+00
  1   1500.    25.0     .729E-03    .108E-05    .896E-06    .400E-02    .000E+00
  1   1800.    30.0     .720E-03    .107E-05    .882E-06    .400E-02    .000E+00
  1   2100.    35.0     .715E-03    .107E-05    .874E-06    .400E-02    .000E+00
  1   2400.    40.0     .712E-03    .107E-05    .869E-06    .400E-02    .000E+00
  1   2700.    45.0     .710E-03    .107E-05    .866E-06    .400E-02    .000E+00
  1   3000.    50.0     .709E-03    .107E-05    .864E-06    .400E-02    .000E+00
  1   3300.    55.0     .708E-03    .107E-05    .863E-06    .400E-02    .000E+00
  1   3600.    60.0     .708E-03    .107E-05    .862E-06    .400E-02    .000E+00
  1   3900.    65.0     .707E-03    .107E-05    .862E-06    .400E-02    .000E+00
  1   4200.    70.0     .707E-03    .107E-05    .862E-06    .400E-02    .000E+00
  1   4500.    75.0     .707E-03    .107E-05    .862E-06    .400E-02    .000E+00
#TANK TIME(SEC) TIME(MIN) NOM         CO3*-       HPO4*-      HO*         
  1      0.      .0     .000E+00    .000E+00    .000E+00    .000E+00
  1    300.     5.0     .000E+00    .259E-09    .000E+00    .538E-11
  1    600.    10.0     .000E+00    .278E-09    .000E+00    .525E-11
  1    900.    15.0     .000E+00    .290E-09    .000E+00    .516E-11
  1   1200.    20.0     .000E+00    .298E-09    .000E+00    .510E-11
  1   1500.    25.0     .000E+00    .302E-09    .000E+00    .506E-11
  1   1800.    30.0     .000E+00    .305E-09    .000E+00    .504E-11
  1   2100.    35.0     .000E+00    .307E-09    .000E+00    .503E-11
  1   2400.    40.0     .000E+00    .308E-09    .000E+00    .502E-11
  1   2700.    45.0     .000E+00    .309E-09    .000E+00    .501E-11
  1   3000.    50.0     .000E+00    .309E-09    .000E+00    .501E-11
  1   3300.    55.0     .000E+00    .309E-09    .000E+00    .501E-11
  1   3600.    60.0     .000E+00    .309E-09    .000E+00    .501E-11
  1   3900.    65.0     .000E+00    .310E-09    .000E+00    .500E-11
  1   4200.    70.0     .000E+00    .310E-09    .000E+00    .500E-11
  1   4500.    75.0     .000E+00    .310E-09    .000E+00    .500E-11
#TANK TIME(SEC) TIME(MIN) H2O2        DBCP        HO2*        HCO3-       H2PO4-      
  2      0.      .0     .000E+00    .000E+00    .000E+00    .000E+00    .000E+00
  2    300.     5.0     .862E-03    .136E-05    .110E-05    .400E-02    .000E+00
  2    600.    10.0     .750E-03    .106E-05    .927E-06    .400E-02    .000E+00
  2    900.    15.0     .666E-03    .874E-06    .798E-06    .400E-02    .000E+00
  2   1200.    20.0     .607E-03    .768E-06    .708E-06    .400E-02    .000E+00
  2   1500.    25.0     .566E-03    .710E-06    .647E-06    .400E-02    .000E+00
  2   1800.    30.0     .538E-03    .678E-06    .607E-06    .400E-02    .000E+00
  2   2100.    35.0     .520E-03    .662E-06    .581E-06    .400E-02    .000E+00
  2   2400.    40.0     .508E-03    .654E-06    .564E-06    .400E-02    .000E+00
  2   2700.    45.0     .501E-03    .651E-06    .553E-06    .400E-02    .000E+00
  2   3000.    50.0     .496E-03    .649E-06    .546E-06    .400E-02    .000E+00
  2   3300.    55.0     .493E-03    .649E-06    .542E-06    .400E-02    .000E+00
  2   3600.    60.0     .491E-03    .649E-06    .539E-06    .400E-02    .000E+00
  2   3900.    65.0     .490E-03    .649E-06    .538E-06    .400E-02    .000E+00
  2   4200.    70.0     .489E-03    .649E-06    .537E-06    .400E-02    .000E+00
  2   4500.    75.0     .488E-03    .649E-06    .536E-06    .400E-02    .000E+00
#TANK TIME(SEC) TIME(MIN) NOM         CO3*-       HPO4*-      HO*         
  2      0.      .0     .000E+00    .000E+00    .000E+00    .000E+00
  2    300.     5.0     .000E+00    .264E-09    .000E+00    .535E-11
  2    600.    10.0     .000E+00    .296E-09    .000E+00    .512E-11
  2    900.    15.0     .000E+00    .324E-09    .000E+00    .490E-11
  2   1200.    20.0     .000E+00    .346E-09    .000E+00    .471E-11
  2   1500.    25.0     .000E+00    .364E-09    .000E+00    .456E-11
  2   1800.    30.0     .000E+00    .376E-09    .000E+00    .445E-11
  2   2100.    35.0     .000E+00    .384E-09    .000E+00    .437E-11
  2   2400.    40.0     .000E+00    .390E-09    .000E+00    .432E-11
  2   2700.    45.0     .000E+00    .393E-09    .000E+00    .428E-11
  2   3000.    50.0     .000E+00    .396E-09    .000E+00    .426E-11
  2   3300.    55.0     .000E+00    .397E-09    .000E+00    .424E-11
  2   3600.    60.0     .000E+00    .398E-09    .000E+00    .423E-11
  2   3900.    65.0     .000E+00    .399E-09    .000E+00    .423E-11
  2   4200.    70.0     .000E+00    .399E-09    .000E+00    .422E-11
  2   4500.    75.0     .000E+00    .400E-09    .000E+00    .422E-11
#TANK TIME(SEC) TIME(MIN) pH
  1      0.      .0     8.40
  1    300.     5.0     8.38
  1    600.    10.0     8.38
  1    900.    15.0     8.38
  1   1200.    20.0     8.38
  1   1500.    25.0     8.38
  1   1800.    30.0     8.38
  1   2100.    35.0     8.38
  1   2400.    40.0     8.38
  1   2700.    45.0     8.38
  1   3000.    50.0     8.38
  1   3300.    55.0     8.38
  1   3600.    60.0     8.38
  1   3900.    65.0     8.38
  1   4200.    70.0     8.38
  1   4500.    75.0     8.38
  2      0.      .0     8.40
  2    300.     5.0     8.38
  2    600.    10.0     8.38
  2    900.    15.0     8.37
  2   1200.    20.0     8.37
  2   1500.    25.0     8.37
  2   1800.    30.0     8.37
  2   2100.    35.0     8.37
  2   2400.    40.0     8.37
  2   2700.    45.0     8.37
  2   3000.    50.0     8.37
  2   3300.    55.0     8.37
  2   3600.    60.0     8.37
  2   3900.    65.0     8.37
  2   4200.    70.0     8.37
  2   4500.    75.0     8.37
