Line 157: Class vsOcx6LibCtl.vsIndexTab of control TABViewProp was not a loaded control class.
Line 202: Class vsOcx6LibCtl.vsElastic of control VideoSoftElastic1 was not a loaded control class.
Line 500: Class vsOcx6LibCtl.vsElastic of control VSElastic2 was not a loaded control class.
Line 731: Class vsOcx6LibCtl.vsElastic of control VSElastic1 was not a loaded control class.
Line 1029: Class vsOcx6LibCtl.vsElastic of control VSElastic1 was not a loaded control class.
Line 1203: Class vsOcx6LibCtl.vsElastic of control VSElastic1 was not a loaded control class.
Line 1408: Class vsOcx6LibCtl.vsElastic of control VSElastic1 was not a loaded control class.
Line 1706: Class vsOcx6LibCtl.vsElastic of control VSElastic1 was not a loaded control class.
Line 2004: Class vsOcx6LibCtl.vsElastic of control VideoSoftElastic1 was not a loaded control class.
Line 2240: Class vsOcx6LibCtl.vsElastic of control VSElastic1 was not a loaded control class.
Line 175: The property name _ConvInfo in TABViewProp is invalid.
Line 176: The property name Version in TABViewProp is invalid.
Line 179: The property name FrontTabColor in TABViewProp is invalid.
Line 180: The property name BackTabColor in TABViewProp is invalid.
Line 181: The property name TabOutlineColor in TABViewProp is invalid.
Line 182: The property name FrontTabForeColor in TABViewProp is invalid.
Line 183: The property name Caption in TABViewProp is invalid.
Line 186: The property name CurrTab in TABViewProp is invalid.
Line 187: The property name FirstTab in TABViewProp is invalid.
Line 188: The property name Style in TABViewProp is invalid.
Line 189: The property name Position in TABViewProp is invalid.
Line 190: The property name AutoSwitch in TABViewProp is invalid.
Line 191: The property name AutoScroll in TABViewProp is invalid.
Line 192: The property name TabPreview in TABViewProp is invalid.
Line 193: The property name ShowFocusRect in TABViewProp is invalid.
Line 194: The property name TabsPerPage in TABViewProp is invalid.
Line 195: The property name BorderWidth in TABViewProp is invalid.
Line 196: The property name BoldCurrent in TABViewProp is invalid.
Line 197: The property name DogEars in TABViewProp is invalid.
Line 198: The property name MultiRow in TABViewProp is invalid.
Line 199: The property name MultiRowOffset in TABViewProp is invalid.
Line 200: The property name CaptionStyle in TABViewProp is invalid.
Line 201: The property name TabHeight in TABViewProp is invalid.
Line 222: The property name _ConvInfo in VideoSoftElastic1 is invalid.
Line 223: The property name Version in VideoSoftElastic1 is invalid.
Line 226: The property name FloodColor in VideoSoftElastic1 is invalid.
Line 227: The property name ForeColorDisabled in VideoSoftElastic1 is invalid.
Line 228: The property name Caption in VideoSoftElastic1 is invalid.
Line 231: The property name AutoSizeChildren in VideoSoftElastic1 is invalid.
Line 232: The property name BorderWidth in VideoSoftElastic1 is invalid.
Line 233: The property name ChildSpacing in VideoSoftElastic1 is invalid.
Line 234: The property name Splitter in VideoSoftElastic1 is invalid.
Line 235: The property name FloodDirection in VideoSoftElastic1 is invalid.
Line 236: The property name FloodPercent in VideoSoftElastic1 is invalid.
Line 237: The property name CaptionPos in VideoSoftElastic1 is invalid.
Line 238: The property name WordWrap in VideoSoftElastic1 is invalid.
Line 239: The property name MaxChildSize in VideoSoftElastic1 is invalid.
Line 240: The property name MinChildSize in VideoSoftElastic1 is invalid.
Line 241: The property name TagWidth in VideoSoftElastic1 is invalid.
Line 242: The property name TagPosition in VideoSoftElastic1 is invalid.
Line 243: The property name Style in VideoSoftElastic1 is invalid.
Line 244: The property name TagSplit in VideoSoftElastic1 is invalid.
Line 245: The property name PicturePos in VideoSoftElastic1 is invalid.
Line 246: The property name CaptionStyle in VideoSoftElastic1 is invalid.
Line 247: The property name ResizeFonts in VideoSoftElastic1 is invalid.
Line 248: The property name GridRows in VideoSoftElastic1 is invalid.
Line 249: The property name GridCols in VideoSoftElastic1 is invalid.
Line 250: The property name _GridInfo in VideoSoftElastic1 is invalid.
Line 519: The property name _ConvInfo in VSElastic2 is invalid.
Line 520: The property name Version in VSElastic2 is invalid.
Line 523: The property name FloodColor in VSElastic2 is invalid.
Line 524: The property name ForeColorDisabled in VSElastic2 is invalid.
Line 525: The property name Caption in VSElastic2 is invalid.
Line 528: The property name AutoSizeChildren in VSElastic2 is invalid.
Line 529: The property name BorderWidth in VSElastic2 is invalid.
Line 530: The property name ChildSpacing in VSElastic2 is invalid.
Line 531: The property name Splitter in VSElastic2 is invalid.
Line 532: The property name FloodDirection in VSElastic2 is invalid.
Line 533: The property name FloodPercent in VSElastic2 is invalid.
Line 534: The property name CaptionPos in VSElastic2 is invalid.
Line 535: The property name WordWrap in VSElastic2 is invalid.
Line 536: The property name MaxChildSize in VSElastic2 is invalid.
Line 537: The property name MinChildSize in VSElastic2 is invalid.
Line 538: The property name TagWidth in VSElastic2 is invalid.
Line 539: The property name TagPosition in VSElastic2 is invalid.
Line 540: The property name Style in VSElastic2 is invalid.
Line 541: The property name TagSplit in VSElastic2 is invalid.
Line 542: The property name PicturePos in VSElastic2 is invalid.
Line 543: The property name CaptionStyle in VSElastic2 is invalid.
Line 544: The property name ResizeFonts in VSElastic2 is invalid.
Line 545: The property name GridRows in VSElastic2 is invalid.
Line 546: The property name GridCols in VSElastic2 is invalid.
Line 547: The property name _GridInfo in VSElastic2 is invalid.
Line 751: The property name _ConvInfo in VSElastic1 is invalid.
Line 752: The property name Version in VSElastic1 is invalid.
Line 755: The property name FloodColor in VSElastic1 is invalid.
Line 756: The property name ForeColorDisabled in VSElastic1 is invalid.
Line 757: The property name Caption in VSElastic1 is invalid.
Line 760: The property name AutoSizeChildren in VSElastic1 is invalid.
Line 761: The property name BorderWidth in VSElastic1 is invalid.
Line 762: The property name ChildSpacing in VSElastic1 is invalid.
Line 763: The property name Splitter in VSElastic1 is invalid.
Line 764: The property name FloodDirection in VSElastic1 is invalid.
Line 765: The property name FloodPercent in VSElastic1 is invalid.
Line 766: The property name CaptionPos in VSElastic1 is invalid.
Line 767: The property name WordWrap in VSElastic1 is invalid.
Line 768: The property name MaxChildSize in VSElastic1 is invalid.
Line 769: The property name MinChildSize in VSElastic1 is invalid.
Line 770: The property name TagWidth in VSElastic1 is invalid.
Line 771: The property name TagPosition in VSElastic1 is invalid.
Line 772: The property name Style in VSElastic1 is invalid.
Line 773: The property name TagSplit in VSElastic1 is invalid.
Line 774: The property name PicturePos in VSElastic1 is invalid.
Line 775: The property name CaptionStyle in VSElastic1 is invalid.
Line 776: The property name ResizeFonts in VSElastic1 is invalid.
Line 777: The property name GridRows in VSElastic1 is invalid.
Line 778: The property name GridCols in VSElastic1 is invalid.
Line 779: The property name _GridInfo in VSElastic1 is invalid.
Line 1049: The property name _ConvInfo in VSElastic1 is invalid.
Line 1050: The property name Version in VSElastic1 is invalid.
Line 1053: The property name FloodColor in VSElastic1 is invalid.
Line 1054: The property name ForeColorDisabled in VSElastic1 is invalid.
Line 1055: The property name Caption in VSElastic1 is invalid.
Line 1058: The property name AutoSizeChildren in VSElastic1 is invalid.
Line 1059: The property name BorderWidth in VSElastic1 is invalid.
Line 1060: The property name ChildSpacing in VSElastic1 is invalid.
Line 1061: The property name Splitter in VSElastic1 is invalid.
Line 1062: The property name FloodDirection in VSElastic1 is invalid.
Line 1063: The property name FloodPercent in VSElastic1 is invalid.
Line 1064: The property name CaptionPos in VSElastic1 is invalid.
Line 1065: The property name WordWrap in VSElastic1 is invalid.
Line 1066: The property name MaxChildSize in VSElastic1 is invalid.
Line 1067: The property name MinChildSize in VSElastic1 is invalid.
Line 1068: The property name TagWidth in VSElastic1 is invalid.
Line 1069: The property name TagPosition in VSElastic1 is invalid.
Line 1070: The property name Style in VSElastic1 is invalid.
Line 1071: The property name TagSplit in VSElastic1 is invalid.
Line 1072: The property name PicturePos in VSElastic1 is invalid.
Line 1073: The property name CaptionStyle in VSElastic1 is invalid.
Line 1074: The property name ResizeFonts in VSElastic1 is invalid.
Line 1075: The property name GridRows in VSElastic1 is invalid.
Line 1076: The property name GridCols in VSElastic1 is invalid.
Line 1077: The property name _GridInfo in VSElastic1 is invalid.
Line 1223: The property name _ConvInfo in VSElastic1 is invalid.
Line 1224: The property name Version in VSElastic1 is invalid.
Line 1227: The property name FloodColor in VSElastic1 is invalid.
Line 1228: The property name ForeColorDisabled in VSElastic1 is invalid.
Line 1229: The property name Caption in VSElastic1 is invalid.
Line 1232: The property name AutoSizeChildren in VSElastic1 is invalid.
Line 1233: The property name BorderWidth in VSElastic1 is invalid.
Line 1234: The property name ChildSpacing in VSElastic1 is invalid.
Line 1235: The property name Splitter in VSElastic1 is invalid.
Line 1236: The property name FloodDirection in VSElastic1 is invalid.
Line 1237: The property name FloodPercent in VSElastic1 is invalid.
Line 1238: The property name CaptionPos in VSElastic1 is invalid.
Line 1239: The property name WordWrap in VSElastic1 is invalid.
Line 1240: The property name MaxChildSize in VSElastic1 is invalid.
Line 1241: The property name MinChildSize in VSElastic1 is invalid.
Line 1242: The property name TagWidth in VSElastic1 is invalid.
Line 1243: The property name TagPosition in VSElastic1 is invalid.
Line 1244: The property name Style in VSElastic1 is invalid.
Line 1245: The property name TagSplit in VSElastic1 is invalid.
Line 1246: The property name PicturePos in VSElastic1 is invalid.
Line 1247: The property name CaptionStyle in VSElastic1 is invalid.
Line 1248: The property name ResizeFonts in VSElastic1 is invalid.
Line 1249: The property name GridRows in VSElastic1 is invalid.
Line 1250: The property name GridCols in VSElastic1 is invalid.
Line 1251: The property name _GridInfo in VSElastic1 is invalid.
Line 1428: The property name _ConvInfo in VSElastic1 is invalid.
Line 1429: The property name Version in VSElastic1 is invalid.
Line 1432: The property name FloodColor in VSElastic1 is invalid.
Line 1433: The property name ForeColorDisabled in VSElastic1 is invalid.
Line 1434: The property name Caption in VSElastic1 is invalid.
Line 1437: The property name AutoSizeChildren in VSElastic1 is invalid.
Line 1438: The property name BorderWidth in VSElastic1 is invalid.
Line 1439: The property name ChildSpacing in VSElastic1 is invalid.
Line 1440: The property name Splitter in VSElastic1 is invalid.
Line 1441: The property name FloodDirection in VSElastic1 is invalid.
Line 1442: The property name FloodPercent in VSElastic1 is invalid.
Line 1443: The property name CaptionPos in VSElastic1 is invalid.
Line 1444: The property name WordWrap in VSElastic1 is invalid.
Line 1445: The property name MaxChildSize in VSElastic1 is invalid.
Line 1446: The property name MinChildSize in VSElastic1 is invalid.
Line 1447: The property name TagWidth in VSElastic1 is invalid.
Line 1448: The property name TagPosition in VSElastic1 is invalid.
Line 1449: The property name Style in VSElastic1 is invalid.
Line 1450: The property name TagSplit in VSElastic1 is invalid.
Line 1451: The property name PicturePos in VSElastic1 is invalid.
Line 1452: The property name CaptionStyle in VSElastic1 is invalid.
Line 1453: The property name ResizeFonts in VSElastic1 is invalid.
Line 1454: The property name GridRows in VSElastic1 is invalid.
Line 1455: The property name GridCols in VSElastic1 is invalid.
Line 1456: The property name _GridInfo in VSElastic1 is invalid.
Line 1726: The property name _ConvInfo in VSElastic1 is invalid.
Line 1727: The property name Version in VSElastic1 is invalid.
Line 1730: The property name FloodColor in VSElastic1 is invalid.
Line 1731: The property name ForeColorDisabled in VSElastic1 is invalid.
Line 1732: The property name Caption in VSElastic1 is invalid.
Line 1735: The property name AutoSizeChildren in VSElastic1 is invalid.
Line 1736: The property name BorderWidth in VSElastic1 is invalid.
Line 1737: The property name ChildSpacing in VSElastic1 is invalid.
Line 1738: The property name Splitter in VSElastic1 is invalid.
Line 1739: The property name FloodDirection in VSElastic1 is invalid.
Line 1740: The property name FloodPercent in VSElastic1 is invalid.
Line 1741: The property name CaptionPos in VSElastic1 is invalid.
Line 1742: The property name WordWrap in VSElastic1 is invalid.
Line 1743: The property name MaxChildSize in VSElastic1 is invalid.
Line 1744: The property name MinChildSize in VSElastic1 is invalid.
Line 1745: The property name TagWidth in VSElastic1 is invalid.
Line 1746: The property name TagPosition in VSElastic1 is invalid.
Line 1747: The property name Style in VSElastic1 is invalid.
Line 1748: The property name TagSplit in VSElastic1 is invalid.
Line 1749: The property name PicturePos in VSElastic1 is invalid.
Line 1750: The property name CaptionStyle in VSElastic1 is invalid.
Line 1751: The property name ResizeFonts in VSElastic1 is invalid.
Line 1752: The property name GridRows in VSElastic1 is invalid.
Line 1753: The property name GridCols in VSElastic1 is invalid.
Line 1754: The property name _GridInfo in VSElastic1 is invalid.
Line 2024: The property name _ConvInfo in VideoSoftElastic1 is invalid.
Line 2025: The property name Version in VideoSoftElastic1 is invalid.
Line 2028: The property name FloodColor in VideoSoftElastic1 is invalid.
Line 2029: The property name ForeColorDisabled in VideoSoftElastic1 is invalid.
Line 2030: The property name Caption in VideoSoftElastic1 is invalid.
Line 2033: The property name AutoSizeChildren in VideoSoftElastic1 is invalid.
Line 2034: The property name BorderWidth in VideoSoftElastic1 is invalid.
Line 2035: The property name ChildSpacing in VideoSoftElastic1 is invalid.
Line 2036: The property name Splitter in VideoSoftElastic1 is invalid.
Line 2037: The property name FloodDirection in VideoSoftElastic1 is invalid.
Line 2038: The property name FloodPercent in VideoSoftElastic1 is invalid.
Line 2039: The property name CaptionPos in VideoSoftElastic1 is invalid.
Line 2040: The property name WordWrap in VideoSoftElastic1 is invalid.
Line 2041: The property name MaxChildSize in VideoSoftElastic1 is invalid.
Line 2042: The property name MinChildSize in VideoSoftElastic1 is invalid.
Line 2043: The property name TagWidth in VideoSoftElastic1 is invalid.
Line 2044: The property name TagPosition in VideoSoftElastic1 is invalid.
Line 2045: The property name Style in VideoSoftElastic1 is invalid.
Line 2046: The property name TagSplit in VideoSoftElastic1 is invalid.
Line 2047: The property name PicturePos in VideoSoftElastic1 is invalid.
Line 2048: The property name CaptionStyle in VideoSoftElastic1 is invalid.
Line 2049: The property name ResizeFonts in VideoSoftElastic1 is invalid.
Line 2050: The property name GridRows in VideoSoftElastic1 is invalid.
Line 2051: The property name GridCols in VideoSoftElastic1 is invalid.
Line 2052: The property name _GridInfo in VideoSoftElastic1 is invalid.
Line 2260: The property name _ConvInfo in VSElastic1 is invalid.
Line 2261: The property name Version in VSElastic1 is invalid.
Line 2264: The property name FloodColor in VSElastic1 is invalid.
Line 2265: The property name ForeColorDisabled in VSElastic1 is invalid.
Line 2266: The property name Caption in VSElastic1 is invalid.
Line 2269: The property name AutoSizeChildren in VSElastic1 is invalid.
Line 2270: The property name BorderWidth in VSElastic1 is invalid.
Line 2271: The property name ChildSpacing in VSElastic1 is invalid.
Line 2272: The property name Splitter in VSElastic1 is invalid.
Line 2273: The property name FloodDirection in VSElastic1 is invalid.
Line 2274: The property name FloodPercent in VSElastic1 is invalid.
Line 2275: The property name CaptionPos in VSElastic1 is invalid.
Line 2276: The property name WordWrap in VSElastic1 is invalid.
Line 2277: The property name MaxChildSize in VSElastic1 is invalid.
Line 2278: The property name MinChildSize in VSElastic1 is invalid.
Line 2279: The property name TagWidth in VSElastic1 is invalid.
Line 2280: The property name TagPosition in VSElastic1 is invalid.
Line 2281: The property name Style in VSElastic1 is invalid.
Line 2282: The property name TagSplit in VSElastic1 is invalid.
Line 2283: The property name PicturePos in VSElastic1 is invalid.
Line 2284: The property name CaptionStyle in VSElastic1 is invalid.
Line 2285: The property name ResizeFonts in VSElastic1 is invalid.
Line 2286: The property name GridRows in VSElastic1 is invalid.
Line 2287: The property name GridCols in VSElastic1 is invalid.
Line 2288: The property name _GridInfo in VSElastic1 is invalid.
