 NOTE: ALL TERMS IN UNITS OF UG/S.
    0.1000000000E-03     0.000000000        0.9678204771        0.9670000000         39.07646005        0.9030975228         40.04428052    
     720.0001000         0.000000000        0.8860432721E-01    0.9670000000         3.577464555         2.699693076         3.666068882    
     1440.000100         0.000000000        0.9375311042E-01    0.9670000000         3.785350445         2.914276095         3.879103555    
     2160.000100         0.000000000        0.1065680357        0.9670000000         4.302762430         3.446613437         4.409330465    
     2880.000100         0.000000000        0.1236677455        0.9670000000         4.993175728         4.155065976         5.116843473    
     3600.000100         0.000000000        0.1391083447        0.9670000000         5.616601223         4.792446566         5.755709567    
     4320.000100         0.000000000        0.1501663485        0.9670000000         6.063076219         5.248686997         6.213242567    
     5040.000100         0.000000000        0.1576141110        0.9670000000         6.363785078         5.556108925         6.521399189    
     5760.000100         0.000000000        0.1636768082        0.9670000000         6.608570915         5.806872973         6.772247723    
     6480.000100         0.000000000        0.1706290279        0.9670000000         6.889271872         6.095088100         7.059900900    
     7200.000100         0.000000000        0.1792304808        0.9670000000         7.236561830         6.451405533         7.415792310    
     7920.000100         0.000000000        0.1894144791        0.9670000000         7.647748213         6.873208752         7.837162692    
     8640.000100         0.000000000        0.2005165112        0.9670000000         8.096000884         7.332686399         8.296517395    
     9360.000100         0.000000000        0.2117318990        0.9670000000         8.548830375         7.796686979         8.760562274    
     10080.00010         0.000000000        0.2225071143        0.9670000000         8.983887579         8.242256152         9.206394694    
     10800.00010         0.000000000        0.2324471375        0.9670000000         9.385223290         8.653234788         9.617670427    
     11520.00010         0.000000000        0.2411013991        0.9670000000         9.734645436         9.010995833         9.975746835    
     12240.00010         0.000000000        0.2481342936        0.9670000000         10.01860370         9.301411705         10.26673799    
     12960.00010         0.000000000        0.2549052971        0.9670000000         10.29198792         9.581638187         10.54689322    
     13680.00010         0.000000000        0.2615065754        0.9670000000         10.55851936         9.854999231         10.82002594    
     14400.00010         0.000000000        0.2680129825        0.9670000000         10.82122031         10.12405694         11.08923329    
     15120.00010         0.000000000        0.2747850395        0.9670000000         11.09464707         10.40436724         11.36943211    
     15840.00010         0.000000000        0.2820058561        0.9670000000         11.38619282         10.70329908         11.66819868    
     16560.00010         0.000000000        0.2898027900        0.9670000000         11.70099973         11.02608313         11.99080252    
     17280.00010         0.000000000        0.2981352748        0.9670000000         12.03742991         11.37099946         12.33556518    
     18000.00010         0.000000000        0.3068436024        0.9670000000         12.38903501         11.73137908         12.69587861    
     18720.00010         0.000000000        0.3157194886        0.9670000000         12.74740541         12.09862397         13.06312490    
     19440.00010         0.000000000        0.3245382912        0.9670000000         13.10347101         12.46344063         13.42800931    
     20160.00010         0.000000000        0.3331061251        0.9670000000         13.44940358         12.81783018         13.78250970    
     20880.00010         0.000000000        0.3412427969        0.9670000000         13.77792766         13.15434675         14.11917046    
     21600.00010         0.000000000        0.3491294772        0.9670000000         14.09635815         13.48054000         14.44548763    
     22320.00010         0.000000000        0.3565700048        0.9670000000         14.39677490         13.78830512         14.75334490    
     23040.00010         0.000000000        0.3636417439        0.9670000000         14.68230153         14.08082895         15.04594328    
     23760.00010         0.000000000        0.3704321454        0.9670000000         14.95646897         14.36171339         15.32690111    
     24480.00010         0.000000000        0.3769255023        0.9670000000         15.21864300         14.63032669         15.59556850    
     25200.00010         0.000000000        0.3834035941        0.9670000000         15.48020070         14.89835466         15.86360429    
     25920.00010         0.000000000        0.3898789982        0.9670000000         15.74164988         15.16632095         16.13152888    
     26640.00010         0.000000000        0.3964514968        0.9670000000         16.00701932         15.43832666         16.40347082    
     27360.00010         0.000000000        0.4032188085        0.9670000000         16.28025448         15.71839857         16.68347329    
     28080.00010         0.000000000        0.4102952418        0.9670000000         16.56597066         16.01124782         16.97626590    
     28800.00010         0.000000000        0.4174240292        0.9670000000         16.85380066         16.30628529         17.27122469    
     29520.00010         0.000000000        0.4248410667        0.9670000000         17.15326898         16.61321894         17.57811005    
     30240.00010         0.000000000        0.4323577341        0.9670000000         17.45675993         16.92425443         17.88911766    
     30960.00010         0.000000000        0.4399733084        0.9670000000         17.76424431         17.23936188         18.20421762    
     31680.00010         0.000000000        0.4475700900        0.9670000000         18.07096993         17.55367373         18.51854002    
     32400.00010         0.000000000        0.4551088078        0.9670000000         18.37535118         17.86556612         18.83045999    
     33120.00010         0.000000000        0.4625526996        0.9670000000         18.67590376         18.17352417         19.13845646    
     33840.00010         0.000000000        0.4698552558        0.9670000000         18.97074981         18.47562793         19.44060507    
     34560.00010         0.000000000        0.4770392400        0.9670000000         19.26080843         18.77282011         19.73784767    
     35280.00010         0.000000000        0.4840669420        0.9670000000         19.54455704         19.06355864         20.02862398    
     36000.00010         0.000000000        0.4909823545        0.9670000000         19.82377188         19.34965081         20.31475424    
     36720.00010         0.000000000        0.4978096999        0.9670000000         20.09943095         19.63210689         20.59724065    
     37440.00010         0.000000000        0.5045389186        0.9670000000         20.37112808         19.91051590         20.87566700    
     38160.00010         0.000000000        0.5112424902        0.9670000000         20.64178969         20.18787532         21.15303218    
     38880.00010         0.000000000        0.5179549883        0.9670000000         20.91281171         20.46561834         21.43076670    
     39600.00010         0.000000000        0.5246940127        0.9670000000         21.18490475         20.74447640         21.70959876    
     40320.00010         0.000000000        0.5315079868        0.9670000000         21.46002394         21.02643888         21.99153193    
     41040.00010         0.000000000        0.5384281354        0.9670000000         21.73943001         21.31279860         22.27785814    
     41760.00010         0.000000000        0.5454328448        0.9670000000         22.02225027         21.60265446         22.56768312    
     42480.00010         0.000000000        0.5525492204        0.9670000000         22.30957915         21.89712418         22.86212837    
     43200.00010         0.000000000        0.5597324106        0.9670000000         22.59960571         22.19435122         23.15933812    
     43920.00010         0.000000000        0.5669693686        0.9670000000         22.89180319         22.49379298         23.45877255    
     44640.00010         0.000000000        0.5742321128        0.9670000000         23.18504180         22.79429283         23.75927391    
     45360.00010         0.000000000        0.5814893058        0.9670000000         23.47805628         23.09455520         24.05954558    
     46080.00010         0.000000000        0.5887209827        0.9670000000         23.77004052         23.39375640         24.35876150    
     46800.00010         0.000000000        0.5959031805        0.9670000000         24.06002701         23.69091005         24.65593019    
     47520.00010         0.000000000        0.6030392661        0.9670000000         24.34815169         23.98615836         24.95119096    
     48240.00010         0.000000000        0.6101706179        0.9670000000         24.63608524         24.28121985         25.24625586    
     48960.00010         0.000000000        0.6172826053        0.9670000000         24.92323694         24.57549161         25.54051954    
     49680.00010         0.000000000        0.6244239252        0.9670000000         25.21157296         24.87097892         25.83599688    
     50400.00010         0.000000000        0.6315991590        0.9670000000         25.50127827         25.16787480         26.13287743    
     51120.00010         0.000000000        0.6388262023        0.9670000000         25.79307543         25.46691823         26.43190164    
     51840.00010         0.000000000        0.6461227851        0.9670000000         26.08768030         25.76884159         26.73380309    
     52560.00010         0.000000000        0.6534966648        0.9670000000         26.38540609         26.07396433         27.03890276    
     53280.00010         0.000000000        0.6609319115        0.9670000000         26.68560962         26.38162315         27.34654153    
     54000.00010         0.000000000        0.6684431076        0.9670000000         26.98887966         26.69242026         27.65732277    
     54720.00010         0.000000000        0.6759859709        0.9670000000         27.29342828         27.00452199         27.96941426    
     55440.00010         0.000000000        0.6835606479        0.9670000000         27.59926141         27.31793238         28.28282206    
     56160.00010         0.000000000        0.6911415605        0.9670000000         27.90534631         27.63159482         28.59648787    
     56880.00010         0.000000000        0.6987032532        0.9670000000         28.21065518         27.94445759         28.90935844    
     57600.00010         0.000000000        0.7062340922        0.9670000000         28.51471832         28.25603759         29.22095241    
     58320.00010         0.000000000        0.7137120041        0.9670000000         28.81664448         28.56542291         29.53035649    
     59040.00010         0.000000000        0.7211167095        0.9670000000         29.11561488         28.87177516         29.83673159    
     59760.00010         0.000000000        0.7284300341        0.9670000000         29.41089572         29.17434224         30.13932575    
     60480.00010         0.000000000        0.7356414609        0.9670000000         29.70206235         29.47268893         30.43770381    
     61200.00010         0.000000000        0.7427344456        0.9670000000         29.98844680         29.76613088         30.73118124    
     61920.00010         0.000000000        0.7496909494        0.9670000000         30.26932073         30.05392198         31.01901168    
     62640.00010         0.000000000        0.7565373985        0.9670000000         30.54575113         30.33716351         31.30228852    
     63360.00010         0.000000000        0.7632615271        0.9670000000         30.81724274         30.61534892         31.58050427    
     64080.00010         0.000000000        0.7698546662        0.9670000000         31.08344556         30.88812114         31.85330022    
     64800.00010         0.000000000        0.7762851885        0.9670000000         31.34308260         31.15414922         32.11936779    
     65520.00010         0.000000000        0.7825798458        0.9670000000         31.59723399         31.41455339         32.37981384    
     66240.00010         0.000000000        0.7887051093        0.9670000000         31.84454599         31.66793711         32.63325110    
     66960.00010         0.000000000        0.7947126911        0.9670000000         32.08710650         31.91646990         32.88181919    
     67680.00010         0.000000000        0.8005654631        0.9670000000         32.32341645         32.15859408         33.12398192    
     68400.00010         0.000000000        0.8062634252        0.9670000000         32.55347584         32.39430965         33.35973927    
     69120.00010         0.000000000        0.8118065775        0.9670000000         32.77728467         32.62361662         33.58909125    
     69840.00010         0.000000000        0.8171949199        0.9670000000         32.99484294         32.84651499         33.81203786    
     70560.00010         0.000000000        0.8224470007        0.9670000000         33.20689955         33.06377982         34.02934655    
     71280.00010         0.000000000        0.8275614686        0.9670000000         33.41339993         33.27535466         34.24096140    
     72000.00010         0.000000000        0.8325303789        0.9670000000         33.61402332         33.48090752         34.44655370    
     72720.00010         0.000000000        0.8373537317        0.9670000000         33.80876972         33.68043841         34.64612346    
     73440.00010         0.000000000        0.8420315271        0.9670000000         33.99763913         33.87394732         34.83967066    
     74160.00010         0.000000000        0.8465683827        0.9670000000         34.18081800         34.06162508         35.02738638    
     74880.00010         0.000000000        0.8509770782        0.9670000000         34.35882231         34.24399983         35.20979938    
     75600.00010         0.000000000        0.8552465815        0.9670000000         34.53120663         34.42061565         35.38645321    
     76320.00010         0.000000000        0.8593768925        0.9670000000         34.69797096         34.59147254         35.55734785    
     77040.00010         0.000000000        0.8633680113        0.9670000000         34.85911530         34.75657050         35.72248331    
     77760.00010         0.000000000        0.8672199378        0.9670000000         35.01463965         34.91590954         35.88185959    
     78480.00010         0.000000000        0.8709292623        0.9670000000         35.16440634         35.06934840         36.03533560    
     79200.00010         0.000000000        0.8745799227        0.9670000000         35.31180443         35.22036403         36.18638435    
     79920.00010         0.000000000        0.8780961244        0.9670000000         35.45377364         35.36581680         36.33186977    
     80640.00010         0.000000000        0.8814804239        0.9670000000         35.59041721         35.50581262         36.47189764    
     81360.00010         0.000000000        0.8847353777        0.9670000000         35.72183835         35.64045738         36.60657373    
     82080.00010         0.000000000        0.8878748460        0.9670000000         35.84859669         35.77032421         36.73647153    
     82800.00010         0.000000000        0.8909100667        0.9670000000         35.97114594         35.89587784         36.86205601    
     83520.00010         0.000000000        0.8938325918        0.9670000000         36.08914503         36.01676930         36.98297762    
     84240.00010         0.000000000        0.8966458285        0.9670000000         36.20273152         36.13313967         37.09937735    
     84960.00010         0.000000000        0.8993531839        0.9670000000         36.31204298         36.24512999         37.21139616    
     85680.00010         0.000000000        0.9019580653        0.9670000000         36.41721697         36.35288133         37.31917504    
     86400.00010         0.000000000        0.9044638798        0.9670000000         36.51839106         36.45653474         37.42285494    
     87120.00010         0.000000000        0.9068740345        0.9670000000         36.61570283         36.55623128         37.52257686    
     87840.00010         0.000000000        0.9091919367        0.9670000000         36.70928982         36.65211202         37.61848176    
     88560.00010         0.000000000        0.9114199279        0.9670000000         36.79924660         36.74427333         37.71066653    
     89280.00010         0.000000000        0.9135596838        0.9670000000         36.88564081         36.83278370         37.79920049    
     90000.00010         0.000000000        0.9156162776        0.9670000000         36.96867729         36.91785402         37.88429357    
     90720.00010         0.000000000        0.9175930084        0.9670000000         37.04848924         36.99962082         37.96608225    
     91440.00010         0.000000000        0.9194931749        0.9670000000         37.12520985         37.07822062         38.04470303    
     92160.00010         0.000000000        0.9213200761        0.9670000000         37.19897233         37.15378994         38.12029240    
     92880.00010         0.000000000        0.9230770109        0.9670000000         37.26990985         37.22646529         38.19298687    
     93600.00010         0.000000000        0.9247672782        0.9670000000         37.33815564         37.29638320         38.26292291    
     94320.00010         0.000000000        0.9263941770        0.9670000000         37.40384286         37.36368019         38.33023704    
     95040.00010         0.000000000        0.9279587208        0.9670000000         37.46701247         37.42839801         38.39497119    
     95760.00010         0.000000000        0.9294566386        0.9670000000         37.52749199         37.49035927         38.45694863    
     96480.00010         0.000000000        0.9308974567        0.9670000000         37.58566608         37.54995871         38.51656353    
     97200.00010         0.000000000        0.9322841229        0.9670000000         37.64165374         37.60731832         38.57393786    
     97920.00010         0.000000000        0.9336195852        0.9670000000         37.69557401         37.66256006         38.62919359    
     98640.00010         0.000000000        0.9349067916        0.9670000000         37.74754591         37.71580589         38.68245270    
     99360.00010         0.000000000        0.9361486900        0.9670000000         37.79768847         37.76717777         38.73383716    
     100080.0001         0.000000000        0.9373482284        0.9670000000         37.84612070         37.81679769         38.78346893    
     100800.0001         0.000000000        0.9385083546        0.9670000000         37.89296165         37.86478759         38.83147000    
     101520.0001         0.000000000        0.9396290681        0.9670000000         37.93821128         37.91114735         38.87784035    
     102240.0001         0.000000000        0.9406892092        0.9670000000         37.98101525         37.95500060         38.92170446    
     102960.0001         0.000000000        0.9417096263        0.9670000000         38.02221534         37.99721061         38.96392497    
     103680.0001         0.000000000        0.9426923722        0.9670000000         38.06189442         38.03786224         39.00458679    
     104400.0001         0.000000000        0.9436394995        0.9670000000         38.10013538         38.07704041         39.04377488    
     105120.0001         0.000000000        0.9445530608        0.9670000000         38.13702109         38.11483000         39.08157415    
     105840.0001         0.000000000        0.9454351090        0.9670000000         38.17263443         38.15131591         39.11806954    
     106560.0001         0.000000000        0.9462876966        0.9670000000         38.20705828         38.18658302         39.15334597    
     107280.0001         0.000000000        0.9471128763        0.9670000000         38.24037551         38.22071623         39.18748839    
     108000.0001         0.000000000        0.9479125526        0.9670000000         38.27266303         38.25379430         39.22057558    
     108720.0001         0.000000000        0.9486633835        0.9670000000         38.30297837         38.28485214         39.25164176    
     109440.0001         0.000000000        0.9493849552        0.9670000000         38.33211236         38.31469959         39.28149731    
     110160.0001         0.000000000        0.9500785287        0.9670000000         38.36011590         38.34338880         39.31019443    
     110880.0001         0.000000000        0.9507453650        0.9670000000         38.38703990         38.37097195         39.33778526    
     111600.0001         0.000000000        0.9513867250        0.9670000000         38.41293528         38.39750119         39.36432201    
     112320.0001         0.000000000        0.9520038698        0.9670000000         38.43785295         38.42302868         39.38985682    
     113040.0001         0.000000000        0.9525980603        0.9670000000         38.46184383         38.44760657         39.41444189    
     113760.0001         0.000000000        0.9531705576        0.9670000000         38.48495883         38.47128702         39.43812938    
     114480.0001         0.000000000        0.9537226226        0.9670000000         38.50724885         38.49412219         39.46097148    
     115200.0001         0.000000000        0.9542469387        0.9670000000         38.52841850         38.51581001         39.48266544    
     115920.0001         0.000000000        0.9547497439        0.9670000000         38.54871963         38.53660816         39.50346937    
     116640.0001         0.000000000        0.9552329012        0.9670000000         38.56822746         38.55659367         39.52346036    
     117360.0001         0.000000000        0.9556974196        0.9670000000         38.58698273         38.57580830         39.54268015    
     118080.0001         0.000000000        0.9561443081        0.9670000000         38.60502618         38.59429378         39.56117049    
     118800.0001         0.000000000        0.9565745756        0.9670000000         38.62239854         38.61209188         39.57897312    
     119520.0001         0.000000000        0.9569892310        0.9670000000         38.63914056         38.62924434         39.59612979    
     120240.0001         0.000000000        0.9573892834        0.9670000000         38.65529297         38.64579291         39.61268225    
     120960.0001         0.000000000        0.9577757415        0.9670000000         38.67089650         38.66177934         39.62867224    
     121680.0001         0.000000000        0.9581496145        0.9670000000         38.68599189         38.67724537         39.64414151    
     122400.0001         0.000000000        0.9585000079        0.9670000000         38.70013928         38.69173935         39.65863929    
     123120.0001         0.000000000        0.9588348371        0.9670000000         38.71365826         38.70558930         39.67249310    
     123840.0001         0.000000000        0.9591559469        0.9670000000         38.72662330         38.71887162         39.68577925    
     124560.0001         0.000000000        0.9594639964        0.9670000000         38.73906102         38.73161356         39.69852502    
     125280.0001         0.000000000        0.9597596447        0.9670000000         38.75099804         38.74384237         39.71075768    
     126000.0001         0.000000000        0.9600435510        0.9670000000         38.76246096         38.75558530         39.72250451    
     126720.0001         0.000000000        0.9603163745        0.9670000000         38.77347641         38.76686960         39.73379279    
     127440.0001         0.000000000        0.9605787744        0.9670000000         38.78407100         38.77772252         39.74464977    
     128160.0001         0.000000000        0.9608314098        0.9670000000         38.79427134         38.78817131         39.75510275    
     128880.0001         0.000000000        0.9610749399        0.9670000000         38.80410405         38.79824322         39.76517899    
     129600.0001         0.000000000        0.9613064854        0.9670000000         38.81345286         38.80782057         39.77475935    
     130320.0001         0.000000000        0.9615287584        0.9670000000         38.82242730         38.81701469         39.78395606    
     131040.0001         0.000000000        0.9617426667        0.9670000000         38.83106400         38.82586302         39.79280667    
     131760.0001         0.000000000        0.9619487654        0.9670000000         38.83938539         38.83438855         39.80133416    
     132480.0001         0.000000000        0.9621476097        0.9670000000         38.84741388         38.84261426         39.80956149    
     133200.0001         0.000000000        0.9623397549        0.9670000000         38.85517188         38.85056315         39.81751163    
     133920.0001         0.000000000        0.9625257560        0.9670000000         38.86268181         38.85825822         39.82520756    
     134640.0001         0.000000000        0.9627061684        0.9670000000         38.86996609         38.86572244         39.83267226    
     135360.0001         0.000000000        0.9628815471        0.9670000000         38.87704713         38.87297883         39.83992868    
     136080.0001         0.000000000        0.9630524474        0.9670000000         38.88394736         38.88005035         39.84699981    
     136800.0001         0.000000000        0.9632092351        0.9670000000         38.89027778         38.88653635         39.85348701    
     137520.0001         0.000000000        0.9633583774        0.9670000000         38.89629951         38.89270563         39.85965788    
     138240.0001         0.000000000        0.9635011449        0.9670000000         38.90206385         38.89861092         39.86556499    
     138960.0001         0.000000000        0.9636377933        0.9670000000         38.90758113         38.90426277         39.87121892    
     139680.0001         0.000000000        0.9637685785        0.9670000000         38.91286168         38.90967172         39.87663025    
     140400.0001         0.000000000        0.9638937562        0.9670000000         38.91791582         38.91484831         39.88180957    
     141120.0001         0.000000000        0.9640135822        0.9670000000         38.92275388         38.91980309         39.88676746    
     141840.0001         0.000000000        0.9641283123        0.9670000000         38.92738619         38.92454660         39.89151450    
     142560.0001         0.000000000        0.9642382023        0.9670000000         38.93182308         38.92908937         39.89606128    
     143280.0001         0.000000000        0.9643435080        0.9670000000         38.93607488         38.93344196         39.90041838    
     144000.0000         0.000000000        0.9644459585        0.9670000000         38.94021139         38.93767893         39.90465735    
