#TANK TIME(SEC) TIME(MIN) H2O2        DBCP        HO2*        HCO3-       H2PO4-      
  1      0.      .0     .100E-02    .183E-05    .000E+00    .400E-02    .000E+00
  1    300.     5.0     .883E-03    .143E-05    .114E-05    .400E-02    .000E+00
  1    600.    10.0     .812E-03    .124E-05    .103E-05    .400E-02    .000E+00
  1    900.    15.0     .769E-03    .114E-05    .958E-06    .400E-02    .000E+00
  1   1200.    20.0     .743E-03    .110E-05    .918E-06    .400E-02    .000E+00
  1   1500.    25.0     .728E-03    .108E-05    .895E-06    .400E-02    .000E+00
  1   1800.    30.0     .719E-03    .107E-05    .881E-06    .400E-02    .000E+00
  1   2100.    35.0     .714E-03    .107E-05    .872E-06    .400E-02    .000E+00
  1   2400.    40.0     .711E-03    .106E-05    .868E-06    .400E-02    .000E+00
  1   2700.    45.0     .709E-03    .106E-05    .865E-06    .400E-02    .000E+00
  1   3000.    50.0     .708E-03    .106E-05    .863E-06    .400E-02    .000E+00
  1   3300.    55.0     .707E-03    .106E-05    .862E-06    .400E-02    .000E+00
  1   3600.    60.0     .707E-03    .106E-05    .861E-06    .400E-02    .000E+00
  1   3900.    65.0     .706E-03    .106E-05    .861E-06    .400E-02    .000E+00
  1   4200.    70.0     .706E-03    .106E-05    .861E-06    .400E-02    .000E+00
  1   4500.    75.0     .706E-03    .106E-05    .861E-06    .400E-02    .000E+00
#TANK TIME(SEC) TIME(MIN) NOM         CO3*-       HPO4*-      HO*         HO2-        
  1      0.      .0     .000E+00    .000E+00    .000E+00    .000E+00    .100E-02
  1    300.     5.0     .000E+00    .260E-09    .000E+00    .540E-11    .861E-03
  1    600.    10.0     .000E+00    .279E-09    .000E+00    .527E-11    .749E-03
  1    900.    15.0     .000E+00    .291E-09    .000E+00    .518E-11    .665E-03
  1   1200.    20.0     .000E+00    .299E-09    .000E+00    .512E-11    .605E-03
  1   1500.    25.0     .000E+00    .304E-09    .000E+00    .508E-11    .564E-03
  1   1800.    30.0     .000E+00    .307E-09    .000E+00    .506E-11    .537E-03
  1   2100.    35.0     .000E+00    .308E-09    .000E+00    .504E-11    .519E-03
  1   2400.    40.0     .000E+00    .310E-09    .000E+00    .503E-11    .507E-03
  1   2700.    45.0     .000E+00    .310E-09    .000E+00    .503E-11    .499E-03
  1   3000.    50.0     .000E+00    .311E-09    .000E+00    .503E-11    .494E-03
  1   3300.    55.0     .000E+00    .311E-09    .000E+00    .502E-11    .491E-03
  1   3600.    60.0     .000E+00    .311E-09    .000E+00    .502E-11    .489E-03
  1   3900.    65.0     .000E+00    .311E-09    .000E+00    .502E-11    .488E-03
  1   4200.    70.0     .000E+00    .311E-09    .000E+00    .502E-11    .488E-03
  1   4500.    75.0     .000E+00    .311E-09    .000E+00    .502E-11    .487E-03
#TANK TIME(SEC) TIME(MIN) H2O2        DBCP        HO2*        HCO3-       H2PO4-      
  2      0.      .0     .100E-02    .183E-05    .000E+00    .400E-02    .000E+00
  2    300.     5.0     .861E-03    .136E-05    .110E-05    .400E-02    .000E+00
  2    600.    10.0     .749E-03    .106E-05    .926E-06    .400E-02    .000E+00
  2    900.    15.0     .665E-03    .872E-06    .797E-06    .400E-02    .000E+00
  2   1200.    20.0     .605E-03    .766E-06    .706E-06    .400E-02    .000E+00
  2   1500.    25.0     .564E-03    .708E-06    .645E-06    .400E-02    .000E+00
  2   1800.    30.0     .537E-03    .676E-06    .605E-06    .400E-02    .000E+00
  2   2100.    35.0     .519E-03    .660E-06    .579E-06    .400E-02    .000E+00
  2   2400.    40.0     .507E-03    .652E-06    .562E-06    .400E-02    .000E+00
  2   2700.    45.0     .499E-03    .649E-06    .552E-06    .400E-02    .000E+00
  2   3000.    50.0     .494E-03    .647E-06    .545E-06    .400E-02    .000E+00
  2   3300.    55.0     .491E-03    .647E-06    .540E-06    .400E-02    .000E+00
  2   3600.    60.0     .489E-03    .647E-06    .538E-06    .400E-02    .000E+00
  2   3900.    65.0     .488E-03    .647E-06    .536E-06    .400E-02    .000E+00
  2   4200.    70.0     .488E-03    .647E-06    .535E-06    .400E-02    .000E+00
  2   4500.    75.0     .487E-03    .647E-06    .534E-06    .400E-02    .000E+00
#TANK TIME(SEC) TIME(MIN) NOM         CO3*-       HPO4*-      HO*         HO2-        
  2      0.      .0     .000E+00    .000E+00    .000E+00    .000E+00    .840E+01
  2    300.     5.0     .000E+00    .265E-09    .000E+00    .537E-11    .838E+01
  2    600.    10.0     .000E+00    .297E-09    .000E+00    .514E-11    .838E+01
  2    900.    15.0     .000E+00    .325E-09    .000E+00    .492E-11    .838E+01
  2   1200.    20.0     .000E+00    .348E-09    .000E+00    .472E-11    .838E+01
  2   1500.    25.0     .000E+00    .365E-09    .000E+00    .457E-11    .838E+01
  2   1800.    30.0     .000E+00    .378E-09    .000E+00    .446E-11    .838E+01
  2   2100.    35.0     .000E+00    .386E-09    .000E+00    .438E-11    .838E+01
  2   2400.    40.0     .000E+00    .392E-09    .000E+00    .433E-11    .838E+01
  2   2700.    45.0     .000E+00    .396E-09    .000E+00    .429E-11    .838E+01
  2   3000.    50.0     .000E+00    .398E-09    .000E+00    .427E-11    .838E+01
  2   3300.    55.0     .000E+00    .400E-09    .000E+00    .425E-11    .838E+01
  2   3600.    60.0     .000E+00    .400E-09    .000E+00    .424E-11    .838E+01
  2   3900.    65.0     .000E+00    .401E-09    .000E+00    .424E-11    .838E+01
  2   4200.    70.0     .000E+00    .401E-09    .000E+00    .423E-11    .838E+01
  2   4500.    75.0     .000E+00    .402E-09    .000E+00    .423E-11    .838E+01
#TANK TIME(SEC) TIME(MIN) pH
  1      0.      .0     8.40
  1    300.     5.0     8.38
  1    600.    10.0     8.38
  1    900.    15.0     8.38
  1   1200.    20.0     8.38
  1   1500.    25.0     8.38
  1   1800.    30.0     8.38
  1   2100.    35.0     8.38
  1   2400.    40.0     8.38
  1   2700.    45.0     8.38
  1   3000.    50.0     8.38
  1   3300.    55.0     8.38
  1   3600.    60.0     8.38
  1   3900.    65.0     8.38
  1   4200.    70.0     8.38
  1   4500.    75.0     8.38
  2      0.      .0     8.40
  2    300.     5.0     8.38
  2    600.    10.0     8.38
  2    900.    15.0     8.37
  2   1200.    20.0     8.37
  2   1500.    25.0     8.37
  2   1800.    30.0     8.37
  2   2100.    35.0     8.37
  2   2400.    40.0     8.37
  2   2700.    45.0     8.37
  2   3000.    50.0     8.37
  2   3300.    55.0     8.37
  2   3600.    60.0     8.37
  2   3900.    65.0     8.37
  2   4200.    70.0     8.37
  2   4500.    75.0     8.37
