#TANK TIME(SEC) TIME(MIN) H2O2        DBCP        HO2*        HCO3-       H2PO4-      
  1      0.      .0     .100E-02    .183E-05    .000E+00    .400E-02    .000E+00
  1     30.      .5     .985E-03    .178E-05    .130E-05    .400E-02    .000E+00
  1     60.     1.0     .971E-03    .172E-05    .128E-05    .400E-02    .000E+00
  1     90.     1.5     .956E-03    .167E-05    .125E-05    .400E-02    .000E+00
  1    120.     2.0     .942E-03    .162E-05    .123E-05    .400E-02    .000E+00
  1    150.     2.5     .927E-03    .157E-05    .121E-05    .400E-02    .000E+00
  1    180.     3.0     .913E-03    .153E-05    .119E-05    .400E-02    .000E+00
  1    210.     3.5     .899E-03    .148E-05    .116E-05    .400E-02    .000E+00
  1    240.     4.0     .886E-03    .144E-05    .114E-05    .400E-02    .000E+00
  1    270.     4.5     .872E-03    .139E-05    .112E-05    .400E-02    .000E+00
  1    300.     5.0     .859E-03    .135E-05    .110E-05    .400E-02    .000E+00
  1    330.     5.5     .845E-03    .131E-05    .108E-05    .400E-02    .000E+00
  1    360.     6.0     .832E-03    .127E-05    .106E-05    .400E-02    .000E+00
  1    390.     6.5     .819E-03    .124E-05    .104E-05    .400E-02    .000E+00
  1    420.     7.0     .806E-03    .120E-05    .102E-05    .400E-02    .000E+00
  1    450.     7.5     .793E-03    .117E-05    .995E-06    .400E-02    .000E+00
  1    480.     8.0     .780E-03    .113E-05    .976E-06    .400E-02    .000E+00
  1    510.     8.5     .768E-03    .110E-05    .956E-06    .400E-02    .000E+00
  1    540.     9.0     .756E-03    .107E-05    .936E-06    .400E-02    .000E+00
  1    570.     9.5     .743E-03    .104E-05    .917E-06    .400E-02    .000E+00
  1    600.    10.0     .731E-03    .101E-05    .899E-06    .400E-02    .000E+00
  1    630.    10.5     .719E-03    .978E-06    .880E-06    .400E-02    .000E+00
  1    660.    11.0     .707E-03    .951E-06    .862E-06    .400E-02    .000E+00
  1    690.    11.5     .696E-03    .924E-06    .844E-06    .400E-02    .000E+00
  1    720.    12.0     .684E-03    .898E-06    .826E-06    .400E-02    .000E+00
  1    750.    12.5     .673E-03    .872E-06    .808E-06    .400E-02    .000E+00
  1    780.    13.0     .662E-03    .848E-06    .791E-06    .400E-02    .000E+00
  1    810.    13.5     .651E-03    .825E-06    .774E-06    .400E-02    .000E+00
  1    840.    14.0     .640E-03    .802E-06    .758E-06    .400E-02    .000E+00
  1    870.    14.5     .629E-03    .780E-06    .742E-06    .400E-02    .000E+00
  1    900.    15.0     .618E-03    .758E-06    .725E-06    .400E-02    .000E+00
  1    930.    15.5     .608E-03    .738E-06    .710E-06    .400E-02    .000E+00
  1    960.    16.0     .597E-03    .718E-06    .694E-06    .400E-02    .000E+00
  1    990.    16.5     .587E-03    .698E-06    .679E-06    .400E-02    .000E+00
  1   1020.    17.0     .577E-03    .679E-06    .664E-06    .400E-02    .000E+00
  1   1050.    17.5     .567E-03    .661E-06    .649E-06    .400E-02    .000E+00
  1   1080.    18.0     .557E-03    .644E-06    .635E-06    .400E-02    .000E+00
  1   1110.    18.5     .547E-03    .627E-06    .620E-06    .400E-02    .000E+00
  1   1140.    19.0     .538E-03    .610E-06    .606E-06    .400E-02    .000E+00
  1   1170.    19.5     .528E-03    .594E-06    .593E-06    .400E-02    .000E+00
  1   1200.    20.0     .519E-03    .579E-06    .580E-06    .400E-02    .000E+00
  1   1230.    20.5     .510E-03    .564E-06    .566E-06    .400E-02    .000E+00
  1   1260.    21.0     .501E-03    .550E-06    .554E-06    .400E-02    .000E+00
  1   1290.    21.5     .492E-03    .536E-06    .541E-06    .400E-02    .000E+00
  1   1320.    22.0     .483E-03    .522E-06    .529E-06    .400E-02    .000E+00
  1   1350.    22.5     .475E-03    .509E-06    .517E-06    .400E-02    .000E+00
  1   1380.    23.0     .466E-03    .496E-06    .505E-06    .400E-02    .000E+00
  1   1410.    23.5     .458E-03    .484E-06    .493E-06    .400E-02    .000E+00
  1   1440.    24.0     .449E-03    .472E-06    .482E-06    .400E-02    .000E+00
  1   1470.    24.5     .441E-03    .460E-06    .471E-06    .400E-02    .000E+00
  1   1500.    25.0     .433E-03    .449E-06    .460E-06    .400E-02    .000E+00
#TANK TIME(SEC) TIME(MIN) NOM         CO3*-       HPO4*-      HO*         
  1      0.      .0     .000E+00    .000E+00    .000E+00    .000E+00
  1     30.      .5     .000E+00    .236E-09    .000E+00    .551E-11
  1     60.     1.0     .000E+00    .239E-09    .000E+00    .550E-11
  1     90.     1.5     .000E+00    .242E-09    .000E+00    .548E-11
  1    120.     2.0     .000E+00    .245E-09    .000E+00    .546E-11
  1    150.     2.5     .000E+00    .248E-09    .000E+00    .544E-11
  1    180.     3.0     .000E+00    .252E-09    .000E+00    .542E-11
  1    210.     3.5     .000E+00    .255E-09    .000E+00    .540E-11
  1    240.     4.0     .000E+00    .258E-09    .000E+00    .538E-11
  1    270.     4.5     .000E+00    .262E-09    .000E+00    .536E-11
  1    300.     5.0     .000E+00    .265E-09    .000E+00    .534E-11
  1    330.     5.5     .000E+00    .269E-09    .000E+00    .532E-11
  1    360.     6.0     .000E+00    .272E-09    .000E+00    .529E-11
  1    390.     6.5     .000E+00    .276E-09    .000E+00    .527E-11
  1    420.     7.0     .000E+00    .279E-09    .000E+00    .524E-11
  1    450.     7.5     .000E+00    .283E-09    .000E+00    .522E-11
  1    480.     8.0     .000E+00    .287E-09    .000E+00    .519E-11
  1    510.     8.5     .000E+00    .290E-09    .000E+00    .516E-11
  1    540.     9.0     .000E+00    .294E-09    .000E+00    .514E-11
  1    570.     9.5     .000E+00    .298E-09    .000E+00    .511E-11
  1    600.    10.0     .000E+00    .302E-09    .000E+00    .508E-11
  1    630.    10.5     .000E+00    .306E-09    .000E+00    .505E-11
  1    660.    11.0     .000E+00    .309E-09    .000E+00    .502E-11
  1    690.    11.5     .000E+00    .313E-09    .000E+00    .498E-11
  1    720.    12.0     .000E+00    .317E-09    .000E+00    .495E-11
  1    750.    12.5     .000E+00    .321E-09    .000E+00    .492E-11
  1    780.    13.0     .000E+00    .325E-09    .000E+00    .489E-11
  1    810.    13.5     .000E+00    .329E-09    .000E+00    .485E-11
  1    840.    14.0     .000E+00    .334E-09    .000E+00    .482E-11
  1    870.    14.5     .000E+00    .338E-09    .000E+00    .478E-11
  1    900.    15.0     .000E+00    .342E-09    .000E+00    .475E-11
  1    930.    15.5     .000E+00    .346E-09    .000E+00    .471E-11
  1    960.    16.0     .000E+00    .350E-09    .000E+00    .468E-11
  1    990.    16.5     .000E+00    .354E-09    .000E+00    .464E-11
  1   1020.    17.0     .000E+00    .359E-09    .000E+00    .460E-11
  1   1050.    17.5     .000E+00    .363E-09    .000E+00    .456E-11
  1   1080.    18.0     .000E+00    .367E-09    .000E+00    .452E-11
  1   1110.    18.5     .000E+00    .372E-09    .000E+00    .449E-11
  1   1140.    19.0     .000E+00    .376E-09    .000E+00    .445E-11
  1   1170.    19.5     .000E+00    .380E-09    .000E+00    .441E-11
  1   1200.    20.0     .000E+00    .385E-09    .000E+00    .437E-11
  1   1230.    20.5     .000E+00    .389E-09    .000E+00    .433E-11
  1   1260.    21.0     .000E+00    .393E-09    .000E+00    .429E-11
  1   1290.    21.5     .000E+00    .398E-09    .000E+00    .424E-11
  1   1320.    22.0     .000E+00    .402E-09    .000E+00    .420E-11
  1   1350.    22.5     .000E+00    .407E-09    .000E+00    .416E-11
  1   1380.    23.0     .000E+00    .411E-09    .000E+00    .412E-11
  1   1410.    23.5     .000E+00    .416E-09    .000E+00    .408E-11
  1   1440.    24.0     .000E+00    .420E-09    .000E+00    .404E-11
  1   1470.    24.5     .000E+00    .424E-09    .000E+00    .399E-11
  1   1500.    25.0     .000E+00    .429E-09    .000E+00    .395E-11
#TANK TIME(SEC) TIME(MIN) pH
  1      0.      .0     8.40
  1     30.      .5     8.39
  1     60.     1.0     8.39
  1     90.     1.5     8.39
  1    120.     2.0     8.39
  1    150.     2.5     8.39
  1    180.     3.0     8.39
  1    210.     3.5     8.39
  1    240.     4.0     8.39
  1    270.     4.5     8.38
  1    300.     5.0     8.38
  1    330.     5.5     8.38
  1    360.     6.0     8.38
  1    390.     6.5     8.38
  1    420.     7.0     8.38
  1    450.     7.5     8.38
  1    480.     8.0     8.38
  1    510.     8.5     8.38
  1    540.     9.0     8.38
  1    570.     9.5     8.38
  1    600.    10.0     8.38
  1    630.    10.5     8.37
  1    660.    11.0     8.37
  1    690.    11.5     8.37
  1    720.    12.0     8.37
  1    750.    12.5     8.37
  1    780.    13.0     8.37
  1    810.    13.5     8.37
  1    840.    14.0     8.37
  1    870.    14.5     8.37
  1    900.    15.0     8.37
  1    930.    15.5     8.37
  1    960.    16.0     8.37
  1    990.    16.5     8.37
  1   1020.    17.0     8.37
  1   1050.    17.5     8.37
  1   1080.    18.0     8.37
  1   1110.    18.5     8.37
  1   1140.    19.0     8.37
  1   1170.    19.5     8.37
  1   1200.    20.0     8.37
  1   1230.    20.5     8.37
  1   1260.    21.0     8.36
  1   1290.    21.5     8.36
  1   1320.    22.0     8.36
  1   1350.    22.5     8.36
  1   1380.    23.0     8.36
  1   1410.    23.5     8.36
  1   1440.    24.0     8.36
  1   1470.    24.5     8.36
  1   1500.    25.0     8.36
