TIME(SEC) TIME(MIN) H2O2        DBCP        HO2*        HCO3-       H2PO4-      
      0.    .0     .100E-02    .183E-05     .000E+00     .400E-02     .000E+00
     30.    .5     .985E-03    .177E-05     .130E-05     .400E-02     .000E+00
     60.   1.0     .971E-03    .172E-05     .128E-05     .400E-02     .000E+00
     90.   1.5     .956E-03    .167E-05     .125E-05     .400E-02     .000E+00
    120.   2.0     .942E-03    .162E-05     .123E-05     .400E-02     .000E+00
    150.   2.5     .927E-03    .157E-05     .121E-05     .400E-02     .000E+00
    180.   3.0     .913E-03    .152E-05     .119E-05     .400E-02     .000E+00
    210.   3.5     .899E-03    .148E-05     .116E-05     .400E-02     .000E+00
    240.   4.0     .885E-03    .144E-05     .114E-05     .400E-02     .000E+00
    270.   4.5     .872E-03    .139E-05     .112E-05     .400E-02     .000E+00
    300.   5.0     .858E-03    .135E-05     .110E-05     .400E-02     .000E+00
    330.   5.5     .845E-03    .131E-05     .108E-05     .400E-02     .000E+00
    360.   6.0     .832E-03    .127E-05     .106E-05     .400E-02     .000E+00
    390.   6.5     .818E-03    .124E-05     .104E-05     .400E-02     .000E+00
    420.   7.0     .805E-03    .120E-05     .102E-05     .400E-02     .000E+00
    450.   7.5     .793E-03    .116E-05     .995E-06     .400E-02     .000E+00
    480.   8.0     .780E-03    .113E-05     .975E-06     .400E-02     .000E+00
    510.   8.5     .767E-03    .110E-05     .956E-06     .400E-02     .000E+00
    540.   9.0     .755E-03    .107E-05     .936E-06     .400E-02     .000E+00
    570.   9.5     .743E-03    .104E-05     .917E-06     .400E-02     .000E+00
    600.  10.0     .731E-03    .101E-05     .898E-06     .400E-02     .000E+00
    630.  10.5     .719E-03    .977E-06     .880E-06     .400E-02     .000E+00
    660.  11.0     .707E-03    .949E-06     .861E-06     .400E-02     .000E+00
    690.  11.5     .695E-03    .922E-06     .843E-06     .400E-02     .000E+00
    720.  12.0     .684E-03    .896E-06     .825E-06     .400E-02     .000E+00
    750.  12.5     .672E-03    .871E-06     .808E-06     .400E-02     .000E+00
    780.  13.0     .661E-03    .846E-06     .791E-06     .400E-02     .000E+00
    810.  13.5     .650E-03    .823E-06     .774E-06     .400E-02     .000E+00
    840.  14.0     .639E-03    .800E-06     .757E-06     .400E-02     .000E+00
    870.  14.5     .628E-03    .778E-06     .741E-06     .400E-02     .000E+00
    900.  15.0     .617E-03    .756E-06     .724E-06     .400E-02     .000E+00
    930.  15.5     .607E-03    .736E-06     .709E-06     .400E-02     .000E+00
    960.  16.0     .596E-03    .716E-06     .693E-06     .400E-02     .000E+00
    990.  16.5     .586E-03    .696E-06     .678E-06     .400E-02     .000E+00
   1020.  17.0     .576E-03    .677E-06     .663E-06     .400E-02     .000E+00
   1050.  17.5     .566E-03    .659E-06     .648E-06     .400E-02     .000E+00
   1080.  18.0     .556E-03    .642E-06     .634E-06     .400E-02     .000E+00
   1110.  18.5     .546E-03    .625E-06     .619E-06     .400E-02     .000E+00
   1140.  19.0     .537E-03    .608E-06     .605E-06     .400E-02     .000E+00
   1170.  19.5     .527E-03    .592E-06     .592E-06     .400E-02     .000E+00
   1200.  20.0     .518E-03    .577E-06     .578E-06     .400E-02     .000E+00
   1230.  20.5     .509E-03    .562E-06     .565E-06     .400E-02     .000E+00
   1260.  21.0     .500E-03    .548E-06     .552E-06     .400E-02     .000E+00
   1290.  21.5     .491E-03    .534E-06     .540E-06     .400E-02     .000E+00
   1320.  22.0     .482E-03    .520E-06     .527E-06     .400E-02     .000E+00
   1350.  22.5     .474E-03    .507E-06     .515E-06     .400E-02     .000E+00
   1380.  23.0     .465E-03    .494E-06     .504E-06     .400E-02     .000E+00
   1410.  23.5     .457E-03    .482E-06     .492E-06     .400E-02     .000E+00
   1440.  24.0     .448E-03    .470E-06     .481E-06     .400E-02     .000E+00
   1470.  24.5     .440E-03    .459E-06     .469E-06     .400E-02     .000E+00
   1500.  25.0     .432E-03    .447E-06     .459E-06     .400E-02     .000E+00
TIME(SEC) TIME(MIN) NOM         CO3*-       HPO4*-      HO*         HO2-        
      0.    .0     .000E+00    .000E+00     .000E+00     .000E+00     .840E+01
     30.    .5     .000E+00    .237E-09     .000E+00     .553E-11     .839E+01
     60.   1.0     .000E+00    .240E-09     .000E+00     .552E-11     .839E+01
     90.   1.5     .000E+00    .243E-09     .000E+00     .550E-11     .839E+01
    120.   2.0     .000E+00    .246E-09     .000E+00     .548E-11     .839E+01
    150.   2.5     .000E+00    .249E-09     .000E+00     .546E-11     .839E+01
    180.   3.0     .000E+00    .253E-09     .000E+00     .544E-11     .839E+01
    210.   3.5     .000E+00    .256E-09     .000E+00     .542E-11     .839E+01
    240.   4.0     .000E+00    .259E-09     .000E+00     .540E-11     .839E+01
    270.   4.5     .000E+00    .263E-09     .000E+00     .538E-11     .838E+01
    300.   5.0     .000E+00    .266E-09     .000E+00     .536E-11     .838E+01
    330.   5.5     .000E+00    .270E-09     .000E+00     .534E-11     .838E+01
    360.   6.0     .000E+00    .273E-09     .000E+00     .531E-11     .838E+01
    390.   6.5     .000E+00    .277E-09     .000E+00     .529E-11     .838E+01
    420.   7.0     .000E+00    .280E-09     .000E+00     .526E-11     .838E+01
    450.   7.5     .000E+00    .284E-09     .000E+00     .524E-11     .838E+01
    480.   8.0     .000E+00    .288E-09     .000E+00     .521E-11     .838E+01
    510.   8.5     .000E+00    .292E-09     .000E+00     .518E-11     .838E+01
    540.   9.0     .000E+00    .295E-09     .000E+00     .516E-11     .838E+01
    570.   9.5     .000E+00    .299E-09     .000E+00     .513E-11     .838E+01
    600.  10.0     .000E+00    .303E-09     .000E+00     .510E-11     .838E+01
    630.  10.5     .000E+00    .307E-09     .000E+00     .507E-11     .837E+01
    660.  11.0     .000E+00    .311E-09     .000E+00     .504E-11     .837E+01
    690.  11.5     .000E+00    .315E-09     .000E+00     .500E-11     .837E+01
    720.  12.0     .000E+00    .319E-09     .000E+00     .497E-11     .837E+01
    750.  12.5     .000E+00    .323E-09     .000E+00     .494E-11     .837E+01
    780.  13.0     .000E+00    .327E-09     .000E+00     .491E-11     .837E+01
    810.  13.5     .000E+00    .331E-09     .000E+00     .487E-11     .837E+01
    840.  14.0     .000E+00    .335E-09     .000E+00     .484E-11     .837E+01
    870.  14.5     .000E+00    .339E-09     .000E+00     .480E-11     .837E+01
    900.  15.0     .000E+00    .344E-09     .000E+00     .477E-11     .837E+01
    930.  15.5     .000E+00    .348E-09     .000E+00     .473E-11     .837E+01
    960.  16.0     .000E+00    .352E-09     .000E+00     .469E-11     .837E+01
    990.  16.5     .000E+00    .356E-09     .000E+00     .466E-11     .837E+01
   1020.  17.0     .000E+00    .361E-09     .000E+00     .462E-11     .837E+01
   1050.  17.5     .000E+00    .365E-09     .000E+00     .458E-11     .837E+01
   1080.  18.0     .000E+00    .369E-09     .000E+00     .454E-11     .837E+01
   1110.  18.5     .000E+00    .374E-09     .000E+00     .450E-11     .837E+01
   1140.  19.0     .000E+00    .378E-09     .000E+00     .446E-11     .837E+01
   1170.  19.5     .000E+00    .383E-09     .000E+00     .442E-11     .837E+01
   1200.  20.0     .000E+00    .387E-09     .000E+00     .438E-11     .837E+01
   1230.  20.5     .000E+00    .391E-09     .000E+00     .434E-11     .836E+01
   1260.  21.0     .000E+00    .396E-09     .000E+00     .430E-11     .836E+01
   1290.  21.5     .000E+00    .400E-09     .000E+00     .426E-11     .836E+01
   1320.  22.0     .000E+00    .405E-09     .000E+00     .422E-11     .836E+01
   1350.  22.5     .000E+00    .409E-09     .000E+00     .418E-11     .836E+01
   1380.  23.0     .000E+00    .414E-09     .000E+00     .414E-11     .836E+01
   1410.  23.5     .000E+00    .418E-09     .000E+00     .409E-11     .836E+01
   1440.  24.0     .000E+00    .423E-09     .000E+00     .405E-11     .836E+01
   1470.  24.5     .000E+00    .427E-09     .000E+00     .401E-11     .836E+01
   1500.  25.0     .000E+00    .432E-09     .000E+00     .397E-11     .836E+01
TIME(SEC) TIME(MIN) pH
      0.    .0     8.40
     30.    .5     8.39
     60.   1.0     8.39
     90.   1.5     8.39
    120.   2.0     8.39
    150.   2.5     8.39
    180.   3.0     8.39
    210.   3.5     8.39
    240.   4.0     8.39
    270.   4.5     8.38
    300.   5.0     8.38
    330.   5.5     8.38
    360.   6.0     8.38
    390.   6.5     8.38
    420.   7.0     8.38
    450.   7.5     8.38
    480.   8.0     8.38
    510.   8.5     8.38
    540.   9.0     8.38
    570.   9.5     8.38
    600.  10.0     8.38
    630.  10.5     8.37
    660.  11.0     8.37
    690.  11.5     8.37
    720.  12.0     8.37
    750.  12.5     8.37
    780.  13.0     8.37
    810.  13.5     8.37
    840.  14.0     8.37
    870.  14.5     8.37
    900.  15.0     8.37
    930.  15.5     8.37
    960.  16.0     8.37
    990.  16.5     8.37
   1020.  17.0     8.37
   1050.  17.5     8.37
   1080.  18.0     8.37
   1110.  18.5     8.37
   1140.  19.0     8.37
   1170.  19.5     8.37
   1200.  20.0     8.37
   1230.  20.5     8.36
   1260.  21.0     8.36
   1290.  21.5     8.36
   1320.  22.0     8.36
   1350.  22.5     8.36
   1380.  23.0     8.36
   1410.  23.5     8.36
   1440.  24.0     8.36
   1470.  24.5     8.36
   1500.  25.0     8.36
