#TANK TIME(SEC) TIME(MIN) H2O2        DBCP        HO2*        HCO3-       H2PO4-      
  1      0.      .0     .100E-02    .183E-05    .000E+00    .400E-02    .000E+00
  1    300.     5.0     .971E-03    .173E-05    .128E-05    .400E-02    .000E+00
  1    600.    10.0     .971E-03    .173E-05    .128E-05    .400E-02    .000E+00
  1    900.    15.0     .971E-03    .173E-05    .128E-05    .400E-02    .000E+00
  1   1200.    20.0     .971E-03    .173E-05    .128E-05    .400E-02    .000E+00
  1   1500.    25.0     .971E-03    .173E-05    .128E-05    .400E-02    .000E+00
  1   1800.    30.0     .971E-03    .173E-05    .128E-05    .400E-02    .000E+00
  1   2100.    35.0     .971E-03    .173E-05    .128E-05    .400E-02    .000E+00
  1   2400.    40.0     .971E-03    .173E-05    .128E-05    .400E-02    .000E+00
  1   2700.    45.0     .971E-03    .173E-05    .128E-05    .400E-02    .000E+00
  1   3000.    50.0     .971E-03    .173E-05    .128E-05    .400E-02    .000E+00
  1   3300.    55.0     .971E-03    .173E-05    .128E-05    .400E-02    .000E+00
  1   3600.    60.0     .971E-03    .173E-05    .128E-05    .400E-02    .139E-25
  1   3900.    65.0     .971E-03    .173E-05    .128E-05    .400E-02   -.487E-26
  1   4200.    70.0     .971E-03    .173E-05    .128E-05    .400E-02    .433E-27
  1   4500.    75.0     .971E-03    .173E-05    .128E-05    .400E-02    .194E-28
#TANK TIME(SEC) TIME(MIN) NOM         CO3*-       HPO4*-      HO*         
  1      0.      .0     .000E+00    .000E+00    .000E+00    .000E+00
  1    300.     5.0     .000E+00    .239E-09    .000E+00    .550E-11
  1    600.    10.0     .000E+00    .239E-09    .000E+00    .550E-11
  1    900.    15.0     .000E+00    .239E-09    .000E+00    .550E-11
  1   1200.    20.0     .000E+00    .239E-09    .000E+00    .550E-11
  1   1500.    25.0     .000E+00    .239E-09    .000E+00    .550E-11
  1   1800.    30.0     .000E+00    .239E-09    .000E+00    .550E-11
  1   2100.    35.0     .000E+00    .239E-09    .000E+00    .550E-11
  1   2400.    40.0     .000E+00    .239E-09    .000E+00    .550E-11
  1   2700.    45.0     .000E+00    .239E-09    .000E+00    .550E-11
  1   3000.    50.0     .000E+00    .239E-09    .000E+00    .550E-11
  1   3300.    55.0     .000E+00    .239E-09    .000E+00    .550E-11
  1   3600.    60.0     .000E+00    .239E-09    .699E-33    .550E-11
  1   3900.    65.0     .000E+00    .239E-09    .284E-36    .550E-11
  1   4200.    70.0     .000E+00    .239E-09    .117E-35    .550E-11
  1   4500.    75.0     .000E+00    .239E-09   -.109E-35    .550E-11
#TANK TIME(SEC) TIME(MIN) H2O2        DBCP        HO2*        HCO3-       H2PO4-      
  2      0.      .0     .000E+00    .000E+00    .000E+00    .000E+00    .000E+00
  2    300.     5.0     .943E-03    .163E-05    .123E-05    .400E-02    .000E+00
  2    600.    10.0     .942E-03    .163E-05    .123E-05    .400E-02    .000E+00
  2    900.    15.0     .942E-03    .163E-05    .123E-05    .400E-02    .000E+00
  2   1200.    20.0     .942E-03    .163E-05    .123E-05    .400E-02    .000E+00
  2   1500.    25.0     .942E-03    .163E-05    .123E-05    .400E-02    .000E+00
  2   1800.    30.0     .942E-03    .163E-05    .123E-05    .400E-02    .000E+00
  2   2100.    35.0     .942E-03    .163E-05    .123E-05    .400E-02    .000E+00
  2   2400.    40.0     .942E-03    .163E-05    .123E-05    .400E-02    .000E+00
  2   2700.    45.0     .942E-03    .163E-05    .123E-05    .400E-02    .000E+00
  2   3000.    50.0     .942E-03    .163E-05    .123E-05    .400E-02    .000E+00
  2   3300.    55.0     .942E-03    .163E-05    .123E-05    .400E-02    .000E+00
  2   3600.    60.0     .942E-03    .163E-05    .123E-05    .400E-02    .156E-25
  2   3900.    65.0     .942E-03    .163E-05    .123E-05    .400E-02   -.100E-25
  2   4200.    70.0     .942E-03    .163E-05    .123E-05    .400E-02    .990E-27
  2   4500.    75.0     .942E-03    .163E-05    .123E-05    .400E-02    .145E-27
#TANK TIME(SEC) TIME(MIN) NOM         CO3*-       HPO4*-      HO*         
  2      0.      .0     .000E+00    .000E+00    .000E+00    .000E+00
  2    300.     5.0     .000E+00    .245E-09    .000E+00    .546E-11
  2    600.    10.0     .000E+00    .245E-09    .000E+00    .546E-11
  2    900.    15.0     .000E+00    .245E-09    .000E+00    .546E-11
  2   1200.    20.0     .000E+00    .245E-09    .000E+00    .546E-11
  2   1500.    25.0     .000E+00    .245E-09    .000E+00    .546E-11
  2   1800.    30.0     .000E+00    .245E-09    .000E+00    .546E-11
  2   2100.    35.0     .000E+00    .245E-09    .000E+00    .546E-11
  2   2400.    40.0     .000E+00    .245E-09    .000E+00    .546E-11
  2   2700.    45.0     .000E+00    .245E-09    .000E+00    .546E-11
  2   3000.    50.0     .000E+00    .245E-09    .000E+00    .546E-11
  2   3300.    55.0     .000E+00    .245E-09    .000E+00    .546E-11
  2   3600.    60.0     .000E+00    .245E-09    .521E-36    .546E-11
  2   3900.    65.0     .000E+00    .245E-09   -.306E-36    .546E-11
  2   4200.    70.0     .000E+00    .245E-09    .303E-37    .546E-11
  2   4500.    75.0     .000E+00    .245E-09    .444E-38    .546E-11
#TANK TIME(SEC) TIME(MIN) H2O2        DBCP        HO2*        HCO3-       H2PO4-      
  3      0.      .0     .000E+00    .000E+00    .000E+00    .000E+00    .000E+00
  3    300.     5.0     .919E-03    .155E-05    .119E-05    .400E-02    .000E+00
  3    600.    10.0     .914E-03    .153E-05    .119E-05    .400E-02    .000E+00
  3    900.    15.0     .914E-03    .153E-05    .119E-05    .400E-02    .000E+00
  3   1200.    20.0     .914E-03    .153E-05    .119E-05    .400E-02    .000E+00
  3   1500.    25.0     .914E-03    .153E-05    .119E-05    .400E-02    .000E+00
  3   1800.    30.0     .914E-03    .153E-05    .119E-05    .400E-02    .000E+00
  3   2100.    35.0     .914E-03    .153E-05    .119E-05    .400E-02    .000E+00
  3   2400.    40.0     .914E-03    .153E-05    .119E-05    .400E-02    .000E+00
  3   2700.    45.0     .914E-03    .153E-05    .119E-05    .400E-02    .000E+00
  3   3000.    50.0     .914E-03    .153E-05    .119E-05    .400E-02    .000E+00
  3   3300.    55.0     .914E-03    .153E-05    .119E-05    .400E-02    .000E+00
  3   3600.    60.0     .914E-03    .153E-05    .119E-05    .400E-02    .597E-26
  3   3900.    65.0     .914E-03    .153E-05    .119E-05    .400E-02   -.499E-26
  3   4200.    70.0     .914E-03    .153E-05    .119E-05    .400E-02   -.397E-27
  3   4500.    75.0     .914E-03    .153E-05    .119E-05    .400E-02    .511E-27
#TANK TIME(SEC) TIME(MIN) NOM         CO3*-       HPO4*-      HO*         
  3      0.      .0     .000E+00    .000E+00    .000E+00    .000E+00
  3    300.     5.0     .000E+00    .250E-09    .000E+00    .543E-11
  3    600.    10.0     .000E+00    .251E-09    .000E+00    .543E-11
  3    900.    15.0     .000E+00    .252E-09    .000E+00    .543E-11
  3   1200.    20.0     .000E+00    .252E-09    .000E+00    .543E-11
  3   1500.    25.0     .000E+00    .252E-09    .000E+00    .543E-11
  3   1800.    30.0     .000E+00    .252E-09    .000E+00    .543E-11
  3   2100.    35.0     .000E+00    .252E-09    .000E+00    .543E-11
  3   2400.    40.0     .000E+00    .252E-09    .000E+00    .543E-11
  3   2700.    45.0     .000E+00    .252E-09    .000E+00    .543E-11
  3   3000.    50.0     .000E+00    .252E-09    .000E+00    .543E-11
  3   3300.    55.0     .000E+00    .252E-09    .000E+00    .543E-11
  3   3600.    60.0     .000E+00    .252E-09    .186E-36    .543E-11
  3   3900.    65.0     .000E+00    .252E-09   -.156E-36    .543E-11
  3   4200.    70.0     .000E+00    .252E-09   -.125E-37    .543E-11
  3   4500.    75.0     .000E+00    .252E-09    .160E-37    .543E-11
#TANK TIME(SEC) TIME(MIN) H2O2        DBCP        HO2*        HCO3-       H2PO4-      
  4      0.      .0     .000E+00    .000E+00    .000E+00    .000E+00    .000E+00
  4    300.     5.0     .898E-03    .148E-05    .116E-05    .400E-02    .000E+00
  4    600.    10.0     .887E-03    .145E-05    .114E-05    .400E-02    .000E+00
  4    900.    15.0     .887E-03    .145E-05    .114E-05    .400E-02    .000E+00
  4   1200.    20.0     .887E-03    .145E-05    .114E-05    .400E-02    .000E+00
  4   1500.    25.0     .887E-03    .145E-05    .114E-05    .400E-02    .000E+00
  4   1800.    30.0     .887E-03    .145E-05    .114E-05    .400E-02    .000E+00
  4   2100.    35.0     .887E-03    .145E-05    .114E-05    .400E-02    .000E+00
  4   2400.    40.0     .887E-03    .145E-05    .114E-05    .400E-02    .000E+00
  4   2700.    45.0     .887E-03    .145E-05    .114E-05    .400E-02    .000E+00
  4   3000.    50.0     .887E-03    .145E-05    .114E-05    .400E-02    .000E+00
  4   3300.    55.0     .887E-03    .145E-05    .114E-05    .400E-02    .000E+00
  4   3600.    60.0     .887E-03    .145E-05    .114E-05    .400E-02    .223E-26
  4   3900.    65.0     .887E-03    .145E-05    .114E-05    .400E-02    .320E-26
  4   4200.    70.0     .887E-03    .145E-05    .114E-05    .400E-02   -.357E-26
  4   4500.    75.0     .887E-03    .145E-05    .114E-05    .400E-02    .843E-27
#TANK TIME(SEC) TIME(MIN) NOM         CO3*-       HPO4*-      HO*         
  4      0.      .0     .000E+00    .000E+00    .000E+00    .000E+00
  4    300.     5.0     .000E+00    .255E-09    .000E+00    .540E-11
  4    600.    10.0     .000E+00    .258E-09    .000E+00    .539E-11
  4    900.    15.0     .000E+00    .258E-09    .000E+00    .539E-11
  4   1200.    20.0     .000E+00    .258E-09    .000E+00    .539E-11
  4   1500.    25.0     .000E+00    .258E-09    .000E+00    .539E-11
  4   1800.    30.0     .000E+00    .258E-09    .000E+00    .539E-11
  4   2100.    35.0     .000E+00    .258E-09    .000E+00    .539E-11
  4   2400.    40.0     .000E+00    .258E-09    .000E+00    .539E-11
  4   2700.    45.0     .000E+00    .258E-09    .000E+00    .539E-11
  4   3000.    50.0     .000E+00    .258E-09    .000E+00    .539E-11
  4   3300.    55.0     .000E+00    .258E-09    .000E+00    .539E-11
  4   3600.    60.0     .000E+00    .258E-09    .712E-37    .539E-11
  4   3900.    65.0     .000E+00    .258E-09    .102E-36    .539E-11
  4   4200.    70.0     .000E+00    .258E-09   -.114E-36    .539E-11
  4   4500.    75.0     .000E+00    .258E-09    .270E-37    .539E-11
#TANK TIME(SEC) TIME(MIN) H2O2        DBCP        HO2*        HCO3-       H2PO4-      
  5      0.      .0     .000E+00    .000E+00    .000E+00    .000E+00    .000E+00
  5    300.     5.0     .883E-03    .143E-05    .114E-05    .400E-02    .000E+00
  5    600.    10.0     .861E-03    .137E-05    .110E-05    .400E-02    .000E+00
  5    900.    15.0     .860E-03    .136E-05    .110E-05    .400E-02    .000E+00
  5   1200.    20.0     .860E-03    .136E-05    .110E-05    .400E-02    .000E+00
  5   1500.    25.0     .860E-03    .136E-05    .110E-05    .400E-02    .000E+00
  5   1800.    30.0     .860E-03    .136E-05    .110E-05    .400E-02    .000E+00
  5   2100.    35.0     .860E-03    .136E-05    .110E-05    .400E-02    .000E+00
  5   2400.    40.0     .860E-03    .136E-05    .110E-05    .400E-02    .000E+00
  5   2700.    45.0     .860E-03    .136E-05    .110E-05    .400E-02    .000E+00
  5   3000.    50.0     .860E-03    .136E-05    .110E-05    .400E-02    .000E+00
  5   3300.    55.0     .860E-03    .136E-05    .110E-05    .400E-02    .000E+00
  5   3600.    60.0     .860E-03    .136E-05    .110E-05    .400E-02    .795E-27
  5   3900.    65.0     .860E-03    .136E-05    .110E-05    .400E-02    .814E-26
  5   4200.    70.0     .860E-03    .136E-05    .110E-05    .400E-02   -.570E-26
  5   4500.    75.0     .860E-03    .136E-05    .110E-05    .400E-02    .551E-27
#TANK TIME(SEC) TIME(MIN) NOM         CO3*-       HPO4*-      HO*         
  5      0.      .0     .000E+00    .000E+00    .000E+00    .000E+00
  5    300.     5.0     .000E+00    .259E-09    .000E+00    .538E-11
  5    600.    10.0     .000E+00    .265E-09    .000E+00    .535E-11
  5    900.    15.0     .000E+00    .265E-09    .000E+00    .534E-11
  5   1200.    20.0     .000E+00    .265E-09    .000E+00    .534E-11
  5   1500.    25.0     .000E+00    .265E-09    .000E+00    .534E-11
  5   1800.    30.0     .000E+00    .265E-09    .000E+00    .534E-11
  5   2100.    35.0     .000E+00    .265E-09    .000E+00    .534E-11
  5   2400.    40.0     .000E+00    .265E-09    .000E+00    .534E-11
  5   2700.    45.0     .000E+00    .265E-09    .000E+00    .534E-11
  5   3000.    50.0     .000E+00    .265E-09    .000E+00    .534E-11
  5   3300.    55.0     .000E+00    .265E-09    .000E+00    .534E-11
  5   3600.    60.0     .000E+00    .265E-09    .260E-37    .534E-11
  5   3900.    65.0     .000E+00    .265E-09    .266E-36    .534E-11
  5   4200.    70.0     .000E+00    .265E-09   -.186E-36    .534E-11
  5   4500.    75.0     .000E+00    .265E-09    .180E-37    .534E-11
#TANK TIME(SEC) TIME(MIN) H2O2        DBCP        HO2*        HCO3-       H2PO4-      
  6      0.      .0     .000E+00    .000E+00    .000E+00    .000E+00    .000E+00
  6    300.     5.0     .872E-03    .139E-05    .112E-05    .400E-02    .000E+00
  6    600.    10.0     .836E-03    .129E-05    .106E-05    .400E-02    .000E+00
  6    900.    15.0     .834E-03    .129E-05    .106E-05    .400E-02    .000E+00
  6   1200.    20.0     .833E-03    .129E-05    .106E-05    .400E-02    .000E+00
  6   1500.    25.0     .833E-03    .129E-05    .106E-05    .400E-02    .000E+00
  6   1800.    30.0     .833E-03    .129E-05    .106E-05    .400E-02    .000E+00
  6   2100.    35.0     .833E-03    .129E-05    .106E-05    .400E-02    .000E+00
  6   2400.    40.0     .833E-03    .129E-05    .106E-05    .400E-02    .000E+00
  6   2700.    45.0     .833E-03    .129E-05    .106E-05    .400E-02    .000E+00
  6   3000.    50.0     .833E-03    .129E-05    .106E-05    .400E-02    .000E+00
  6   3300.    55.0     .833E-03    .129E-05    .106E-05    .400E-02    .000E+00
  6   3600.    60.0     .833E-03    .129E-05    .106E-05    .400E-02    .275E-27
  6   3900.    65.0     .833E-03    .129E-05    .106E-05    .400E-02    .913E-26
  6   4200.    70.0     .833E-03    .129E-05    .106E-05    .400E-02   -.517E-26
  6   4500.    75.0     .833E-03    .129E-05    .106E-05    .400E-02   -.565E-27
#TANK TIME(SEC) TIME(MIN) NOM         CO3*-       HPO4*-      HO*         
  6      0.      .0     .000E+00    .000E+00    .000E+00    .000E+00
  6    300.     5.0     .000E+00    .262E-09    .000E+00    .537E-11
  6    600.    10.0     .000E+00    .271E-09    .000E+00    .530E-11
  6    900.    15.0     .000E+00    .272E-09    .000E+00    .530E-11
  6   1200.    20.0     .000E+00    .272E-09    .000E+00    .530E-11
  6   1500.    25.0     .000E+00    .272E-09    .000E+00    .530E-11
  6   1800.    30.0     .000E+00    .272E-09    .000E+00    .530E-11
  6   2100.    35.0     .000E+00    .272E-09    .000E+00    .530E-11
  6   2400.    40.0     .000E+00    .272E-09    .000E+00    .530E-11
  6   2700.    45.0     .000E+00    .272E-09    .000E+00    .530E-11
  6   3000.    50.0     .000E+00    .272E-09    .000E+00    .530E-11
  6   3300.    55.0     .000E+00    .272E-09    .000E+00    .530E-11
  6   3600.    60.0     .000E+00    .272E-09    .921E-38    .530E-11
  6   3900.    65.0     .000E+00    .272E-09    .305E-36    .530E-11
  6   4200.    70.0     .000E+00    .272E-09   -.173E-36    .530E-11
  6   4500.    75.0     .000E+00    .272E-09   -.189E-37    .530E-11
#TANK TIME(SEC) TIME(MIN) H2O2        DBCP        HO2*        HCO3-       H2PO4-      
  7      0.      .0     .000E+00    .000E+00    .000E+00    .000E+00    .000E+00
  7    300.     5.0     .865E-03    .137E-05    .111E-05    .400E-02    .000E+00
  7    600.    10.0     .813E-03    .123E-05    .103E-05    .400E-02    .000E+00
  7    900.    15.0     .808E-03    .122E-05    .102E-05    .400E-02    .000E+00
  7   1200.    20.0     .808E-03    .122E-05    .102E-05    .400E-02    .000E+00
  7   1500.    25.0     .808E-03    .122E-05    .102E-05    .400E-02    .000E+00
  7   1800.    30.0     .808E-03    .122E-05    .102E-05    .400E-02    .000E+00
  7   2100.    35.0     .808E-03    .122E-05    .102E-05    .400E-02    .000E+00
  7   2400.    40.0     .808E-03    .122E-05    .102E-05    .400E-02    .000E+00
  7   2700.    45.0     .808E-03    .122E-05    .102E-05    .400E-02    .000E+00
  7   3000.    50.0     .808E-03    .122E-05    .102E-05    .400E-02    .000E+00
  7   3300.    55.0     .808E-03    .122E-05    .102E-05    .400E-02    .000E+00
  7   3600.    60.0     .808E-03    .122E-05    .102E-05    .400E-02    .932E-28
  7   3900.    65.0     .808E-03    .122E-05    .102E-05    .400E-02    .780E-26
  7   4200.    70.0     .808E-03    .122E-05    .102E-05    .400E-02   -.251E-26
  7   4500.    75.0     .808E-03    .122E-05    .102E-05    .400E-02   -.206E-26
#TANK TIME(SEC) TIME(MIN) NOM         CO3*-       HPO4*-      HO*         
  7      0.      .0     .000E+00    .000E+00    .000E+00    .000E+00
  7    300.     5.0     .000E+00    .263E-09    .000E+00    .535E-11
  7    600.    10.0     .000E+00    .277E-09    .000E+00    .526E-11
  7    900.    15.0     .000E+00    .279E-09    .000E+00    .525E-11
  7   1200.    20.0     .000E+00    .279E-09    .000E+00    .525E-11
  7   1500.    25.0     .000E+00    .279E-09    .000E+00    .525E-11
  7   1800.    30.0     .000E+00    .279E-09    .000E+00    .525E-11
  7   2100.    35.0     .000E+00    .279E-09    .000E+00    .525E-11
  7   2400.    40.0     .000E+00    .279E-09    .000E+00    .525E-11
  7   2700.    45.0     .000E+00    .279E-09    .000E+00    .525E-11
  7   3000.    50.0     .000E+00    .279E-09    .000E+00    .525E-11
  7   3300.    55.0     .000E+00    .279E-09    .000E+00    .525E-11
  7   3600.    60.0     .000E+00    .279E-09    .319E-38    .525E-11
  7   3900.    65.0     .000E+00    .279E-09    .267E-36    .525E-11
  7   4200.    70.0     .000E+00    .279E-09   -.858E-37    .525E-11
  7   4500.    75.0     .000E+00    .279E-09   -.705E-37    .525E-11
#TANK TIME(SEC) TIME(MIN) H2O2        DBCP        HO2*        HCO3-       H2PO4-      
  8      0.      .0     .000E+00    .000E+00    .000E+00    .000E+00    .000E+00
  8    300.     5.0     .862E-03    .136E-05    .110E-05    .400E-02    .000E+00
  8    600.    10.0     .793E-03    .117E-05    .995E-06    .400E-02    .000E+00
  8    900.    15.0     .783E-03    .115E-05    .980E-06    .400E-02    .000E+00
  8   1200.    20.0     .783E-03    .115E-05    .979E-06    .400E-02    .000E+00
  8   1500.    25.0     .782E-03    .115E-05    .979E-06    .400E-02    .000E+00
  8   1800.    30.0     .782E-03    .115E-05    .979E-06    .400E-02    .000E+00
  8   2100.    35.0     .782E-03    .115E-05    .979E-06    .400E-02    .000E+00
  8   2400.    40.0     .782E-03    .115E-05    .979E-06    .400E-02    .000E+00
  8   2700.    45.0     .782E-03    .115E-05    .979E-06    .400E-02    .000E+00
  8   3000.    50.0     .782E-03    .115E-05    .979E-06    .400E-02    .000E+00
  8   3300.    55.0     .782E-03    .115E-05    .979E-06    .400E-02    .000E+00
  8   3600.    60.0     .782E-03    .115E-05    .979E-06    .400E-02    .310E-28
  8   3900.    65.0     .782E-03    .115E-05    .979E-06    .400E-02    .575E-26
  8   4200.    70.0     .782E-03    .115E-05    .979E-06    .400E-02    .786E-27
  8   4500.    75.0     .782E-03    .115E-05    .979E-06    .400E-02   -.321E-26
#TANK TIME(SEC) TIME(MIN) NOM         CO3*-       HPO4*-      HO*         
  8      0.      .0     .000E+00    .000E+00    .000E+00    .000E+00
  8    300.     5.0     .000E+00    .264E-09    .000E+00    .535E-11
  8    600.    10.0     .000E+00    .283E-09    .000E+00    .522E-11
  8    900.    15.0     .000E+00    .286E-09    .000E+00    .520E-11
  8   1200.    20.0     .000E+00    .286E-09    .000E+00    .520E-11
  8   1500.    25.0     .000E+00    .286E-09    .000E+00    .520E-11
  8   1800.    30.0     .000E+00    .286E-09    .000E+00    .520E-11
  8   2100.    35.0     .000E+00    .286E-09    .000E+00    .520E-11
  8   2400.    40.0     .000E+00    .286E-09    .000E+00    .520E-11
  8   2700.    45.0     .000E+00    .286E-09    .000E+00    .520E-11
  8   3000.    50.0     .000E+00    .286E-09    .000E+00    .520E-11
  8   3300.    55.0     .000E+00    .286E-09    .000E+00    .520E-11
  8   3600.    60.0     .000E+00    .286E-09    .108E-38    .520E-11
  8   3900.    65.0     .000E+00    .286E-09    .201E-36    .520E-11
  8   4200.    70.0     .000E+00    .286E-09    .275E-37    .520E-11
  8   4500.    75.0     .000E+00    .286E-09   -.112E-36    .520E-11
#TANK TIME(SEC) TIME(MIN) H2O2        DBCP        HO2*        HCO3-       H2PO4-      
  9      0.      .0     .000E+00    .000E+00    .000E+00    .000E+00    .000E+00
  9    300.     5.0     .860E-03    .136E-05    .110E-05    .400E-02    .000E+00
  9    600.    10.0     .776E-03    .113E-05    .969E-06    .400E-02    .000E+00
  9    900.    15.0     .759E-03    .109E-05    .942E-06    .400E-02    .000E+00
  9   1200.    20.0     .758E-03    .109E-05    .940E-06    .400E-02    .000E+00
  9   1500.    25.0     .758E-03    .109E-05    .940E-06    .400E-02    .000E+00
  9   1800.    30.0     .758E-03    .109E-05    .940E-06    .400E-02    .000E+00
  9   2100.    35.0     .758E-03    .109E-05    .940E-06    .400E-02    .000E+00
  9   2400.    40.0     .758E-03    .109E-05    .940E-06    .400E-02    .000E+00
  9   2700.    45.0     .758E-03    .109E-05    .940E-06    .400E-02    .000E+00
  9   3000.    50.0     .758E-03    .109E-05    .940E-06    .400E-02    .000E+00
  9   3300.    55.0     .758E-03    .109E-05    .940E-06    .400E-02    .000E+00
  9   3600.    60.0     .758E-03    .109E-05    .940E-06    .400E-02    .102E-28
  9   3900.    65.0     .758E-03    .109E-05    .940E-06    .400E-02    .385E-26
  9   4200.    70.0     .758E-03    .109E-05    .940E-06    .400E-02    .348E-26
  9   4500.    75.0     .758E-03    .109E-05    .940E-06    .400E-02   -.349E-26
#TANK TIME(SEC) TIME(MIN) NOM         CO3*-       HPO4*-      HO*         
  9      0.      .0     .000E+00    .000E+00    .000E+00    .000E+00
  9    300.     5.0     .000E+00    .265E-09    .000E+00    .535E-11
  9    600.    10.0     .000E+00    .288E-09    .000E+00    .519E-11
  9    900.    15.0     .000E+00    .293E-09    .000E+00    .515E-11
  9   1200.    20.0     .000E+00    .293E-09    .000E+00    .515E-11
  9   1500.    25.0     .000E+00    .293E-09    .000E+00    .515E-11
  9   1800.    30.0     .000E+00    .293E-09    .000E+00    .515E-11
  9   2100.    35.0     .000E+00    .293E-09    .000E+00    .515E-11
  9   2400.    40.0     .000E+00    .293E-09    .000E+00    .515E-11
  9   2700.    45.0     .000E+00    .293E-09    .000E+00    .515E-11
  9   3000.    50.0     .000E+00    .293E-09    .000E+00    .515E-11
  9   3300.    55.0     .000E+00    .293E-09    .000E+00    .515E-11
  9   3600.    60.0     .000E+00    .293E-09    .364E-39    .515E-11
  9   3900.    65.0     .000E+00    .293E-09    .138E-36    .515E-11
  9   4200.    70.0     .000E+00    .293E-09    .124E-36    .515E-11
  9   4500.    75.0     .000E+00    .293E-09   -.125E-36    .515E-11
#TANK TIME(SEC) TIME(MIN) H2O2        DBCP        HO2*        HCO3-       H2PO4-      
 10      0.      .0     .000E+00    .000E+00    .000E+00    .000E+00    .000E+00
 10    300.     5.0     .859E-03    .135E-05    .110E-05    .400E-02    .000E+00
 10    600.    10.0     .762E-03    .109E-05    .947E-06    .400E-02    .000E+00
 10    900.    15.0     .737E-03    .103E-05    .907E-06    .400E-02    .000E+00
 10   1200.    20.0     .734E-03    .103E-05    .903E-06    .400E-02    .000E+00
 10   1500.    25.0     .734E-03    .103E-05    .902E-06    .400E-02    .000E+00
 10   1800.    30.0     .734E-03    .103E-05    .902E-06    .400E-02    .000E+00
 10   2100.    35.0     .734E-03    .103E-05    .902E-06    .400E-02    .000E+00
 10   2400.    40.0     .734E-03    .103E-05    .902E-06    .400E-02    .000E+00
 10   2700.    45.0     .734E-03    .103E-05    .902E-06    .400E-02    .000E+00
 10   3000.    50.0     .734E-03    .103E-05    .902E-06    .400E-02    .000E+00
 10   3300.    55.0     .734E-03    .103E-05    .902E-06    .400E-02    .000E+00
 10   3600.    60.0     .734E-03    .103E-05    .902E-06    .400E-02    .332E-29
 10   3900.    65.0     .734E-03    .103E-05    .902E-06    .400E-02    .241E-26
 10   4200.    70.0     .734E-03    .103E-05    .902E-06    .400E-02    .504E-26
 10   4500.    75.0     .734E-03    .103E-05    .902E-06    .400E-02   -.280E-26
#TANK TIME(SEC) TIME(MIN) NOM         CO3*-       HPO4*-      HO*         
 10      0.      .0     .000E+00    .000E+00    .000E+00    .000E+00
 10    300.     5.0     .000E+00    .265E-09    .000E+00    .534E-11
 10    600.    10.0     .000E+00    .292E-09    .000E+00    .516E-11
 10    900.    15.0     .000E+00    .300E-09    .000E+00    .510E-11
 10   1200.    20.0     .000E+00    .301E-09    .000E+00    .509E-11
 10   1500.    25.0     .000E+00    .301E-09    .000E+00    .509E-11
 10   1800.    30.0     .000E+00    .301E-09    .000E+00    .509E-11
 10   2100.    35.0     .000E+00    .301E-09    .000E+00    .509E-11
 10   2400.    40.0     .000E+00    .301E-09    .000E+00    .509E-11
 10   2700.    45.0     .000E+00    .301E-09    .000E+00    .509E-11
 10   3000.    50.0     .000E+00    .301E-09    .000E+00    .509E-11
 10   3300.    55.0     .000E+00    .301E-09    .000E+00    .509E-11
 10   3600.    60.0     .000E+00    .301E-09    .121E-39    .509E-11
 10   3900.    65.0     .000E+00    .301E-09    .879E-37    .509E-11
 10   4200.    70.0     .000E+00    .301E-09    .184E-36    .509E-11
 10   4500.    75.0     .000E+00    .301E-09   -.102E-36    .509E-11
#TANK TIME(SEC) TIME(MIN) H2O2        DBCP        HO2*        HCO3-       H2PO4-      
 11      0.      .0     .000E+00    .000E+00    .000E+00    .000E+00    .000E+00
 11    300.     5.0     .859E-03    .135E-05    .110E-05    .400E-02    .000E+00
 11    600.    10.0     .752E-03    .106E-05    .931E-06    .400E-02    .000E+00
 11    900.    15.0     .715E-03    .979E-06    .874E-06    .400E-02    .000E+00
 11   1200.    20.0     .711E-03    .970E-06    .866E-06    .400E-02    .000E+00
 11   1500.    25.0     .710E-03    .970E-06    .866E-06    .400E-02    .000E+00
 11   1800.    30.0     .710E-03    .970E-06    .866E-06    .400E-02    .000E+00
 11   2100.    35.0     .710E-03    .970E-06    .866E-06    .400E-02    .000E+00
 11   2400.    40.0     .710E-03    .970E-06    .866E-06    .400E-02    .000E+00
 11   2700.    45.0     .710E-03    .970E-06    .866E-06    .400E-02    .000E+00
 11   3000.    50.0     .710E-03    .970E-06    .866E-06    .400E-02    .000E+00
 11   3300.    55.0     .710E-03    .970E-06    .866E-06    .400E-02    .000E+00
 11   3600.    60.0     .710E-03    .970E-06    .866E-06    .400E-02    .107E-29
 11   3900.    65.0     .710E-03    .970E-06    .866E-06    .400E-02    .144E-26
 11   4200.    70.0     .710E-03    .970E-06    .866E-06    .400E-02    .549E-26
 11   4500.    75.0     .710E-03    .970E-06    .866E-06    .400E-02   -.140E-26
#TANK TIME(SEC) TIME(MIN) NOM         CO3*-       HPO4*-      HO*         
 11      0.      .0     .000E+00    .000E+00    .000E+00    .000E+00
 11    300.     5.0     .000E+00    .265E-09    .000E+00    .534E-11
 11    600.    10.0     .000E+00    .295E-09    .000E+00    .513E-11
 11    900.    15.0     .000E+00    .307E-09    .000E+00    .504E-11
 11   1200.    20.0     .000E+00    .308E-09    .000E+00    .503E-11
 11   1500.    25.0     .000E+00    .309E-09    .000E+00    .503E-11
 11   1800.    30.0     .000E+00    .309E-09    .000E+00    .503E-11
 11   2100.    35.0     .000E+00    .309E-09    .000E+00    .503E-11
 11   2400.    40.0     .000E+00    .309E-09    .000E+00    .503E-11
 11   2700.    45.0     .000E+00    .309E-09    .000E+00    .503E-11
 11   3000.    50.0     .000E+00    .309E-09    .000E+00    .503E-11
 11   3300.    55.0     .000E+00    .309E-09    .000E+00    .503E-11
 11   3600.    60.0     .000E+00    .309E-09    .398E-40    .503E-11
 11   3900.    65.0     .000E+00    .309E-09    .534E-37    .503E-11
 11   4200.    70.0     .000E+00    .309E-09    .204E-36    .503E-11
 11   4500.    75.0     .000E+00    .309E-09   -.521E-37    .503E-11
#TANK TIME(SEC) TIME(MIN) H2O2        DBCP        HO2*        HCO3-       H2PO4-      
 12      0.      .0     .000E+00    .000E+00    .000E+00    .000E+00    .000E+00
 12    300.     5.0     .859E-03    .135E-05    .110E-05    .400E-02    .000E+00
 12    600.    10.0     .744E-03    .104E-05    .919E-06    .400E-02    .000E+00
 12    900.    15.0     .696E-03    .933E-06    .844E-06    .400E-02    .000E+00
 12   1200.    20.0     .688E-03    .918E-06    .832E-06    .400E-02    .000E+00
 12   1500.    25.0     .687E-03    .917E-06    .830E-06    .400E-02    .000E+00
 12   1800.    30.0     .687E-03    .917E-06    .830E-06    .400E-02    .000E+00
 12   2100.    35.0     .687E-03    .917E-06    .830E-06    .400E-02    .000E+00
 12   2400.    40.0     .687E-03    .917E-06    .830E-06    .400E-02    .000E+00
 12   2700.    45.0     .687E-03    .917E-06    .830E-06    .400E-02    .000E+00
 12   3000.    50.0     .687E-03    .917E-06    .830E-06    .400E-02    .000E+00
 12   3300.    55.0     .687E-03    .917E-06    .830E-06    .400E-02    .000E+00
 12   3600.    60.0     .687E-03    .917E-06    .830E-06    .400E-02    .343E-30
 12   3900.    65.0     .687E-03    .917E-06    .830E-06    .400E-02    .822E-27
 12   4200.    70.0     .687E-03    .917E-06    .830E-06    .400E-02    .515E-26
 12   4500.    75.0     .687E-03    .917E-06    .830E-06    .400E-02    .267E-27
#TANK TIME(SEC) TIME(MIN) NOM         CO3*-       HPO4*-      HO*         
 12      0.      .0     .000E+00    .000E+00    .000E+00    .000E+00
 12    300.     5.0     .000E+00    .265E-09    .000E+00    .534E-11
 12    600.    10.0     .000E+00    .298E-09    .000E+00    .512E-11
 12    900.    15.0     .000E+00    .313E-09    .000E+00    .499E-11
 12   1200.    20.0     .000E+00    .316E-09    .000E+00    .497E-11
 12   1500.    25.0     .000E+00    .316E-09    .000E+00    .497E-11
 12   1800.    30.0     .000E+00    .316E-09    .000E+00    .497E-11
 12   2100.    35.0     .000E+00    .316E-09    .000E+00    .497E-11
 12   2400.    40.0     .000E+00    .316E-09    .000E+00    .497E-11
 12   2700.    45.0     .000E+00    .316E-09    .000E+00    .497E-11
 12   3000.    50.0     .000E+00    .316E-09    .000E+00    .497E-11
 12   3300.    55.0     .000E+00    .316E-09    .000E+00    .497E-11
 12   3600.    60.0     .000E+00    .316E-09    .130E-40    .497E-11
 12   3900.    65.0     .000E+00    .316E-09    .312E-37    .497E-11
 12   4200.    70.0     .000E+00    .316E-09    .195E-36    .497E-11
 12   4500.    75.0     .000E+00    .316E-09    .101E-37    .497E-11
#TANK TIME(SEC) TIME(MIN) H2O2        DBCP        HO2*        HCO3-       H2PO4-      
 13      0.      .0     .000E+00    .000E+00    .000E+00    .000E+00    .000E+00
 13    300.     5.0     .859E-03    .135E-05    .110E-05    .400E-02    .000E+00
 13    600.    10.0     .739E-03    .103E-05    .911E-06    .400E-02    .000E+00
 13    900.    15.0     .679E-03    .894E-06    .818E-06    .400E-02    .000E+00
 13   1200.    20.0     .666E-03    .870E-06    .798E-06    .400E-02    .000E+00
 13   1500.    25.0     .665E-03    .868E-06    .796E-06    .400E-02    .000E+00
 13   1800.    30.0     .665E-03    .868E-06    .796E-06    .400E-02    .000E+00
 13   2100.    35.0     .665E-03    .868E-06    .796E-06    .400E-02    .000E+00
 13   2400.    40.0     .665E-03    .868E-06    .796E-06    .400E-02    .000E+00
 13   2700.    45.0     .665E-03    .868E-06    .796E-06    .400E-02    .000E+00
 13   3000.    50.0     .665E-03    .868E-06    .796E-06    .400E-02    .000E+00
 13   3300.    55.0     .665E-03    .868E-06    .796E-06    .400E-02    .000E+00
 13   3600.    60.0     .665E-03    .868E-06    .796E-06    .400E-02    .109E-30
 13   3900.    65.0     .665E-03    .868E-06    .796E-06    .400E-02    .457E-27
 13   4200.    70.0     .665E-03    .868E-06    .796E-06    .400E-02    .437E-26
 13   4500.    75.0     .665E-03    .868E-06    .796E-06    .400E-02    .181E-26
#TANK TIME(SEC) TIME(MIN) NOM         CO3*-       HPO4*-      HO*         
 13      0.      .0     .000E+00    .000E+00    .000E+00    .000E+00
 13    300.     5.0     .000E+00    .265E-09    .000E+00    .534E-11
 13    600.    10.0     .000E+00    .299E-09    .000E+00    .510E-11
 13    900.    15.0     .000E+00    .319E-09    .000E+00    .495E-11
 13   1200.    20.0     .000E+00    .324E-09    .000E+00    .491E-11
 13   1500.    25.0     .000E+00    .324E-09    .000E+00    .490E-11
 13   1800.    30.0     .000E+00    .324E-09    .000E+00    .490E-11
 13   2100.    35.0     .000E+00    .324E-09    .000E+00    .490E-11
 13   2400.    40.0     .000E+00    .324E-09    .000E+00    .490E-11
 13   2700.    45.0     .000E+00    .324E-09    .000E+00    .490E-11
 13   3000.    50.0     .000E+00    .324E-09    .000E+00    .490E-11
 13   3300.    55.0     .000E+00    .324E-09    .000E+00    .490E-11
 13   3600.    60.0     .000E+00    .324E-09    .423E-41    .490E-11
 13   3900.    65.0     .000E+00    .324E-09    .177E-37    .490E-11
 13   4200.    70.0     .000E+00    .324E-09    .169E-36    .490E-11
 13   4500.    75.0     .000E+00    .324E-09    .700E-37    .490E-11
#TANK TIME(SEC) TIME(MIN) H2O2        DBCP        HO2*        HCO3-       H2PO4-      
 14      0.      .0     .000E+00    .000E+00    .000E+00    .000E+00    .000E+00
 14    300.     5.0     .859E-03    .135E-05    .110E-05    .400E-02    .000E+00
 14    600.    10.0     .736E-03    .102E-05    .906E-06    .400E-02    .000E+00
 14    900.    15.0     .665E-03    .860E-06    .796E-06    .400E-02    .000E+00
 14   1200.    20.0     .646E-03    .826E-06    .767E-06    .400E-02    .000E+00
 14   1500.    25.0     .643E-03    .822E-06    .763E-06    .400E-02    .000E+00
 14   1800.    30.0     .643E-03    .822E-06    .763E-06    .400E-02    .000E+00
 14   2100.    35.0     .643E-03    .822E-06    .763E-06    .400E-02    .000E+00
 14   2400.    40.0     .643E-03    .822E-06    .763E-06    .400E-02    .000E+00
 14   2700.    45.0     .643E-03    .822E-06    .763E-06    .400E-02    .000E+00
 14   3000.    50.0     .643E-03    .822E-06    .763E-06    .400E-02    .000E+00
 14   3300.    55.0     .643E-03    .822E-06    .763E-06    .400E-02    .000E+00
 14   3600.    60.0     .643E-03    .822E-06    .763E-06    .400E-02    .345E-31
 14   3900.    65.0     .643E-03    .822E-06    .763E-06    .400E-02    .248E-27
 14   4200.    70.0     .643E-03    .822E-06    .763E-06    .400E-02    .345E-26
 14   4500.    75.0     .643E-03    .822E-06    .763E-06    .400E-02    .297E-26
#TANK TIME(SEC) TIME(MIN) NOM         CO3*-       HPO4*-      HO*         
 14      0.      .0     .000E+00    .000E+00    .000E+00    .000E+00
 14    300.     5.0     .000E+00    .265E-09    .000E+00    .534E-11
 14    600.    10.0     .000E+00    .300E-09    .000E+00    .510E-11
 14    900.    15.0     .000E+00    .324E-09    .000E+00    .490E-11
 14   1200.    20.0     .000E+00    .331E-09    .000E+00    .485E-11
 14   1500.    25.0     .000E+00    .332E-09    .000E+00    .484E-11
 14   1800.    30.0     .000E+00    .332E-09    .000E+00    .484E-11
 14   2100.    35.0     .000E+00    .332E-09    .000E+00    .484E-11
 14   2400.    40.0     .000E+00    .332E-09    .000E+00    .484E-11
 14   2700.    45.0     .000E+00    .332E-09    .000E+00    .484E-11
 14   3000.    50.0     .000E+00    .332E-09    .000E+00    .484E-11
 14   3300.    55.0     .000E+00    .332E-09    .000E+00    .484E-11
 14   3600.    60.0     .000E+00    .332E-09    .136E-41    .484E-11
 14   3900.    65.0     .000E+00    .332E-09    .978E-38    .484E-11
 14   4200.    70.0     .000E+00    .332E-09    .136E-36    .484E-11
 14   4500.    75.0     .000E+00    .332E-09    .117E-36    .484E-11
#TANK TIME(SEC) TIME(MIN) H2O2        DBCP        HO2*        HCO3-       H2PO4-      
 15      0.      .0     .000E+00    .000E+00    .000E+00    .000E+00    .000E+00
 15    300.     5.0     .859E-03    .135E-05    .110E-05    .400E-02    .000E+00
 15    600.    10.0     .734E-03    .101E-05    .902E-06    .400E-02    .000E+00
 15    900.    15.0     .652E-03    .833E-06    .777E-06    .400E-02    .000E+00
 15   1200.    20.0     .626E-03    .785E-06    .737E-06    .400E-02    .000E+00
 15   1500.    25.0     .622E-03    .779E-06    .731E-06    .400E-02    .000E+00
 15   1800.    30.0     .622E-03    .779E-06    .731E-06    .400E-02    .000E+00
 15   2100.    35.0     .622E-03    .779E-06    .731E-06    .400E-02    .000E+00
 15   2400.    40.0     .622E-03    .779E-06    .731E-06    .400E-02    .000E+00
 15   2700.    45.0     .622E-03    .779E-06    .731E-06    .400E-02    .000E+00
 15   3000.    50.0     .622E-03    .779E-06    .731E-06    .400E-02    .000E+00
 15   3300.    55.0     .622E-03    .779E-06    .731E-06    .400E-02    .000E+00
 15   3600.    60.0     .622E-03    .779E-06    .731E-06    .400E-02    .109E-31
 15   3900.    65.0     .622E-03    .779E-06    .731E-06    .400E-02    .132E-27
 15   4200.    70.0     .622E-03    .779E-06    .731E-06    .400E-02    .258E-26
 15   4500.    75.0     .622E-03    .779E-06    .731E-06    .400E-02    .364E-26
#TANK TIME(SEC) TIME(MIN) NOM         CO3*-       HPO4*-      HO*         
 15      0.      .0     .000E+00    .000E+00    .000E+00    .000E+00
 15    300.     5.0     .000E+00    .265E-09    .000E+00    .534E-11
 15    600.    10.0     .000E+00    .301E-09    .000E+00    .509E-11
 15    900.    15.0     .000E+00    .329E-09    .000E+00    .487E-11
 15   1200.    20.0     .000E+00    .339E-09    .000E+00    .478E-11
 15   1500.    25.0     .000E+00    .340E-09    .000E+00    .477E-11
 15   1800.    30.0     .000E+00    .340E-09    .000E+00    .477E-11
 15   2100.    35.0     .000E+00    .340E-09    .000E+00    .477E-11
 15   2400.    40.0     .000E+00    .340E-09    .000E+00    .477E-11
 15   2700.    45.0     .000E+00    .340E-09    .000E+00    .477E-11
 15   3000.    50.0     .000E+00    .340E-09    .000E+00    .477E-11
 15   3300.    55.0     .000E+00    .340E-09    .000E+00    .477E-11
 15   3600.    60.0     .000E+00    .340E-09    .439E-42    .477E-11
 15   3900.    65.0     .000E+00    .340E-09    .530E-38    .477E-11
 15   4200.    70.0     .000E+00    .340E-09    .104E-36    .477E-11
 15   4500.    75.0     .000E+00    .340E-09    .147E-36    .477E-11
#TANK TIME(SEC) TIME(MIN) H2O2        DBCP        HO2*        HCO3-       H2PO4-      
 16      0.      .0     .000E+00    .000E+00    .000E+00    .000E+00    .000E+00
 16    300.     5.0     .859E-03    .135E-05    .110E-05    .400E-02    .000E+00
 16    600.    10.0     .733E-03    .101E-05    .900E-06    .400E-02    .000E+00
 16    900.    15.0     .643E-03    .811E-06    .762E-06    .400E-02    .000E+00
 16   1200.    20.0     .608E-03    .748E-06    .710E-06    .400E-02    .000E+00
 16   1500.    25.0     .602E-03    .739E-06    .701E-06    .400E-02    .000E+00
 16   1800.    30.0     .601E-03    .738E-06    .700E-06    .400E-02    .000E+00
 16   2100.    35.0     .601E-03    .738E-06    .699E-06    .400E-02    .000E+00
 16   2400.    40.0     .601E-03    .738E-06    .699E-06    .400E-02    .000E+00
 16   2700.    45.0     .601E-03    .738E-06    .699E-06    .400E-02    .000E+00
 16   3000.    50.0     .601E-03    .738E-06    .699E-06    .400E-02    .000E+00
 16   3300.    55.0     .601E-03    .738E-06    .699E-06    .400E-02    .000E+00
 16   3600.    60.0     .601E-03    .738E-06    .699E-06    .400E-02    .342E-32
 16   3900.    65.0     .601E-03    .738E-06    .699E-06    .400E-02    .687E-28
 16   4200.    70.0     .601E-03    .738E-06    .699E-06    .400E-02    .185E-26
 16   4500.    75.0     .601E-03    .738E-06    .699E-06    .400E-02    .386E-26
#TANK TIME(SEC) TIME(MIN) NOM         CO3*-       HPO4*-      HO*         
 16      0.      .0     .000E+00    .000E+00    .000E+00    .000E+00
 16    300.     5.0     .000E+00    .265E-09    .000E+00    .534E-11
 16    600.    10.0     .000E+00    .301E-09    .000E+00    .509E-11
 16    900.    15.0     .000E+00    .332E-09    .000E+00    .484E-11
 16   1200.    20.0     .000E+00    .346E-09    .000E+00    .472E-11
 16   1500.    25.0     .000E+00    .348E-09    .000E+00    .470E-11
 16   1800.    30.0     .000E+00    .349E-09    .000E+00    .470E-11
 16   2100.    35.0     .000E+00    .349E-09    .000E+00    .470E-11
 16   2400.    40.0     .000E+00    .349E-09    .000E+00    .470E-11
 16   2700.    45.0     .000E+00    .349E-09    .000E+00    .470E-11
 16   3000.    50.0     .000E+00    .349E-09    .000E+00    .470E-11
 16   3300.    55.0     .000E+00    .349E-09    .000E+00    .470E-11
 16   3600.    60.0     .000E+00    .349E-09    .140E-42    .470E-11
 16   3900.    65.0     .000E+00    .349E-09    .282E-38    .470E-11
 16   4200.    70.0     .000E+00    .349E-09    .759E-37    .470E-11
 16   4500.    75.0     .000E+00    .349E-09    .158E-36    .470E-11
#TANK TIME(SEC) TIME(MIN) H2O2        DBCP        HO2*        HCO3-       H2PO4-      
 17      0.      .0     .000E+00    .000E+00    .000E+00    .000E+00    .000E+00
 17    300.     5.0     .859E-03    .135E-05    .110E-05    .400E-02    .000E+00
 17    600.    10.0     .732E-03    .101E-05    .899E-06    .400E-02    .000E+00
 17    900.    15.0     .635E-03    .794E-06    .751E-06    .400E-02    .000E+00
 17   1200.    20.0     .592E-03    .716E-06    .686E-06    .400E-02    .000E+00
 17   1500.    25.0     .582E-03    .701E-06    .671E-06    .400E-02    .000E+00
 17   1800.    30.0     .581E-03    .700E-06    .670E-06    .400E-02    .000E+00
 17   2100.    35.0     .581E-03    .700E-06    .669E-06    .400E-02    .000E+00
 17   2400.    40.0     .581E-03    .700E-06    .669E-06    .400E-02    .000E+00
 17   2700.    45.0     .581E-03    .700E-06    .669E-06    .400E-02    .000E+00
 17   3000.    50.0     .581E-03    .700E-06    .669E-06    .400E-02    .000E+00
 17   3300.    55.0     .581E-03    .700E-06    .669E-06    .400E-02    .000E+00
 17   3600.    60.0     .581E-03    .700E-06    .669E-06    .400E-02    .107E-32
 17   3900.    65.0     .581E-03    .700E-06    .669E-06    .400E-02    .354E-28
 17   4200.    70.0     .581E-03    .700E-06    .669E-06    .400E-02    .128E-26
 17   4500.    75.0     .581E-03    .700E-06    .669E-06    .400E-02    .372E-26
#TANK TIME(SEC) TIME(MIN) NOM         CO3*-       HPO4*-      HO*         
 17      0.      .0     .000E+00    .000E+00    .000E+00    .000E+00
 17    300.     5.0     .000E+00    .265E-09    .000E+00    .534E-11
 17    600.    10.0     .000E+00    .301E-09    .000E+00    .509E-11
 17    900.    15.0     .000E+00    .335E-09    .000E+00    .481E-11
 17   1200.    20.0     .000E+00    .352E-09    .000E+00    .467E-11
 17   1500.    25.0     .000E+00    .356E-09    .000E+00    .463E-11
 17   1800.    30.0     .000E+00    .357E-09    .000E+00    .462E-11
 17   2100.    35.0     .000E+00    .357E-09    .000E+00    .462E-11
 17   2400.    40.0     .000E+00    .357E-09    .000E+00    .462E-11
 17   2700.    45.0     .000E+00    .357E-09    .000E+00    .462E-11
 17   3000.    50.0     .000E+00    .357E-09    .000E+00    .462E-11
 17   3300.    55.0     .000E+00    .357E-09    .000E+00    .462E-11
 17   3600.    60.0     .000E+00    .357E-09    .448E-43    .462E-11
 17   3900.    65.0     .000E+00    .357E-09    .148E-38    .462E-11
 17   4200.    70.0     .000E+00    .357E-09    .534E-37    .462E-11
 17   4500.    75.0     .000E+00    .357E-09    .156E-36    .462E-11
#TANK TIME(SEC) TIME(MIN) H2O2        DBCP        HO2*        HCO3-       H2PO4-      
 18      0.      .0     .000E+00    .000E+00    .000E+00    .000E+00    .000E+00
 18    300.     5.0     .859E-03    .135E-05    .110E-05    .400E-02    .000E+00
 18    600.    10.0     .732E-03    .101E-05    .899E-06    .400E-02    .000E+00
 18    900.    15.0     .630E-03    .782E-06    .742E-06    .400E-02    .000E+00
 18   1200.    20.0     .577E-03    .687E-06    .664E-06    .400E-02    .000E+00
 18   1500.    25.0     .563E-03    .667E-06    .644E-06    .400E-02    .000E+00
 18   1800.    30.0     .561E-03    .664E-06    .641E-06    .400E-02    .000E+00
 18   2100.    35.0     .561E-03    .664E-06    .641E-06    .400E-02    .000E+00
 18   2400.    40.0     .561E-03    .664E-06    .640E-06    .400E-02    .000E+00
 18   2700.    45.0     .561E-03    .664E-06    .640E-06    .400E-02    .000E+00
 18   3000.    50.0     .561E-03    .664E-06    .640E-06    .400E-02    .000E+00
 18   3300.    55.0     .561E-03    .664E-06    .640E-06    .400E-02    .000E+00
 18   3600.    60.0     .561E-03    .664E-06    .640E-06    .400E-02    .334E-33
 18   3900.    65.0     .561E-03    .664E-06    .640E-06    .400E-02    .180E-28
 18   4200.    70.0     .561E-03    .664E-06    .640E-06    .400E-02    .856E-27
 18   4500.    75.0     .561E-03    .664E-06    .640E-06    .400E-02    .335E-26
#TANK TIME(SEC) TIME(MIN) NOM         CO3*-       HPO4*-      HO*         
 18      0.      .0     .000E+00    .000E+00    .000E+00    .000E+00
 18    300.     5.0     .000E+00    .265E-09    .000E+00    .534E-11
 18    600.    10.0     .000E+00    .302E-09    .000E+00    .508E-11
 18    900.    15.0     .000E+00    .337E-09    .000E+00    .480E-11
 18   1200.    20.0     .000E+00    .358E-09    .000E+00    .461E-11
 18   1500.    25.0     .000E+00    .364E-09    .000E+00    .456E-11
 18   1800.    30.0     .000E+00    .365E-09    .000E+00    .455E-11
 18   2100.    35.0     .000E+00    .365E-09    .000E+00    .455E-11
 18   2400.    40.0     .000E+00    .365E-09    .000E+00    .455E-11
 18   2700.    45.0     .000E+00    .365E-09    .000E+00    .455E-11
 18   3000.    50.0     .000E+00    .365E-09    .000E+00    .455E-11
 18   3300.    55.0     .000E+00    .365E-09    .000E+00    .455E-11
 18   3600.    60.0     .000E+00    .365E-09    .142E-43    .455E-11
 18   3900.    65.0     .000E+00    .365E-09    .768E-39    .455E-11
 18   4200.    70.0     .000E+00    .365E-09    .365E-37    .455E-11
 18   4500.    75.0     .000E+00    .365E-09    .143E-36    .455E-11
#TANK TIME(SEC) TIME(MIN) H2O2        DBCP        HO2*        HCO3-       H2PO4-      
 19      0.      .0     .000E+00    .000E+00    .000E+00    .000E+00    .000E+00
 19    300.     5.0     .859E-03    .135E-05    .110E-05    .400E-02    .000E+00
 19    600.    10.0     .731E-03    .101E-05    .899E-06    .400E-02    .000E+00
 19    900.    15.0     .626E-03    .774E-06    .736E-06    .400E-02    .000E+00
 19   1200.    20.0     .565E-03    .663E-06    .646E-06    .400E-02    .000E+00
 19   1500.    25.0     .546E-03    .635E-06    .618E-06    .400E-02    .000E+00
 19   1800.    30.0     .542E-03    .631E-06    .613E-06    .400E-02    .000E+00
 19   2100.    35.0     .542E-03    .630E-06    .613E-06    .400E-02    .000E+00
 19   2400.    40.0     .542E-03    .630E-06    .613E-06    .400E-02    .000E+00
 19   2700.    45.0     .542E-03    .630E-06    .613E-06    .400E-02    .000E+00
 19   3000.    50.0     .542E-03    .630E-06    .613E-06    .400E-02    .000E+00
 19   3300.    55.0     .542E-03    .630E-06    .613E-06    .400E-02    .000E+00
 19   3600.    60.0     .542E-03    .630E-06    .613E-06    .400E-02    .104E-33
 19   3900.    65.0     .542E-03    .630E-06    .613E-06    .400E-02    .910E-29
 19   4200.    70.0     .542E-03    .630E-06    .613E-06    .400E-02    .559E-27
 19   4500.    75.0     .542E-03    .630E-06    .613E-06    .400E-02    .286E-26
#TANK TIME(SEC) TIME(MIN) NOM         CO3*-       HPO4*-      HO*         
 19      0.      .0     .000E+00    .000E+00    .000E+00    .000E+00
 19    300.     5.0     .000E+00    .265E-09    .000E+00    .534E-11
 19    600.    10.0     .000E+00    .302E-09    .000E+00    .508E-11
 19    900.    15.0     .000E+00    .339E-09    .000E+00    .478E-11
 19   1200.    20.0     .000E+00    .364E-09    .000E+00    .456E-11
 19   1500.    25.0     .000E+00    .372E-09    .000E+00    .449E-11
 19   1800.    30.0     .000E+00    .374E-09    .000E+00    .448E-11
 19   2100.    35.0     .000E+00    .374E-09    .000E+00    .447E-11
 19   2400.    40.0     .000E+00    .374E-09    .000E+00    .447E-11
 19   2700.    45.0     .000E+00    .374E-09    .000E+00    .447E-11
 19   3000.    50.0     .000E+00    .374E-09    .000E+00    .447E-11
 19   3300.    55.0     .000E+00    .374E-09    .000E+00    .447E-11
 19   3600.    60.0     .000E+00    .374E-09    .450E-44    .447E-11
 19   3900.    65.0     .000E+00    .374E-09    .394E-39    .447E-11
 19   4200.    70.0     .000E+00    .374E-09    .242E-37    .447E-11
 19   4500.    75.0     .000E+00    .374E-09    .124E-36    .447E-11
#TANK TIME(SEC) TIME(MIN) H2O2        DBCP        HO2*        HCO3-       H2PO4-      
 20      0.      .0     .000E+00    .000E+00    .000E+00    .000E+00    .000E+00
 20    300.     5.0     .859E-03    .135E-05    .110E-05    .400E-02    .000E+00
 20    600.    10.0     .731E-03    .101E-05    .898E-06    .400E-02    .000E+00
 20    900.    15.0     .623E-03    .768E-06    .732E-06    .400E-02    .000E+00
 20   1200.    20.0     .554E-03    .643E-06    .630E-06    .400E-02    .000E+00
 20   1500.    25.0     .529E-03    .606E-06    .594E-06    .400E-02    .000E+00
 20   1800.    30.0     .524E-03    .600E-06    .587E-06    .400E-02    .000E+00
 20   2100.    35.0     .524E-03    .599E-06    .586E-06    .400E-02    .000E+00
 20   2400.    40.0     .523E-03    .599E-06    .586E-06    .400E-02    .000E+00
 20   2700.    45.0     .523E-03    .599E-06    .586E-06    .400E-02    .000E+00
 20   3000.    50.0     .523E-03    .599E-06    .586E-06    .400E-02    .000E+00
 20   3300.    55.0     .523E-03    .599E-06    .586E-06    .400E-02    .000E+00
 20   3600.    60.0     .523E-03    .599E-06    .586E-06    .400E-02    .323E-34
 20   3900.    65.0     .523E-03    .599E-06    .586E-06    .400E-02    .455E-29
 20   4200.    70.0     .523E-03    .599E-06    .586E-06    .400E-02    .357E-27
 20   4500.    75.0     .523E-03    .599E-06    .586E-06    .400E-02    .234E-26
#TANK TIME(SEC) TIME(MIN) NOM         CO3*-       HPO4*-      HO*         
 20      0.      .0     .000E+00    .000E+00    .000E+00    .000E+00
 20    300.     5.0     .000E+00    .265E-09    .000E+00    .534E-11
 20    600.    10.0     .000E+00    .302E-09    .000E+00    .508E-11
 20    900.    15.0     .000E+00    .340E-09    .000E+00    .477E-11
 20   1200.    20.0     .000E+00    .369E-09    .000E+00    .452E-11
 20   1500.    25.0     .000E+00    .380E-09    .000E+00    .442E-11
 20   1800.    30.0     .000E+00    .382E-09    .000E+00    .440E-11
 20   2100.    35.0     .000E+00    .382E-09    .000E+00    .440E-11
 20   2400.    40.0     .000E+00    .383E-09    .000E+00    .440E-11
 20   2700.    45.0     .000E+00    .383E-09    .000E+00    .440E-11
 20   3000.    50.0     .000E+00    .383E-09    .000E+00    .440E-11
 20   3300.    55.0     .000E+00    .383E-09    .000E+00    .440E-11
 20   3600.    60.0     .000E+00    .383E-09    .142E-44    .440E-11
 20   3900.    65.0     .000E+00    .383E-09    .201E-39    .440E-11
 20   4200.    70.0     .000E+00    .383E-09    .158E-37    .440E-11
 20   4500.    75.0     .000E+00    .383E-09    .103E-36    .440E-11
#TANK TIME(SEC) TIME(MIN) H2O2        DBCP        HO2*        HCO3-       H2PO4-      
 21      0.      .0     .000E+00    .000E+00    .000E+00    .000E+00    .000E+00
 21    300.     5.0     .859E-03    .135E-05    .110E-05    .400E-02    .000E+00
 21    600.    10.0     .731E-03    .101E-05    .898E-06    .400E-02    .000E+00
 21    900.    15.0     .621E-03    .764E-06    .729E-06    .400E-02    .000E+00
 21   1200.    20.0     .545E-03    .626E-06    .617E-06    .400E-02    .000E+00
 21   1500.    25.0     .514E-03    .579E-06    .572E-06    .400E-02    .000E+00
 21   1800.    30.0     .507E-03    .570E-06    .562E-06    .400E-02    .000E+00
 21   2100.    35.0     .506E-03    .569E-06    .560E-06    .400E-02    .000E+00
 21   2400.    40.0     .505E-03    .569E-06    .560E-06    .400E-02    .000E+00
 21   2700.    45.0     .505E-03    .569E-06    .560E-06    .400E-02    .000E+00
 21   3000.    50.0     .505E-03    .569E-06    .560E-06    .400E-02    .000E+00
 21   3300.    55.0     .505E-03    .569E-06    .560E-06    .400E-02    .000E+00
 21   3600.    60.0     .505E-03    .569E-06    .560E-06    .400E-02    .100E-34
 21   3900.    65.0     .505E-03    .569E-06    .560E-06    .400E-02    .226E-29
 21   4200.    70.0     .505E-03    .569E-06    .560E-06    .400E-02    .224E-27
 21   4500.    75.0     .505E-03    .569E-06    .560E-06    .400E-02    .184E-26
#TANK TIME(SEC) TIME(MIN) NOM         CO3*-       HPO4*-      HO*         
 21      0.      .0     .000E+00    .000E+00    .000E+00    .000E+00
 21    300.     5.0     .000E+00    .265E-09    .000E+00    .534E-11
 21    600.    10.0     .000E+00    .302E-09    .000E+00    .508E-11
 21    900.    15.0     .000E+00    .341E-09    .000E+00    .477E-11
 21   1200.    20.0     .000E+00    .372E-09    .000E+00    .449E-11
 21   1500.    25.0     .000E+00    .387E-09    .000E+00    .435E-11
 21   1800.    30.0     .000E+00    .391E-09    .000E+00    .432E-11
 21   2100.    35.0     .000E+00    .391E-09    .000E+00    .432E-11
 21   2400.    40.0     .000E+00    .391E-09    .000E+00    .432E-11
 21   2700.    45.0     .000E+00    .391E-09    .000E+00    .432E-11
 21   3000.    50.0     .000E+00    .391E-09    .000E+00    .432E-11
 21   3300.    55.0     .000E+00    .391E-09    .000E+00    .432E-11
 21   3600.    60.0     .000E+00    .391E-09    .448E-45    .432E-11
 21   3900.    65.0     .000E+00    .391E-09    .101E-39    .432E-11
 21   4200.    70.0     .000E+00    .391E-09    .100E-37    .432E-11
 21   4500.    75.0     .000E+00    .391E-09    .827E-37    .432E-11
#TANK TIME(SEC) TIME(MIN) H2O2        DBCP        HO2*        HCO3-       H2PO4-      
 22      0.      .0     .000E+00    .000E+00    .000E+00    .000E+00    .000E+00
 22    300.     5.0     .859E-03    .135E-05    .110E-05    .400E-02    .000E+00
 22    600.    10.0     .731E-03    .101E-05    .898E-06    .400E-02    .000E+00
 22    900.    15.0     .620E-03    .761E-06    .728E-06    .400E-02    .000E+00
 22   1200.    20.0     .538E-03    .613E-06    .607E-06    .400E-02    .000E+00
 22   1500.    25.0     .500E-03    .556E-06    .552E-06    .400E-02    .000E+00
 22   1800.    30.0     .490E-03    .543E-06    .538E-06    .400E-02    .000E+00
 22   2100.    35.0     .488E-03    .542E-06    .535E-06    .400E-02    .000E+00
 22   2400.    40.0     .488E-03    .541E-06    .535E-06    .400E-02    .000E+00
 22   2700.    45.0     .488E-03    .541E-06    .535E-06    .400E-02    .000E+00
 22   3000.    50.0     .488E-03    .541E-06    .535E-06    .400E-02    .000E+00
 22   3300.    55.0     .488E-03    .541E-06    .535E-06    .400E-02    .000E+00
 22   3600.    60.0     .488E-03    .541E-06    .535E-06    .400E-02    .309E-35
 22   3900.    65.0     .488E-03    .541E-06    .535E-06    .400E-02    .111E-29
 22   4200.    70.0     .488E-03    .541E-06    .535E-06    .400E-02    .138E-27
 22   4500.    75.0     .488E-03    .541E-06    .535E-06    .400E-02    .141E-26
#TANK TIME(SEC) TIME(MIN) NOM         CO3*-       HPO4*-      HO*         
 22      0.      .0     .000E+00    .000E+00    .000E+00    .000E+00
 22    300.     5.0     .000E+00    .265E-09    .000E+00    .534E-11
 22    600.    10.0     .000E+00    .302E-09    .000E+00    .508E-11
 22    900.    15.0     .000E+00    .341E-09    .000E+00    .476E-11
 22   1200.    20.0     .000E+00    .376E-09    .000E+00    .446E-11
 22   1500.    25.0     .000E+00    .394E-09    .000E+00    .429E-11
 22   1800.    30.0     .000E+00    .399E-09    .000E+00    .425E-11
 22   2100.    35.0     .000E+00    .400E-09    .000E+00    .424E-11
 22   2400.    40.0     .000E+00    .400E-09    .000E+00    .424E-11
 22   2700.    45.0     .000E+00    .400E-09    .000E+00    .424E-11
 22   3000.    50.0     .000E+00    .400E-09    .000E+00    .424E-11
 22   3300.    55.0     .000E+00    .400E-09    .000E+00    .424E-11
 22   3600.    60.0     .000E+00    .400E-09    .141E-45    .424E-11
 22   3900.    65.0     .000E+00    .400E-09    .508E-40    .424E-11
 22   4200.    70.0     .000E+00    .400E-09    .629E-38    .424E-11
 22   4500.    75.0     .000E+00    .400E-09    .642E-37    .424E-11
#TANK TIME(SEC) TIME(MIN) H2O2        DBCP        HO2*        HCO3-       H2PO4-      
 23      0.      .0     .000E+00    .000E+00    .000E+00    .000E+00    .000E+00
 23    300.     5.0     .859E-03    .135E-05    .110E-05    .400E-02    .000E+00
 23    600.    10.0     .731E-03    .101E-05    .898E-06    .400E-02    .000E+00
 23    900.    15.0     .619E-03    .760E-06    .727E-06    .400E-02    .000E+00
 23   1200.    20.0     .533E-03    .603E-06    .599E-06    .400E-02    .000E+00
 23   1500.    25.0     .488E-03    .535E-06    .535E-06    .400E-02    .000E+00
 23   1800.    30.0     .474E-03    .518E-06    .515E-06    .400E-02    .000E+00
 23   2100.    35.0     .471E-03    .516E-06    .512E-06    .400E-02    .000E+00
 23   2400.    40.0     .471E-03    .515E-06    .511E-06    .400E-02    .000E+00
 23   2700.    45.0     .471E-03    .515E-06    .511E-06    .400E-02    .000E+00
 23   3000.    50.0     .471E-03    .515E-06    .511E-06    .400E-02    .000E+00
 23   3300.    55.0     .471E-03    .515E-06    .511E-06    .400E-02    .000E+00
 23   3600.    60.0     .471E-03    .515E-06    .511E-06    .400E-02    .953E-36
 23   3900.    65.0     .471E-03    .515E-06    .511E-06    .400E-02    .547E-30
 23   4200.    70.0     .471E-03    .515E-06    .511E-06    .400E-02    .839E-28
 23   4500.    75.0     .471E-03    .515E-06    .511E-06    .400E-02    .105E-26
#TANK TIME(SEC) TIME(MIN) NOM         CO3*-       HPO4*-      HO*         
 23      0.      .0     .000E+00    .000E+00    .000E+00    .000E+00
 23    300.     5.0     .000E+00    .265E-09    .000E+00    .534E-11
 23    600.    10.0     .000E+00    .302E-09    .000E+00    .508E-11
 23    900.    15.0     .000E+00    .341E-09    .000E+00    .476E-11
 23   1200.    20.0     .000E+00    .378E-09    .000E+00    .444E-11
 23   1500.    25.0     .000E+00    .400E-09    .000E+00    .424E-11
 23   1800.    30.0     .000E+00    .407E-09    .000E+00    .417E-11
 23   2100.    35.0     .000E+00    .408E-09    .000E+00    .416E-11
 23   2400.    40.0     .000E+00    .408E-09    .000E+00    .415E-11
 23   2700.    45.0     .000E+00    .408E-09    .000E+00    .415E-11
 23   3000.    50.0     .000E+00    .408E-09    .000E+00    .415E-11
 23   3300.    55.0     .000E+00    .408E-09    .000E+00    .415E-11
 23   3600.    60.0     .000E+00    .408E-09    .442E-46    .415E-11
 23   3900.    65.0     .000E+00    .408E-09    .253E-40    .415E-11
 23   4200.    70.0     .000E+00    .408E-09    .388E-38    .415E-11
 23   4500.    75.0     .000E+00    .408E-09    .486E-37    .415E-11
#TANK TIME(SEC) TIME(MIN) H2O2        DBCP        HO2*        HCO3-       H2PO4-      
 24      0.      .0     .000E+00    .000E+00    .000E+00    .000E+00    .000E+00
 24    300.     5.0     .859E-03    .135E-05    .110E-05    .400E-02    .000E+00
 24    600.    10.0     .731E-03    .101E-05    .898E-06    .400E-02    .000E+00
 24    900.    15.0     .619E-03    .759E-06    .726E-06    .400E-02    .000E+00
 24   1200.    20.0     .529E-03    .595E-06    .593E-06    .400E-02    .000E+00
 24   1500.    25.0     .477E-03    .517E-06    .519E-06    .400E-02    .000E+00
 24   1800.    30.0     .459E-03    .495E-06    .495E-06    .400E-02    .000E+00
 24   2100.    35.0     .455E-03    .491E-06    .489E-06    .400E-02    .000E+00
 24   2400.    40.0     .454E-03    .491E-06    .489E-06    .400E-02    .000E+00
 24   2700.    45.0     .454E-03    .491E-06    .488E-06    .400E-02    .000E+00
 24   3000.    50.0     .454E-03    .491E-06    .488E-06    .400E-02    .000E+00
 24   3300.    55.0     .454E-03    .491E-06    .488E-06    .400E-02    .000E+00
 24   3600.    60.0     .454E-03    .491E-06    .488E-06    .400E-02    .294E-36
 24   3900.    65.0     .454E-03    .491E-06    .488E-06    .400E-02    .267E-30
 24   4200.    70.0     .454E-03    .491E-06    .488E-06    .400E-02    .503E-28
 24   4500.    75.0     .454E-03    .491E-06    .488E-06    .400E-02    .764E-27
#TANK TIME(SEC) TIME(MIN) NOM         CO3*-       HPO4*-      HO*         
 24      0.      .0     .000E+00    .000E+00    .000E+00    .000E+00
 24    300.     5.0     .000E+00    .265E-09    .000E+00    .534E-11
 24    600.    10.0     .000E+00    .302E-09    .000E+00    .508E-11
 24    900.    15.0     .000E+00    .342E-09    .000E+00    .476E-11
 24   1200.    20.0     .000E+00    .380E-09    .000E+00    .442E-11
 24   1500.    25.0     .000E+00    .405E-09    .000E+00    .418E-11
 24   1800.    30.0     .000E+00    .415E-09    .000E+00    .409E-11
 24   2100.    35.0     .000E+00    .417E-09    .000E+00    .408E-11
 24   2400.    40.0     .000E+00    .417E-09    .000E+00    .407E-11
 24   2700.    45.0     .000E+00    .417E-09    .000E+00    .407E-11
 24   3000.    50.0     .000E+00    .417E-09    .000E+00    .407E-11
 24   3300.    55.0     .000E+00    .417E-09    .000E+00    .407E-11
 24   3600.    60.0     .000E+00    .417E-09    .138E-46    .407E-11
 24   3900.    65.0     .000E+00    .417E-09    .125E-40    .407E-11
 24   4200.    70.0     .000E+00    .417E-09    .236E-38    .407E-11
 24   4500.    75.0     .000E+00    .417E-09    .359E-37    .407E-11
#TANK TIME(SEC) TIME(MIN) H2O2        DBCP        HO2*        HCO3-       H2PO4-      
 25      0.      .0     .000E+00    .000E+00    .000E+00    .000E+00    .000E+00
 25    300.     5.0     .859E-03    .135E-05    .110E-05    .400E-02    .000E+00
 25    600.    10.0     .731E-03    .101E-05    .898E-06    .400E-02    .000E+00
 25    900.    15.0     .619E-03    .758E-06    .726E-06    .400E-02    .000E+00
 25   1200.    20.0     .525E-03    .590E-06    .589E-06    .400E-02    .000E+00
 25   1500.    25.0     .467E-03    .502E-06    .507E-06    .400E-02    .000E+00
 25   1800.    30.0     .445E-03    .474E-06    .475E-06    .400E-02    .000E+00
 25   2100.    35.0     .439E-03    .468E-06    .468E-06    .400E-02    .000E+00
 25   2400.    40.0     .438E-03    .468E-06    .467E-06    .400E-02    .000E+00
 25   2700.    45.0     .438E-03    .468E-06    .467E-06    .400E-02    .000E+00
 25   3000.    50.0     .438E-03    .468E-06    .467E-06    .400E-02    .000E+00
 25   3300.    55.0     .438E-03    .468E-06    .467E-06    .400E-02    .000E+00
 25   3600.    60.0     .438E-03    .468E-06    .467E-06    .400E-02    .903E-37
 25   3900.    65.0     .438E-03    .468E-06    .467E-06    .400E-02    .130E-30
 25   4200.    70.0     .438E-03    .468E-06    .467E-06    .400E-02    .298E-28
 25   4500.    75.0     .438E-03    .468E-06    .467E-06    .400E-02    .544E-27
#TANK TIME(SEC) TIME(MIN) NOM         CO3*-       HPO4*-      HO*         
 25      0.      .0     .000E+00    .000E+00    .000E+00    .000E+00
 25    300.     5.0     .000E+00    .265E-09    .000E+00    .534E-11
 25    600.    10.0     .000E+00    .302E-09    .000E+00    .508E-11
 25    900.    15.0     .000E+00    .342E-09    .000E+00    .476E-11
 25   1200.    20.0     .000E+00    .382E-09    .000E+00    .441E-11
 25   1500.    25.0     .000E+00    .410E-09    .000E+00    .414E-11
 25   1800.    30.0     .000E+00    .422E-09    .000E+00    .402E-11
 25   2100.    35.0     .000E+00    .425E-09    .000E+00    .399E-11
 25   2400.    40.0     .000E+00    .426E-09    .000E+00    .399E-11
 25   2700.    45.0     .000E+00    .426E-09    .000E+00    .399E-11
 25   3000.    50.0     .000E+00    .426E-09    .000E+00    .399E-11
 25   3300.    55.0     .000E+00    .426E-09    .000E+00    .399E-11
 25   3600.    60.0     .000E+00    .426E-09    .433E-47    .399E-11
 25   3900.    65.0     .000E+00    .426E-09    .619E-41    .399E-11
 25   4200.    70.0     .000E+00    .426E-09    .142E-38    .399E-11
 25   4500.    75.0     .000E+00    .426E-09    .260E-37    .399E-11
#TANK TIME(SEC) TIME(MIN) pH
  1      0.      .0     8.40
  1    300.     5.0     8.39
  1    600.    10.0     8.39
  1    900.    15.0     8.39
  1   1200.    20.0     8.39
  1   1500.    25.0     8.39
  1   1800.    30.0     8.39
  1   2100.    35.0     8.39
  1   2400.    40.0     8.39
  1   2700.    45.0     8.39
  1   3000.    50.0     8.39
  1   3300.    55.0     8.39
  1   3600.    60.0     8.39
  1   3900.    65.0     8.39
  1   4200.    70.0     8.39
  1   4500.    75.0     8.39
  2      0.      .0     8.40
  2    300.     5.0     8.39
  2    600.    10.0     8.39
  2    900.    15.0     8.39
  2   1200.    20.0     8.39
  2   1500.    25.0     8.39
  2   1800.    30.0     8.39
  2   2100.    35.0     8.39
  2   2400.    40.0     8.39
  2   2700.    45.0     8.39
  2   3000.    50.0     8.39
  2   3300.    55.0     8.39
  2   3600.    60.0     8.39
  2   3900.    65.0     8.39
  2   4200.    70.0     8.39
  2   4500.    75.0     8.39
  3      0.      .0     8.40
  3    300.     5.0     8.39
  3    600.    10.0     8.39
  3    900.    15.0     8.39
  3   1200.    20.0     8.39
  3   1500.    25.0     8.39
  3   1800.    30.0     8.39
  3   2100.    35.0     8.39
  3   2400.    40.0     8.39
  3   2700.    45.0     8.39
  3   3000.    50.0     8.39
  3   3300.    55.0     8.39
  3   3600.    60.0     8.39
  3   3900.    65.0     8.39
  3   4200.    70.0     8.39
  3   4500.    75.0     8.39
  4      0.      .0     8.40
  4    300.     5.0     8.39
  4    600.    10.0     8.38
  4    900.    15.0     8.38
  4   1200.    20.0     8.38
  4   1500.    25.0     8.38
  4   1800.    30.0     8.38
  4   2100.    35.0     8.38
  4   2400.    40.0     8.38
  4   2700.    45.0     8.38
  4   3000.    50.0     8.38
  4   3300.    55.0     8.38
  4   3600.    60.0     8.38
  4   3900.    65.0     8.38
  4   4200.    70.0     8.38
  4   4500.    75.0     8.38
  5      0.      .0     8.40
  5    300.     5.0     8.38
  5    600.    10.0     8.38
  5    900.    15.0     8.38
  5   1200.    20.0     8.38
  5   1500.    25.0     8.38
  5   1800.    30.0     8.38
  5   2100.    35.0     8.38
  5   2400.    40.0     8.38
  5   2700.    45.0     8.38
  5   3000.    50.0     8.38
  5   3300.    55.0     8.38
  5   3600.    60.0     8.38
  5   3900.    65.0     8.38
  5   4200.    70.0     8.38
  5   4500.    75.0     8.38
  6      0.      .0     8.40
  6    300.     5.0     8.38
  6    600.    10.0     8.38
  6    900.    15.0     8.38
  6   1200.    20.0     8.38
  6   1500.    25.0     8.38
  6   1800.    30.0     8.38
  6   2100.    35.0     8.38
  6   2400.    40.0     8.38
  6   2700.    45.0     8.38
  6   3000.    50.0     8.38
  6   3300.    55.0     8.38
  6   3600.    60.0     8.38
  6   3900.    65.0     8.38
  6   4200.    70.0     8.38
  6   4500.    75.0     8.38
  7      0.      .0     8.40
  7    300.     5.0     8.38
  7    600.    10.0     8.38
  7    900.    15.0     8.38
  7   1200.    20.0     8.38
  7   1500.    25.0     8.38
  7   1800.    30.0     8.38
  7   2100.    35.0     8.38
  7   2400.    40.0     8.38
  7   2700.    45.0     8.38
  7   3000.    50.0     8.38
  7   3300.    55.0     8.38
  7   3600.    60.0     8.38
  7   3900.    65.0     8.38
  7   4200.    70.0     8.38
  7   4500.    75.0     8.38
  8      0.      .0     8.40
  8    300.     5.0     8.38
  8    600.    10.0     8.38
  8    900.    15.0     8.38
  8   1200.    20.0     8.38
  8   1500.    25.0     8.38
  8   1800.    30.0     8.38
  8   2100.    35.0     8.38
  8   2400.    40.0     8.38
  8   2700.    45.0     8.38
  8   3000.    50.0     8.38
  8   3300.    55.0     8.38
  8   3600.    60.0     8.38
  8   3900.    65.0     8.38
  8   4200.    70.0     8.38
  8   4500.    75.0     8.38
  9      0.      .0     8.40
  9    300.     5.0     8.38
  9    600.    10.0     8.38
  9    900.    15.0     8.38
  9   1200.    20.0     8.38
  9   1500.    25.0     8.38
  9   1800.    30.0     8.38
  9   2100.    35.0     8.38
  9   2400.    40.0     8.38
  9   2700.    45.0     8.38
  9   3000.    50.0     8.38
  9   3300.    55.0     8.38
  9   3600.    60.0     8.38
  9   3900.    65.0     8.38
  9   4200.    70.0     8.38
  9   4500.    75.0     8.38
 10      0.      .0     8.40
 10    300.     5.0     8.38
 10    600.    10.0     8.38
 10    900.    15.0     8.37
 10   1200.    20.0     8.37
 10   1500.    25.0     8.37
 10   1800.    30.0     8.37
 10   2100.    35.0     8.37
 10   2400.    40.0     8.37
 10   2700.    45.0     8.37
 10   3000.    50.0     8.37
 10   3300.    55.0     8.37
 10   3600.    60.0     8.37
 10   3900.    65.0     8.37
 10   4200.    70.0     8.37
 10   4500.    75.0     8.37
 11      0.      .0     8.40
 11    300.     5.0     8.38
 11    600.    10.0     8.37
 11    900.    15.0     8.37
 11   1200.    20.0     8.37
 11   1500.    25.0     8.37
 11   1800.    30.0     8.37
 11   2100.    35.0     8.37
 11   2400.    40.0     8.37
 11   2700.    45.0     8.37
 11   3000.    50.0     8.37
 11   3300.    55.0     8.37
 11   3600.    60.0     8.37
 11   3900.    65.0     8.37
 11   4200.    70.0     8.37
 11   4500.    75.0     8.37
 12      0.      .0     8.40
 12    300.     5.0     8.38
 12    600.    10.0     8.37
 12    900.    15.0     8.37
 12   1200.    20.0     8.37
 12   1500.    25.0     8.37
 12   1800.    30.0     8.37
 12   2100.    35.0     8.37
 12   2400.    40.0     8.37
 12   2700.    45.0     8.37
 12   3000.    50.0     8.37
 12   3300.    55.0     8.37
 12   3600.    60.0     8.37
 12   3900.    65.0     8.37
 12   4200.    70.0     8.37
 12   4500.    75.0     8.37
 13      0.      .0     8.40
 13    300.     5.0     8.38
 13    600.    10.0     8.37
 13    900.    15.0     8.37
 13   1200.    20.0     8.37
 13   1500.    25.0     8.37
 13   1800.    30.0     8.37
 13   2100.    35.0     8.37
 13   2400.    40.0     8.37
 13   2700.    45.0     8.37
 13   3000.    50.0     8.37
 13   3300.    55.0     8.37
 13   3600.    60.0     8.37
 13   3900.    65.0     8.37
 13   4200.    70.0     8.37
 13   4500.    75.0     8.37
 14      0.      .0     8.40
 14    300.     5.0     8.38
 14    600.    10.0     8.37
 14    900.    15.0     8.37
 14   1200.    20.0     8.37
 14   1500.    25.0     8.37
 14   1800.    30.0     8.37
 14   2100.    35.0     8.37
 14   2400.    40.0     8.37
 14   2700.    45.0     8.37
 14   3000.    50.0     8.37
 14   3300.    55.0     8.37
 14   3600.    60.0     8.37
 14   3900.    65.0     8.37
 14   4200.    70.0     8.37
 14   4500.    75.0     8.37
 15      0.      .0     8.40
 15    300.     5.0     8.38
 15    600.    10.0     8.37
 15    900.    15.0     8.37
 15   1200.    20.0     8.37
 15   1500.    25.0     8.37
 15   1800.    30.0     8.37
 15   2100.    35.0     8.37
 15   2400.    40.0     8.37
 15   2700.    45.0     8.37
 15   3000.    50.0     8.37
 15   3300.    55.0     8.37
 15   3600.    60.0     8.37
 15   3900.    65.0     8.37
 15   4200.    70.0     8.37
 15   4500.    75.0     8.37
 16      0.      .0     8.40
 16    300.     5.0     8.38
 16    600.    10.0     8.37
 16    900.    15.0     8.37
 16   1200.    20.0     8.37
 16   1500.    25.0     8.37
 16   1800.    30.0     8.37
 16   2100.    35.0     8.37
 16   2400.    40.0     8.37
 16   2700.    45.0     8.37
 16   3000.    50.0     8.37
 16   3300.    55.0     8.37
 16   3600.    60.0     8.37
 16   3900.    65.0     8.37
 16   4200.    70.0     8.37
 16   4500.    75.0     8.37
 17      0.      .0     8.40
 17    300.     5.0     8.38
 17    600.    10.0     8.37
 17    900.    15.0     8.37
 17   1200.    20.0     8.37
 17   1500.    25.0     8.36
 17   1800.    30.0     8.36
 17   2100.    35.0     8.36
 17   2400.    40.0     8.36
 17   2700.    45.0     8.36
 17   3000.    50.0     8.36
 17   3300.    55.0     8.36
 17   3600.    60.0     8.36
 17   3900.    65.0     8.36
 17   4200.    70.0     8.36
 17   4500.    75.0     8.36
 18      0.      .0     8.40
 18    300.     5.0     8.38
 18    600.    10.0     8.37
 18    900.    15.0     8.37
 18   1200.    20.0     8.36
 18   1500.    25.0     8.36
 18   1800.    30.0     8.36
 18   2100.    35.0     8.36
 18   2400.    40.0     8.36
 18   2700.    45.0     8.36
 18   3000.    50.0     8.36
 18   3300.    55.0     8.36
 18   3600.    60.0     8.36
 18   3900.    65.0     8.36
 18   4200.    70.0     8.36
 18   4500.    75.0     8.36
 19      0.      .0     8.40
 19    300.     5.0     8.38
 19    600.    10.0     8.37
 19    900.    15.0     8.37
 19   1200.    20.0     8.36
 19   1500.    25.0     8.36
 19   1800.    30.0     8.36
 19   2100.    35.0     8.36
 19   2400.    40.0     8.36
 19   2700.    45.0     8.36
 19   3000.    50.0     8.36
 19   3300.    55.0     8.36
 19   3600.    60.0     8.36
 19   3900.    65.0     8.36
 19   4200.    70.0     8.36
 19   4500.    75.0     8.36
 20      0.      .0     8.40
 20    300.     5.0     8.38
 20    600.    10.0     8.37
 20    900.    15.0     8.37
 20   1200.    20.0     8.36
 20   1500.    25.0     8.36
 20   1800.    30.0     8.36
 20   2100.    35.0     8.36
 20   2400.    40.0     8.36
 20   2700.    45.0     8.36
 20   3000.    50.0     8.36
 20   3300.    55.0     8.36
 20   3600.    60.0     8.36
 20   3900.    65.0     8.36
 20   4200.    70.0     8.36
 20   4500.    75.0     8.36
 21      0.      .0     8.40
 21    300.     5.0     8.38
 21    600.    10.0     8.37
 21    900.    15.0     8.37
 21   1200.    20.0     8.36
 21   1500.    25.0     8.36
 21   1800.    30.0     8.36
 21   2100.    35.0     8.36
 21   2400.    40.0     8.36
 21   2700.    45.0     8.36
 21   3000.    50.0     8.36
 21   3300.    55.0     8.36
 21   3600.    60.0     8.36
 21   3900.    65.0     8.36
 21   4200.    70.0     8.36
 21   4500.    75.0     8.36
 22      0.      .0     8.40
 22    300.     5.0     8.38
 22    600.    10.0     8.37
 22    900.    15.0     8.37
 22   1200.    20.0     8.36
 22   1500.    25.0     8.36
 22   1800.    30.0     8.36
 22   2100.    35.0     8.36
 22   2400.    40.0     8.36
 22   2700.    45.0     8.36
 22   3000.    50.0     8.36
 22   3300.    55.0     8.36
 22   3600.    60.0     8.36
 22   3900.    65.0     8.36
 22   4200.    70.0     8.36
 22   4500.    75.0     8.36
 23      0.      .0     8.40
 23    300.     5.0     8.38
 23    600.    10.0     8.37
 23    900.    15.0     8.37
 23   1200.    20.0     8.36
 23   1500.    25.0     8.36
 23   1800.    30.0     8.36
 23   2100.    35.0     8.36
 23   2400.    40.0     8.36
 23   2700.    45.0     8.36
 23   3000.    50.0     8.36
 23   3300.    55.0     8.36
 23   3600.    60.0     8.36
 23   3900.    65.0     8.36
 23   4200.    70.0     8.36
 23   4500.    75.0     8.36
 24      0.      .0     8.40
 24    300.     5.0     8.38
 24    600.    10.0     8.37
 24    900.    15.0     8.37
 24   1200.    20.0     8.36
 24   1500.    25.0     8.36
 24   1800.    30.0     8.36
 24   2100.    35.0     8.36
 24   2400.    40.0     8.36
 24   2700.    45.0     8.36
 24   3000.    50.0     8.36
 24   3300.    55.0     8.36
 24   3600.    60.0     8.36
 24   3900.    65.0     8.36
 24   4200.    70.0     8.36
 24   4500.    75.0     8.36
 25      0.      .0     8.40
 25    300.     5.0     8.38
 25    600.    10.0     8.37
 25    900.    15.0     8.37
 25   1200.    20.0     8.36
 25   1500.    25.0     8.36
 25   1800.    30.0     8.36
 25   2100.    35.0     8.36
 25   2400.    40.0     8.36
 25   2700.    45.0     8.36
 25   3000.    50.0     8.36
 25   3300.    55.0     8.36
 25   3600.    60.0     8.36
 25   3900.    65.0     8.36
 25   4200.    70.0     8.36
 25   4500.    75.0     8.36
