 NOTE: ALL TERMS IN UNITS OF UG/S.
     7200.000000         0.000000000         1.695053949         1.700000000        0.8182941324E-02    0.3341801608E-02     1.703236890    
     7776.000000         0.000000000         1.695339656         1.700000000        0.8184320585E-02    0.3617781344E-02     1.703523976    
     8352.000000         0.000000000         1.695596249         1.700000000        0.8185559300E-02    0.3866649234E-02     1.703781808    
     8928.000000         0.000000000         1.695828737         1.700000000        0.8186681645E-02    0.4092571412E-02     1.704015419    
     9504.000000         0.000000000         1.696040732         1.700000000        0.8187705058E-02    0.4298930365E-02     1.704228437    
     10080.00000         0.000000000         1.696234825         1.700000000        0.8188642051E-02    0.4488168275E-02     1.704423467    
     10656.00000         0.000000000         1.696412873         1.700000000        0.8189501586E-02    0.4661737450E-02     1.704602375    
     11232.00000         0.000000000         1.696577122         1.700000000        0.8190294506E-02    0.4822287838E-02     1.704767417    
     11808.00000         0.000000000         1.696729471         1.700000000        0.8191029977E-02    0.4971612051E-02     1.704920501    
     12384.00000         0.000000000         1.696871229         1.700000000        0.8191714320E-02    0.5110543179E-02     1.705062944    
     12960.00000         0.000000000         1.697003503         1.700000000        0.8192352876E-02    0.5240348237E-02     1.705195856    
     13536.00000         0.000000000         1.697127401         1.700000000        0.8192950998E-02    0.5362058872E-02     1.705320352    
     14112.00000         0.000000000         1.697243646         1.700000000        0.8193512174E-02    0.5476311814E-02     1.705437158    
     14688.00000         0.000000000         1.697352899         1.700000000        0.8194039597E-02    0.5583818236E-02     1.705546938    
     15264.00000         0.000000000         1.697456017         1.700000000        0.8194537407E-02    0.5685391161E-02     1.705650555    
     15840.00000         0.000000000         1.697553469         1.700000000        0.8195007856E-02    0.5781474214E-02     1.705748476    
     16416.00000         0.000000000         1.697645960         1.700000000        0.8195454363E-02    0.5872753051E-02     1.705841414    
     16992.00000         0.000000000         1.697733753         1.700000000        0.8195878186E-02    0.5959441836E-02     1.705929631    
     17568.00000         0.000000000         1.697817372         1.700000000        0.8196281860E-02    0.6042035116E-02     1.706013654    
     18144.00000         0.000000000         1.697897013         1.700000000        0.8196666333E-02    0.6120738142E-02     1.706093680    
     18720.00000         0.000000000         1.697973038         1.700000000        0.8197033346E-02    0.6195894479E-02     1.706170071    
     19296.00000         0.000000000         1.698045672         1.700000000        0.8197383987E-02    0.6267740622E-02     1.706243056    
     19872.00000         0.000000000         1.698115201         1.700000000        0.8197719641E-02    0.6336560076E-02     1.706312920    
     20448.00000         0.000000000         1.698181838         1.700000000        0.8198041334E-02    0.6402548739E-02     1.706379879    
     21024.00000         0.000000000         1.698245810         1.700000000        0.8198350165E-02    0.6465925849E-02     1.706444161    
     21600.00000         0.000000000         1.698307312         1.700000000        0.8198647065E-02    0.6526881250E-02     1.706505959    
     22176.00000         0.000000000         1.698366461         1.700000000        0.8198932611E-02    0.6585507157E-02     1.706565394    
     22752.00000         0.000000000         1.698423357         1.700000000        0.8199207276E-02    0.6641899985E-02     1.706622564    
     23328.00000         0.000000000         1.698478104         1.700000000        0.8199471571E-02    0.6696172208E-02     1.706677575    
     23904.00000         0.000000000         1.698531058         1.700000000        0.8199727208E-02    0.6748759914E-02     1.706730785    
     24480.00000         0.000000000         1.698582276         1.700000000        0.8199974468E-02    0.6799741140E-02     1.706782251    
     25056.00000         0.000000000         1.698631808         1.700000000        0.8200213583E-02    0.6849078774E-02     1.706832021    
     25632.00000         0.000000000         1.698679543         1.700000000        0.8200444024E-02    0.6896371894E-02     1.706879987    
     26208.00000         0.000000000         1.698725520         1.700000000        0.8200665984E-02    0.6941600621E-02     1.706926186    
     26784.00000         0.000000000         1.698770039         1.700000000        0.8200880899E-02    0.6985539078E-02     1.706970920    
     27360.00000         0.000000000         1.698813454         1.700000000        0.8201090487E-02    0.7029158609E-02     1.707014544    
     27936.00000         0.000000000         1.698855897         1.700000000        0.8201295382E-02    0.7072826404E-02     1.707057192    
     28512.00000         0.000000000         1.698896923         1.700000000        0.8201493436E-02    0.7114584133E-02     1.707098416    
     29088.00000         0.000000000         1.698936428         1.700000000        0.8201684147E-02    0.7153786367E-02     1.707138112    
     29664.00000         0.000000000         1.698974327         1.700000000        0.8201867106E-02    0.7189883614E-02     1.707176194    
     30240.00000         0.000000000         1.699011314         1.700000000        0.8202045664E-02    0.7226155250E-02     1.707213360    
     30816.00000         0.000000000         1.699047131         1.700000000        0.8202218573E-02    0.7261403272E-02     1.707249350    
     31392.00000         0.000000000         1.699081827         1.700000000        0.8202386070E-02    0.7295947549E-02     1.707284213    
     31968.00000         0.000000000         1.699115501         1.700000000        0.8202548632E-02    0.7329492598E-02     1.707318050    
     32544.00000         0.000000000         1.699148239         1.700000000        0.8202706674E-02    0.7362047738E-02     1.707350945    
     33120.00000         0.000000000         1.699180118         1.700000000        0.8202860573E-02    0.7393849550E-02     1.707382979    
     33696.00000         0.000000000         1.699211126         1.700000000        0.8203010266E-02    0.7424831551E-02     1.707414137    
     34272.00000         0.000000000         1.699241116         1.700000000        0.8203155043E-02    0.7454721524E-02     1.707444271    
     34848.00000         0.000000000         1.699270150         1.700000000        0.8203295204E-02    0.7483536906E-02     1.707473445    
     35424.00000         0.000000000         1.699298207         1.700000000        0.8203430650E-02    0.7511193698E-02     1.707501637    
     36000.00000         0.000000000         1.699325418         1.700000000        0.8203562016E-02    0.7538160188E-02     1.707528980    
     36576.00000         0.000000000         1.699351733         1.700000000        0.8203689049E-02    0.7564277187E-02     1.707555422    
     37152.00000         0.000000000         1.699377155         1.700000000        0.8203811775E-02    0.7589604639E-02     1.707580966    
     37728.00000         0.000000000         1.699401746         1.700000000        0.8203930491E-02    0.7614079205E-02     1.707605677    
     38304.00000         0.000000000         1.699425535         1.700000000        0.8204045331E-02    0.7637724043E-02     1.707629580    
     38880.00000         0.000000000         1.699448544         1.700000000        0.8204156412E-02    0.7660576202E-02     1.707652701    
     39456.00000         0.000000000         1.699470788         1.700000000        0.8204263792E-02    0.7682653201E-02     1.707675052    
     40032.00000         0.000000000         1.699492249         1.700000000        0.8204367399E-02    0.7703958350E-02     1.707696617    
     40608.00000         0.000000000         1.699512968         1.700000000        0.8204467417E-02    0.7724514086E-02     1.707717435    
     41184.00000         0.000000000         1.699532958         1.700000000        0.8204563920E-02    0.7744338856E-02     1.707737521    
     41760.00000         0.000000000         1.699552240         1.700000000        0.8204657007E-02    0.7763478023E-02     1.707756897    
     42336.00000         0.000000000         1.699570823         1.700000000        0.8204746717E-02    0.7781917923E-02     1.707775570    
     42912.00000         0.000000000         1.699588720         1.700000000        0.8204833116E-02    0.7799671315E-02     1.707793553    
     43488.00000         0.000000000         1.699605945         1.700000000        0.8204916269E-02    0.7816750958E-02     1.707810861    
     44064.00000         0.000000000         1.699622511         1.700000000        0.8204996244E-02    0.7833169608E-02     1.707827508    
     44640.00000         0.000000000         1.699638433         1.700000000        0.8205073105E-02    0.7848940024E-02     1.707843506    
     45216.00000         0.000000000         1.699653723         1.700000000        0.8205146919E-02    0.7864074963E-02     1.707858870    
     45792.00000         0.000000000         1.699668445         1.700000000        0.8205217989E-02    0.7878656489E-02     1.707873663    
     46368.00000         0.000000000         1.699682600         1.700000000        0.8205286324E-02    0.7892680364E-02     1.707887886    
     46944.00000         0.000000000         1.699696192         1.700000000        0.8205351942E-02    0.7906146086E-02     1.707901544    
     47520.00000         0.000000000         1.699709239         1.700000000        0.8205414927E-02    0.7919070661E-02     1.707914654    
     48096.00000         0.000000000         1.699721757         1.700000000        0.8205475357E-02    0.7931471094E-02     1.707927232    
     48672.00000         0.000000000         1.699733763         1.700000000        0.8205533314E-02    0.7943364392E-02     1.707939296    
     49248.00000         0.000000000         1.699745272         1.700000000        0.8205588877E-02    0.7954767559E-02     1.707950861    
     49824.00000         0.000000000         1.699756309         1.700000000        0.8205642158E-02    0.7965701767E-02     1.707961951    
     50400.00000         0.000000000         1.699766901         1.700000000        0.8205693291E-02    0.7976191429E-02     1.707972594    
     50976.00000         0.000000000         1.699777055         1.700000000        0.8205742311E-02    0.7986247496E-02     1.707982798    
     51552.00000         0.000000000         1.699786790         1.700000000        0.8205789305E-02    0.7995887603E-02     1.707992579    
     52128.00000         0.000000000         1.699796122         1.700000000        0.8205834358E-02    0.8005129385E-02     1.708001957    
     52704.00000         0.000000000         1.699805070         1.700000000        0.8205877554E-02    0.8013990477E-02     1.708010948    
     53280.00000         0.000000000         1.699813651         1.700000000        0.8205918978E-02    0.8022488515E-02     1.708019570    
     53856.00000         0.000000000         1.699821883         1.700000000        0.8205958717E-02    0.8030641134E-02     1.708027841    
     54432.00000         0.000000000         1.699829731         1.700000000        0.8205996606E-02    0.8038411293E-02     1.708035728    
     55008.00000         0.000000000         1.699837240         1.700000000        0.8206032854E-02    0.8045843830E-02     1.708043273    
     55584.00000         0.000000000         1.699844428         1.700000000        0.8206067555E-02    0.8052958191E-02     1.708050495    
     56160.00000         0.000000000         1.699851310         1.700000000        0.8206100780E-02    0.8059769262E-02     1.708057411    
     56736.00000         0.000000000         1.699857902         1.700000000        0.8206132604E-02    0.8066291929E-02     1.708064035    
     57312.00000         0.000000000         1.699864219         1.700000000        0.8206163097E-02    0.8072541080E-02     1.708070382    
     57888.00000         0.000000000         1.699870275         1.700000000        0.8206192334E-02    0.8078531600E-02     1.708076468    
     58464.00000         0.000000000         1.699876059         1.700000000        0.8206220256E-02    0.8084252708E-02     1.708082279    
     59040.00000         0.000000000         1.699881567         1.700000000        0.8206246845E-02    0.8089701300E-02     1.708087814    
     59616.00000         0.000000000         1.699886835         1.700000000        0.8206272275E-02    0.8094912344E-02     1.708093107    
     60192.00000         0.000000000         1.699891875         1.700000000        0.8206296606E-02    0.8099898079E-02     1.708098171    
     60768.00000         0.000000000         1.699896699         1.700000000        0.8206319896E-02    0.8104670746E-02     1.708103019    
     61344.00000         0.000000000         1.699901320         1.700000000        0.8206342206E-02    0.8109242583E-02     1.708107663    
     61920.00000         0.000000000         1.699905751         1.700000000        0.8206363593E-02    0.8113625832E-02     1.708112114    
     62496.00000         0.000000000         1.699909998         1.700000000        0.8206384097E-02    0.8117828379E-02     1.708116382    
     63072.00000         0.000000000         1.699913986         1.700000000        0.8206403351E-02    0.8121772798E-02     1.708120390    
     63648.00000         0.000000000         1.699917793         1.700000000        0.8206421729E-02    0.8125537502E-02     1.708124215    
     64224.00000         0.000000000         1.699921428         1.700000000        0.8206439278E-02    0.8129132210E-02     1.708127868    
     64800.00000         0.000000000         1.699924901         1.700000000        0.8206456044E-02    0.8132566643E-02     1.708131357    
     65376.00000         0.000000000         1.699928222         1.700000000        0.8206472076E-02    0.8135850521E-02     1.708134694    
     65952.00000         0.000000000         1.699931401         1.700000000        0.8206487421E-02    0.8138993564E-02     1.708137888    
     66528.00000         0.000000000         1.699934447         1.700000000        0.8206502125E-02    0.8142005492E-02     1.708140949    
     67104.00000         0.000000000         1.699937370         1.700000000        0.8206516235E-02    0.8144896025E-02     1.708143886    
     67680.00000         0.000000000         1.699940180         1.700000000        0.8206529801E-02    0.8147674884E-02     1.708146709    
     68256.00000         0.000000000         1.699942882         1.700000000        0.8206542845E-02    0.8150347112E-02     1.708149424    
     68832.00000         0.000000000         1.699945389         1.700000000        0.8206554948E-02    0.8152826070E-02     1.708151944    
     69408.00000         0.000000000         1.699947782         1.700000000        0.8206566501E-02    0.8155192590E-02     1.708154348    
     69984.00000         0.000000000         1.699950069         1.700000000        0.8206577540E-02    0.8157453684E-02     1.708156646    
     70560.00000         0.000000000         1.699952256         1.700000000        0.8206588098E-02    0.8159616366E-02     1.708158844    
     71136.00000         0.000000000         1.699954350         1.700000000        0.8206598209E-02    0.8161687646E-02     1.708160948    
     71712.00000         0.000000000         1.699956359         1.700000000        0.8206607907E-02    0.8163674538E-02     1.708162967    
     72288.00000         0.000000000         1.699958290         1.700000000        0.8206617227E-02    0.8165584054E-02     1.708164907    
     72864.00000         0.000000000         1.699960149         1.700000000        0.8206626202E-02    0.8167423207E-02     1.708166775    
     73440.00000         0.000000000         1.699961944         1.700000000        0.8206634867E-02    0.8169199009E-02     1.708168579    
     74016.00000         0.000000000         1.699963677         1.700000000        0.8206643235E-02    0.8170914079E-02     1.708170320    
     74592.00000         0.000000000         1.699965265         1.700000000        0.8206650903E-02    0.8172484912E-02     1.708171916    
     75168.00000         0.000000000         1.699966783         1.700000000        0.8206658228E-02    0.8173985321E-02     1.708173441    
     75744.00000         0.000000000         1.699968233         1.700000000        0.8206665231E-02    0.8175419775E-02     1.708174899    
     76320.00000         0.000000000         1.699969622         1.700000000        0.8206671934E-02    0.8176792743E-02     1.708176294    
     76896.00000         0.000000000         1.699970953         1.700000000        0.8206678359E-02    0.8178108694E-02     1.708177631    
     77472.00000         0.000000000         1.699972231         1.700000000        0.8206684529E-02    0.8179372097E-02     1.708178915    
     78048.00000         0.000000000         1.699973460         1.700000000        0.8206690464E-02    0.8180587420E-02     1.708180151    
     78624.00000         0.000000000         1.699974646         1.700000000        0.8206696186E-02    0.8181759133E-02     1.708181342    
     79200.00000         0.000000000         1.699975792         1.700000000        0.8206701719E-02    0.8182891704E-02     1.708182493    
     79776.00000         0.000000000         1.699976900         1.700000000        0.8206707068E-02    0.8183986668E-02     1.708183607    
     80352.00000         0.000000000         1.699977913         1.700000000        0.8206711959E-02    0.8184988053E-02     1.708184625    
     80928.00000         0.000000000         1.699978881         1.700000000        0.8206716632E-02    0.8185944932E-02     1.708185597    
     81504.00000         0.000000000         1.699979807         1.700000000        0.8206721101E-02    0.8186860077E-02     1.708186528    
     82080.00000         0.000000000         1.699980693         1.700000000        0.8206725380E-02    0.8187736257E-02     1.708187418    
     82656.00000         0.000000000         1.699981543         1.700000000        0.8206729483E-02    0.8188576242E-02     1.708188272    
     83232.00000         0.000000000         1.699982359         1.700000000        0.8206733422E-02    0.8189382804E-02     1.708189092    
     83808.00000         0.000000000         1.699983144         1.700000000        0.8206737211E-02    0.8190158713E-02     1.708189881    
     84384.00000         0.000000000         1.699983900         1.700000000        0.8206740864E-02    0.8190906739E-02     1.708190641    
     84960.00000         0.000000000         1.699984632         1.700000000        0.8206744394E-02    0.8191629653E-02     1.708191376    
     85536.00000         0.000000000         1.699985338         1.700000000        0.8206747806E-02    0.8192328398E-02     1.708192086    
     86112.00000         0.000000000         1.699985986         1.700000000        0.8206750930E-02    0.8192968117E-02     1.708192736    
     86688.00000         0.000000000         1.699986604         1.700000000        0.8206753916E-02    0.8193579350E-02     1.708193358    
     87264.00000         0.000000000         1.699987195         1.700000000        0.8206756770E-02    0.8194163808E-02     1.708193952    
     87840.00000         0.000000000         1.699987761         1.700000000        0.8206759503E-02    0.8194723207E-02     1.708194521    
     88416.00000         0.000000000         1.699988304         1.700000000        0.8206762121E-02    0.8195259258E-02     1.708195066    
     88992.00000         0.000000000         1.699988824         1.700000000        0.8206764633E-02    0.8195773674E-02     1.708195589    
     89568.00000         0.000000000         1.699989324         1.700000000        0.8206767049E-02    0.8196268169E-02     1.708196091    
     90144.00000         0.000000000         1.699989806         1.700000000        0.8206769375E-02    0.8196744456E-02     1.708196576    
     90720.00000         0.000000000         1.699990271         1.700000000        0.8206771621E-02    0.8197204247E-02     1.708197043    
     91296.00000         0.000000000         1.699990721         1.700000000        0.8206773789E-02    0.8197648173E-02     1.708197494    
     91872.00000         0.000000000         1.699991133         1.700000000        0.8206775779E-02    0.8198055613E-02     1.708197909    
     92448.00000         0.000000000         1.699991527         1.700000000        0.8206777680E-02    0.8198444762E-02     1.708198304    
     93024.00000         0.000000000         1.699991903         1.700000000        0.8206779497E-02    0.8198816706E-02     1.708198682    
     93600.00000         0.000000000         1.699992263         1.700000000        0.8206781235E-02    0.8199172529E-02     1.708199044    
     94176.00000         0.000000000         1.699992608         1.700000000        0.8206782899E-02    0.8199513318E-02     1.708199391    
     94752.00000         0.000000000         1.699992938         1.700000000        0.8206784496E-02    0.8199840157E-02     1.708199723    
     95328.00000         0.000000000         1.699993256         1.700000000        0.8206786029E-02    0.8200154133E-02     1.708200042    
     95904.00000         0.000000000         1.699993562         1.700000000        0.8206787505E-02    0.8200456330E-02     1.708200349    
     96480.00000         0.000000000         1.699993857         1.700000000        0.8206788929E-02    0.8200747835E-02     1.708200646    
     97056.00000         0.000000000         1.699994141         1.700000000        0.8206790303E-02    0.8201029067E-02     1.708200932    
     97632.00000         0.000000000         1.699994403         1.700000000        0.8206791565E-02    0.8201287380E-02     1.708201194    
     98208.00000         0.000000000         1.699994652         1.700000000        0.8206792769E-02    0.8201533993E-02     1.708201445    
     98784.00000         0.000000000         1.699994891         1.700000000        0.8206793920E-02    0.8201769605E-02     1.708201685    
     99360.00000         0.000000000         1.699995119         1.700000000        0.8206795021E-02    0.8201994917E-02     1.708201914    
     99936.00000         0.000000000         1.699995337         1.700000000        0.8206796075E-02    0.8202210628E-02     1.708202133    
     100512.0000         0.000000000         1.699995546         1.700000000        0.8206797085E-02    0.8202417438E-02     1.708202343    
     101088.0000         0.000000000         1.699995747         1.700000000        0.8206798055E-02    0.8202616046E-02     1.708202545    
     101664.0000         0.000000000         1.699995941         1.700000000        0.8206798988E-02    0.8202807152E-02     1.708202740    
     102240.0000         0.000000000         1.699996127         1.700000000        0.8206799889E-02    0.8202991456E-02     1.708202927    
     102816.0000         0.000000000         1.699996307         1.700000000        0.8206800757E-02    0.8203169230E-02     1.708203108    
     103392.0000         0.000000000         1.699996472         1.700000000        0.8206801554E-02    0.8203332371E-02     1.708203274    
     103968.0000         0.000000000         1.699996630         1.700000000        0.8206802315E-02    0.8203488076E-02     1.708203432    
     104544.0000         0.000000000         1.699996780         1.700000000        0.8206803041E-02    0.8203636795E-02     1.708203583    
     105120.0000         0.000000000         1.699996924         1.700000000        0.8206803736E-02    0.8203778983E-02     1.708203728    
     105696.0000         0.000000000         1.699997062         1.700000000        0.8206804401E-02    0.8203915090E-02     1.708203866    
     106272.0000         0.000000000         1.699997194         1.700000000        0.8206805038E-02    0.8204045570E-02     1.708203999    
     106848.0000         0.000000000         1.699997320         1.700000000        0.8206805650E-02    0.8204170874E-02     1.708204126    
     107424.0000         0.000000000         1.699997442         1.700000000        0.8206806239E-02    0.8204291456E-02     1.708204249    
     108000.0000         0.000000000         1.699997560         1.700000000        0.8206806807E-02    0.8204407767E-02     1.708204367    
     108576.0000         0.000000000         1.699997674         1.700000000        0.8206807356E-02    0.8204519980E-02     1.708204481    
     109152.0000         0.000000000         1.699997778         1.700000000        0.8206807858E-02    0.8204622789E-02     1.708204586    
     109728.0000         0.000000000         1.699997877         1.700000000        0.8206808337E-02    0.8204720897E-02     1.708204685    
     110304.0000         0.000000000         1.699997972         1.700000000        0.8206808795E-02    0.8204814594E-02     1.708204781    
     110880.0000         0.000000000         1.699998063         1.700000000        0.8206809233E-02    0.8204904169E-02     1.708204872    
     111456.0000         0.000000000         1.699998149         1.700000000        0.8206809651E-02    0.8204989915E-02     1.708204959    
     112032.0000         0.000000000         1.699998232         1.700000000        0.8206810053E-02    0.8205072121E-02     1.708205043    
     112608.0000         0.000000000         1.699998312         1.700000000        0.8206810439E-02    0.8205151078E-02     1.708205123    
     113184.0000         0.000000000         1.699998389         1.700000000        0.8206810810E-02    0.8205227076E-02     1.708205200    
     113760.0000         0.000000000         1.699998464         1.700000000        0.8206811168E-02    0.8205300405E-02     1.708205275    
     114336.0000         0.000000000         1.699998566         1.700000000        0.8206811662E-02    0.8205401526E-02     1.708205377    
     114912.0000         0.000000000         1.699998623         1.700000000        0.8206811938E-02    0.8205458006E-02     1.708205435    
     115488.0000         0.000000000         1.699998679         1.700000000        0.8206812208E-02    0.8205513177E-02     1.708205491    
     116064.0000         0.000000000         1.699998733         1.700000000        0.8206812471E-02    0.8205567040E-02     1.708205546    
     116640.0000         0.000000000         1.699998787         1.700000000        0.8206812728E-02    0.8205619595E-02     1.708205599    
     117216.0000         0.000000000         1.699998838         1.700000000        0.8206812978E-02    0.8205670841E-02     1.708205651    
     117792.0000         0.000000000         1.699998889         1.700000000        0.8206813222E-02    0.8205720779E-02     1.708205702    
     118368.0000         0.000000000         1.699998938         1.700000000        0.8206813460E-02    0.8205769408E-02     1.708205752    
     118944.0000         0.000000000         1.699998986         1.700000000        0.8206813691E-02    0.8205816729E-02     1.708205800    
     119520.0000         0.000000000         1.699999033         1.700000000        0.8206813916E-02    0.8205862741E-02     1.708205847    
     120096.0000         0.000000000         1.699999078         1.700000000        0.8206814134E-02    0.8205907376E-02     1.708205892    
     120672.0000         0.000000000         1.699999120         1.700000000        0.8206814338E-02    0.8205949290E-02     1.708205935    
     121248.0000         0.000000000         1.699999161         1.700000000        0.8206814536E-02    0.8205989629E-02     1.708205976    
     121824.0000         0.000000000         1.699999200         1.700000000        0.8206814725E-02    0.8206028392E-02     1.708206015    
     122400.0000         0.000000000         1.699999238         1.700000000        0.8206814907E-02    0.8206065580E-02     1.708206053    
     122976.0000         0.000000000         1.699999274         1.700000000        0.8206815081E-02    0.8206101193E-02     1.708206089    
     123552.0000         0.000000000         1.699999308         1.700000000        0.8206815247E-02    0.8206135230E-02     1.708206124    
     124128.0000         0.000000000         1.699999341         1.700000000        0.8206815406E-02    0.8206167693E-02     1.708206157    
     124704.0000         0.000000000         1.699999373         1.700000000        0.8206815556E-02    0.8206198580E-02     1.708206188    
     125280.0000         0.000000000         1.699999402         1.700000000        0.8206815700E-02    0.8206227891E-02     1.708206218    
     125856.0000         0.000000000         1.699999430         1.700000000        0.8206815836E-02    0.8206255720E-02     1.708206246    
     126432.0000         0.000000000         1.699999459         1.700000000        0.8206815973E-02    0.8206283868E-02     1.708206275    
     127008.0000         0.000000000         1.699999486         1.700000000        0.8206816105E-02    0.8206310798E-02     1.708206302    
     127584.0000         0.000000000         1.699999512         1.700000000        0.8206816230E-02    0.8206336511E-02     1.708206328    
     128160.0000         0.000000000         1.699999537         1.700000000        0.8206816350E-02    0.8206361007E-02     1.708206353    
     128736.0000         0.000000000         1.699999560         1.700000000        0.8206816464E-02    0.8206384285E-02     1.708206377    
     129312.0000         0.000000000         1.699999583         1.700000000        0.8206816572E-02    0.8206406346E-02     1.708206399    
     129888.0000         0.000000000         1.699999604         1.700000000        0.8206816673E-02    0.8206427190E-02     1.708206421    
     130464.0000         0.000000000         1.699999624         1.700000000        0.8206816769E-02    0.8206446816E-02     1.708206440    
     131040.0000         0.000000000         1.699999642         1.700000000        0.8206816859E-02    0.8206465225E-02     1.708206459    
     131616.0000         0.000000000         1.699999660         1.700000000        0.8206816944E-02    0.8206482508E-02     1.708206477    
     132192.0000         0.000000000         1.699999678         1.700000000        0.8206817031E-02    0.8206500462E-02     1.708206495    
     132768.0000         0.000000000         1.699999695         1.700000000        0.8206817115E-02    0.8206517554E-02     1.708206512    
     133344.0000         0.000000000         1.699999712         1.700000000        0.8206817194E-02    0.8206533787E-02     1.708206529    
     133920.0000         0.000000000         1.699999727         1.700000000        0.8206817269E-02    0.8206549158E-02     1.708206545    
     134496.0000         0.000000000         1.699999742         1.700000000        0.8206817340E-02    0.8206563668E-02     1.708206559    
     135072.0000         0.000000000         1.699999756         1.700000000        0.8206817407E-02    0.8206577318E-02     1.708206573    
     135648.0000         0.000000000         1.699999769         1.700000000        0.8206817469E-02    0.8206590107E-02     1.708206586    
     136224.0000         0.000000000         1.699999781         1.700000000        0.8206817528E-02    0.8206602035E-02     1.708206598    
     136800.0000         0.000000000         1.699999792         1.700000000        0.8206817582E-02    0.8206613103E-02     1.708206610    
     137376.0000         0.000000000         1.699999831         1.700000000        0.8206817768E-02    0.8206651227E-02     1.708206648    
     137952.0000         0.000000000         1.699999836         1.700000000        0.8206817796E-02    0.8206656913E-02     1.708206654    
     138528.0000         0.000000000         1.699999842         1.700000000        0.8206817824E-02    0.8206662598E-02     1.708206660    
     139104.0000         0.000000000         1.699999848         1.700000000        0.8206817851E-02    0.8206668284E-02     1.708206666    
     139680.0000         0.000000000         1.699999854         1.700000000        0.8206817879E-02    0.8206673969E-02     1.708206672    
     140256.0000         0.000000000         1.699999859         1.700000000        0.8206817907E-02    0.8206679655E-02     1.708206677    
     140832.0000         0.000000000         1.699999865         1.700000000        0.8206817935E-02    0.8206685340E-02     1.708206683    
     141408.0000         0.000000000         1.699999871         1.700000000        0.8206817962E-02    0.8206691026E-02     1.708206689    
     141984.0000         0.000000000         1.699999877         1.700000000        0.8206817990E-02    0.8206696711E-02     1.708206695    
     142560.0000         0.000000000         1.699999882         1.700000000        0.8206818018E-02    0.8206702396E-02     1.708206700    
     143136.0000         0.000000000         1.699999888         1.700000000        0.8206818045E-02    0.8206707977E-02     1.708206706    
     143712.0000         0.000000000         1.699999892         1.700000000        0.8206818063E-02    0.8206711621E-02     1.708206710    
     144288.0000         0.000000000         1.699999895         1.700000000        0.8206818081E-02    0.8206715264E-02     1.708206713    
     144864.0000         0.000000000         1.699999899         1.700000000        0.8206818099E-02    0.8206718908E-02     1.708206717    
     145440.0000         0.000000000         1.699999903         1.700000000        0.8206818116E-02    0.8206722551E-02     1.708206721    
     146016.0000         0.000000000         1.699999906         1.700000000        0.8206818134E-02    0.8206726195E-02     1.708206725    
     146592.0000         0.000000000         1.699999910         1.700000000        0.8206818152E-02    0.8206729838E-02     1.708206728    
     147168.0000         0.000000000         1.699999914         1.700000000        0.8206818170E-02    0.8206733482E-02     1.708206732    
     147744.0000         0.000000000         1.699999918         1.700000000        0.8206818188E-02    0.8206737126E-02     1.708206736    
     148320.0000         0.000000000         1.699999921         1.700000000        0.8206818205E-02    0.8206740769E-02     1.708206739    
     148896.0000         0.000000000         1.699999925         1.700000000        0.8206818223E-02    0.8206744351E-02     1.708206743    
     149472.0000         0.000000000         1.699999927         1.700000000        0.8206818235E-02    0.8206746794E-02     1.708206746    
     150048.0000         0.000000000         1.699999930         1.700000000        0.8206818247E-02    0.8206749236E-02     1.708206748    
     150624.0000         0.000000000         1.699999932         1.700000000        0.8206818259E-02    0.8206751679E-02     1.708206751    
     151200.0000         0.000000000         1.699999935         1.700000000        0.8206818271E-02    0.8206754121E-02     1.708206753    
     151776.0000         0.000000000         1.699999937         1.700000000        0.8206818283E-02    0.8206756564E-02     1.708206755    
     152352.0000         0.000000000         1.699999940         1.700000000        0.8206818295E-02    0.8206759007E-02     1.708206758    
     152928.0000         0.000000000         1.699999942         1.700000000        0.8206818307E-02    0.8206761449E-02     1.708206760    
     153504.0000         0.000000000         1.699999945         1.700000000        0.8206818318E-02    0.8206763892E-02     1.708206763    
     154080.0000         0.000000000         1.699999947         1.700000000        0.8206818330E-02    0.8206766334E-02     1.708206765    
     154656.0000         0.000000000         1.699999950         1.700000000        0.8206818342E-02    0.8206768736E-02     1.708206768    
     155232.0000         0.000000000         1.699999951         1.700000000        0.8206818350E-02    0.8206770376E-02     1.708206770    
     155808.0000         0.000000000         1.699999953         1.700000000        0.8206818358E-02    0.8206772017E-02     1.708206771    
     156384.0000         0.000000000         1.699999955         1.700000000        0.8206818366E-02    0.8206773657E-02     1.708206773    
     156960.0000         0.000000000         1.699999956         1.700000000        0.8206818374E-02    0.8206775298E-02     1.708206775    
     157536.0000         0.000000000         1.699999958         1.700000000        0.8206818382E-02    0.8206776938E-02     1.708206776    
     158112.0000         0.000000000         1.699999960         1.700000000        0.8206818390E-02    0.8206778579E-02     1.708206778    
     158688.0000         0.000000000         1.699999961         1.700000000        0.8206818398E-02    0.8206780219E-02     1.708206780    
     159264.0000         0.000000000         1.699999963         1.700000000        0.8206818406E-02    0.8206781860E-02     1.708206781    
     159840.0000         0.000000000         1.699999964         1.700000000        0.8206818414E-02    0.8206783500E-02     1.708206783    
     160416.0000         0.000000000         1.699999966         1.700000000        0.8206818422E-02    0.8206785113E-02     1.708206785    
     160992.0000         0.000000000         1.699999967         1.700000000        0.8206818428E-02    0.8206786215E-02     1.708206786    
     161568.0000         0.000000000         1.699999968         1.700000000        0.8206818433E-02    0.8206787317E-02     1.708206787    
     162144.0000         0.000000000         1.699999969         1.700000000        0.8206818438E-02    0.8206788419E-02     1.708206788    
     162720.0000         0.000000000         1.699999971         1.700000000        0.8206818444E-02    0.8206789521E-02     1.708206789    
     163296.0000         0.000000000         1.699999972         1.700000000        0.8206818449E-02    0.8206790623E-02     1.708206790    
     163872.0000         0.000000000         1.699999973         1.700000000        0.8206818454E-02    0.8206791725E-02     1.708206791    
     164448.0000         0.000000000         1.699999974         1.700000000        0.8206818460E-02    0.8206792827E-02     1.708206792    
     165024.0000         0.000000000         1.699999975         1.700000000        0.8206818465E-02    0.8206793929E-02     1.708206794    
     165600.0000         0.000000000         1.699999976         1.700000000        0.8206818471E-02    0.8206795031E-02     1.708206795    
     166176.0000         0.000000000         1.699999977         1.700000000        0.8206818476E-02    0.8206796114E-02     1.708206796    
     166752.0000         0.000000000         1.699999978         1.700000000        0.8206818480E-02    0.8206796854E-02     1.708206796    
     167328.0000         0.000000000         1.699999979         1.700000000        0.8206818483E-02    0.8206797594E-02     1.708206797    
     167904.0000         0.000000000         1.699999979         1.700000000        0.8206818487E-02    0.8206798334E-02     1.708206798    
     168480.0000         0.000000000         1.699999980         1.700000000        0.8206818490E-02    0.8206799075E-02     1.708206799    
     169056.0000         0.000000000         1.699999981         1.700000000        0.8206818494E-02    0.8206799815E-02     1.708206799    
     169632.0000         0.000000000         1.699999982         1.700000000        0.8206818498E-02    0.8206800555E-02     1.708206800    
     170208.0000         0.000000000         1.699999982         1.700000000        0.8206818501E-02    0.8206801295E-02     1.708206801    
     170784.0000         0.000000000         1.699999983         1.700000000        0.8206818505E-02    0.8206802035E-02     1.708206802    
     171360.0000         0.000000000         1.699999984         1.700000000        0.8206818508E-02    0.8206802775E-02     1.708206803    
     171936.0000         0.000000000         1.699999985         1.700000000        0.8206818512E-02    0.8206803503E-02     1.708206803    
     172512.0000         0.000000000         1.699999985         1.700000000        0.8206818514E-02    0.8206804000E-02     1.708206804    
     173088.0000         0.000000000         1.699999986         1.700000000        0.8206818517E-02    0.8206804497E-02     1.708206804    
     173664.0000         0.000000000         1.699999986         1.700000000        0.8206818519E-02    0.8206804994E-02     1.708206805    
     174240.0000         0.000000000         1.699999987         1.700000000        0.8206818522E-02    0.8206805491E-02     1.708206805    
     174816.0000         0.000000000         1.699999987         1.700000000        0.8206818524E-02    0.8206805988E-02     1.708206806    
     175392.0000         0.000000000         1.699999988         1.700000000        0.8206818527E-02    0.8206806485E-02     1.708206806    
     175968.0000         0.000000000         1.699999988         1.700000000        0.8206818529E-02    0.8206806982E-02     1.708206807    
     176544.0000         0.000000000         1.699999989         1.700000000        0.8206818531E-02    0.8206807479E-02     1.708206807    
     177120.0000         0.000000000         1.699999989         1.700000000        0.8206818534E-02    0.8206807976E-02     1.708206808    
     177696.0000         0.000000000         1.699999990         1.700000000        0.8206818536E-02    0.8206808465E-02     1.708206808    
     178272.0000         0.000000000         1.699999990         1.700000000        0.8206818538E-02    0.8206808798E-02     1.708206809    
     178848.0000         0.000000000         1.699999990         1.700000000        0.8206818540E-02    0.8206809132E-02     1.708206809    
     179424.0000         0.000000000         1.699999991         1.700000000        0.8206818541E-02    0.8206809466E-02     1.708206809    
     180000.0000         0.000000000         1.699999991         1.700000000        0.8206818543E-02    0.8206809800E-02     1.708206810    
     180576.0000         0.000000000         1.699999991         1.700000000        0.8206818544E-02    0.8206810133E-02     1.708206810    
     181152.0000         0.000000000         1.699999992         1.700000000        0.8206818546E-02    0.8206810467E-02     1.708206810    
     181728.0000         0.000000000         1.699999992         1.700000000        0.8206818548E-02    0.8206810801E-02     1.708206811    
     182304.0000         0.000000000         1.699999992         1.700000000        0.8206818549E-02    0.8206811134E-02     1.708206811    
     182880.0000         0.000000000         1.699999993         1.700000000        0.8206818551E-02    0.8206811468E-02     1.708206811    
     183456.0000         0.000000000         1.699999993         1.700000000        0.8206818553E-02    0.8206811796E-02     1.708206812    
     184032.0000         0.000000000         1.699999993         1.700000000        0.8206818554E-02    0.8206812020E-02     1.708206812    
     184608.0000         0.000000000         1.699999994         1.700000000        0.8206818555E-02    0.8206812244E-02     1.708206812    
     185184.0000         0.000000000         1.699999994         1.700000000        0.8206818556E-02    0.8206812468E-02     1.708206812    
     185760.0000         0.000000000         1.699999994         1.700000000        0.8206818557E-02    0.8206812692E-02     1.708206813    
     186336.0000         0.000000000         1.699999994         1.700000000        0.8206818558E-02    0.8206812916E-02     1.708206813    
     186912.0000         0.000000000         1.699999994         1.700000000        0.8206818559E-02    0.8206813140E-02     1.708206813    
     187488.0000         0.000000000         1.699999995         1.700000000        0.8206818560E-02    0.8206813364E-02     1.708206813    
     188064.0000         0.000000000         1.699999995         1.700000000        0.8206818561E-02    0.8206813588E-02     1.708206814    
     188640.0000         0.000000000         1.699999995         1.700000000        0.8206818562E-02    0.8206813812E-02     1.708206814    
     189216.0000         0.000000000         1.699999995         1.700000000        0.8206818564E-02    0.8206814032E-02     1.708206814    
     189792.0000         0.000000000         1.699999996         1.700000000        0.8206818564E-02    0.8206814182E-02     1.708206814    
     190368.0000         0.000000000         1.699999996         1.700000000        0.8206818565E-02    0.8206814333E-02     1.708206814    
     190944.0000         0.000000000         1.699999996         1.700000000        0.8206818566E-02    0.8206814483E-02     1.708206814    
     191520.0000         0.000000000         1.699999996         1.700000000        0.8206818566E-02    0.8206814633E-02     1.708206815    
     192096.0000         0.000000000         1.699999996         1.700000000        0.8206818567E-02    0.8206814783E-02     1.708206815    
     192672.0000         0.000000000         1.699999996         1.700000000        0.8206818568E-02    0.8206814934E-02     1.708206815    
     193248.0000         0.000000000         1.699999996         1.700000000        0.8206818569E-02    0.8206815084E-02     1.708206815    
     193824.0000         0.000000000         1.699999997         1.700000000        0.8206818569E-02    0.8206815234E-02     1.708206815    
     194400.0000         0.000000000         1.699999997         1.700000000        0.8206818570E-02    0.8206815385E-02     1.708206815    
     194976.0000         0.000000000         1.699999997         1.700000000        0.8206818571E-02    0.8206815532E-02     1.708206815    
     195552.0000         0.000000000         1.699999997         1.700000000        0.8206818571E-02    0.8206815633E-02     1.708206816    
     196128.0000         0.000000000         1.699999997         1.700000000        0.8206818572E-02    0.8206815734E-02     1.708206816    
     196704.0000         0.000000000         1.699999997         1.700000000        0.8206818572E-02    0.8206815835E-02     1.708206816    
     197280.0000         0.000000000         1.699999997         1.700000000        0.8206818573E-02    0.8206815936E-02     1.708206816    
     197856.0000         0.000000000         1.699999997         1.700000000        0.8206818573E-02    0.8206816036E-02     1.708206816    
     198432.0000         0.000000000         1.699999998         1.700000000        0.8206818574E-02    0.8206816137E-02     1.708206816    
     199008.0000         0.000000000         1.699999998         1.700000000        0.8206818574E-02    0.8206816238E-02     1.708206816    
     199584.0000         0.000000000         1.699999998         1.700000000        0.8206818575E-02    0.8206816339E-02     1.708206816    
     200160.0000         0.000000000         1.699999998         1.700000000        0.8206818575E-02    0.8206816440E-02     1.708206816    
     200736.0000         0.000000000         1.699999998         1.700000000        0.8206818576E-02    0.8206816539E-02     1.708206817    
     201312.0000         0.000000000         1.699999998         1.700000000        0.8206818576E-02    0.8206816606E-02     1.708206817    
     201888.0000         0.000000000         1.699999998         1.700000000        0.8206818576E-02    0.8206816674E-02     1.708206817    
     202464.0000         0.000000000         1.699999998         1.700000000        0.8206818577E-02    0.8206816742E-02     1.708206817    
     203040.0000         0.000000000         1.699999998         1.700000000        0.8206818577E-02    0.8206816809E-02     1.708206817    
     203616.0000         0.000000000         1.699999998         1.700000000        0.8206818577E-02    0.8206816877E-02     1.708206817    
     204192.0000         0.000000000         1.699999998         1.700000000        0.8206818578E-02    0.8206816945E-02     1.708206817    
     204768.0000         0.000000000         1.699999998         1.700000000        0.8206818578E-02    0.8206817012E-02     1.708206817    
     205344.0000         0.000000000         1.699999998         1.700000000        0.8206818578E-02    0.8206817080E-02     1.708206817    
     205920.0000         0.000000000         1.699999999         1.700000000        0.8206818579E-02    0.8206817147E-02     1.708206817    
     206496.0000         0.000000000         1.699999999         1.700000000        0.8206818579E-02    0.8206817214E-02     1.708206817    
     207072.0000         0.000000000         1.699999999         1.700000000        0.8206818579E-02    0.8206817259E-02     1.708206817    
     207648.0000         0.000000000         1.699999999         1.700000000        0.8206818580E-02    0.8206817305E-02     1.708206817    
     208224.0000         0.000000000         1.699999999         1.700000000        0.8206818580E-02    0.8206817350E-02     1.708206817    
     208800.0000         0.000000000         1.699999999         1.700000000        0.8206818580E-02    0.8206817395E-02     1.708206817    
     209376.0000         0.000000000         1.699999999         1.700000000        0.8206818580E-02    0.8206817441E-02     1.708206817    
     209952.0000         0.000000000         1.699999999         1.700000000        0.8206818580E-02    0.8206817486E-02     1.708206817    
     210528.0000         0.000000000         1.699999999         1.700000000        0.8206818581E-02    0.8206817531E-02     1.708206818    
     211104.0000         0.000000000         1.699999999         1.700000000        0.8206818581E-02    0.8206817577E-02     1.708206818    
     211680.0000         0.000000000         1.699999999         1.700000000        0.8206818581E-02    0.8206817622E-02     1.708206818    
     212256.0000         0.000000000         1.699999999         1.700000000        0.8206818581E-02    0.8206817667E-02     1.708206818    
     212832.0000         0.000000000         1.699999999         1.700000000        0.8206818581E-02    0.8206817697E-02     1.708206818    
     213408.0000         0.000000000         1.699999999         1.700000000        0.8206818582E-02    0.8206817727E-02     1.708206818    
     213984.0000         0.000000000         1.699999999         1.700000000        0.8206818582E-02    0.8206817758E-02     1.708206818    
     214560.0000         0.000000000         1.699999999         1.700000000        0.8206818582E-02    0.8206817788E-02     1.708206818    
     215136.0000         0.000000000         1.699999999         1.700000000        0.8206818582E-02    0.8206817819E-02     1.708206818    
     215712.0000         0.000000000         1.699999999         1.700000000        0.8206818582E-02    0.8206817849E-02     1.708206818    
     216000.0000         0.000000000         1.699999999         1.700000000        0.8206818582E-02    0.8206817864E-02     1.708206818    
