 NITP, NUMBER OF OUTPUT POINTS:
    364
 T(I,1), TIME PROFILE FOR CPVB() ARRAY, minutes:
   7200.00000000000     
   7776.00000000000     
   8352.00000000000     
   8928.00000000000     
   9504.00000000000     
   10080.0000000000     
   10656.0000000000     
   11232.0000000000     
   11808.0000000000     
   12384.0000000000     
   12960.0000000000     
   13536.0000000000     
   14112.0000000000     
   14688.0000000000     
   15264.0000000000     
   15840.0000000000     
   16416.0000000000     
   16992.0000000000     
   17568.0000000000     
   18144.0000000000     
   18720.0000000000     
   19296.0000000000     
   19872.0000000000     
   20448.0000000000     
   21024.0000000000     
   21600.0000000000     
   22176.0000000000     
   22752.0000000000     
   23328.0000000000     
   23904.0000000000     
   24480.0000000000     
   25056.0000000000     
   25632.0000000000     
   26208.0000000000     
   26784.0000000000     
   27360.0000000000     
   27936.0000000000     
   28512.0000000000     
   29088.0000000000     
   29664.0000000000     
   30240.0000000000     
   30816.0000000000     
   31392.0000000000     
   31968.0000000000     
   32544.0000000000     
   33120.0000000000     
   33696.0000000000     
   34272.0000000000     
   34848.0000000000     
   35424.0000000000     
   36000.0000000000     
   36576.0000000000     
   37152.0000000000     
   37728.0000000000     
   38304.0000000000     
   38880.0000000000     
   39456.0000000000     
   40032.0000000000     
   40608.0000000000     
   41184.0000000000     
   41760.0000000000     
   42336.0000000000     
   42912.0000000000     
   43488.0000000001     
   44064.0000000001     
   44640.0000000001     
   45216.0000000001     
   45792.0000000001     
   46368.0000000001     
   46944.0000000001     
   47520.0000000001     
   48096.0000000001     
   48672.0000000001     
   49248.0000000001     
   49824.0000000001     
   50400.0000000001     
   50976.0000000001     
   51552.0000000001     
   52128.0000000001     
   52704.0000000001     
   53280.0000000001     
   53856.0000000001     
   54432.0000000001     
   55008.0000000001     
   55584.0000000001     
   56160.0000000001     
   56736.0000000001     
   57312.0000000001     
   57888.0000000001     
   58464.0000000001     
   59040.0000000001     
   59616.0000000001     
   60192.0000000001     
   60768.0000000001     
   61344.0000000001     
   61920.0000000001     
   62496.0000000001     
   63072.0000000001     
   63648.0000000001     
   64224.0000000001     
   64800.0000000001     
   65376.0000000001     
   65952.0000000001     
   66528.0000000001     
   67104.0000000001     
   67680.0000000001     
   68256.0000000001     
   68832.0000000001     
   69408.0000000001     
   69984.0000000001     
   70560.0000000001     
   71136.0000000001     
   71712.0000000001     
   72288.0000000001     
   72864.0000000001     
   73440.0000000001     
   74016.0000000001     
   74592.0000000001     
   75168.0000000001     
   75744.0000000001     
   76320.0000000001     
   76896.0000000001     
   77472.0000000001     
   78048.0000000001     
   78624.0000000001     
   79200.0000000001     
   79776.0000000001     
   80352.0000000001     
   80928.0000000001     
   81504.0000000001     
   82080.0000000001     
   82656.0000000001     
   83232.0000000001     
   83808.0000000001     
   84384.0000000001     
   84960.0000000001     
   85536.0000000001     
   86112.0000000001     
   86688.0000000001     
   87264.0000000001     
   87840.0000000001     
   88416.0000000001     
   88992.0000000001     
   89568.0000000001     
   90144.0000000001     
   90720.0000000001     
   91296.0000000001     
   91872.0000000001     
   92448.0000000002     
   93024.0000000002     
   93600.0000000002     
   94176.0000000002     
   94752.0000000002     
   95328.0000000002     
   95904.0000000002     
   96480.0000000002     
   97056.0000000002     
   97632.0000000002     
   98208.0000000002     
   98784.0000000002     
   99360.0000000002     
   99936.0000000002     
   100512.000000000     
   101088.000000000     
   101664.000000000     
   102240.000000000     
   102816.000000000     
   103392.000000000     
   103968.000000000     
   104544.000000000     
   105120.000000000     
   105696.000000000     
   106272.000000000     
   106848.000000000     
   107424.000000000     
   108000.000000000     
   108576.000000000     
   109152.000000000     
   109728.000000000     
   110304.000000000     
   110880.000000000     
   111456.000000000     
   112032.000000000     
   112608.000000000     
   113184.000000000     
   113760.000000000     
   114336.000000000     
   114912.000000000     
   115488.000000000     
   116064.000000000     
   116640.000000000     
   117216.000000000     
   117792.000000000     
   118368.000000000     
   118944.000000000     
   119520.000000000     
   120096.000000000     
   120672.000000000     
   121248.000000000     
   121824.000000000     
   122400.000000000     
   122976.000000000     
   123552.000000000     
   124128.000000000     
   124704.000000000     
   125280.000000000     
   125856.000000000     
   126432.000000000     
   127008.000000000     
   127584.000000000     
   128160.000000000     
   128736.000000000     
   129312.000000000     
   129888.000000000     
   130464.000000000     
   131040.000000000     
   131616.000000000     
   132192.000000000     
   132768.000000000     
   133344.000000000     
   133920.000000000     
   134496.000000000     
   135072.000000000     
   135648.000000000     
   136224.000000000     
   136800.000000000     
   137376.000000000     
   137952.000000000     
   138528.000000000     
   139104.000000000     
   139680.000000000     
   140256.000000000     
   140832.000000000     
   141408.000000000     
   141984.000000000     
   142560.000000000     
   143136.000000000     
   143712.000000000     
   144288.000000000     
   144864.000000000     
   145440.000000000     
   146016.000000000     
   146592.000000000     
   147168.000000000     
   147744.000000000     
   148320.000000000     
   148896.000000000     
   149472.000000000     
   150048.000000000     
   150624.000000000     
   151200.000000000     
   151776.000000000     
   152352.000000000     
   152928.000000000     
   153504.000000000     
   154080.000000000     
   154656.000000000     
   155232.000000000     
   155808.000000000     
   156384.000000000     
   156960.000000000     
   157536.000000000     
   158112.000000000     
   158688.000000000     
   159264.000000000     
   159840.000000000     
   160416.000000000     
   160992.000000000     
   161568.000000000     
   162144.000000000     
   162720.000000000     
   163296.000000000     
   163872.000000000     
   164448.000000000     
   165024.000000000     
   165600.000000000     
   166176.000000000     
   166752.000000000     
   167328.000000000     
   167904.000000000     
   168480.000000000     
   169056.000000000     
   169632.000000000     
   170208.000000000     
   170784.000000000     
   171360.000000000     
   171936.000000000     
   172512.000000000     
   173088.000000000     
   173664.000000000     
   174240.000000000     
   174816.000000000     
   175392.000000000     
   175968.000000000     
   176544.000000000     
   177120.000000000     
   177696.000000000     
   178272.000000000     
   178848.000000000     
   179424.000000000     
   180000.000000000     
   180576.000000000     
   181152.000000000     
   181728.000000000     
   182304.000000000     
   182880.000000000     
   183456.000000000     
   184032.000000000     
   184608.000000000     
   185184.000000000     
   185760.000000000     
   186336.000000000     
   186912.000000000     
   187488.000000000     
   188064.000000000     
   188640.000000000     
   189216.000000000     
   189792.000000000     
   190368.000000000     
   190944.000000000     
   191520.000000000     
   192096.000000000     
   192672.000000000     
   193248.000000000     
   193824.000000000     
   194400.000000000     
   194976.000000000     
   195552.000000000     
   196128.000000000     
   196704.000000000     
   197280.000000000     
   197856.000000000     
   198432.000000000     
   199008.000000000     
   199584.000000000     
   200160.000000000     
   200736.000000000     
   201312.000000000     
   201888.000000000     
   202464.000000000     
   203040.000000000     
   203616.000000000     
   204192.000000000     
   204768.000000000     
   205344.000000000     
   205920.000000000     
   206496.000000000     
   207072.000000000     
   207648.000000000     
   208224.000000000     
   208800.000000000     
   209376.000000000     
   209952.000000000     
   210528.000000000     
   211104.000000000     
   211680.000000000     
   212256.000000000     
   212832.000000000     
   213408.000000000     
   213984.000000000     
   214560.000000000     
   215136.000000000     
   215712.000000000     
   216000.000000000     
 CPVB(I,J), DIMENSIONLESS CONC. PROFILE, C/Co, dimless:
  2.250629448837229E-004
  2.090272851340578E-004
  1.843710243549539E-004
  1.532109390061598E-004
  1.171261605070001E-004
  7.876345470189524E-005
  3.664264364128691E-005
 -6.383307778822539E-006
 -4.842455856988519E-005
 -9.059326833351375E-005
 -1.284609043946296E-004
 -1.640073770357543E-004
 -1.963159345986236E-004
 -2.224565437035939E-004
 -2.449879650846073E-004
 -2.619292867670854E-004
 -2.729206233837731E-004
 -2.770309275744949E-004
 -2.759670677681161E-004
 -2.713887280703916E-004
 -2.618062294532314E-004
 -2.471962787386244E-004
 -2.290817259216285E-004
 -2.071683451451260E-004
 -1.816335252780587E-004
 -1.528456122725928E-004
 -1.213728497938488E-004
 -8.737513161730398E-005
 -5.116980860148271E-005
 -1.396640238776407E-005
  2.368506295275287E-005
  6.146931336470372E-005
  9.884288206828191E-005
  1.351534887818583E-004
  1.699330417489609E-004
  2.026408209216841E-004
  2.327361062521217E-004
  2.598434699384908E-004
  2.853701158647444E-004
  3.078575615199708E-004
  3.269598753392788E-004
  3.423311257577770E-004
  3.536527457105089E-004
  3.611571974670479E-004
  3.642292452446394E-004
  3.625781375390636E-004
  3.559131228461012E-004
  3.439943049013432E-004
  3.302104746824534E-004
  3.125761869527441E-004
  2.911367490141427E-004
  2.659374681685766E-004
  2.370236517179733E-004
  2.055209177469915E-004
  1.710121063197735E-004
  1.336236774501087E-004
  9.350054206183994E-005
  5.078761107881034E-005
  9.047518898417642E-006
 -3.333460930888786E-005
 -7.621013987025120E-005
 -1.192470534942683E-004
 -1.621133308895352E-004
 -2.044769527646479E-004
 -2.460058998282023E-004
 -2.835867072851540E-004
 -3.185323557005525E-004
 -3.503789272873130E-004
 -3.786525008119405E-004
 -4.028791550409398E-004
 -4.225849687408158E-004
 -4.361188413627581E-004
 -4.444598311697900E-004
 -4.479008259991136E-004
 -4.465154436518402E-004
 -4.367041515829754E-004
 -4.249219719620640E-004
 -4.053151495174289E-004
 -3.778892891266767E-004
 -3.543853293795478E-004
 -3.257686568379845E-004
 -2.916812959047070E-004
 -2.524769563501654E-004
 -2.081556381743596E-004
 -1.608481395640523E-004
 -1.111790356898529E-004
 -5.800837868054929E-005
 -1.336168536141572E-006
  5.628693557687092E-005
  1.151286669503048E-004
  1.759418203568044E-004
  2.387263957963699E-004
  2.996002933356562E-004
  3.600389389218076E-004
  4.205393674858709E-004
  4.811015790278461E-004
  5.353873280974876E-004
  5.878238273561462E-004
  6.384407787812502E-004
  6.872381823727995E-004
  7.342160381307943E-004
  7.787372116470392E-004
  8.184953905781278E-004
  8.554405899471709E-004
  8.895728097541683E-004
  9.208920499991196E-004
  9.493983106820252E-004
  9.755184853901882E-004
  1.001416855294383E-003
  1.032346922641982E-003
  1.067483997057723E-003
  1.111612133920076E-003
  1.180295716556854E-003
  1.254644037559452E-003
  1.364824291562331E-003
  1.524801448673753E-003
  1.657114966330220E-003
  1.831892063029412E-003
  2.065995328820782E-003
  2.346196752422600E-003
  2.675511075084214E-003
  3.071279814598247E-003
  3.523304398046130E-003
  4.031584825427863E-003
  4.638851437396553E-003
  5.327599197442460E-003
  6.094916649456310E-003
  6.950057577569626E-003
  7.953937833836099E-003
  9.048056915766585E-003
  1.025917899534877E-002
  1.162176819676338E-002
  1.312526267654902E-002
  1.478094480861887E-002
  1.660009696688609E-002
  1.859400152526386E-002
  2.081302355155270E-002
  2.325654139748628E-002
  2.593478931539157E-002
  2.886257748949814E-002
  3.205471610403559E-002
  3.549384626781967E-002
  3.912202928122833E-002
  4.298794236624778E-002
  4.709158552287803E-002
  5.155186025640282E-002
  5.632594253450474E-002
  6.140061400028982E-002
  6.672279227811657E-002
  7.222494381184492E-002
  7.796202805737841E-002
  8.393404501471699E-002
  9.018789808406273E-002
  9.670024485622808E-002
  0.103469618450172     
  0.110369434316598     
  0.117317435483357     
  0.124409899035354     
  0.131646824972589     
  0.138969044363032     
  0.146351456623989     
  0.153830989884659     
  0.161407644145040     
  0.169071326304841     
  0.176819657824760     
  0.184657783869133     
  0.192585704437959     
  0.200495440597106     
  0.208378822336027     
  0.216280390103733     
  0.224200143900222     
  0.232085594290550     
  0.239948621620823     
  0.247807971262474     
  0.255663643215505     
  0.263515637479913     
  0.271363954055701     
  0.279152015711420     
  0.286871140662583     
  0.294552419380721     
  0.302195851865834     
  0.309801438117920     
  0.317340081292683     
  0.324813138993805     
  0.332232698844496     
  0.339598760844756     
  0.346911324994587     
  0.354161714796629     
  0.361351761527027     
  0.368484111834587     
  0.375558765719310     
  0.382575723181196     
  0.389532345403281     
  0.396429552238004     
  0.403267904430711     
  0.410047401981402     
  0.416768044890077     
  0.423455598083570     
  0.430094326588714     
  0.436680504455081     
  0.443214131682672     
  0.449695208271488     
  0.456123734221527     
  0.462499709532790     
  0.468823134205276     
  0.475097928244407     
  0.481335968810884     
  0.487525368090411     
  0.493666126082986     
  0.499758242788610     
  0.505801718207282     
  0.511796552339004     
  0.517742745183773     
  0.523640296741592     
  0.529509558792097     
  0.535350150643259     
  0.541149555893740     
  0.546907774543539     
  0.552624806592658     
  0.558300652041095     
  0.563935310888851     
  0.569528783135926     
  0.575081068782320     
  0.580618476455735     
  0.586121479930090     
  0.591589027313631     
  0.597021118606357     
  0.602417753808268     
  0.607778932919365     
  0.613104655939646     
  0.618394922869113     
  0.623629056011924     
  0.628826060035300     
  0.633956900865022     
  0.639022202868249     
  0.644087504871475     
  0.649064705655496     
  0.654021296361297     
  0.658800045789466     
  0.663718902829383     
  0.668585206914330     
  0.673394196480236     
  0.678145575277585     
  0.682841684228470     
  0.687482523332890     
  0.692068092590846     
  0.696558602223650     
  0.700954288648958     
  0.705272889827012     
  0.709514405757814     
  0.713678836441362     
  0.717765562493459     
  0.721774626960690     
  0.725706279467560     
  0.729560520014069     
  0.733337348600217     
  0.736983132310659     
  0.740504784897453     
  0.743921775789658     
  0.747234104987274     
  0.750441772490300     
  0.753296899430896     
  0.756039338098920     
  0.758781776766943     
  0.761524215434967     
  0.764262417720561     
  0.766929433122957     
  0.769459678963579     
  0.771883733948943     
  0.774182750468530     
  0.776442755364296     
  0.778612551603634     
  0.780681849337725     
  0.782803834237595     
  0.784883174266662     
  0.786927763132725     
  0.788929519470316     
  0.790888443279434     
  0.792847924948494     
  0.794790424291728     
  0.796711774781949     
  0.798626708047608     
  0.800574793445302     
  0.802528414862362     
  0.804487572298788     
  0.806482195601020     
  0.808513895295277     
  0.810571753748983     
  0.812661100164255     
  0.814858773953424     
  0.817106450294310     
  0.819404129186914     
  0.821751810631233     
  0.824149494627271     
  0.826597181175024     
  0.829161574270422     
  0.831805742831217     
  0.834521482635356     
  0.837308793682840     
  0.840167675973667     
  0.843098129507839     
  0.846126348439056     
  0.849283007532249     
  0.852614056613131     
  0.855945769468457     
  0.859451970089920     
  0.862958170711383     
  0.866650513299273     
  0.870247762824473     
  0.873905709576184     
  0.877623835538930     
  0.881405546355811     
  0.885250842026826     
  0.889131718337528     
  0.893023773135633     
  0.896953077192013     
  0.900919630506666     
  0.904915308175173     
  0.908917099826473     
  0.912942420970097     
  0.916991271606045     
  0.921058852422140     
  0.925073565403617     
  0.929081395464102     
  0.933082342603596     
  0.937076406822099     
  0.941039658810791     
  0.944987147407398     
  0.948921710223244     
  0.952843347258328     
  0.956752058512650     
  0.960647843986211     
  0.964530703679010     
  0.968400637591047     
  0.972205581673525     
  0.975970270774338     
  0.979707152548243     
  0.983416226995238     
  0.987097494115324     
  0.990750953908502     
  0.994376606374770     
  0.997974451514130     
   1.00152434155466     
   1.00503191009931     
   1.00850505709286     
   1.01194378253530     
   1.01534808642665     
   1.01871796876689     
   1.02205342955603     
   1.02535446879406     
   1.02861712776293     
   1.03184149654775     
   1.03502992273094     
   1.03818240631249     
   1.04129894729241     
   1.04437954567070     
   1.04742420144736     
   1.05043291462239     
   1.05340869436918     
   1.05635234430707     
   1.05926118782936     
   1.06213522493604     
   1.06497445562712     
   1.06638101856681     
 EOFTESTMARKER:
   123456.000000000     
