 Column 1: Time in Minutes
 Other Columns: Dimensionless Concentrations, C/CT
 
 
    .100000000000E+01   .466181174901E-05   .999995338188E+00
    .240000000000E+01   .492344237277E-05   .999995076558E+00
    .380000000000E+01   .370906358089E-05   .999996290936E+00
    .520000000000E+01   .428897769831E-05   .999995711022E+00
    .660000000000E+01   .303107086532E-05   .999996968929E+00
    .800000000000E+01   .106401056946E-05   .999998935989E+00
    .940000000000E+01  -.567969899737E-07   .100000005680E+01
    .108000000000E+02   .230326273678E-05   .999997696737E+00
    .122000000000E+02   .312260159268E-05   .999996877398E+00
    .136000000000E+02   .526601254046E-05   .999994733987E+00
    .150000000000E+02   .222812838891E-05   .999997771872E+00
    .164000000000E+02   .255619955866E-05   .999997443800E+00
    .178000000000E+02   .436219012284E-05   .999995637810E+00
    .192000000000E+02   .106443726193E-05   .999998935563E+00
    .206000000000E+02   .351095953904E-05   .999996489040E+00
    .220000000000E+02   .396760150992E-05   .999996032398E+00
    .234000000000E+02   .107116807841E-04   .999989288319E+00
    .248000000000E+02   .106130996346E-04   .999989386900E+00
    .262000000000E+02   .210443478568E-04   .999978955652E+00
    .276000000000E+02   .292470800473E-04   .999970752920E+00
    .290000000000E+02   .398323700600E-04   .999960167630E+00
    .304000000000E+02   .531518341933E-04   .999946848166E+00
    .318000000000E+02   .696435889490E-04   .999930356411E+00
    .332000000000E+02   .898720184820E-04   .999910127982E+00
    .346000000000E+02   .114433598307E-03   .999885566402E+00
    .360000000000E+02   .143947612608E-03   .999856052387E+00
    .374000000000E+02   .179067856684E-03   .999820932143E+00
    .388000000000E+02   .220495702020E-03   .999779504298E+00
    .402000000000E+02   .268965872480E-03   .999731034128E+00
    .416000000000E+02   .325260844979E-03   .999674739155E+00
    .430000000000E+02   .390176546686E-03   .999609823453E+00
    .444000000000E+02   .464555163797E-03   .999535444836E+00
    .458000000000E+02   .549273833154E-03   .999450726167E+00
    .472000000000E+02   .645232935499E-03   .999354767065E+00
    .486000000000E+02   .753349916718E-03   .999246650083E+00
    .500000000000E+02   .874577101231E-03   .999125422899E+00
    .514000000000E+02   .100987536577E-02   .998990124634E+00
    .528000000000E+02   .116024380109E-02   .998839756199E+00
    .542000000000E+02   .132669492239E-02   .998673305078E+00
    .556000000000E+02   .151025501920E-02   .998489744981E+00
    .570000000000E+02   .171196056518E-02   .998288039435E+00
    .584000000000E+02   .193285835351E-02   .998067141646E+00
    .598000000000E+02   .217399935021E-02   .997826000650E+00
    .612000000000E+02   .243644554789E-02   .997563554452E+00
    .626000000000E+02   .272125929104E-02   .997278740709E+00
    .640000000000E+02   .302951153831E-02   .996970488462E+00
    .654000000000E+02   .336226197679E-02   .996637738023E+00
    .668000000000E+02   .372059260302E-02   .996279407397E+00
    .682000000000E+02   .410558472970E-02   .995894415270E+00
    .696000000000E+02   .451828369056E-02   .995481716309E+00
    .710000000000E+02   .495977268279E-02   .995040227317E+00
    .724000000000E+02   .543112872006E-02   .994568871280E+00
    .738000000000E+02   .593338821517E-02   .994066611785E+00
    .752000000000E+02   .646760374365E-02   .993532396256E+00
    .766000000000E+02   .703483623506E-02   .992965163765E+00
    .780000000000E+02   .763611091775E-02   .992363889082E+00
    .794000000000E+02   .827244086410E-02   .991727559136E+00
    .808000000000E+02   .894485804172E-02   .991055141958E+00
    .822000000000E+02   .965436541270E-02   .990345634587E+00
    .836000000000E+02   .104019388135E-01   .989598061186E+00
    .850000000000E+02   .111885721794E-01   .988811427821E+00
    .864000000000E+02   .120152358538E-01   .987984764146E+00
    .878000000000E+02   .128828687718E-01   .987117131228E+00
    .892000000000E+02   .137924221476E-01   .986207577852E+00
    .906000000000E+02   .147448270861E-01   .985255172914E+00
    .920000000000E+02   .157409823921E-01   .984259017608E+00
    .934000000000E+02   .167817939409E-01   .983218206059E+00
    .948000000000E+02   .178681477931E-01   .982131852207E+00
    .962000000000E+02   .190009037017E-01   .980999096298E+00
    .976000000000E+02   .201809155610E-01   .979819084439E+00
    .990000000000E+02   .214090231358E-01   .978590976864E+00
    .100400000000E+03   .226860411559E-01   .977313958844E+00
    .101800000000E+03   .240127698258E-01   .975987230174E+00
    .103200000000E+03   .253899991788E-01   .974610000821E+00
    .104600000000E+03   .268184981901E-01   .973181501810E+00
    .106000000000E+03   .282990174700E-01   .971700982530E+00
    .107400000000E+03   .298322955048E-01   .970167704495E+00
    .108800000000E+03   .314190501891E-01   .968580949811E+00
    .110200000000E+03   .330599744148E-01   .966940025585E+00
    .111600000000E+03   .347557542041E-01   .965244245796E+00
    .113000000000E+03   .365070541814E-01   .963492945819E+00
    .114400000000E+03   .383145144533E-01   .961685485547E+00
    .115800000000E+03   .401787647653E-01   .959821235235E+00
    .117200000000E+03   .421004145482E-01   .957899585452E+00
    .118600000000E+03   .440800475925E-01   .955919952408E+00
    .120000000000E+03   .461182357673E-01   .953881764233E+00
    .121400000000E+03   .482155311839E-01   .951784468816E+00
    .122800000000E+03   .503724605247E-01   .949627539475E+00
    .124200000000E+03   .525895339332E-01   .947410466067E+00
    .125600000000E+03   .548672443968E-01   .945132755603E+00
    .127000000000E+03   .572060602587E-01   .942793939741E+00
    .128400000000E+03   .596064287445E-01   .940393571255E+00
    .129800000000E+03   .620687816093E-01   .937931218391E+00
    .131200000000E+03   .645935244916E-01   .935406475508E+00
    .132600000000E+03   .671810345991E-01   .932818965401E+00
    .134000000000E+03   .698316794069E-01   .930168320593E+00
    .135400000000E+03   .725457995246E-01   .927454200475E+00
    .136800000000E+03   .753237049847E-01   .924676295015E+00
    .138200000000E+03   .781656967090E-01   .921834303291E+00
    .139600000000E+03   .810720494850E-01   .918927950515E+00
    .141000000000E+03   .840430095018E-01   .915956990498E+00
    .142400000000E+03   .870787803938E-01   .912921219606E+00
    .143800000000E+03   .901795732876E-01   .909820426712E+00
    .145200000000E+03   .933455648983E-01   .906654435102E+00
    .146600000000E+03   .965768987730E-01   .903423101227E+00
    .148000000000E+03   .998736782274E-01   .900126321773E+00
    .149400000000E+03   .103236010937E+00   .896763989063E+00
    .150800000000E+03   .106663968673E+00   .893336031327E+00
    .152200000000E+03   .110157586676E+00   .889842413324E+00
    .153600000000E+03   .113716864982E+00   .886283135018E+00
    .155000000000E+03   .117341800477E+00   .882658199523E+00
    .156400000000E+03   .121032354472E+00   .878967645528E+00
    .157800000000E+03   .124788443577E+00   .875211556423E+00
    .159200000000E+03   .128609952143E+00   .871390047857E+00
    .160600000000E+03   .132496760560E+00   .867503239440E+00
    .162000000000E+03   .136448710523E+00   .863551289477E+00
    .163400000000E+03   .140465596308E+00   .859534403692E+00
    .164800000000E+03   .144547185683E+00   .855452814317E+00
    .166200000000E+03   .148693232705E+00   .851306767295E+00
    .167600000000E+03   .152903453741E+00   .847096546259E+00
    .169000000000E+03   .157177536211E+00   .842822463789E+00
    .170400000000E+03   .161515137239E+00   .838484862761E+00
    .171800000000E+03   .165915883987E+00   .834084116013E+00
    .173200000000E+03   .170379374174E+00   .829620625826E+00
    .174600000000E+03   .174905175830E+00   .825094824170E+00
    .176000000000E+03   .179492827290E+00   .820507172710E+00
    .177400000000E+03   .184141661661E+00   .815858338339E+00
    .178800000000E+03   .188851209634E+00   .811148790366E+00
    .180200000000E+03   .193620899004E+00   .806379100996E+00
    .181600000000E+03   .198450116524E+00   .801549883476E+00
    .183000000000E+03   .203338216287E+00   .796661783713E+00
    .184400000000E+03   .208284516994E+00   .791715483006E+00
    .185800000000E+03   .213288292787E+00   .786711707213E+00
    .187200000000E+03   .218348805428E+00   .781651194572E+00
    .188600000000E+03   .223465275448E+00   .776534724552E+00
    .190000000000E+03   .228636890437E+00   .771363109563E+00
    .191400000000E+03   .233862805042E+00   .766137194958E+00
    .192800000000E+03   .239142143765E+00   .760857856235E+00
    .194200000000E+03   .244473999089E+00   .755526000911E+00
    .195600000000E+03   .249857425393E+00   .750142574607E+00
    .197000000000E+03   .255291446777E+00   .744708553223E+00
    .198400000000E+03   .260775054512E+00   .739224945488E+00
    .199800000000E+03   .266307207044E+00   .733692792956E+00
    .201200000000E+03   .271886888156E+00   .728113111844E+00
    .202600000000E+03   .277513003310E+00   .722486996690E+00
    .204000000000E+03   .283184407787E+00   .716815592213E+00
    .205400000000E+03   .288899944137E+00   .711100055863E+00
    .206800000000E+03   .294658423510E+00   .705341576490E+00
    .208200000000E+03   .300458625652E+00   .699541374348E+00
    .209600000000E+03   .306299438112E+00   .693700561888E+00
    .211000000000E+03   .312179556961E+00   .687820443039E+00
    .212400000000E+03   .318097667019E+00   .681902332981E+00
    .213800000000E+03   .324052452291E+00   .675947547709E+00
    .215200000000E+03   .330042566653E+00   .669957433347E+00
    .216600000000E+03   .336066670133E+00   .663933329867E+00
    .218000000000E+03   .342123538556E+00   .657876461444E+00
    .219400000000E+03   .348211670056E+00   .651788329944E+00
    .220800000000E+03   .354329645161E+00   .645670354839E+00
    .222200000000E+03   .360476022902E+00   .639523977098E+00
    .223600000000E+03   .366649341654E+00   .633350658346E+00
    .225000000000E+03   .372848119988E+00   .627151880012E+00
    .226400000000E+03   .379070894865E+00   .620929105135E+00
    .227800000000E+03   .385316190290E+00   .614683809710E+00
    .229200000000E+03   .391582455395E+00   .608417544605E+00
    .230600000000E+03   .397868156036E+00   .602131843964E+00
    .232000000000E+03   .404171745152E+00   .595828254848E+00
    .233400000000E+03   .410491663782E+00   .589508336218E+00
    .234800000000E+03   .416826342081E+00   .583173657919E+00
    .236200000000E+03   .423174419693E+00   .576825580307E+00
    .237600000000E+03   .429534327218E+00   .570465672782E+00
    .239000000000E+03   .435904468372E+00   .564095531628E+00
    .240400000000E+03   .442283304407E+00   .557716695593E+00
    .241800000000E+03   .448669300079E+00   .551330699921E+00
    .243200000000E+03   .455060925240E+00   .544939074760E+00
    .244600000000E+03   .461456650429E+00   .538543349571E+00
    .246000000000E+03   .467854504506E+00   .532145495494E+00
    .247400000000E+03   .474253155395E+00   .525746844605E+00
    .248800000000E+03   .480651024200E+00   .519348975800E+00
    .250200000000E+03   .487046532029E+00   .512953467971E+00
    .251600000000E+03   .493438100736E+00   .506561899264E+00
    .253000000000E+03   .499824153668E+00   .500175846332E+00
    .254400000000E+03   .506203135781E+00   .493796864219E+00
    .255800000000E+03   .512573532383E+00   .487426467617E+00
    .257200000000E+03   .518933754698E+00   .481066245302E+00
    .258600000000E+03   .525282255177E+00   .474717744823E+00
    .260000000000E+03   .531617493850E+00   .468382506150E+00
    .261400000000E+03   .537937939211E+00   .462062060789E+00
    .262800000000E+03   .544242069121E+00   .455757930879E+00
    .264200000000E+03   .550528437400E+00   .449471562600E+00
    .265600000000E+03   .556795587706E+00   .443204412294E+00
    .267000000000E+03   .563042016503E+00   .436957983497E+00
    .268400000000E+03   .569266274334E+00   .430733725666E+00
    .269800000000E+03   .575466929439E+00   .424533070561E+00
    .271200000000E+03   .581642568885E+00   .418357431115E+00
    .272600000000E+03   .587791799708E+00   .412208200292E+00
    .274000000000E+03   .593913348197E+00   .406086651803E+00
    .275400000000E+03   .600005853802E+00   .399994146198E+00
    .276800000000E+03   .606067997911E+00   .393932002089E+00
    .278200000000E+03   .612098504172E+00   .387901495828E+00
    .279600000000E+03   .618096125520E+00   .381903874480E+00
    .281000000000E+03   .624059645542E+00   .375940354458E+00
    .282400000000E+03   .629987814310E+00   .370012185690E+00
    .283800000000E+03   .635878814289E+00   .364121185711E+00
    .285200000000E+03   .641731849654E+00   .358268150346E+00
    .286600000000E+03   .647545736947E+00   .352454263053E+00
    .288000000000E+03   .653319316546E+00   .346680683454E+00
    .289400000000E+03   .659051453262E+00   .340948546738E+00
    .290800000000E+03   .664741036939E+00   .335258963061E+00
    .292200000000E+03   .670386983051E+00   .329613016949E+00
    .293600000000E+03   .675988412942E+00   .324011587058E+00
    .295000000000E+03   .681545022223E+00   .318454977777E+00
    .296400000000E+03   .687055446915E+00   .312944553085E+00
    .297800000000E+03   .692518846514E+00   .307481153486E+00
    .299200000000E+03   .697934426862E+00   .302065573138E+00
    .300600000000E+03   .703301441727E+00   .296698558273E+00
    .302000000000E+03   .708619194388E+00   .291380805612E+00
    .303400000000E+03   .713887039219E+00   .286112960781E+00
    .304800000000E+03   .719103733028E+00   .280896266972E+00
    .306200000000E+03   .724267385180E+00   .275732614820E+00
    .307600000000E+03   .729378211704E+00   .270621788296E+00
    .309000000000E+03   .734435467993E+00   .265564532007E+00
    .310400000000E+03   .739438427044E+00   .260561572956E+00
    .311800000000E+03   .744386378762E+00   .255613621238E+00
    .313200000000E+03   .749278629249E+00   .250721370751E+00
    .314600000000E+03   .754114500106E+00   .245885499894E+00
    .316000000000E+03   .758894106772E+00   .241105893228E+00
    .317400000000E+03   .763617662341E+00   .236382337659E+00
    .318800000000E+03   .768284051175E+00   .231715948825E+00
    .320200000000E+03   .772892931124E+00   .227107068876E+00
    .321600000000E+03   .777444008215E+00   .222555991785E+00
    .323000000000E+03   .781937037931E+00   .218062962069E+00
    .324400000000E+03   .786371826498E+00   .213628173502E+00
    .325800000000E+03   .790748232167E+00   .209251767833E+00
    .327200000000E+03   .795065413425E+00   .204934586575E+00
    .328600000000E+03   .799322939233E+00   .200677060767E+00
    .330000000000E+03   .803521088409E+00   .196478911591E+00
    .331400000000E+03   .807659726358E+00   .192340273642E+00
    .332800000000E+03   .811738749637E+00   .188261250363E+00
    .334200000000E+03   .815758085751E+00   .184241914249E+00
    .335600000000E+03   .819717692945E+00   .180282307055E+00
    .337000000000E+03   .823617560003E+00   .176382439997E+00
    .338400000000E+03   .827457750591E+00   .172542249409E+00
    .339800000000E+03   .831238320272E+00   .168761679728E+00
    .341200000000E+03   .834959341169E+00   .165040658831E+00
    .342600000000E+03   .838620932530E+00   .161379067470E+00
    .344000000000E+03   .842223244429E+00   .157776755571E+00
    .345400000000E+03   .845766457631E+00   .154233542369E+00
    .346800000000E+03   .849250783457E+00   .150749216543E+00
    .348200000000E+03   .852676463652E+00   .147323536348E+00
    .349600000000E+03   .856043638820E+00   .143956361180E+00
    .351000000000E+03   .859352628674E+00   .140647371326E+00
    .352400000000E+03   .862603768993E+00   .137396231007E+00
    .353800000000E+03   .865797396064E+00   .134202603936E+00
    .355200000000E+03   .868933872688E+00   .131066127312E+00
    .356600000000E+03   .872013587864E+00   .127986412136E+00
    .358000000000E+03   .875036956486E+00   .124963043514E+00
    .359400000000E+03   .878004419033E+00   .121995580967E+00
    .360800000000E+03   .880916150174E+00   .119083849826E+00
    .362200000000E+03   .883772755422E+00   .116227244578E+00
    .363600000000E+03   .886574737828E+00   .113425262172E+00
    .365000000000E+03   .889322597231E+00   .110677402769E+00
    .366400000000E+03   .892016852955E+00   .107983147045E+00
    .367800000000E+03   .894658043282E+00   .105341956718E+00
    .369200000000E+03   .897246724921E+00   .102753275079E+00
    .370600000000E+03   .899783472470E+00   .100216527530E+00
    .372000000000E+03   .902268828769E+00   .977311712313E-01
    .373400000000E+03   .904703139975E+00   .952968600251E-01
    .374800000000E+03   .907087176714E+00   .929128232864E-01
    .376200000000E+03   .909421542218E+00   .905784577817E-01
    .377600000000E+03   .911706850457E+00   .882931495434E-01
    .379000000000E+03   .913943725369E+00   .860562746311E-01
    .380400000000E+03   .916132800107E+00   .838671998926E-01
    .381800000000E+03   .918274716275E+00   .817252837250E-01
    .383200000000E+03   .920370123164E+00   .796298768357E-01
    .384600000000E+03   .922419668966E+00   .775803310336E-01
    .386000000000E+03   .924424007599E+00   .755759924010E-01
    .387400000000E+03   .926383812626E+00   .736161873743E-01
    .388800000000E+03   .928299754119E+00   .717002458813E-01
    .390200000000E+03   .930172505756E+00   .698274942440E-01
    .391600000000E+03   .932002744046E+00   .679972559537E-01
    .393000000000E+03   .933791147554E+00   .662088524460E-01
    .394400000000E+03   .935538396124E+00   .644616038762E-01
    .395800000000E+03   .937245170106E+00   .627548298937E-01
    .397200000000E+03   .938912168404E+00   .610878315960E-01
    .398600000000E+03   .940540069816E+00   .594599301837E-01
    .400000000000E+03   .942129548574E+00   .578704514261E-01
    .401400000000E+03   .943681282656E+00   .563187173441E-01
    .402800000000E+03   .945195947059E+00   .548040529410E-01
    .404200000000E+03   .946674213042E+00   .533257869579E-01
    .405600000000E+03   .948116747370E+00   .518832526297E-01
    .407000000000E+03   .949524211559E+00   .504757884412E-01
    .408400000000E+03   .950897261118E+00   .491027388825E-01
    .409800000000E+03   .952236665055E+00   .477633349445E-01
    .411200000000E+03   .953543004600E+00   .464569953996E-01
    .412600000000E+03   .954816924442E+00   .451830755582E-01
    .414000000000E+03   .956059063637E+00   .439409363633E-01
    .415400000000E+03   .957270053176E+00   .427299468242E-01
    .416800000000E+03   .958450515312E+00   .415494846880E-01
    .418200000000E+03   .959601062888E+00   .403989371119E-01
    .419600000000E+03   .960722298665E+00   .392777013347E-01
    .421000000000E+03   .961814868620E+00   .381851313800E-01
    .422400000000E+03   .962879529337E+00   .371204706632E-01
    .423800000000E+03   .963916748232E+00   .360832517681E-01
    .425200000000E+03   .964927109989E+00   .350728900111E-01
    .426600000000E+03   .965911189298E+00   .340888107020E-01
    .428000000000E+03   .966869550359E+00   .331304496406E-01
    .429400000000E+03   .967802746386E+00   .321972536140E-01
    .430800000000E+03   .968711319107E+00   .312886808935E-01
    .432200000000E+03   .969595798269E+00   .304042017311E-01
    .433600000000E+03   .970456890078E+00   .295431099217E-01
    .435000000000E+03   .971295222396E+00   .287047776045E-01
    .436400000000E+03   .972111189987E+00   .278888100130E-01
    .437800000000E+03   .972905317133E+00   .270946828672E-01
    .439200000000E+03   .973678119194E+00   .263218808057E-01
    .440600000000E+03   .974430102395E+00   .255698976050E-01
    .442000000000E+03   .975161763601E+00   .248382363985E-01
    .443400000000E+03   .975873590104E+00   .241264098965E-01
    .444800000000E+03   .976566059395E+00   .234339406048E-01
    .446200000000E+03   .977239666145E+00   .227603338550E-01
    .447600000000E+03   .977894862755E+00   .221051372454E-01
    .449000000000E+03   .978532094069E+00   .214679059308E-01
    .450400000000E+03   .979151800568E+00   .208481994315E-01
    .451800000000E+03   .979754412341E+00   .202455876588E-01
    .453200000000E+03   .980340348891E+00   .196596511090E-01
    .454600000000E+03   .980910018941E+00   .190899810589E-01
    .456000000000E+03   .981463820241E+00   .185361797592E-01
    .457400000000E+03   .982002146659E+00   .179978533411E-01
    .458800000000E+03   .982525526713E+00   .174744732867E-01
    .460200000000E+03   .983034242727E+00   .169657572731E-01
    .461600000000E+03   .983528664756E+00   .164713352440E-01
    .463000000000E+03   .984009153097E+00   .159908469027E-01
    .464400000000E+03   .984476058206E+00   .155239417938E-01
    .465800000000E+03   .984929720614E+00   .150702793864E-01
    .467200000000E+03   .985370470844E+00   .146295291562E-01
    .468600000000E+03   .985798629332E+00   .142013706677E-01
    .470000000000E+03   .986214577637E+00   .137854223628E-01
    .471400000000E+03   .986618766933E+00   .133812330675E-01
    .472800000000E+03   .987011395916E+00   .129886040842E-01
    .474200000000E+03   .987392773183E+00   .126072268171E-01
    .475600000000E+03   .987763200304E+00   .122367996964E-01
    .477000000000E+03   .988122971915E+00   .118770280853E-01
    .478400000000E+03   .988472375814E+00   .115276241865E-01
    .479800000000E+03   .988811693051E+00   .111883069492E-01
    .481200000000E+03   .989141198024E+00   .108588019761E-01
    .482600000000E+03   .989461169718E+00   .105388302821E-01
    .484000000000E+03   .989771873429E+00   .102281265714E-01
    .485400000000E+03   .990073560250E+00   .992643975006E-02
    .486800000000E+03   .990366481329E+00   .963351867107E-02
    .488200000000E+03   .990650881908E+00   .934911809163E-02
    .489600000000E+03   .990927001434E+00   .907299856605E-02
    .491000000000E+03   .991195073662E+00   .880492633841E-02
    .492400000000E+03   .991455326765E+00   .854467323526E-02
    .493800000000E+03   .991707983442E+00   .829201655834E-02
    .495200000000E+03   .991953169426E+00   .804683057436E-02
    .496600000000E+03   .992191125697E+00   .780887430343E-02
    .498000000000E+03   .992422059093E+00   .757794090720E-02
    .499400000000E+03   .992646158152E+00   .735384184760E-02
    .500800000000E+03   .992863604949E+00   .713639505138E-02
    .502200000000E+03   .993074575122E+00   .692542487787E-02
    .503600000000E+03   .993279237913E+00   .672076208683E-02
    .505000000000E+03   .993477756194E+00   .652224380623E-02
    .506400000000E+03   .993670314577E+00   .632968542314E-02
    .507800000000E+03   .993857288649E+00   .614271135054E-02
    .509200000000E+03   .994038699864E+00   .596130013589E-02
    .510600000000E+03   .994214715711E+00   .578528428870E-02
    .512000000000E+03   .994385501046E+00   .561449895441E-02
    .513400000000E+03   .994551218300E+00   .544878169992E-02
    .514800000000E+03   .994712027701E+00   .528797229906E-02
    .516200000000E+03   .994868087482E+00   .513191251817E-02
    .517600000000E+03   .995019554098E+00   .498044590155E-02
    .518000000000E+03   .995062008344E+00   .493799165637E-02
