 Column 1: Time in minutes
 Other Columns: Concentrations in mg/L
 
 
    .100000000000E+01   .111674398600E-02   .105239619254E+02
    .240000000000E+01   .117941799374E-02   .105239591720E+02
    .380000000000E+01   .888511735496E-03   .105239719521E+02
    .520000000000E+01   .102743103080E-02   .105239658491E+02
    .660000000000E+01   .726097565119E-03   .105239790873E+02
    .800000000000E+01   .254885325376E-03   .105239997887E+02
    .940000000000E+01  -.136058040074E-04   .105240115841E+02
    .108000000000E+02   .551750037962E-03   .105239867468E+02
    .122000000000E+02   .748023887935E-03   .105239781240E+02
    .136000000000E+02   .126148119045E-02   .105239555668E+02
    .150000000000E+02   .533751492408E-03   .105239875375E+02
    .164000000000E+02   .612341432442E-03   .105239840849E+02
    .178000000000E+02   .104496917674E-02   .105239650786E+02
    .192000000000E+02   .254987540196E-03   .105239997842E+02
    .206000000000E+02   .841055615591E-03   .105239740370E+02
    .220000000000E+02   .950444883581E-03   .105239692313E+02
    .234000000000E+02   .256599917364E-02   .105238982565E+02
    .248000000000E+02   .254238391164E-02   .105238992940E+02
    .262000000000E+02   .504120504512E-02   .105237895154E+02
    .276000000000E+02   .700618182576E-02   .105237031898E+02
    .290000000000E+02   .954190390083E-02   .105235917900E+02
    .304000000000E+02   .127326014812E-01   .105234516159E+02
    .318000000000E+02   .166832260310E-01   .105232780564E+02
    .332000000000E+02   .215289766197E-01   .105230651722E+02
    .346000000000E+02   .274127398503E-01   .105228066859E+02
    .360000000000E+02   .344828661761E-01   .105224960801E+02
    .374000000000E+02   .428959732407E-01   .105221264743E+02
    .388000000000E+02   .528200756333E-01   .105216904872E+02
    .402000000000E+02   .644311775558E-01   .105211803865E+02
    .416000000000E+02   .779167225254E-01   .105205879376E+02
    .430000000000E+02   .934673760870E-01   .105199047641E+02
    .444000000000E+02   .111284885205E+00   .105191220027E+02
    .458000000000E+02   .131579369325E+00   .105182304225E+02
    .472000000000E+02   .154566516000E+00   .105172205478E+02
    .486000000000E+02   .180466100767E+00   .105160827235E+02
    .500000000000E+02   .209506254367E+00   .105148069273E+02
    .514000000000E+02   .241917156260E+00   .105133830469E+02
    .528000000000E+02   .277938140131E+00   .105118005678E+02
    .542000000000E+02   .317811755516E+00   .105100488344E+02
    .556000000000E+02   .361783851607E+00   .105081170459E+02
    .570000000000E+02   .410102717221E+00   .105059942945E+02
    .584000000000E+02   .463019113232E+00   .105036695638E+02
    .598000000000E+02   .520784800123E+00   .105011317933E+02
    .612000000000E+02   .583654179818E+00   .104983698066E+02
    .626000000000E+02   .651881738526E+00   .104953724237E+02
    .640000000000E+02   .725724025999E+00   .104921283736E+02
    .654000000000E+02   .805434891863E+00   .104886265044E+02
    .668000000000E+02   .891273530012E+00   .104848554289E+02
    .682000000000E+02   .983498970523E+00   .104808037675E+02
    .696000000000E+02   .108236162466E+01   .104764605191E+02
    .710000000000E+02   .118812097392E+01   .104718142841E+02
    .724000000000E+02   .130103501855E+01   .104668537280E+02
    .738000000000E+02   .142135203279E+01   .104615679436E+02
    .752000000000E+02   .154932416268E+01   .104559458535E+02
    .766000000000E+02   .168520555548E+01   .104499762925E+02
    .780000000000E+02   .182924180619E+01   .104436484712E+02
    .794000000000E+02   .198167559780E+01   .104369517278E+02
    .808000000000E+02   .214275413971E+01   .104298752020E+02
    .822000000000E+02   .231271769299E+01   .104224083387E+02
    .836000000000E+02   .249180002073E+01   .104145408680E+02
    .850000000000E+02   .268023922158E+01   .104062623298E+02
    .864000000000E+02   .287826774280E+01   .103975625122E+02
    .878000000000E+02   .308611050766E+01   .103884315339E+02
    .892000000000E+02   .330399538099E+01   .103788593841E+02
    .906000000000E+02   .353214541032E+01   .103688362641E+02
    .920000000000E+02   .377077590572E+01   .103583527147E+02
    .934000000000E+02   .402010387095E+01   .103473992025E+02
    .948000000000E+02   .428034156317E+01   .103359664027E+02
    .962000000000E+02   .455169493751E+01   .103240452670E+02
    .976000000000E+02   .483436854557E+01   .103116268093E+02
    .990000000000E+02   .512856355433E+01   .102987021917E+02
    .100400000000E+03   .543447513351E+01   .102852628400E+02
    .101800000000E+03   .575229497329E+01   .102713003329E+02
    .103200000000E+03   .608221232734E+01   .102568063560E+02
    .104600000000E+03   .642441140482E+01   .102417728168E+02
    .106000000000E+03   .677907201554E+01   .102261918156E+02
    .107400000000E+03   .714637106502E+01   .102100555807E+02
    .108800000000E+03   .752648052596E+01   .101933565570E+02
    .110200000000E+03   .791956638167E+01   .101760874524E+02
    .111600000000E+03   .832579296980E+01   .101582410473E+02
    .113000000000E+03   .874531950213E+01   .101398103471E+02
    .114400000000E+03   .917829931710E+01   .101207886153E+02
    .115800000000E+03   .962488327125E+01   .101011692245E+02
    .117200000000E+03   .100852173546E+02   .100809457611E+02
    .118600000000E+03   .105594414151E+02   .100601120812E+02
    .120000000000E+03   .110476924447E+02   .100386621665E+02
    .121400000000E+03   .115501027027E+02   .100165902065E+02
    .122800000000E+03   .120667983565E+02   .999389065837E+01
    .124200000000E+03   .125979016118E+02   .997055815346E+01
    .125600000000E+03   .131435305644E+02   .994658750352E+01
    .127000000000E+03   .137037974068E+02   .992197377969E+01
    .128400000000E+03   .142788092723E+02   .989671227538E+01
    .129800000000E+03   .148686695887E+02   .987079844678E+01
    .131200000000E+03   .154734755272E+02   .984422802495E+01
    .132600000000E+03   .160933174485E+02   .981699704015E+01
    .134000000000E+03   .167282833818E+02   .978910162507E+01
    .135400000000E+03   .173784549207E+02   .976053819513E+01
    .136800000000E+03   .180439063339E+02   .973130348755E+01
    .138200000000E+03   .187247097076E+02   .970139433542E+01
    .139600000000E+03   .194209308676E+02   .967080784688E+01
    .141000000000E+03   .201326287890E+02   .963954143102E+01
    .142400000000E+03   .208598522525E+02   .960759294480E+01
    .143800000000E+03   .216026518340E+02   .957496016632E+01
    .145200000000E+03   .223610698657E+02   .954164123583E+01
    .146600000000E+03   .231351407346E+02   .950763464263E+01
    .148000000000E+03   .239248891902E+02   .947293929943E+01
    .149400000000E+03   .247303410261E+02   .943755407306E+01
    .150800000000E+03   .255515134355E+02   .940147820818E+01
    .152200000000E+03   .263884148602E+02   .936471133394E+01
    .153600000000E+03   .272410453088E+02   .932725344994E+01
    .155000000000E+03   .281094040353E+02   .928910458897E+01
    .156400000000E+03   .289934817717E+02   .925026515818E+01
    .157800000000E+03   .298932585419E+02   .921073603517E+01
    .159200000000E+03   .308087066420E+02   .917051843704E+01
    .160600000000E+03   .317397974192E+02   .912961362256E+01
    .162000000000E+03   .326864929514E+02   .908802325772E+01
    .163400000000E+03   .336487439568E+02   .904574950759E+01
    .164800000000E+03   .346264948042E+02   .900279481617E+01
    .166200000000E+03   .356196865775E+02   .895916177176E+01
    .167600000000E+03   .366282513319E+02   .891485335932E+01
    .169000000000E+03   .376521141883E+02   .886987286845E+01
    .170400000000E+03   .386911930108E+02   .882422390757E+01
    .171800000000E+03   .397453984847E+02   .877791040046E+01
    .173200000000E+03   .408146342436E+02   .873093658068E+01
    .174600000000E+03   .418987968082E+02   .868330699433E+01
    .176000000000E+03   .429977755857E+02   .863502649998E+01
    .177400000000E+03   .441114108213E+02   .858610211598E+01
    .178800000000E+03   .452395900913E+02   .853653878137E+01
    .180200000000E+03   .463821763230E+02   .848634251804E+01
    .181600000000E+03   .475390226122E+02   .843551977980E+01
    .183000000000E+03   .487099742310E+02   .838407736419E+01
    .184400000000E+03   .498948679729E+02   .833202244121E+01
    .185800000000E+03   .510935299578E+02   .827936264979E+01
    .187200000000E+03   .523057833393E+02   .822610575917E+01
    .188600000000E+03   .535314413950E+02   .817225997247E+01
    .190000000000E+03   .547703095108E+02   .811783383950E+01
    .191400000000E+03   .560221851808E+02   .806283625678E+01
    .192800000000E+03   .572868586783E+02   .800727643806E+01
    .194200000000E+03   .585641126061E+02   .795116393405E+01
    .195600000000E+03   .598537204394E+02   .789450869649E+01
    .197000000000E+03   .611554483998E+02   .783732099575E+01
    .198400000000E+03   .624690548451E+02   .777961144769E+01
    .199800000000E+03   .637942902692E+02   .772139101366E+01
    .201200000000E+03   .651309112355E+02   .766267038835E+01
    .202600000000E+03   .664786555465E+02   .760346109065E+01
    .204000000000E+03   .678372489823E+02   .754377516763E+01
    .205400000000E+03   .692064142745E+02   .748362480029E+01
    .206800000000E+03   .705858666322E+02   .742302250011E+01
    .208200000000E+03   .719753137418E+02   .736198110904E+01
    .209600000000E+03   .733744891138E+02   .730051233454E+01
    .211000000000E+03   .747830803901E+02   .723862989917E+01
    .212400000000E+03   .762007725175E+02   .717634764390E+01
    .213800000000E+03   .776272502473E+02   .711367941828E+01
    .215200000000E+03   .790621911134E+02   .705063938893E+01
    .216600000000E+03   .805052741238E+02   .698724165772E+01
    .218000000000E+03   .819562060253E+02   .692349910789E+01
    .219400000000E+03   .834146270437E+02   .685942754510E+01
    .220800000000E+03   .848801971424E+02   .679504190788E+01
    .222200000000E+03   .863525711350E+02   .673035736101E+01
    .223600000000E+03   .878313988873E+02   .666538928664E+01
    .225000000000E+03   .893163255204E+02   .660015327535E+01
    .226400000000E+03   .908070005616E+02   .653466472418E+01
    .227800000000E+03   .923030704334E+02   .646893916652E+01
    .229200000000E+03   .938041636238E+02   .640299292370E+01
    .230600000000E+03   .953099126257E+02   .633684214111E+01
    .232000000000E+03   .968199468387E+02   .627050310000E+01
    .233400000000E+03   .983338928114E+02   .620399220689E+01
    .234800000000E+03   .998513744845E+02   .613732598289E+01
    .236200000000E+03   .101372065983E+03   .607051874435E+01
    .237600000000E+03   .102895591356E+03   .600358700769E+01
    .239000000000E+03   .104421568209E+03   .593654757220E+01
    .240400000000E+03   .105949627934E+03   .586941663169E+01
    .241800000000E+03   .107479402761E+03   .580221034307E+01
    .243200000000E+03   .109010526140E+03   .573494480966E+01
    .244600000000E+03   .110542631688E+03   .566763612751E+01
    .246000000000E+03   .112075247213E+03   .560030504091E+01
    .247400000000E+03   .113608053616E+03   .553296556866E+01
    .248800000000E+03   .115140672670E+03   .546563432707E+01
    .250200000000E+03   .116672726148E+03   .539832793241E+01
    .251600000000E+03   .118203836004E+03   .533106299311E+01
    .253000000000E+03   .119733624548E+03   .526385610191E+01
    .254400000000E+03   .121261719266E+03   .519672362406E+01
    .255800000000E+03   .122787757313E+03   .512968150023E+01
    .257200000000E+03   .124311358093E+03   .506274645072E+01
    .258600000000E+03   .125832150890E+03   .499593476193E+01
    .260000000000E+03   .127349766802E+03   .492926264054E+01
    .261400000000E+03   .128863838954E+03   .486274620412E+01
    .262800000000E+03   .130374002715E+03   .479640147168E+01
    .264200000000E+03   .131879911651E+03   .473024366285E+01
    .265600000000E+03   .133381216892E+03   .466428810418E+01
    .267000000000E+03   .134877558265E+03   .459855061889E+01
    .268400000000E+03   .136368588550E+03   .453304646109E+01
    .269800000000E+03   .137853964766E+03   .446779069865E+01
    .271200000000E+03   .139333348444E+03   .440279820127E+01
    .272600000000E+03   .140806405897E+03   .433808362853E+01
    .274000000000E+03   .142272832005E+03   .427366038498E+01
    .275400000000E+03   .143732300847E+03   .420954278906E+01
    .276800000000E+03   .145184496547E+03   .414574471785E+01
    .278200000000E+03   .146629113353E+03   .408227960371E+01
    .279600000000E+03   .148065852529E+03   .401916057075E+01
    .281000000000E+03   .149494422681E+03   .395640042052E+01
    .282400000000E+03   .150914524388E+03   .389401230728E+01
    .283800000000E+03   .152325722255E+03   .383201535878E+01
    .285200000000E+03   .153727825642E+03   .377041795029E+01
    .286600000000E+03   .155120551050E+03   .370923253655E+01
    .288000000000E+03   .156503620690E+03   .364847132142E+01
    .289400000000E+03   .157876762624E+03   .358814625165E+01
    .290800000000E+03   .159239710915E+03   .352826901053E+01
    .292200000000E+03   .160592205761E+03   .346885101161E+01
    .293600000000E+03   .161934036681E+03   .340990150190E+01
    .295000000000E+03   .163265130755E+03   .335142368478E+01
    .296400000000E+03   .164585161243E+03   .329343191478E+01
    .297800000000E+03   .165893926799E+03   .323593503738E+01
    .299200000000E+03   .167191237181E+03   .317894141030E+01
    .300600000000E+03   .168476913630E+03   .312245888690E+01
    .302000000000E+03   .169750789244E+03   .306649479947E+01
    .303400000000E+03   .171012709362E+03   .301105594260E+01
    .304800000000E+03   .172262376177E+03   .295615539963E+01
    .306200000000E+03   .173499336783E+03   .290181306766E+01
    .307600000000E+03   .174723642931E+03   .284802667317E+01
    .309000000000E+03   .175935116248E+03   .279480405243E+01
    .310400000000E+03   .177133582581E+03   .274215285640E+01
    .311800000000E+03   .178318871825E+03   .269008055817E+01
    .313200000000E+03   .179490817756E+03   .263859446030E+01
    .314600000000E+03   .180649257862E+03   .258770170227E+01
    .316000000000E+03   .181794219797E+03   .253740106921E+01
    .317400000000E+03   .182925754608E+03   .248769031850E+01
    .318800000000E+03   .184043595041E+03   .243858119114E+01
    .320200000000E+03   .185147659135E+03   .239007728792E+01
    .321600000000E+03   .186237876468E+03   .234218170262E+01
    .323000000000E+03   .187314188465E+03   .229489700853E+01
    .324400000000E+03   .188376548708E+03   .224822524492E+01
    .325800000000E+03   .189424923240E+03   .220216790359E+01
    .327200000000E+03   .190459110476E+03   .215673384060E+01
    .328600000000E+03   .191479007159E+03   .211192759222E+01
    .330000000000E+03   .192484680082E+03   .206774622417E+01
    .331400000000E+03   .193476097000E+03   .202419115292E+01
    .332800000000E+03   .194453233136E+03   .198126346712E+01
    .334200000000E+03   .195416071121E+03   .193896392970E+01
    .335600000000E+03   .196364600954E+03   .189729298009E+01
    .337000000000E+03   .197298819948E+03   .185625073633E+01
    .338400000000E+03   .198218743355E+03   .181583652839E+01
    .339800000000E+03   .199124384484E+03   .177604977153E+01
    .341200000000E+03   .200015760612E+03   .173688970674E+01
    .342600000000E+03   .200892900306E+03   .169835507902E+01
    .344000000000E+03   .201755839516E+03   .166044430902E+01
    .345400000000E+03   .202604621545E+03   .162315549435E+01
    .346800000000E+03   .203439297015E+03   .158648641108E+01
    .348200000000E+03   .204259923836E+03   .155043451507E+01
    .349600000000E+03   .205066535690E+03   .151499832661E+01
    .351000000000E+03   .205859209165E+03   .148017448104E+01
    .352400000000E+03   .206638024698E+03   .144595944460E+01
    .353800000000E+03   .207403062845E+03   .141234967821E+01
    .355200000000E+03   .208154410518E+03   .137934136377E+01
    .356600000000E+03   .208892160900E+03   .134693040742E+01
    .358000000000E+03   .209616413382E+03   .131511244283E+01
    .359400000000E+03   .210327273479E+03   .128388283439E+01
    .360800000000E+03   .211024783034E+03   .125323974386E+01
    .362200000000E+03   .211709087099E+03   .122317679886E+01
    .363600000000E+03   .212380306181E+03   .119368870523E+01
    .365000000000E+03   .213038560016E+03   .116477020268E+01
    .366400000000E+03   .213683973010E+03   .113641582584E+01
    .367800000000E+03   .214316674108E+03   .110861990982E+01
    .369200000000E+03   .214936796672E+03   .108137659581E+01
    .370600000000E+03   .215544478346E+03   .105467983674E+01
    .372000000000E+03   .216139849169E+03   .102852391975E+01
    .373400000000E+03   .216722992064E+03   .100290520187E+01
    .374800000000E+03   .217294091635E+03   .977815573038E+00
    .376200000000E+03   .217853292388E+03   .953248684821E+00
    .377600000000E+03   .218400741399E+03   .929198075814E+00
    .379000000000E+03   .218936588134E+03   .905657179662E+00
    .380400000000E+03   .219460984266E+03   .882619333064E+00
    .381800000000E+03   .219974083492E+03   .860077783784E+00
    .383200000000E+03   .220476041350E+03   .838025698660E+00
    .384600000000E+03   .220967013117E+03   .816456256122E+00
    .386000000000E+03   .221447155438E+03   .795362574332E+00
    .387400000000E+03   .221916629667E+03   .774737564700E+00
    .388800000000E+03   .222375596321E+03   .754574175378E+00
    .390200000000E+03   .222824216780E+03   .734865316572E+00
    .391600000000E+03   .223262653104E+03   .715603868698E+00
    .393000000000E+03   .223691067842E+03   .696782690535E+00
    .394400000000E+03   .224109623854E+03   .678394627390E+00
    .395800000000E+03   .224518484117E+03   .660432519247E+00
    .397200000000E+03   .224917816056E+03   .642889010848E+00
    .398600000000E+03   .225307782277E+03   .625756958501E+00
    .400000000000E+03   .225688544294E+03   .609029266593E+00
    .401400000000E+03   .226060264517E+03   .592698800066E+00
    .402800000000E+03   .226423104643E+03   .576758455247E+00
    .404200000000E+03   .226777225474E+03   .561201167800E+00
    .405600000000E+03   .227122786732E+03   .546019920683E+00
    .407000000000E+03   .227459946886E+03   .531207752100E+00
    .408400000000E+03   .227788862964E+03   .516757763458E+00
    .409800000000E+03   .228109719184E+03   .502661861701E+00
    .411200000000E+03   .228422654778E+03   .488913929978E+00
    .412600000000E+03   .228727824184E+03   .475507183571E+00
    .414000000000E+03   .229025380488E+03   .462434897038E+00
    .415400000000E+03   .229315474846E+03   .449690429823E+00
    .416800000000E+03   .229598256318E+03   .437267233333E+00
    .418200000000E+03   .229873871713E+03   .425158858002E+00
    .419600000000E+03   .230142465423E+03   .413358960365E+00
    .421000000000E+03   .230404192192E+03   .401860742158E+00
    .422400000000E+03   .230659233261E+03   .390656241078E+00
    .423800000000E+03   .230907700601E+03   .379740538031E+00
    .425200000000E+03   .231149734273E+03   .369107479800E+00
    .426600000000E+03   .231385471945E+03   .358751018339E+00
    .428000000000E+03   .231615048772E+03   .348665216000E+00
    .429400000000E+03   .231838597278E+03   .338844250764E+00
    .430800000000E+03   .232056247234E+03   .329282421471E+00
    .432200000000E+03   .232268125542E+03   .319974153049E+00
    .433600000000E+03   .232474401374E+03   .310912013387E+00
    .435000000000E+03   .232675225137E+03   .302089394870E+00
    .436400000000E+03   .232870691395E+03   .293502142973E+00
    .437800000000E+03   .233060925742E+03   .285144740166E+00
    .439200000000E+03   .233246051633E+03   .277011762781E+00
    .440600000000E+03   .233426190335E+03   .269097883314E+00
    .442000000000E+03   .233601460873E+03   .261397872739E+00
    .443400000000E+03   .233771979978E+03   .253906602812E+00
    .444800000000E+03   .233937862033E+03   .246619048378E+00
    .446200000000E+03   .234099225539E+03   .239530003543E+00
    .447600000000E+03   .234256178868E+03   .232634707225E+00
    .449000000000E+03   .234408828584E+03   .225928477870E+00
    .450400000000E+03   .234557280204E+03   .219406679863E+00
    .451800000000E+03   .234701636757E+03   .213064786946E+00
    .453200000000E+03   .234841998735E+03   .206898384259E+00
    .454600000000E+03   .234978464048E+03   .200903170392E+00
    .456000000000E+03   .235111127979E+03   .195074959430E+00
    .457400000000E+03   .235240084879E+03   .189409606292E+00
    .458800000000E+03   .235365461354E+03   .183901548850E+00
    .460200000000E+03   .235487325037E+03   .178547815934E+00
    .461600000000E+03   .235605764575E+03   .173344513068E+00
    .463000000000E+03   .235720866277E+03   .168287848485E+00
    .464400000000E+03   .235832714095E+03   .163374133989E+00
    .465800000000E+03   .235941389604E+03   .158599785830E+00
    .467200000000E+03   .236046971981E+03   .153961325565E+00
    .468600000000E+03   .236149537989E+03   .149455380927E+00
    .470000000000E+03   .236249179028E+03   .145077936397E+00
    .471400000000E+03   .236346003179E+03   .140824243813E+00
    .472800000000E+03   .236440058040E+03   .136692212079E+00
    .474200000000E+03   .236531417535E+03   .132678593530E+00
    .475600000000E+03   .236620153907E+03   .128780214442E+00
    .477000000000E+03   .236706337735E+03   .124993974054E+00
    .478400000000E+03   .236790037962E+03   .121316843585E+00
    .479800000000E+03   .236871321915E+03   .117745865252E+00
    .481200000000E+03   .236950255324E+03   .114278151295E+00
    .482600000000E+03   .237026905023E+03   .110910765672E+00
    .484000000000E+03   .237101334562E+03   .107640916407E+00
    .485400000000E+03   .237173604092E+03   .104465960985E+00
    .486800000000E+03   .237243773775E+03   .101383256331E+00
    .488200000000E+03   .237311902360E+03   .983902215089E-01
    .489600000000E+03   .237378047206E+03   .954843365882E-01
    .491000000000E+03   .237442264309E+03   .926631415194E-01
    .492400000000E+03   .237504608330E+03   .899242350026E-01
    .493800000000E+03   .237565132615E+03   .872652733589E-01
    .495200000000E+03   .237623867285E+03   .846849333698E-01
    .496600000000E+03   .237680870066E+03   .821806789602E-01
    .498000000000E+03   .237736190507E+03   .797503333612E-01
    .499400000000E+03   .237789873772E+03   .773919123960E-01
    .500800000000E+03   .237841963478E+03   .751034999236E-01
    .502200000000E+03   .237892501699E+03   .728832474998E-01
    .503600000000E+03   .237941528977E+03   .707293740384E-01
    .505000000000E+03   .237989084329E+03   .686401654724E-01
    .506400000000E+03   .238035211978E+03   .666136789332E-01
    .507800000000E+03   .238080001897E+03   .646459617390E-01
    .509200000000E+03   .238123459225E+03   .627367881229E-01
    .510600000000E+03   .238165624085E+03   .608843954134E-01
    .512000000000E+03   .238206535967E+03   .590870486790E-01
    .513400000000E+03   .238246233784E+03   .573430384721E-01
    .514800000000E+03   .238284755916E+03   .556506785708E-01
    .516200000000E+03   .238322140271E+03   .540083037221E-01
    .517600000000E+03   .238358424326E+03   .524142673848E-01
    .518000000000E+03   .238368594304E+03   .519674784421E-01
