       96377      285.930000000000000    10508.000000000000000
       96377      288.710000000000000    11983.000000000000000
       96377      291.480000000000000    13624.000000000000000
       96377      294.260000000000000    15444.000000000000000
       96377      297.040000000000000    17464.000000000000000
       96377      299.820000000000000    19691.000000000000000
       96377      302.590000000000000    22153.000000000000000
       96377      305.370000000000000    24849.000000000000000
       96377      308.150000000000000    27807.000000000000000
       96377      310.930000000000000    31047.000000000000000
       96377      310.930000000000000    31047.000000000000000
       96377      313.710000000000000    34584.000000000000000
       96377      316.480000000000000    38438.000000000000000
       96377      319.260000000000000    42630.000000000000000
       96377      322.040000000000000    47174.000000000000000
       96377      324.820000000000000    52104.000000000000000
       96377      327.590000000000000    57433.000000000000000
       96377      330.370000000000000    63184.000000000000000
       96377      333.150000000000000    69389.000000000000000
       96377      335.930000000000000    76063.000000000000000
       96377      338.710000000000000    83234.000000000000000
       96377      341.480000000000000    90921.000000000000000
       96377      344.260000000000000    99285.000000000000000
       96377      344.260000000000000    99160.000000000000000
       96377      347.040000000000000   107970.000000000000000
       96377      349.820000000000000   117350.000000000000000
       96377      352.590000000000000   127420.000000000000000
       96377      355.370000000000000   138580.000000000000000
       96377      355.370000000000000   138100.000000000000000
       96377      358.150000000000000   149480.000000000000000
       96377      360.930000000000000   161540.000000000000000
       96377      363.710000000000000   174440.000000000000000
       96377      366.480000000000000   188230.000000000000000
       96377      366.480000000000000   188230.000000000000000
       96377      369.260000000000000   202020.000000000000000
     1638262      283.150000000000000     4836.900000000000000
     1638262      285.040000000000000     5332.900000000000000
     1638262      289.460000000000000     6666.100000000000000
     1638262      293.150000000000000     7978.000000000000000
     1638262      293.210000000000000     7999.300000000000000
     1638262      298.150000000000000    10091.000000000000000
     1638262      299.360000000000000    10666.000000000000000
     1638262      303.150000000000000    12646.000000000000000
     1638262      304.350000000000000    13332.000000000000000
     1638262      313.150000000000000    19352.000000000000000
     1638262      313.960000000000000    19998.000000000000000
     1638262      321.230000000000000    26664.000000000000000
     1638262      323.150000000000000    28704.000000000000000
     1638262      327.150000000000000    33331.000000000000000
     1638262      332.180000000000000    39997.000000000000000
     1638262      333.150000000000000    41395.000000000000000
     1638262      340.510000000000000    53329.000000000000000
     1638262      343.150000000000000    58224.000000000000000
     1638262      347.320000000000000    66661.000000000000000
     1638262      353.120000000000000    79993.000000000000000
     1638262      358.210000000000000    93325.000000000000000
     1638262      358.690000000000000    94659.000000000000000
     1638262      360.540000000000000    99992.000000000000000
     1638262      362.320000000000000   105320.000000000000000
     1638262      363.150000000000000   107840.000000000000000
     1638262      366.880000000000000   119990.000000000000000
     1638262      370.670000000000000   133320.000000000000000
     1638262      373.150000000000000   142630.000000000000000
     1192183      288.710000000000000     3909.300000000000000
     1192183      294.260000000000000     5198.600000000000000
     1192183      298.500000000000000     6414.200000000000000
     1192183      299.820000000000000     6825.800000000000000
     1192183      305.370000000000000     8859.799999999999000
     1192183      305.700000000000000     8988.700000000001000
     1192183      310.930000000000000    11363.000000000000000
     1192183      315.500000000000000    13839.000000000000000
     1192183      316.480000000000000    14431.000000000000000
     1192183      322.040000000000000    18140.000000000000000
     1192183      324.400000000000000    19945.000000000000000
     1192183      327.590000000000000    22601.000000000000000
     1192183      333.150000000000000    27910.000000000000000
     1192183      334.160000000000000    28979.000000000000000
     1192183      338.710000000000000    34184.000000000000000
     1192183      344.260000000000000    41541.000000000000000
     1192183      345.510000000000000    43353.000000000000000
     1192183      349.820000000000000    50118.000000000000000
     1192183      355.370000000000000    60053.000000000000000
     1192183      358.740000000000000    66794.000000000000000
     1192183      360.930000000000000    71485.000000000000000
     1192183      366.480000000000000    84571.000000000000000
     1192183      371.390000000000000    97646.000000000000000
     1192183      372.040000000000000    99471.000000000000000
      822504      288.710000000000000     5377.900000000000000
      822504      294.260000000000000     7087.800000000000000
      822504      299.260000000000000     8988.700000000001000
      822504      299.820000000000000     9232.100000000000000
      822504      305.080000000000000    11723.000000000000000
      822504      305.370000000000000    11873.000000000000000
      822504      310.930000000000000    15113.000000000000000
      822504      313.230000000000000    16640.000000000000000
      822504      316.480000000000000    19050.000000000000000
      822504      322.040000000000000    23773.000000000000000
      822504      327.230000000000000    28979.000000000000000
      822504      327.590000000000000    29413.000000000000000
      822504      333.150000000000000    36087.000000000000000
      822504      338.330000000000000    43353.000000000000000
      822504      338.710000000000000    43920.000000000000000
      822504      344.260000000000000    53055.000000000000000
      822504      344.620000000000000    53690.000000000000000
      822504      349.820000000000000    63646.000000000000000
      822504      355.370000000000000    75842.000000000000000
      822504      358.610000000000000    83756.000000000000000
      822504      360.930000000000000    89811.000000000000000
      822504      363.760000000000000    97646.000000000000000
      822504      365.920000000000000   103990.000000000000000
      822504      366.480000000000000   105720.000000000000000
      822504      372.040000000000000   123760.000000000000000
     2532583      287.520000000000000     5332.900000000000000
     2532583      291.980000000000000     6666.100000000000000
     2532583      295.750000000000000     7999.300000000000000
     2532583      299.130000000000000     9012.600000000000000
     2532583      301.940000000000000    10666.000000000000000
     2532583      304.930000000000000    11740.000000000000000
     2532583      313.060000000000000    16659.000000000000000
     2532583      316.630000000000000    19998.000000000000000
     2532583      317.470000000000000    19966.000000000000000
     2532583      321.570000000000000    23499.000000000000000
     2532583      329.900000000000000    33331.000000000000000
     2532583      332.100000000000000    34948.000000000000000
     2532583      343.340000000000000    53329.000000000000000
     2532583      344.470000000000000    53719.000000000000000
     2532583      351.180000000000000    66814.000000000000000
     2532583      356.010000000000000    79993.000000000000000
     2532583      358.460000000000000    83769.000000000000000
     2532583      361.600000000000000    94659.000000000000000
     2532583      362.550000000000000    97325.000000000000000
     2532583      363.470000000000000    99992.000000000000000
     2532583      364.170000000000000    99257.000000000000000
     2532583      364.370000000000000   102660.000000000000000
     2532583      365.260000000000000   105320.000000000000000
     2532583      365.260000000000000   102480.000000000000000
     2532583      365.780000000000000   104020.000000000000000
     2532583      369.840000000000000   119990.000000000000000
     1759586      288.350000000000000     5332.900000000000000
     1759586      292.820000000000000     6666.100000000000000
     1759586      296.590000000000000     7999.300000000000000
     1759586      302.800000000000000    10666.000000000000000
     1759586      307.830000000000000    13332.000000000000000
     1759586      317.510000000000000    19998.000000000000000
     1759586      324.830000000000000    26664.000000000000000
     1759586      330.800000000000000    33331.000000000000000
     1759586      335.870000000000000    39997.000000000000000
     1759586      344.260000000000000    53329.000000000000000
     1759586      351.110000000000000    66661.000000000000000
     1759586      356.950000000000000    79993.000000000000000
     1759586      362.070000000000000    93325.000000000000000
     1759586      362.550000000000000    94659.000000000000000
     1759586      363.030000000000000    95992.000000000000000
     1759586      363.500000000000000    97325.000000000000000
     1759586      363.960000000000000    98658.000000000000000
     1759586      364.420000000000000    99992.000000000000000
     1759586      364.870000000000000   101320.000000000000000
     1759586      365.320000000000000   102660.000000000000000
     1759586      365.770000000000000   103990.000000000000000
     1759586      366.210000000000000   105320.000000000000000
     1759586      366.650000000000000   106660.000000000000000
     1759586      370.800000000000000   119990.000000000000000
     1640897      284.850000000000000     2666.400000000000000
     1640897      285.930000000000000     2813.100000000000000
     1640897      288.710000000000000     3275.000000000000000
     1640897      291.480000000000000     3792.100000000000000
     1640897      294.260000000000000     4378.200000000000000
     1640897      297.040000000000000     5033.200000000000000
     1640897      298.150000000000000     5332.900000000000000
     1640897      299.820000000000000     5777.800000000000000
     1640897      302.590000000000000     6605.200000000000000
     1640897      305.370000000000000     7536.000000000000000
     1640897      306.550000000000000     7999.300000000000000
     1640897      308.150000000000000     8570.200000000001000
     1640897      310.930000000000000     9714.700000000001000
     1640897      310.930000000000000     9714.700000000001000
     1640897      313.710000000000000    10990.000000000000000
     1640897      316.480000000000000    12397.000000000000000
     1640897      318.150000000000000    13332.000000000000000
     1640897      319.260000000000000    13948.000000000000000
     1640897      322.040000000000000    15651.000000000000000
     1640897      324.820000000000000    17526.000000000000000
     1640897      327.590000000000000    19581.000000000000000
     1640897      330.370000000000000    21829.000000000000000
     1640897      333.150000000000000    24283.000000000000000
     1640897      335.550000000000000    26664.000000000000000
     1640897      335.930000000000000    26959.000000000000000
     1640897      338.710000000000000    29861.000000000000000
     1640897      341.480000000000000    33012.000000000000000
     1640897      344.260000000000000    36432.000000000000000
     1640897      347.040000000000000    40127.000000000000000
     1640897      349.820000000000000    44120.000000000000000
     1640897      352.590000000000000    48422.000000000000000
     1640897      355.370000000000000    53055.000000000000000
     1640897      355.450000000000000    53329.000000000000000
     1640897      358.150000000000000    58033.000000000000000
     1640897      360.930000000000000    63384.000000000000000
     1640897      363.710000000000000    69113.000000000000000
     1640897      366.480000000000000    75236.000000000000000
     1640897      369.260000000000000    81793.000000000000000
     1640897      372.040000000000000    88791.000000000000000
    16747505      283.150000000000000     1138.800000000000000
    16747505      285.780000000000000     1333.200000000000000
    16747505      285.850000000000000     1333.200000000000000
    16747505      298.150000000000000     2639.800000000000000
    16747505      298.350000000000000     2666.400000000000000
    16747505      306.300000000000000     3999.700000000000000
    16747505      306.300000000000000     3999.700000000000000
    16747505      312.260000000000000     5332.900000000000000
    16747505      317.080000000000000     6666.100000000000000
    16747505      321.150000000000000     7999.300000000000000
    16747505      325.330000000000000     9589.700000000001000
    16747505      327.840000000000000    10666.000000000000000
    16747505      333.270000000000000    13332.000000000000000
    16747505      333.270000000000000    13332.000000000000000
    16747505      334.400000000000000    13960.000000000000000
    16747505      343.600000000000000    19933.000000000000000
    16747505      343.700000000000000    19998.000000000000000
    16747505      351.590000000000000    26664.000000000000000
    16747505      356.050000000000000    31177.000000000000000
    16747505      358.010000000000000    33331.000000000000000
    16747505      362.350000000000000    38565.000000000000000
    16747505      363.470000000000000    39997.000000000000000
    16747505      372.500000000000000    53329.000000000000000
     2040962      297.040000000000000     1544.400000000000000
     2040962      299.820000000000000     1806.400000000000000
     2040962      302.590000000000000     2102.900000000000000
     2040962      305.370000000000000     2440.700000000000000
     2040962      308.150000000000000     2820.000000000000000
     2040962      310.930000000000000     3247.400000000000000
     2040962      313.710000000000000     3737.000000000000000
     2040962      316.480000000000000     4281.600000000000000
     2040962      319.260000000000000     4888.400000000000000
     2040962      322.040000000000000     5571.000000000000000
     2040962      324.820000000000000     6329.400000000000000
     2040962      327.590000000000000     7170.500000000000000
     2040962      330.370000000000000     8101.300000000000000
     2040962      333.150000000000000     9135.600000000000000
     2040962      335.930000000000000    10273.000000000000000
     2040962      338.710000000000000    11528.000000000000000
     2040962      341.480000000000000    12907.000000000000000
     2040962      344.260000000000000    14417.000000000000000
     2040962      347.040000000000000    16072.000000000000000
     2040962      349.820000000000000    17871.000000000000000
     2040962      352.590000000000000    19843.000000000000000
     2040962      355.370000000000000    21980.000000000000000
     2040962      358.150000000000000    24304.000000000000000
     2040962      360.930000000000000    26828.000000000000000
     2040962      363.710000000000000    29558.000000000000000
     2040962      366.480000000000000    32509.000000000000000
     2040962      369.260000000000000    35687.000000000000000
     2040962      372.040000000000000    39121.000000000000000
     2040951      314.750000000000000     1333.200000000000000
     2040951      327.150000000000000     2666.400000000000000
     2040951      336.150000000000000     3999.700000000000000
     2040951      342.150000000000000     5332.900000000000000
     2040951      347.150000000000000     6666.100000000000000
     2040951      352.150000000000000     7999.300000000000000
     2040951      359.150000000000000    10666.000000000000000
     2040951      364.550000000000000    13332.000000000000000
