These are the results of the linear/simplex run for the reference substance
test case.  These are for the 2 loop model where the 2 solvers ran in parallel.
The model never converged but got to an O.F.= 1.808e-08.



        8.650493674650988,     444.415651845740200
        5.631486861739087,     271.290258951102900
       19.202760735045880,    1018.016741682806000
        5.493509305614431,     313.150559911749300
        7.481031193547138,     426.087997664465000
       17.609308131241080,    1015.546082338271000
   0.000000000000000E+000,  0.000000000000000E+000
   0.000000000000000E+000,  0.000000000000000E+000
   0.000000000000000E+000,  0.000000000000000E+000
   0.000000000000000E+000,  0.000000000000000E+000
   0.000000000000000E+000,  0.000000000000000E+000
   0.000000000000000E+000,  0.000000000000000E+000
   0.000000000000000E+000,  0.000000000000000E+000
   0.000000000000000E+000,  0.000000000000000E+000
   0.000000000000000E+000,  0.000000000000000E+000
   0.000000000000000E+000,  0.000000000000000E+000
   0.000000000000000E+000,  0.000000000000000E+000
   0.000000000000000E+000,  0.000000000000000E+000
   0.000000000000000E+000,  0.000000000000000E+000
   0.000000000000000E+000,  0.000000000000000E+000
   0.000000000000000E+000,  0.000000000000000E+000
   0.000000000000000E+000,  0.000000000000000E+000
   0.000000000000000E+000,  0.000000000000000E+000
   0.000000000000000E+000,  0.000000000000000E+000
   0.000000000000000E+000,  0.000000000000000E+000
   0.000000000000000E+000,  0.000000000000000E+000
   0.000000000000000E+000,  0.000000000000000E+000
   0.000000000000000E+000,  0.000000000000000E+000
   0.000000000000000E+000,  0.000000000000000E+000
   0.000000000000000E+000,  0.000000000000000E+000
   0.000000000000000E+000,  0.000000000000000E+000
   0.000000000000000E+000,  0.000000000000000E+000
   0.000000000000000E+000,  0.000000000000000E+000
   0.000000000000000E+000,  0.000000000000000E+000
   0.000000000000000E+000,  0.000000000000000E+000
   0.000000000000000E+000,  0.000000000000000E+000
   0.000000000000000E+000,  0.000000000000000E+000
   0.000000000000000E+000,  0.000000000000000E+000
   0.000000000000000E+000,  0.000000000000000E+000
   0.000000000000000E+000,  0.000000000000000E+000
   0.000000000000000E+000,  0.000000000000000E+000
   0.000000000000000E+000,  0.000000000000000E+000
   0.000000000000000E+000,  0.000000000000000E+000
   0.000000000000000E+000,  0.000000000000000E+000
   0.000000000000000E+000,  0.000000000000000E+000
   0.000000000000000E+000,  0.000000000000000E+000
   0.000000000000000E+000,  0.000000000000000E+000
   0.000000000000000E+000,  0.000000000000000E+000
   0.000000000000000E+000,  0.000000000000000E+000
   0.000000000000000E+000,  0.000000000000000E+000
   0.000000000000000E+000,  0.000000000000000E+000
   0.000000000000000E+000,  0.000000000000000E+000
   0.000000000000000E+000,  0.000000000000000E+000
   0.000000000000000E+000,  0.000000000000000E+000
   0.000000000000000E+000,  0.000000000000000E+000
   0.000000000000000E+000,  0.000000000000000E+000
   0.000000000000000E+000,  0.000000000000000E+000
   0.000000000000000E+000,  0.000000000000000E+000
   0.000000000000000E+000,  0.000000000000000E+000
   0.000000000000000E+000,  0.000000000000000E+000
   0.000000000000000E+000,  0.000000000000000E+000
   0.000000000000000E+000,  0.000000000000000E+000
   0.000000000000000E+000,  0.000000000000000E+000
   0.000000000000000E+000,  0.000000000000000E+000
   0.000000000000000E+000,  0.000000000000000E+000
   0.000000000000000E+000,  0.000000000000000E+000
   0.000000000000000E+000,  0.000000000000000E+000
   0.000000000000000E+000,  0.000000000000000E+000
   0.000000000000000E+000,  0.000000000000000E+000
   0.000000000000000E+000,  0.000000000000000E+000
   0.000000000000000E+000,  0.000000000000000E+000
   0.000000000000000E+000,  0.000000000000000E+000
   0.000000000000000E+000,  0.000000000000000E+000
   0.000000000000000E+000,  0.000000000000000E+000
   0.000000000000000E+000,  0.000000000000000E+000
   0.000000000000000E+000,  0.000000000000000E+000
   0.000000000000000E+000,  0.000000000000000E+000
   0.000000000000000E+000,  0.000000000000000E+000
   0.000000000000000E+000,  0.000000000000000E+000
   0.000000000000000E+000,  0.000000000000000E+000
   0.000000000000000E+000,  0.000000000000000E+000
   0.000000000000000E+000,  0.000000000000000E+000
   0.000000000000000E+000,  0.000000000000000E+000
   0.000000000000000E+000,  0.000000000000000E+000
   0.000000000000000E+000,  0.000000000000000E+000
   0.000000000000000E+000,  0.000000000000000E+000
   0.000000000000000E+000,  0.000000000000000E+000
   0.000000000000000E+000,  0.000000000000000E+000
   0.000000000000000E+000,  0.000000000000000E+000
   0.000000000000000E+000,  0.000000000000000E+000
   0.000000000000000E+000,  0.000000000000000E+000
   0.000000000000000E+000,  0.000000000000000E+000
   0.000000000000000E+000,  0.000000000000000E+000
   0.000000000000000E+000,  0.000000000000000E+000
   0.000000000000000E+000,  0.000000000000000E+000
   0.000000000000000E+000,  0.000000000000000E+000
   0.000000000000000E+000,  0.000000000000000E+000
   0.000000000000000E+000,  0.000000000000000E+000
   0.000000000000000E+000,  0.000000000000000E+000
   0.000000000000000E+000,  0.000000000000000E+000
   0.000000000000000E+000,  0.000000000000000E+000
   0.000000000000000E+000,  0.000000000000000E+000
   0.000000000000000E+000,  0.000000000000000E+000
   0.000000000000000E+000,  0.000000000000000E+000
   0.000000000000000E+000,  0.000000000000000E+000
   0.000000000000000E+000,  0.000000000000000E+000
   0.000000000000000E+000,  0.000000000000000E+000
   0.000000000000000E+000,  0.000000000000000E+000
   0.000000000000000E+000,  0.000000000000000E+000
   0.000000000000000E+000,  0.000000000000000E+000
   0.000000000000000E+000,  0.000000000000000E+000
   0.000000000000000E+000,  0.000000000000000E+000
   0.000000000000000E+000,  0.000000000000000E+000
   0.000000000000000E+000,  0.000000000000000E+000
   0.000000000000000E+000,  0.000000000000000E+000
