 The results of Run #  L14    are:
 
 # of chemicals:           74
 # of Fragments:            0
 # of Datapoints:          464
 
 The parameter values are:
           1A:   0.000000000000000E+000   B:   0.000000000000000E+000
           2A:   0.000000000000000E+000   B:   0.000000000000000E+000
           3A:   0.000000000000000E+000   B:   0.000000000000000E+000
           4A:   0.000000000000000E+000   B:   0.000000000000000E+000
           5A:   0.000000000000000E+000   B:   0.000000000000000E+000
           6A:   0.000000000000000E+000   B:   0.000000000000000E+000
           7A:   0.000000000000000E+000   B:   0.000000000000000E+000
           8A:   0.000000000000000E+000   B:   0.000000000000000E+000
           9A:   0.000000000000000E+000   B:   0.000000000000000E+000
          10A:   0.000000000000000E+000   B:   0.000000000000000E+000
          11A:   0.000000000000000E+000   B:   0.000000000000000E+000
          12A:   0.000000000000000E+000   B:   0.000000000000000E+000
          13A:   0.000000000000000E+000   B:   0.000000000000000E+000
          14A:   0.000000000000000E+000   B:   0.000000000000000E+000
          15A:   0.000000000000000E+000   B:   0.000000000000000E+000
          16A:   0.000000000000000E+000   B:   0.000000000000000E+000
          17A:   0.000000000000000E+000   B:   0.000000000000000E+000
          18A:   0.000000000000000E+000   B:   0.000000000000000E+000
          19A:   0.000000000000000E+000   B:   0.000000000000000E+000
          20A:   0.000000000000000E+000   B:   0.000000000000000E+000
          21A:   0.000000000000000E+000   B:   0.000000000000000E+000
          22A:   0.000000000000000E+000   B:   0.000000000000000E+000
          23A:   0.000000000000000E+000   B:   0.000000000000000E+000
          24A:   0.000000000000000E+000   B:   0.000000000000000E+000
          25A:   0.000000000000000E+000   B:   0.000000000000000E+000
          26A:   0.000000000000000E+000   B:   0.000000000000000E+000
          27A:   0.000000000000000E+000   B:   0.000000000000000E+000
          28A:   0.000000000000000E+000   B:   0.000000000000000E+000
          29A:   0.000000000000000E+000   B:   0.000000000000000E+000
          30A:   0.000000000000000E+000   B:   0.000000000000000E+000
          31A:   0.000000000000000E+000   B:   0.000000000000000E+000
          32A:   0.000000000000000E+000   B:   0.000000000000000E+000
          33A:   0.000000000000000E+000   B:   0.000000000000000E+000
          34A:   0.000000000000000E+000   B:   0.000000000000000E+000
          35A:   0.000000000000000E+000   B:   0.000000000000000E+000
          36A:   0.000000000000000E+000   B:   0.000000000000000E+000
          37A:   0.000000000000000E+000   B:   0.000000000000000E+000
          38A:   0.000000000000000E+000   B:   0.000000000000000E+000
          39A:   0.000000000000000E+000   B:   0.000000000000000E+000
          40A:   0.000000000000000E+000   B:   0.000000000000000E+000
          41A:   0.000000000000000E+000   B:   0.000000000000000E+000
          42A:   0.000000000000000E+000   B:   0.000000000000000E+000
          43A:   0.000000000000000E+000   B:   0.000000000000000E+000
          44A:   0.000000000000000E+000   B:   0.000000000000000E+000
          45A:   0.000000000000000E+000   B:   0.000000000000000E+000
          46A:   0.000000000000000E+000   B:   0.000000000000000E+000
          47A:   0.000000000000000E+000   B:   0.000000000000000E+000
          48A:   0.000000000000000E+000   B:   0.000000000000000E+000
          49A:   0.000000000000000E+000   B:   0.000000000000000E+000
          50A:   0.000000000000000E+000   B:   0.000000000000000E+000
          51A:   0.000000000000000E+000   B:   0.000000000000000E+000
          52A:   0.000000000000000E+000   B:   0.000000000000000E+000
          53A:   0.000000000000000E+000   B:   0.000000000000000E+000
          54A:   0.000000000000000E+000   B:   0.000000000000000E+000
          55A:   0.000000000000000E+000   B:   0.000000000000000E+000
          56A:   0.000000000000000E+000   B:   0.000000000000000E+000
          57A:   0.000000000000000E+000   B:   0.000000000000000E+000
          58A:   0.000000000000000E+000   B:   0.000000000000000E+000
          59A:   0.000000000000000E+000   B:   0.000000000000000E+000
          60A:   0.000000000000000E+000   B:   0.000000000000000E+000
          61A:   0.000000000000000E+000   B:   0.000000000000000E+000
          62A:   0.000000000000000E+000   B:   0.000000000000000E+000
          63A:   0.000000000000000E+000   B:   0.000000000000000E+000
          64A:   0.000000000000000E+000   B:   0.000000000000000E+000
          65A:   0.000000000000000E+000   B:   0.000000000000000E+000
          66A:   0.000000000000000E+000   B:   0.000000000000000E+000
          67A:   0.000000000000000E+000   B:   0.000000000000000E+000
          68A:   0.000000000000000E+000   B:   0.000000000000000E+000
          69A:   0.000000000000000E+000   B:   0.000000000000000E+000
          70A:   0.000000000000000E+000   B:   0.000000000000000E+000
          71A:   0.000000000000000E+000   B:   0.000000000000000E+000
          72A:   0.000000000000000E+000   B:   0.000000000000000E+000
          73A:   0.000000000000000E+000   B:   0.000000000000000E+000
          74A:   0.000000000000000E+000   B:   0.000000000000000E+000
          75A:   0.000000000000000E+000   B:   0.000000000000000E+000
          76A:   0.000000000000000E+000   B:   0.000000000000000E+000
          77A:   0.000000000000000E+000   B:   0.000000000000000E+000
          78A:   0.000000000000000E+000   B:   0.000000000000000E+000
          79A:   0.000000000000000E+000   B:   0.000000000000000E+000
          80A:   0.000000000000000E+000   B:   0.000000000000000E+000
          81A:   0.000000000000000E+000   B:   0.000000000000000E+000
          82A:   0.000000000000000E+000   B:   0.000000000000000E+000
          83A:   0.000000000000000E+000   B:   0.000000000000000E+000
          84A:   0.000000000000000E+000   B:   0.000000000000000E+000
          85A:   0.000000000000000E+000   B:   0.000000000000000E+000
          86A:   0.000000000000000E+000   B:   0.000000000000000E+000
          87A:   0.000000000000000E+000   B:   0.000000000000000E+000
          88A:   0.000000000000000E+000   B:   0.000000000000000E+000
          89A:   0.000000000000000E+000   B:   0.000000000000000E+000
          90A:   0.000000000000000E+000   B:   0.000000000000000E+000
          91A:   0.000000000000000E+000   B:   0.000000000000000E+000
          92A:   0.000000000000000E+000   B:   0.000000000000000E+000
          93A:   0.000000000000000E+000   B:   0.000000000000000E+000
          94A:   0.000000000000000E+000   B:   0.000000000000000E+000
          95A:   0.000000000000000E+000   B:   0.000000000000000E+000
          96A:   0.000000000000000E+000   B:   0.000000000000000E+000
          97A:   0.000000000000000E+000   B:   0.000000000000000E+000
          98A:   0.000000000000000E+000   B:   0.000000000000000E+000
          99A:   0.000000000000000E+000   B:   0.000000000000000E+000
         100A:   0.000000000000000E+000   B:   0.000000000000000E+000
         101A:   0.000000000000000E+000   B:   0.000000000000000E+000
         102A:   0.000000000000000E+000   B:   0.000000000000000E+000
         103A:   0.000000000000000E+000   B:   0.000000000000000E+000
         104A:   0.000000000000000E+000   B:   0.000000000000000E+000
         105A:   0.000000000000000E+000   B:   0.000000000000000E+000
         106A:   0.000000000000000E+000   B:   0.000000000000000E+000
         107A:   0.000000000000000E+000   B:   0.000000000000000E+000
         108A:   0.000000000000000E+000   B:   0.000000000000000E+000
         109A:   0.000000000000000E+000   B:   0.000000000000000E+000
         110A:   0.000000000000000E+000   B:   0.000000000000000E+000
         111A:   0.000000000000000E+000   B:   0.000000000000000E+000
         112A:   0.000000000000000E+000   B:   0.000000000000000E+000
         113A:   0.000000000000000E+000   B:   0.000000000000000E+000
         114A:   0.000000000000000E+000   B:   0.000000000000000E+000
         115A:   0.000000000000000E+000   B:   0.000000000000000E+000
 The standard error of regression is:        3.936433052824345
