 ITER NCFN  ILOW NPAR
    1    6    2    3
  RMSE =
    1.19221E+01
  Function Value, F( 1) =
    8.05409E+01
  X(I, 1), I = 1, 3...
    4.00000E+00    3.00000E+00    1.00000E+00
  Function Value, F( 2) =
    5.67868E+01
  X(I, 2), I = 1, 3...
    9.00000E+00    3.00000E+00    1.00000E+00
  Function Value, F( 3) =
    7.05691E+01
  X(I, 3), I = 1, 3...
    4.00000E+00    8.00000E+00    1.00000E+00
  Function Value, F( 4) =
    8.87582E+01
  X(I, 4), I = 1, 3...
    4.83333E+00    3.83333E+00    3.50000E+00
