 PASS:        1821
  FRAG #        A              B      
 -------  -------------  -------------

    4.86828560,   9.74561721
    -.14365947,    .68695694
     .00000000,    .00000000
     .00000000,    .00000000
    8.83838605,   8.36818284
     .00000000,    .00000000
     .00000000,    .00000000
     .00000000,    .00000000
     .00000000,    .00000000
     .00000000,    .00000000
     .00000000,    .00000000
     .00000000,    .00000000
     .00000000,    .00000000
     .00000000,    .00000000
     .00000000,    .00000000
     .00000000,    .00000000
     .00000000,    .00000000
     .00000000,    .00000000
     .00000000,    .00000000
     .00000000,    .00000000
     .00000000,    .00000000
     .00000000,    .00000000
     .00000000,    .00000000
     .00000000,    .00000000
     .00000000,    .00000000
     .00000000,    .00000000
     .00000000,    .00000000
     .00000000,    .00000000
     .00000000,    .00000000
     .00000000,    .00000000
     .00000000,    .00000000
     .00000000,    .00000000
     .00000000,    .00000000
     .00000000,    .00000000
     .00000000,    .00000000
     .00000000,    .00000000
     .00000000,    .00000000
     .00000000,    .00000000
     .00000000,    .00000000
     .00000000,    .00000000
     .00000000,    .00000000
     .00000000,    .00000000
     .00000000,    .00000000
     .00000000,    .00000000
     .00000000,    .00000000
     .00000000,    .00000000
     .00000000,    .00000000
     .00000000,    .00000000
     .00000000,    .00000000
     .00000000,    .00000000
     .00000000,    .00000000
     .00000000,    .00000000
     .00000000,    .00000000
     .00000000,    .00000000
     .00000000,    .00000000
     .00000000,    .00000000
     .00000000,    .00000000
     .00000000,    .00000000
     .00000000,    .00000000
     .00000000,    .00000000
     .00000000,    .00000000
     .00000000,    .00000000
     .00000000,    .00000000
     .00000000,    .00000000
     .00000000,    .00000000
     .00000000,    .00000000
     .00000000,    .00000000
     .00000000,    .00000000
     .00000000,    .00000000
     .00000000,    .00000000
     .00000000,    .00000000
     .00000000,    .00000000
     .00000000,    .00000000
     .00000000,    .00000000
     .00000000,    .00000000
     .00000000,    .00000000
     .00000000,    .00000000
     .00000000,    .00000000
     .00000000,    .00000000
     .00000000,    .00000000
     .00000000,    .00000000
     .00000000,    .00000000
     .00000000,    .00000000
     .00000000,    .00000000
     .00000000,    .00000000
     .00000000,    .00000000
     .00000000,    .00000000
     .00000000,    .00000000
     .00000000,    .00000000
     .00000000,    .00000000
     .00000000,    .00000000
     .00000000,    .00000000
     .00000000,    .00000000
     .00000000,    .00000000
     .00000000,    .00000000
     .00000000,    .00000000
     .00000000,    .00000000
     .00000000,    .00000000
     .00000000,    .00000000
     .00000000,    .00000000
     .00000000,    .00000000
     .00000000,    .00000000
     .00000000,    .00000000
     .00000000,    .00000000
     .00000000,    .00000000
     .00000000,    .00000000
     .00000000,    .00000000
     .00000000,    .00000000
     .00000000,    .00000000
     .00000000,    .00000000
     .00000000,    .00000000
     .00000000,    .00000000
     .00000000,    .00000000
     .00000000,    .00000000
     .00000000,    .00000000
