 PASS:           2
    CT      29.10000
    ES      13.57010
    PO      -5.77919
    OC      16.15590
    BS       2.53819
    FS        .50000
    PS        .50000
    SF        .50000
    VH        .50000
    VH        .50000
    HH        .50000
    HH        .50000
    HH        .50000
    HH        .50000
    OM        .50000
    PM        .50000
    PN        .50000
    AA        .50000
    MA        .50000
    AL        .50000
    OL        .50000
    AT        .50000
    AT        .50000
    OL        .50000
    OL        .50000
    AT        .50000
    SP        .50000
    SP        .50000
    PL        .50000
    PL        .50000
    PL        .50000
    OT        .50000
    PO        .50000
    PL        .50000
    PO        .50000
    SD        .50000
    SF        .50000
    SD        .50000
    SF        .50000
    SF        .50000
    AM        .50000
    BM        .50000
    BM        .50000
    BM        .50000
    PM        .50000
    SX        .50000
    SX        .50000
    HH        .50000
    PO        .50000
    RM        .50000
    DE        .50000
    NX        .50000
    SF        .50000
    SF        .50000
    PN        .50000
    CE        .50000
    DE        .50000
    YY        .50000
    DE        .50000
    DE        .50000
    DE        .50000
    YY        .50000
    KK        .50000
    KK      29.10000
    US      13.57010
    LD      -5.77919
    US      16.15590
