           1         565        8974
           2         479        7208
           3         184        2857
           4          56        1085
           5          56         937
           6          50         770
           7          33         495
           8          19         295
           9           5          91
          10         147        1482
          11          60         439
          12          47         581
          13          41         354
          14          11         133
          15          79        1027
          16           1          38
          17           0           0
          18          16         115
          19          19         265
          20          10         186
          21          23         202
          22          24         374
          23          22         214
          24          12         186
          25          22         284
          26          34         319
          27           2          26
          28           1          50
          29           1           3
          30          18         215
          31           4          50
          32           4          11
          33          12         106
          34           1          10
          35           2           8
          36           3          44
          37           6          69
          38           1          19
          39           3          77
          40           3          42
          41           1           6
          42          13         104
          43          25         154
          44           1          27
          45          29         405
          46           7         131
          47           1           8
          48           1          15
          49           8         136
          50           1           5
          51           1          41
          52           7          94
          53           1          35
          54          14         122
          55           1          62
          56           2          53
          57           1          24
          58           6          23
          59           1          28
          60           1           4
          61          16         186
          62           1          13
          63           1          23
          64           6          76
          65          22         260
          66           9         130
          67           4          70
          68           1          10
          69           1          10
          70          12         162
          71           2          62
          72           1          21
          73           0           0
          74          11         110
          75           5          22
          76           0           0
          77          37         327
          78           0           0
          79           0           0
          80           0           0
          81           4          68
          82           0           0
          83           0           0
          84           6          85
          85           1          18
          86           1          35
          87           4         107
          88           1          22
          89           1          16
          90           6         107
          91           1           3
          92           0           0
          93           1           2
          94           1           1
          95           1           6
          96           0           0
          97           1           1
          98           0           0
          99           0           0
         100           9         102
         101           3          14
         102           6         192
         103           7         180
         104           0           0
         105           1          20
         106           1          71
         107           2          55
         108           0           0
