 Andrew W. Loll, 11/96


 The Results for the SIMPLEX Non-Linear Regression of the Antoine Constants are: 
 The Objective Function for this Run is:       .18744E-07


  FRAG #        A              B           SEED B
 -------  -------------  -------------

       1     2.30000000   449.75342001     500.
       2     1.80000000   261.68986031     300.
       3     2.90000000   294.61625265     300.
       4      .46000000   111.05022716     100.
       5     1.30000000   385.12218780     400.
       6     2.10000000   562.69150103     500.



 The Results for the SIMPLEX Non-Linear Regression of the Antoine Constants are: 
 The Objective Function for this Run is:       .18744E-07


  FRAG #        A              B      
 -------  -------------  -------------

       1     2.30000000   283.67163342       200.
       2     1.80000000   165.05486522       200.
       3     2.90000000   185.82243047       200.
       4      .46000000    70.04237862       200.
       5     1.30000000   242.90696906       200.
       6     2.10000000   354.90473247       200.


 The Results for the SIMPLEX Non-Linear Regression of the Antoine Constants are: 
 The Objective Function for this Run is:       .18744E-07


  FRAG #        A              B           SEED B
 -------  -------------  -------------

       1     2.30000000   605.91093954     500.
       2     1.80000000   352.55040223     500.
       3     2.90000000   396.90906729     500.
       4      .46000000   149.60763939     500.
       5     1.30000000   518.83929341     500.
       6     2.10000000   758.06190879     500.
