Line 18: Class Threed.SSFrame of control SSFrame1 was not a loaded control class.
Line 233: Class Threed.SSFrame of control SSFrame2 was not a loaded control class.
Line 273: Class Threed.SSPanel of control sspContaminantProps was not a loaded control class.
Line 417: Class Threed.SSFrame of control SSFrame5 was not a loaded control class.
Line 479: Class Threed.SSOption of control optTimeVarEmit was not a loaded control class.
Line 501: Class Threed.SSOption of control optTimeVarEmit was not a loaded control class.
Line 523: Class Threed.SSCommand of control cmdTimeVarEmit was not a loaded control class.
Line 546: Class Threed.SSFrame of control SSFrame4 was not a loaded control class.
Line 608: Class Threed.SSOption of control optTimeVarConc was not a loaded control class.
Line 630: Class Threed.SSOption of control optTimeVarConc was not a loaded control class.
Line 652: Class Threed.SSCommand of control cmdTimeVarConc was not a loaded control class.
Line 675: Class Threed.SSFrame of control SSFrame6 was not a loaded control class.
Line 739: Class Threed.SSOption of control optTimeVarK was not a loaded control class.
Line 761: Class Threed.SSOption of control optTimeVarK was not a loaded control class.
Line 783: Class Threed.SSCommand of control cmdTimeVarK was not a loaded control class.
Line 987: Class Threed.SSCommand of control cmdCancelOK was not a loaded control class.
Line 1011: Class Threed.SSCommand of control cmdCancelOK was not a loaded control class.
Line 1035: Class Threed.SSPanel of control SSPanel2 was not a loaded control class.
Line 1057: Class Threed.SSPanel of control sspanel_Dirty was not a loaded control class.
Line 1081: Class Threed.SSPanel of control sspanel_Status was not a loaded control class.
Line 1106: Class Threed.SSFrame of control SSFrame3 was not a loaded control class.
Line 1149: Class Threed.SSFrame of control ssframe_ContaminantProps was not a loaded control class.
