 Column 1: Time in Days
 Other Columns: Concentrations in meq/L
 
 
    .694444444444E-03   .544400921945E-04   .104021855599E+02
    .156250000000E-02   .320497141579E-04   .104022079503E+02
    .243055555556E-02   .196671817476E-04   .104022203328E+02
    .329861111111E-02   .389480098571E-04   .104022010520E+02
    .416666666667E-02   .296461460497E-04   .104022103539E+02
    .503472222222E-02   .153542509672E-04   .104022246457E+02
    .590277777778E-02   .708962907136E-05   .104022329104E+02
    .677083333333E-02   .734935243527E-05   .104022326506E+02
    .763888888889E-02   .190149809695E-04   .104022209850E+02
    .850694444444E-02   .270039207832E-04   .104022129961E+02
    .937500000000E-02   .287365553501E-04   .104022112634E+02
    .102430555556E-01   .252633313970E-04   .104022147367E+02
    .111111111111E-01   .218949179986E-04   .104022181051E+02
    .119791666667E-01   .216127148219E-04   .104022183873E+02
    .128472222222E-01   .425890194818E-04   .104021974110E+02
    .137152777778E-01   .720471399837E-04   .104021679529E+02
    .145833333333E-01   .107175405365E-03   .104021328246E+02
    .154513888889E-01   .155062909169E-03   .104020849371E+02
    .163194444444E-01   .217684798878E-03   .104020223152E+02
    .171875000000E-01   .298346755685E-03   .104019416532E+02
    .180555555556E-01   .399903604739E-03   .104018400964E+02
    .189236111111E-01   .524710487667E-03   .104017152895E+02
    .197916666667E-01   .679417901857E-03   .104015605821E+02
    .206597222222E-01   .867243821606E-03   .104013727562E+02
    .215277777778E-01   .109234719682E-02   .104011476528E+02
    .223958333333E-01   .136000912254E-02   .104008799909E+02
    .232638888889E-01   .167571229327E-02   .104005642877E+02
    .241319444444E-01   .204500688156E-02   .104001949931E+02
    .250000000000E-01   .247368863626E-02   .103997663114E+02
    .258680555556E-01   .296777935022E-02   .103992722206E+02
    .267361111111E-01   .353357616518E-02   .103987064238E+02
    .276041666667E-01   .417771620439E-02   .103980622838E+02
    .284722222222E-01   .490676771292E-02   .103973332323E+02
    .293402777778E-01   .572772403855E-02   .103965122760E+02
    .302083333333E-01   .664786628372E-02   .103955921337E+02
    .310763888889E-01   .767435737288E-02   .103945656426E+02
    .319444444444E-01   .881411143193E-02   .103934258886E+02
    .328125000000E-01   .100748811763E-01   .103921651188E+02
    .336805555556E-01   .114645438864E-01   .103907754561E+02
    .345486111111E-01   .129904159292E-01   .103892495841E+02
    .354166666667E-01   .146602046423E-01   .103875797954E+02
    .362847222222E-01   .164815269199E-01   .103857584731E+02
    .371527777778E-01   .184620913050E-01   .103837779087E+02
    .380208333333E-01   .206097063717E-01   .103816302936E+02
    .388888888889E-01   .229322107944E-01   .103793077892E+02
    .397569444444E-01   .254375178398E-01   .103768024822E+02
    .406250000000E-01   .281333980781E-01   .103741066019E+02
    .414930555556E-01   .310276638305E-01   .103712123362E+02
    .423611111111E-01   .341277940723E-01   .103681122059E+02
    .432291666667E-01   .374413981126E-01   .103647986019E+02
    .440972222222E-01   .409760782210E-01   .103612639218E+02
    .449652777778E-01   .447395414240E-01   .103575004586E+02
    .458333333333E-01   .487395705538E-01   .103535004294E+02
    .467013888889E-01   .529830947435E-01   .103492569053E+02
    .475694444444E-01   .574773482720E-01   .103447626517E+02
    .484375000000E-01   .622298486869E-01   .103400101513E+02
    .493055555556E-01   .672476166015E-01   .103349923834E+02
    .501736111111E-01   .725375865780E-01   .103297024134E+02
    .510416666667E-01   .781068191869E-01   .103241331808E+02
    .519097222222E-01   .839618206901E-01   .103182781793E+02
    .527777777778E-01   .901095983767E-01   .103121304016E+02
    .536458333333E-01   .965564002043E-01   .103056835998E+02
    .545138888889E-01   .103309041732E+00   .102989309583E+02
    .553819444444E-01   .110373586319E+00   .102918664137E+02
    .562500000000E-01   .117756433369E+00   .102844835666E+02
    .571180555556E-01   .125463577299E+00   .102767764227E+02
    .579861111111E-01   .133500995741E+00   .102687390043E+02
    .588541666667E-01   .141874574014E+00   .102603654260E+02
    .597222222222E-01   .150589751237E+00   .102516502488E+02
    .605902777778E-01   .159652413808E+00   .102425875862E+02
    .614583333333E-01   .169068030210E+00   .102331719698E+02
    .623263888889E-01   .178841884600E+00   .102233981154E+02
    .631944444444E-01   .188979070934E+00   .102132609291E+02
    .640625000000E-01   .199484497080E+00   .102027555029E+02
    .649305555556E-01   .210363036263E+00   .101918769637E+02
    .657986111111E-01   .221619341469E+00   .101806206585E+02
    .666666666667E-01   .233257821820E+00   .101689821782E+02
    .675347222222E-01   .245282878731E+00   .101569571213E+02
    .684027777778E-01   .257699013878E+00   .101445409861E+02
    .692708333333E-01   .270510218236E+00   .101317297818E+02
    .701388888889E-01   .283720475885E+00   .101185195241E+02
    .710069444444E-01   .297333773887E+00   .101049062261E+02
    .718750000000E-01   .311353823587E+00   .100908861764E+02
    .727430555556E-01   .325784252361E+00   .100764557476E+02
    .736111111111E-01   .340628544201E+00   .100616114558E+02
    .744791666667E-01   .355890054184E+00   .100463499458E+02
    .753472222222E-01   .371572015187E+00   .100306679848E+02
    .762152777778E-01   .387677498582E+00   .100145625014E+02
    .770833333333E-01   .404209397261E+00   .999803060274E+01
    .779513888889E-01   .421170571377E+00   .998106942862E+01
    .788194444444E-01   .438563705532E+00   .996367629447E+01
    .796875000000E-01   .456391351164E+00   .994584864884E+01
    .805555555556E-01   .474655926548E+00   .992758407345E+01
    .814236111111E-01   .493359715538E+00   .990888028446E+01
    .822916666667E-01   .512504870051E+00   .988973512995E+01
    .831597222222E-01   .532093408847E+00   .987014659115E+01
    .840277777778E-01   .552127217236E+00   .985011278276E+01
    .848958333333E-01   .572608047341E+00   .982963195266E+01
    .857638888889E-01   .593537543608E+00   .980870245639E+01
    .866319444444E-01   .614917280788E+00   .978732271921E+01
    .875000000000E-01   .636748579949E+00   .976549142005E+01
    .883680555556E-01   .659032681685E+00   .974320731831E+01
    .892361111111E-01   .681770695517E+00   .972046930448E+01
    .901041666667E-01   .704963599888E+00   .969727640011E+01
    .909722222222E-01   .728612395760E+00   .967362760424E+01
    .918402777778E-01   .752717817658E+00   .964952218234E+01
    .927083333333E-01   .777280449505E+00   .962495955050E+01
    .935763888889E-01   .802300786255E+00   .959993921375E+01
    .944444444444E-01   .827779195664E+00   .957446080434E+01
    .953125000000E-01   .853715954152E+00   .954852404585E+01
    .961805555556E-01   .880111331709E+00   .952212866829E+01
    .970486111111E-01   .906965258887E+00   .949527474111E+01
    .979166666667E-01   .934277629853E+00   .946796237015E+01
    .987847222222E-01   .962048215096E+00   .944019178490E+01
    .996527777778E-01   .990276661427E+00   .941196333857E+01
    .100520833333E+00   .101896249336E+01   .938327750664E+01
    .101388888889E+00   .104810511065E+01   .935413488935E+01
    .102256944444E+00   .107770378900E+01   .932453621100E+01
    .103125000000E+00   .110775768091E+01   .929448231909E+01
    .103993055556E+00   .113826581522E+01   .926397418478E+01
    .104861111111E+00   .116922714490E+01   .923301285510E+01
    .105729166667E+00   .120064070688E+01   .920159929312E+01
    .106597222222E+00   .123250504723E+01   .916973495277E+01
    .107465277778E+00   .126481874495E+01   .913742125505E+01
    .108333333333E+00   .129758025945E+01   .910465974055E+01
    .109201388889E+00   .133078793060E+01   .907145206940E+01
    .110069444444E+00   .136443997869E+01   .903780002131E+01
    .110937500000E+00   .139853456054E+01   .900370543946E+01
    .111805555556E+00   .143306963364E+01   .896917036636E+01
    .112673611111E+00   .146804306719E+01   .893419693281E+01
    .113541666667E+00   .150345261166E+01   .889878738834E+01
    .114409722222E+00   .153929589870E+01   .886294410130E+01
    .115277777778E+00   .157557044110E+01   .882666955890E+01
    .116145833333E+00   .161227222976E+01   .878996777024E+01
    .117013888889E+00   .164939868352E+01   .875284131648E+01
    .117881944444E+00   .168694696493E+01   .871529303507E+01
    .118750000000E+00   .172491384049E+01   .867732615951E+01
    .119618055556E+00   .176329593447E+01   .863894406553E+01
    .120486111111E+00   .180208972892E+01   .860015027108E+01
    .121354166667E+00   .184129256645E+01   .856094743355E+01
    .122222222222E+00   .188090105760E+01   .852133894240E+01
    .123090277778E+00   .192091102945E+01   .848132897055E+01
    .123958333333E+00   .196131865796E+01   .844092134204E+01
    .124826388889E+00   .200211999990E+01   .840012000010E+01
    .125694444444E+00   .204331099288E+01   .835892900712E+01
    .126562500000E+00   .208488779186E+01   .831735220814E+01
    .127430555556E+00   .212684656145E+01   .827539343855E+01
    .128298611111E+00   .216918266441E+01   .823305733559E+01
    .129166666667E+00   .221189169414E+01   .819034830586E+01
    .130034722222E+00   .225496913674E+01   .814727086326E+01
    .130902777778E+00   .229841037090E+01   .810382962910E+01
    .131770833333E+00   .234220998294E+01   .806003001706E+01
    .132638888889E+00   .238636044658E+01   .801587955342E+01
    .133506944444E+00   .243085800722E+01   .797138199278E+01
    .134375000000E+00   .247569710619E+01   .792654289381E+01
    .135243055556E+00   .252087203135E+01   .788136796865E+01
    .136111111111E+00   .256637691711E+01   .783586308289E+01
    .136979166667E+00   .261220598132E+01   .779003401868E+01
    .137847222222E+00   .265835961167E+01   .774388038833E+01
    .138715277778E+00   .270482816400E+01   .769741183600E+01
    .139583333333E+00   .275160588787E+01   .765063411213E+01
    .140451388889E+00   .279868693895E+01   .760355306105E+01
    .141319444444E+00   .284606537897E+01   .755617462103E+01
    .142187500000E+00   .289373517578E+01   .750850482422E+01
    .143055555556E+00   .294169020332E+01   .746054979668E+01
    .143923611111E+00   .298991867668E+01   .741232132332E+01
    .144791666667E+00   .303841635782E+01   .736382364218E+01
    .145659722222E+00   .308717661293E+01   .731506338707E+01
    .146527777778E+00   .313619223434E+01   .726604776566E+01
    .147395833333E+00   .318545586659E+01   .721678413341E+01
    .148263888889E+00   .323496000649E+01   .716727999351E+01
    .149131944444E+00   .328469700308E+01   .711754299692E+01
    .150000000000E+00   .333466608403E+01   .706757391597E+01
    .150868055556E+00   .338485838184E+01   .701738161816E+01
    .151736111111E+00   .343526522554E+01   .696697477446E+01
    .152604166667E+00   .348587943880E+01   .691636056120E+01
    .153472222222E+00   .353669377969E+01   .686554622031E+01
    .154340277778E+00   .358770094061E+01   .681453905939E+01
    .155208333333E+00   .363889354836E+01   .676334645164E+01
    .156076388889E+00   .369026274988E+01   .671197725012E+01
    .156944444444E+00   .374180074490E+01   .666043925510E+01
    .157812500000E+00   .379350032244E+01   .660873967756E+01
    .158680555556E+00   .384535358258E+01   .655688641742E+01
    .159548611111E+00   .389735253914E+01   .650488746086E+01
    .160416666667E+00   .394948911978E+01   .645275088022E+01
    .161284722222E+00   .400175516593E+01   .640048483407E+01
    .162152777778E+00   .405414393975E+01   .634809606025E+01
    .163020833333E+00   .410664820117E+01   .629559179883E+01
    .163888888889E+00   .415925875962E+01   .624298124038E+01
    .164756944444E+00   .421196747381E+01   .619027252619E+01
    .165625000000E+00   .426476614475E+01   .613747385525E+01
    .166493055556E+00   .431764651570E+01   .608459348430E+01
    .167361111111E+00   .437060027222E+01   .603163972778E+01
    .168229166667E+00   .442361991173E+01   .597862008827E+01
    .169097222222E+00   .447669839193E+01   .592554160807E+01
    .169965277778E+00   .452982639820E+01   .587241360180E+01
    .170833333333E+00   .458299567334E+01   .581924432666E+01
    .171701388889E+00   .463619792534E+01   .576604207466E+01
    .172569444444E+00   .468942482739E+01   .571281517261E+01
    .173437500000E+00   .474266801784E+01   .565957198216E+01
    .174305555556E+00   .479591983746E+01   .560632016254E+01
    .175173611111E+00   .484917419517E+01   .555306580483E+01
    .176041666667E+00   .490242107949E+01   .549981892051E+01
    .176909722222E+00   .495565225785E+01   .544658774215E+01
    .177777777778E+00   .500885948143E+01   .539338051857E+01
    .178645833333E+00   .506203448515E+01   .534020551485E+01
    .179513888889E+00   .511516898768E+01   .528707101232E+01
    .180381944444E+00   .516825469143E+01   .523398530857E+01
    .181250000000E+00   .522128328254E+01   .518095671746E+01
    .182118055556E+00   .527425028799E+01   .512798971201E+01
    .182986111111E+00   .532714654150E+01   .507509345850E+01
    .183854166667E+00   .537996315416E+01   .502227684584E+01
    .184722222222E+00   .543269216501E+01   .496954783499E+01
    .185590277778E+00   .548532562473E+01   .491691437527E+01
    .186458333333E+00   .553785559566E+01   .486438440434E+01
    .187326388889E+00   .559027415173E+01   .481196584827E+01
    .188194444444E+00   .564257337853E+01   .475966662147E+01
    .189062500000E+00   .569474682301E+01   .470749317699E+01
    .189930555556E+00   .574678996513E+01   .465545003487E+01
    .190798611111E+00   .579869259765E+01   .460354740235E+01
    .191666666667E+00   .585044728714E+01   .455179271286E+01
    .192534722222E+00   .590204664176E+01   .450019335824E+01
    .193402777778E+00   .595348331125E+01   .444875668875E+01
    .194270833333E+00   .600474998689E+01   .439749001311E+01
    .195138888889E+00   .605583940156E+01   .434640059844E+01
    .196006944444E+00   .610674432973E+01   .429549567027E+01
    .196875000000E+00   .615746112862E+01   .424477887138E+01
    .197743055556E+00   .620798155162E+01   .419425844838E+01
    .198611111111E+00   .625829821902E+01   .414394178098E+01
    .199479166667E+00   .630840442906E+01   .409383557094E+01
    .200347222222E+00   .635829354535E+01   .404394645465E+01
    .201215277778E+00   .640795899682E+01   .399428100318E+01
    .202083333333E+00   .645739427779E+01   .394484572221E+01
    .202951388889E+00   .650659294791E+01   .389564705209E+01
    .203819444444E+00   .655554984494E+01   .384669015506E+01
    .204687500000E+00   .660426074957E+01   .379797925043E+01
    .205555555556E+00   .665271789213E+01   .374952210787E+01
    .206423611111E+00   .670091540190E+01   .370132459810E+01
    .207291666667E+00   .674884749469E+01   .365339250531E+01
    .208159722222E+00   .679650847284E+01   .360573152716E+01
    .209027777778E+00   .684389272518E+01   .355834727482E+01
    .209895833333E+00   .689099472709E+01   .351124527291E+01
    .210763888889E+00   .693780904045E+01   .346443095955E+01
    .211631944444E+00   .698433327549E+01   .341790672451E+01
    .212500000000E+00   .703056098361E+01   .337167901639E+01
    .213368055556E+00   .707648690425E+01   .332575309575E+01
    .214236111111E+00   .712210622503E+01   .328013377497E+01
    .215104166667E+00   .716741423863E+01   .323482576137E+01
    .215972222222E+00   .721240634280E+01   .318983365720E+01
    .216840277778E+00   .725707804032E+01   .314516195968E+01
    .217708333333E+00   .730142493905E+01   .310081506095E+01
    .218576388889E+00   .734544364568E+01   .305679635432E+01
    .219444444444E+00   .738913111754E+01   .301310888246E+01
    .220312500000E+00   .743248238547E+01   .296975761453E+01
    .221180555556E+00   .747549367439E+01   .292674632561E+01
    .222048611111E+00   .751816132774E+01   .288407867226E+01
    .222916666667E+00   .756048180750E+01   .284175819250E+01
    .223784722222E+00   .760245169415E+01   .279978830585E+01
    .224652777778E+00   .764406768673E+01   .275817231327E+01
    .225520833333E+00   .768532660279E+01   .271691339721E+01
    .226388888889E+00   .772622705380E+01   .267601294620E+01
    .227256944444E+00   .776676529387E+01   .263547470613E+01
    .228125000000E+00   .780693852606E+01   .259530147394E+01
    .228993055556E+00   .784674419048E+01   .255549580952E+01
    .229861111111E+00   .788617985559E+01   .251606014441E+01
    .230729166667E+00   .792524321821E+01   .247699678179E+01
    .231597222222E+00   .796393210347E+01   .243830789653E+01
    .232465277778E+00   .800224446483E+01   .239999553517E+01
    .233333333333E+00   .804017877529E+01   .236206122471E+01
    .234201388889E+00   .807773360766E+01   .232450639234E+01
    .235069444444E+00   .811490698863E+01   .228733301137E+01
    .235937500000E+00   .815169746088E+01   .225054253912E+01
    .236805555556E+00   .818810370063E+01   .221413629937E+01
    .237673611111E+00   .822412451759E+01   .217811548241E+01
    .238541666667E+00   .825975885499E+01   .214248114501E+01
    .239409722222E+00   .829500578957E+01   .210723421043E+01
    .240277777778E+00   .832986453158E+01   .207237546842E+01
    .241145833333E+00   .836433472611E+01   .203790527389E+01
    .242013888889E+00   .839841568534E+01   .200382431466E+01
    .242881944444E+00   .843210703773E+01   .197013296227E+01
    .243750000000E+00   .846540855271E+01   .193683144729E+01
    .244618055556E+00   .849832013488E+01   .190391986512E+01
    .245486111111E+00   .853084182399E+01   .187139817601E+01
    .246354166667E+00   .856297379497E+01   .183926620503E+01
    .247222222222E+00   .859471635792E+01   .180752364208E+01
    .248090277778E+00   .862606859409E+01   .177617140591E+01
    .248958333333E+00   .865703019768E+01   .174520980232E+01
    .249826388889E+00   .868760275243E+01   .171463724757E+01
    .250694444444E+00   .871778687302E+01   .168445312698E+01
    .251562500000E+00   .874758329325E+01   .165465670675E+01
    .252430555556E+00   .877699286604E+01   .162524713396E+01
    .253298611111E+00   .880601656343E+01   .159622343657E+01
    .254166666667E+00   .883465547660E+01   .156758452340E+01
    .255034722222E+00   .886291085189E+01   .153932914811E+01
    .255902777778E+00   .889078554829E+01   .151145445171E+01
    .256770833333E+00   .891828012162E+01   .148395987838E+01
    .257638888889E+00   .894539626004E+01   .145684373996E+01
    .258506944444E+00   .897213577931E+01   .143010422069E+01
    .259375000000E+00   .899850062276E+01   .140373937724E+01
    .260243055556E+00   .902449286131E+01   .137774713869E+01
    .261111111111E+00   .905011469347E+01   .135212530653E+01
    .261979166667E+00   .907536844533E+01   .132687155467E+01
    .262847222222E+00   .910025354712E+01   .130198645288E+01
    .263715277778E+00   .912477130027E+01   .127746869973E+01
    .264583333333E+00   .914892594146E+01   .125331405854E+01
    .265451388889E+00   .917271983538E+01   .122952016462E+01
    .266319444444E+00   .919615544235E+01   .120608455765E+01
    .267187500000E+00   .921923531833E+01   .118300468167E+01
    .268055555556E+00   .924196211489E+01   .116027788511E+01
    .268923611111E+00   .926433857927E+01   .113790142073E+01
    .269791666667E+00   .928636740394E+01   .111587259606E+01
    .270659722222E+00   .930804944846E+01   .109419055154E+01
    .271527777778E+00   .932938898713E+01   .107285101287E+01
    .272395833333E+00   .935038897348E+01   .105185102652E+01
    .273263888889E+00   .937105244435E+01   .103118755565E+01
    .274131944444E+00   .939138251988E+01   .101085748012E+01
    .275000000000E+00   .941138240352E+01   .990857596476E+00
    .275868055556E+00   .943105538202E+01   .971184617978E+00
    .276736111111E+00   .945040482542E+01   .951835174576E+00
    .277604166667E+00   .946943177089E+01   .932808229107E+00
    .278472222222E+00   .948813918748E+01   .914100812524E+00
    .279340277778E+00   .950653165231E+01   .895708347686E+00
    .280208333333E+00   .952461252588E+01   .877627474116E+00
    .281076388889E+00   .954238522883E+01   .859854771166E+00
    .281944444444E+00   .955985324197E+01   .842386758025E+00
    .282812500000E+00   .957702010629E+01   .825219893713E+00
    .283680555556E+00   .959388942292E+01   .808350577081E+00
    .284548611111E+00   .961046526124E+01   .791774738764E+00
    .285416666667E+00   .962674601486E+01   .775493985143E+00
    .286284722222E+00   .964273885586E+01   .759501144145E+00
    .287152777778E+00   .965844726761E+01   .743792732390E+00
    .288020833333E+00   .967387478841E+01   .728365211591E+00
    .288888888889E+00   .968902500897E+01   .713214991025E+00
    .289756944444E+00   .970390156999E+01   .698338430006E+00
    .290625000000E+00   .971850815965E+01   .683731840353E+00
    .291493055556E+00   .973284851114E+01   .669391488861E+00
    .292361111111E+00   .974692417892E+01   .655315821083E+00
    .293229166667E+00   .976073883407E+01   .641501165931E+00
    .294097222222E+00   .977429698608E+01   .627943013918E+00
    .294965277778E+00   .978760219644E+01   .614637803563E+00
    .295833333333E+00   .980065802568E+01   .601581974318E+00
    .296701388889E+00   .981346802948E+01   .588771970518E+00
    .297569444444E+00   .982603575467E+01   .576204245333E+00
    .298437500000E+00   .983836473527E+01   .563875264728E+00
    .299305555556E+00   .985045848859E+01   .551781511409E+00
    .300173611111E+00   .986232051122E+01   .539919488782E+00
    .301041666667E+00   .987395398311E+01   .528286016887E+00
    .301909722222E+00   .988536232859E+01   .516877671412E+00
    .302777777778E+00   .989654904465E+01   .505690955348E+00
    .303645833333E+00   .990751746257E+01   .494722537428E+00
    .304513888889E+00   .991827086873E+01   .483969131266E+00
    .305381944444E+00   .992881250049E+01   .473427499511E+00
    .306250000000E+00   .993914554201E+01   .463094457990E+00
    .307118055556E+00   .994927312014E+01   .452966879861E+00
    .307986111111E+00   .995919830024E+01   .443041699756E+00
    .308854166667E+00   .996892408206E+01   .433315917938E+00
    .309722222222E+00   .997845612685E+01   .423783873150E+00
    .310590277778E+00   .998779746864E+01   .414442531365E+00
    .311458333333E+00   .999695007874E+01   .405289921262E+00
    .312326388889E+00   .100059170551E+02   .396322944875E+00
    .313194444444E+00   .100147014507E+02   .387538549290E+00
    .314062500000E+00   .100233062710E+02   .378933728971E+00
    .314930555556E+00   .100317344719E+02   .370505528085E+00
    .315798611111E+00   .100399889572E+02   .362251042826E+00
    .316666666667E+00   .100480725763E+02   .354167423742E+00
    .317534722222E+00   .100559881219E+02   .346251878057E+00
    .318402777778E+00   .100637399372E+02   .338500062837E+00
    .319270833333E+00   .100713307992E+02   .330909200775E+00
    .320138888889E+00   .100787628417E+02   .323477158321E+00
    .321006944444E+00   .100860388443E+02   .316201155690E+00
    .321875000000E+00   .100931615429E+02   .309078457056E+00
    .322743055556E+00   .101001336282E+02   .302106371805E+00
    .323611111111E+00   .101069577442E+02   .295282255783E+00
    .324479166667E+00   .101136364875E+02   .288603512548E+00
    .325347222222E+00   .101201724054E+02   .282067594622E+00
    .326215277778E+00   .101265679953E+02   .275672004737E+00
    .327083333333E+00   .101328273067E+02   .269412693272E+00
    .327951388889E+00   .101389528374E+02   .263287162624E+00
    .328819444444E+00   .101449464527E+02   .257293547333E+00
    .329687500000E+00   .101508106727E+02   .251429327304E+00
    .330555555556E+00   .101565479854E+02   .245692014649E+00
    .331423611111E+00   .101621608461E+02   .240079153860E+00
    .332291666667E+00   .101676516780E+02   .234588321995E+00
    .333159722222E+00   .101730228711E+02   .229217128854E+00
    .334027777778E+00   .101782767828E+02   .223963217161E+00
    .334895833333E+00   .101834157373E+02   .218824262739E+00
    .335763888889E+00   .101884420881E+02   .213797911858E+00
    .336631944444E+00   .101933580970E+02   .208881902990E+00
    .337500000000E+00   .101981659691E+02   .204074030903E+00
    .338368055556E+00   .102028679036E+02   .199372096371E+00
    .339236111111E+00   .102074660668E+02   .194773933221E+00
    .340104166667E+00   .102119625915E+02   .190277408464E+00
    .340972222222E+00   .102163595776E+02   .185880422436E+00
    .341840277778E+00   .102206590911E+02   .181580908939E+00
    .342708333333E+00   .102248631646E+02   .177376835371E+00
    .343576388889E+00   .102289737971E+02   .173266202869E+00
    .344444444444E+00   .102329919907E+02   .169248009308E+00
    .345312500000E+00   .102369204424E+02   .165319557580E+00
    .346180555556E+00   .102407607056E+02   .161479294379E+00
    .346527777778E+00   .102422725200E+02   .159967480009E+00
