 Column 1: Time in minutes
 Other Columns: Concentrations in mg/L
 
 
    .100000000000E+01   .125157771955E-02   .105062074155E+02
    .225000000000E+01   .736822928490E-03   .105062300298E+02
    .350000000000E+01   .452148508377E-03   .105062425361E+02
    .475000000000E+01   .895414746615E-03   .105062230625E+02
    .600000000000E+01   .681564897682E-03   .105062324574E+02
    .725000000000E+01   .352994229735E-03   .105062468922E+02
    .850000000000E+01   .162990572351E-03   .105062552395E+02
    .975000000000E+01   .168961612487E-03   .105062549772E+02
    .110000000000E+02   .437154412489E-03   .105062431949E+02
    .122500000000E+02   .620820138806E-03   .105062351260E+02
    .135000000000E+02   .660653407499E-03   .105062333761E+02
    .147500000000E+02   .580803988818E-03   .105062368840E+02
    .160000000000E+02   .503364164788E-03   .105062402861E+02
    .172500000000E+02   .496876313755E-03   .105062405712E+02
    .185000000000E+02   .979121557886E-03   .105062193851E+02
    .197500000000E+02   .165636374822E-02   .105061896324E+02
    .210000000000E+02   .246396256935E-02   .105061541528E+02
    .222500000000E+02   .356489628180E-02   .105061057865E+02
    .235000000000E+02   .500457352621E-02   .105060425384E+02
    .247500000000E+02   .685899191320E-02   .105059610698E+02
    .260000000000E+02   .919378387295E-02   .105058584974E+02
    .272500000000E+02   .120630941115E-01   .105057324424E+02
    .285000000000E+02   .156198175637E-01   .105055761879E+02
    .297500000000E+02   .199379354587E-01   .105053864837E+02
    .310000000000E+02   .251130620548E-01   .105051591293E+02
    .322500000000E+02   .312666097271E-01   .105048887908E+02
    .335000000000E+02   .385246256223E-01   .105045699306E+02
    .347500000000E+02   .470147082071E-01   .105041969430E+02
    .360000000000E+02   .568701017476E-01   .105037639745E+02
    .372500000000E+02   .682292472615E-01   .105032649429E+02
    .385000000000E+02   .812369160374E-01   .105026934881E+02
    .397500000000E+02   .960456955389E-01   .105020429066E+02
    .410000000000E+02   .112806589720E+00   .105013065646E+02
    .422500000000E+02   .131680375646E+00   .105004773987E+02
    .435000000000E+02   .152834445863E+00   .104995480551E+02
    .447500000000E+02   .176433476003E+00   .104985112991E+02
    .460000000000E+02   .202636421820E+00   .104973601475E+02
    .472500000000E+02   .231621518243E+00   .104960867700E+02
    .485000000000E+02   .263569863948E+00   .104946832107E+02
    .497500000000E+02   .298649662213E+00   .104931420799E+02
    .510000000000E+02   .337038104725E+00   .104914555933E+02
    .522500000000E+02   .378910303887E+00   .104896160578E+02
    .535000000000E+02   .424443479101E+00   .104876156878E+02
    .547500000000E+02   .473817149484E+00   .104854465966E+02
    .560000000000E+02   .527211526162E+00   .104831008671E+02
    .572500000000E+02   .584808535138E+00   .104805705070E+02
    .585000000000E+02   .646786821815E+00   .104778476679E+02
    .597500000000E+02   .713325991462E+00   .104749244595E+02
    .610000000000E+02   .784597985723E+00   .104717933280E+02
    .622500000000E+02   .860777742609E+00   .104684465879E+02
    .635000000000E+02   .942040038301E+00   .104648765610E+02
    .647500000000E+02   .102856205734E+01   .104610754632E+02
    .660000000000E+02   .112052272703E+01   .104570354337E+02
    .672500000000E+02   .121808134815E+01   .104527494743E+02
    .685000000000E+02   .132140423677E+01   .104482102782E+02
    .697500000000E+02   .143066422131E+01   .104434102528E+02
    .710000000000E+02   .154602270567E+01   .104383423072E+02
    .722500000000E+02   .166763911543E+01   .104329994376E+02
    .735000000000E+02   .179567577311E+01   .104273745126E+02
    .747500000000E+02   .193028225767E+01   .104214609611E+02
    .760000000000E+02   .207161966668E+01   .104152517056E+02
    .772500000000E+02   .221983164070E+01   .104087404358E+02
    .785000000000E+02   .237507486941E+01   .104019202679E+02
    .797500000000E+02   .253748874948E+01   .103947850778E+02
    .810000000000E+02   .270722040315E+01   .103873284023E+02
    .822500000000E+02   .288440764211E+01   .103795441869E+02
    .835000000000E+02   .306918789208E+01   .103714263943E+02
    .847500000000E+02   .326169645657E+01   .103629690802E+02
    .860000000000E+02   .346205838093E+01   .103541667513E+02
    .872500000000E+02   .367040899344E+01   .103450134621E+02
    .885000000000E+02   .388687401452E+01   .103355036895E+02
    .897500000000E+02   .411157492695E+01   .103256320966E+02
    .910000000000E+02   .434462884077E+01   .103153935384E+02
    .922500000000E+02   .458614858787E+01   .103047830579E+02
    .935000000000E+02   .483624620368E+01   .102937957334E+02
    .947500000000E+02   .509502866038E+01   .102824268651E+02
    .960000000000E+02   .536259732365E+01   .102706720000E+02
    .972500000000E+02   .563905338202E+01   .102585266925E+02
    .985000000000E+02   .592450032906E+01   .102459863960E+02
    .997500000000E+02   .621902991724E+01   .102330470796E+02
    .101000000000E+03   .652273374060E+01   .102197047194E+02
    .102250000000E+03   .683570346165E+01   .102059552884E+02
    .103500000000E+03   .715802440425E+01   .101917950382E+02
    .104750000000E+03   .748977996178E+01   .101772203051E+02
    .106000000000E+03   .783105023117E+01   .101622275704E+02
    .107250000000E+03   .818191234570E+01   .101468134453E+02
    .108500000000E+03   .854244062915E+01   .101309746647E+02
    .109750000000E+03   .891270569239E+01   .101147081264E+02
    .111000000000E+03   .929277404302E+01   .100980109088E+02
    .112250000000E+03   .968271143597E+01   .100808801229E+02
    .113500000000E+03   .100825795902E+02   .100633130574E+02
    .114750000000E+03   .104924371633E+02   .100453071353E+02
    .116000000000E+03   .109123397513E+02   .100268599142E+02
    .117250000000E+03   .113423398602E+02   .100079690873E+02
    .118500000000E+03   .117824869625E+02   .998863248125E+01
    .119750000000E+03   .122328274694E+02   .996884805706E+01
    .121000000000E+03   .126934047243E+02   .994861391059E+01
    .122250000000E+03   .131642590084E+02   .992792827219E+01
    .123500000000E+03   .136454281276E+02   .990678948096E+01
    .124750000000E+03   .141369482853E+02   .988519594640E+01
    .126000000000E+03   .146388498530E+02   .986314633425E+01
    .127250000000E+03   .151511613519E+02   .984063939150E+01
    .128500000000E+03   .156739082899E+02   .981767399753E+01
    .129750000000E+03   .162071131614E+02   .979424916411E+01
    .131000000000E+03   .167507989785E+02   .977036388028E+01
    .132250000000E+03   .173049826280E+02   .974601740417E+01
    .133500000000E+03   .178696775341E+02   .972120914600E+01
    .134750000000E+03   .184448950760E+02   .969593860588E+01
    .136000000000E+03   .190306437083E+02   .967020541238E+01
    .137250000000E+03   .196269297860E+02   .964400928631E+01
    .138500000000E+03   .202337595160E+02   .961734995497E+01
    .139750000000E+03   .208511313018E+02   .959022748852E+01
    .141000000000E+03   .214790427103E+02   .956264199385E+01
    .142250000000E+03   .221174884651E+02   .953459370275E+01
    .143500000000E+03   .227664604462E+02   .950608297196E+01
    .144750000000E+03   .234259477223E+02   .947711028171E+01
    .146000000000E+03   .240959364938E+02   .944767623825E+01
    .147250000000E+03   .247764101092E+02   .941778157311E+01
    .148500000000E+03   .254673490842E+02   .938742714228E+01
    .149750000000E+03   .261687310919E+02   .935661392663E+01
    .151000000000E+03   .268805320613E+02   .932534298365E+01
    .152250000000E+03   .276027298513E+02   .929361528605E+01
    .153500000000E+03   .283352910359E+02   .926143230229E+01
    .154750000000E+03   .290781829463E+02   .922879546761E+01
    .156000000000E+03   .298313701647E+02   .919570633796E+01
    .157250000000E+03   .305948145245E+02   .916216659010E+01
    .158500000000E+03   .313684751102E+02   .912817802152E+01
    .159750000000E+03   .321523095468E+02   .909374249386E+01
    .161000000000E+03   .329462708774E+02   .905886207002E+01
    .162250000000E+03   .337503101146E+02   .902353890214E+01
    .163500000000E+03   .345643755421E+02   .898777526222E+01
    .164750000000E+03   .353884127111E+02   .895157354231E+01
    .166000000000E+03   .362223644408E+02   .891493625449E+01
    .167250000000E+03   .370661385623E+02   .887786744794E+01
    .168500000000E+03   .379196757340E+02   .884036972965E+01
    .169750000000E+03   .387829107237E+02   .880244596542E+01
    .171000000000E+03   .396557691929E+02   .876409942110E+01
    .172250000000E+03   .405381735335E+02   .872533350618E+01
    .173500000000E+03   .414300428678E+02   .868615177379E+01
    .174750000000E+03   .423313161027E+02   .864655690789E+01
    .176000000000E+03   .432419153143E+02   .860655233182E+01
    .177250000000E+03   .441617445672E+02   .856614226025E+01
    .178500000000E+03   .450907159464E+02   .852533055546E+01
    .179750000000E+03   .460287387976E+02   .848412120010E+01
    .181000000000E+03   .469757197264E+02   .844251829719E+01
    .182250000000E+03   .479315703348E+02   .840052573022E+01
    .183500000000E+03   .488962024477E+02   .835814737294E+01
    .184750000000E+03   .498695094547E+02   .831538790895E+01
    .186000000000E+03   .508513900484E+02   .827225178891E+01
    .187250000000E+03   .518417404536E+02   .822874357190E+01
    .188500000000E+03   .528404544269E+02   .818486792540E+01
    .189750000000E+03   .538474075079E+02   .814063031723E+01
    .191000000000E+03   .548624266668E+02   .809603834896E+01
    .192250000000E+03   .558854255860E+02   .805109581271E+01
    .193500000000E+03   .569162764713E+02   .800580832275E+01
    .194750000000E+03   .579548480008E+02   .796018164833E+01
    .196000000000E+03   .590010053245E+02   .791422171371E+01
    .197250000000E+03   .600546155105E+02   .786793435887E+01
    .198500000000E+03   .611156874722E+02   .782131919222E+01
    .199750000000E+03   .621839994903E+02   .777438595436E+01
    .201000000000E+03   .632594193622E+02   .772714045325E+01
    .202250000000E+03   .643418127264E+02   .767958859166E+01
    .203500000000E+03   .654310430626E+02   .763173636724E+01
    .204750000000E+03   .665269716913E+02   .758358987246E+01
    .206000000000E+03   .676294577743E+02   .753515529465E+01
    .207250000000E+03   .687382303768E+02   .748644453655E+01
    .208500000000E+03   .698531920662E+02   .743746187860E+01
    .209750000000E+03   .709741903313E+02   .738821402094E+01
    .211000000000E+03   .721010594674E+02   .733870824332E+01
    .212250000000E+03   .732336303729E+02   .728895197474E+01
    .213500000000E+03   .743717305492E+02   .723895279344E+01
    .214750000000E+03   .755151841007E+02   .718871842689E+01
    .216000000000E+03   .766639732719E+02   .713824965513E+01
    .217250000000E+03   .778178941986E+02   .708755543434E+01
    .218500000000E+03   .789767475351E+02   .703664452221E+01
    .219750000000E+03   .801403682980E+02   .698552416681E+01
    .221000000000E+03   .813085899950E+02   .693420168252E+01
    .222250000000E+03   .824812446247E+02   .688268444998E+01
    .223500000000E+03   .836581626767E+02   .683097991616E+01
    .224750000000E+03   .848391406198E+02   .677909702262E+01
    .226000000000E+03   .860239991251E+02   .672704364766E+01
    .227250000000E+03   .872125724130E+02   .667482707433E+01
    .228500000000E+03   .884046788635E+02   .662245528160E+01
    .229750000000E+03   .896001348749E+02   .656993633546E+01
    .231000000000E+03   .907987548638E+02   .651727838902E+01
    .232250000000E+03   .920003512648E+02   .646448968241E+01
    .233500000000E+03   .932047691749E+02   .641157702085E+01
    .234750000000E+03   .944118421449E+02   .635854771682E+01
    .236000000000E+03   .956213588836E+02   .630541105279E+01
    .237250000000E+03   .968331322229E+02   .625217525145E+01
    .238500000000E+03   .980469736677E+02   .619884859381E+01
    .239750000000E+03   .992626933959E+02   .614543941914E+01
    .241000000000E+03   .100480100258E+03   .609195612505E+01
    .242250000000E+03   .101699021771E+03   .603840628915E+01
    .243500000000E+03   .102919296030E+03   .598479702415E+01
    .244750000000E+03   .104140708895E+03   .593113773782E+01
    .246000000000E+03   .105363070530E+03   .587743676993E+01
    .247250000000E+03   .106586190304E+03   .582370249540E+01
    .248500000000E+03   .107809876782E+03   .576994332434E+01
    .249750000000E+03   .109033937730E+03   .571616770198E+01
    .251000000000E+03   .110258197063E+03   .566238336417E+01
    .252250000000E+03   .111482514747E+03   .560859646288E+01
    .253500000000E+03   .112706660617E+03   .555481710971E+01
    .254750000000E+03   .113930445408E+03   .550105361957E+01
    .256000000000E+03   .115153679478E+03   .544731432375E+01
    .257250000000E+03   .116376172814E+03   .539360756999E+01
    .258500000000E+03   .117597735027E+03   .533994172244E+01
    .259750000000E+03   .118818175356E+03   .528632516166E+01
    .261000000000E+03   .120037302666E+03   .523276628464E+01
    .262250000000E+03   .121255014121E+03   .517926960913E+01
    .263500000000E+03   .122471098989E+03   .512584439308E+01
    .264750000000E+03   .123685352914E+03   .507249961430E+01
    .266000000000E+03   .124897592874E+03   .501924331334E+01
    .267250000000E+03   .126107636113E+03   .496608351902E+01
    .268500000000E+03   .127315300144E+03   .491302824839E+01
    .269750000000E+03   .128520402748E+03   .486008550676E+01
    .271000000000E+03   .129722761972E+03   .480726328768E+01
    .272250000000E+03   .130922229461E+03   .475456810876E+01
    .273500000000E+03   .132118701298E+03   .470200453522E+01
    .274750000000E+03   .133311942820E+03   .464958287638E+01
    .276000000000E+03   .134501783131E+03   .459731063999E+01
    .277250000000E+03   .135688052294E+03   .454519529182E+01
    .278500000000E+03   .136870581326E+03   .449324425564E+01
    .279750000000E+03   .138049202199E+03   .444146491324E+01
    .281000000000E+03   .139223747842E+03   .438986460442E+01
    .282250000000E+03   .140394052140E+03   .433845062698E+01
    .283500000000E+03   .141560031347E+03   .428722666010E+01
    .284750000000E+03   .142721495872E+03   .423620103286E+01
    .286000000000E+03   .143878276055E+03   .418538119879E+01
    .287250000000E+03   .145030217824E+03   .413477392665E+01
    .288500000000E+03   .146177168608E+03   .408438591920E+01
    .289750000000E+03   .147318977337E+03   .403422381321E+01
    .291000000000E+03   .148455494446E+03   .398429417943E+01
    .292250000000E+03   .149586571872E+03   .393460352261E+01
    .293500000000E+03   .150712090935E+03   .388515705661E+01
    .294750000000E+03   .151831954633E+03   .383595904293E+01
    .296000000000E+03   .152945984340E+03   .378701732895E+01
    .297250000000E+03   .154054045090E+03   .373833784408E+01
    .298500000000E+03   .155156003903E+03   .368992643036E+01
    .299750000000E+03   .156251729791E+03   .364178884243E+01
    .301000000000E+03   .157341093752E+03   .359393074756E+01
    .302250000000E+03   .158423968776E+03   .354635772564E+01
    .303500000000E+03   .159500229840E+03   .349907526915E+01
    .304750000000E+03   .160569822003E+03   .345208579176E+01
    .306000000000E+03   .161632597013E+03   .340539580656E+01
    .307250000000E+03   .162688433929E+03   .335901062671E+01
    .308500000000E+03   .163737222113E+03   .331293511272E+01
    .309750000000E+03   .164778853346E+03   .326717401898E+01
    .311000000000E+03   .165813221821E+03   .322173199377E+01
    .312250000000E+03   .166840224147E+03   .317661357927E+01
    .313500000000E+03   .167859759349E+03   .313182321156E+01
    .314750000000E+03   .168871749414E+03   .308736431786E+01
    .316000000000E+03   .169876124392E+03   .304323997129E+01
    .317250000000E+03   .170872770042E+03   .299945519068E+01
    .318500000000E+03   .171861599574E+03   .295601378887E+01
    .319750000000E+03   .172842528925E+03   .291291945898E+01
    .321000000000E+03   .173815476754E+03   .287017577443E+01
    .322250000000E+03   .174780364449E+03   .282778618891E+01
    .323500000000E+03   .175737116118E+03   .278575403640E+01
    .324750000000E+03   .176685658598E+03   .274408253119E+01
    .326000000000E+03   .177625959967E+03   .270277307567E+01
    .327250000000E+03   .178557934106E+03   .266182945319E+01
    .328500000000E+03   .179481516714E+03   .262125448868E+01
    .329750000000E+03   .180396648939E+03   .258105076762E+01
    .331000000000E+03   .181303274880E+03   .254122074585E+01
    .332250000000E+03   .182201341587E+03   .250176674960E+01
    .333500000000E+03   .183090799059E+03   .246269097550E+01
    .334750000000E+03   .183971600246E+03   .242399549053E+01
    .336000000000E+03   .184843710044E+03   .238568183696E+01
    .337250000000E+03   .185707095640E+03   .234775145626E+01
    .338500000000E+03   .186561711668E+03   .231020634149E+01
    .339750000000E+03   .187407524626E+03   .227304796451E+01
    .341000000000E+03   .188244504077E+03   .223627766236E+01
    .342250000000E+03   .189072622659E+03   .219989663723E+01
    .343500000000E+03   .189891856076E+03   .216390595646E+01
    .344750000000E+03   .190702183102E+03   .212830655253E+01
    .346000000000E+03   .191503585581E+03   .209309922311E+01
    .347250000000E+03   .192296055353E+03   .205828432663E+01
    .348500000000E+03   .193079576606E+03   .202386255781E+01
    .349750000000E+03   .193854140797E+03   .198983429189E+01
    .351000000000E+03   .194619742627E+03   .195619976176E+01
    .352250000000E+03   .195376379901E+03   .192295906377E+01
    .353500000000E+03   .196124053534E+03   .189011215777E+01
    .354750000000E+03   .196862767546E+03   .185765886708E+01
    .356000000000E+03   .197592529069E+03   .182559887850E+01
    .357250000000E+03   .198313316978E+03   .179393311997E+01
    .358500000000E+03   .199025124245E+03   .176266190034E+01
    .359750000000E+03   .199727987278E+03   .173178362004E+01
    .361000000000E+03   .200421920211E+03   .170129765825E+01
    .362250000000E+03   .201106939912E+03   .167120327382E+01
    .363500000000E+03   .201783065990E+03   .164149960530E+01
    .364750000000E+03   .202450320793E+03   .161218567093E+01
    .366000000000E+03   .203108729407E+03   .158326036864E+01
    .367250000000E+03   .203758320485E+03   .155472243959E+01
    .368500000000E+03   .204399159755E+03   .152656899622E+01
    .369750000000E+03   .205031259996E+03   .149879947716E+01
    .371000000000E+03   .205654660018E+03   .147141217736E+01
    .372250000000E+03   .206269401566E+03   .144440526290E+01
    .373500000000E+03   .206875529317E+03   .141777677102E+01
    .374750000000E+03   .207473090881E+03   .139152461008E+01
    .376000000000E+03   .208062136803E+03   .136564655960E+01
    .377250000000E+03   .208642720558E+03   .134014027021E+01
    .378500000000E+03   .209214829048E+03   .131500631741E+01
    .379750000000E+03   .209778492193E+03   .129024338673E+01
    .381000000000E+03   .210333807394E+03   .126584719912E+01
    .382250000000E+03   .210880829015E+03   .124181536626E+01
    .383500000000E+03   .211419613620E+03   .121814540322E+01
    .384750000000E+03   .211950219968E+03   .119483472849E+01
    .386000000000E+03   .212472709021E+03   .117188066396E+01
    .387250000000E+03   .212987143937E+03   .114928043494E+01
    .388500000000E+03   .213493586617E+03   .112703132202E+01
    .389750000000E+03   .213992056820E+03   .110513245706E+01
    .391000000000E+03   .214482652814E+03   .108357952300E+01
    .392250000000E+03   .214965442500E+03   .106236953679E+01
    .393500000000E+03   .215440495696E+03   .104149943121E+01
    .394750000000E+03   .215907884132E+03   .102096605492E+01
    .396000000000E+03   .216367681457E+03   .100076617244E+01
    .397250000000E+03   .216819963233E+03   .980896464158E+00
    .398500000000E+03   .217264806937E+03   .961353526321E+00
    .399750000000E+03   .217702236413E+03   .942136311398E+00
    .401000000000E+03   .218132319920E+03   .923241820649E+00
    .402250000000E+03   .218555162687E+03   .904665431163E+00
    .403500000000E+03   .218970841970E+03   .886403748857E+00
    .404750000000E+03   .219379436411E+03   .868453318878E+00
    .406000000000E+03   .219781026033E+03   .850810625606E+00
    .407250000000E+03   .220175692244E+03   .833472092650E+00
    .408500000000E+03   .220563517833E+03   .816434082852E+00
    .409750000000E+03   .220944596356E+03   .799692486152E+00
    .411000000000E+03   .221318890882E+03   .783248924994E+00
    .412250000000E+03   .221686566296E+03   .767096155586E+00
    .413500000000E+03   .222047702682E+03   .751230659714E+00
    .414750000000E+03   .222402381386E+03   .735648863707E+00
    .416000000000E+03   .222750684956E+03   .720347140935E+00
    .417250000000E+03   .223092697094E+03   .705321814306E+00
    .418500000000E+03   .223428502590E+03   .690569158757E+00
    .419750000000E+03   .223758187271E+03   .676085403749E+00
    .421000000000E+03   .224081786873E+03   .661868979294E+00
    .422250000000E+03   .224399385795E+03   .647916177591E+00
    .423500000000E+03   .224711087710E+03   .634222444057E+00
    .424750000000E+03   .225016974496E+03   .620784181599E+00
    .426000000000E+03   .225317128010E+03   .607597794061E+00
    .427250000000E+03   .225611629998E+03   .594659690223E+00
    .428500000000E+03   .225900562000E+03   .581966287787E+00
    .429750000000E+03   .226184005264E+03   .569514017375E+00
    .431000000000E+03   .226462040653E+03   .557299326523E+00
    .432250000000E+03   .226734748553E+03   .545318683670E+00
    .433500000000E+03   .227002202072E+03   .533568877056E+00
    .434750000000E+03   .227264479934E+03   .522046448126E+00
    .436000000000E+03   .227521662537E+03   .510747864902E+00
    .437250000000E+03   .227773826465E+03   .499669762802E+00
    .438500000000E+03   .228021047272E+03   .488808822579E+00
    .439750000000E+03   .228263399386E+03   .478161774506E+00
    .441000000000E+03   .228500956011E+03   .467725402570E+00
    .442250000000E+03   .228733789032E+03   .457496548659E+00
    .443500000000E+03   .228961968923E+03   .447472116754E+00
    .444750000000E+03   .229185564647E+03   .437649077117E+00
    .446000000000E+03   .229404706356E+03   .428021711882E+00
    .447250000000E+03   .229619463804E+03   .418586956678E+00
    .448500000000E+03   .229829882310E+03   .409342820475E+00
    .449750000000E+03   .230036033097E+03   .400286174324E+00
    .451000000000E+03   .230237986352E+03   .391413934783E+00
    .452250000000E+03   .230435811171E+03   .382723066261E+00
    .453500000000E+03   .230629575509E+03   .374210583366E+00
    .454750000000E+03   .230819346125E+03   .365873553255E+00
    .456000000000E+03   .231005188528E+03   .357709097980E+00
    .457250000000E+03   .231187166923E+03   .349714396837E+00
    .458500000000E+03   .231365381155E+03   .341885063465E+00
    .459750000000E+03   .231539895074E+03   .334218292783E+00
    .461000000000E+03   .231710757730E+03   .326711929904E+00
    .462250000000E+03   .231878033031E+03   .319363167247E+00
    .463500000000E+03   .232041783872E+03   .312169241627E+00
    .464750000000E+03   .232202072112E+03   .305127435523E+00
    .466000000000E+03   .232358958540E+03   .298235078341E+00
    .467250000000E+03   .232512502847E+03   .291489547674E+00
    .468500000000E+03   .232662763600E+03   .284888270568E+00
    .469750000000E+03   .232809798211E+03   .278428724784E+00
    .471000000000E+03   .232953699782E+03   .272106820205E+00
    .472250000000E+03   .233094525731E+03   .265920034250E+00
    .473500000000E+03   .233232318947E+03   .259866482806E+00
    .474750000000E+03   .233367137365E+03   .253943620577E+00
    .476000000000E+03   .233499038183E+03   .248148934795E+00
    .477250000000E+03   .233628077853E+03   .242479945398E+00
    .478500000000E+03   .233754312077E+03   .236934205215E+00
    .479750000000E+03   .233877795808E+03   .231509300143E+00
    .481000000000E+03   .233998583237E+03   .226202849333E+00
    .482250000000E+03   .234116727800E+03   .221012505367E+00
    .483500000000E+03   .234232283606E+03   .215935890977E+00
    .484750000000E+03   .234345302650E+03   .210970722020E+00
    .486000000000E+03   .234455835630E+03   .206114771212E+00
    .487250000000E+03   .234563933104E+03   .201365817335E+00
    .488500000000E+03   .234669644875E+03   .196721672553E+00
    .489750000000E+03   .234773019979E+03   .192180182548E+00
    .491000000000E+03   .234874106688E+03   .187739226661E+00
    .492250000000E+03   .234972952503E+03   .183396718028E+00
    .493500000000E+03   .235069604155E+03   .179150603724E+00
    .494750000000E+03   .235164107596E+03   .174998864897E+00
    .496000000000E+03   .235256485866E+03   .170940489401E+00
    .497250000000E+03   .235346800971E+03   .166972753156E+00
    .498500000000E+03   .235435088622E+03   .163094087323E+00
    .499000000000E+03   .235469845235E+03   .161567154809E+00
