 Column 1: Time in Days
 Other Columns: Concentrations in meq/L
 
 
    .694444444444E-03   .485752060028E-04   .104197642826E+02
    .166666666667E-02   .513013481402E-04   .104197615564E+02
    .263888888889E-02   .386477483904E-04   .104197742100E+02
    .361111111111E-02   .446903449676E-04   .104197681674E+02
    .458333333333E-02   .315831911753E-04   .104197812746E+02
    .555555555556E-02   .110867910124E-04   .104198017710E+02
    .652777777778E-02  -.591814006411E-06   .104198134496E+02
    .750000000000E-02   .239995666795E-04   .104197888582E+02
    .847222222222E-02   .325369242251E-04   .104197803208E+02
    .944444444444E-02   .548708651782E-04   .104197579869E+02
    .104166666667E-01   .232166808355E-04   .104197896411E+02
    .113888888889E-01   .266351210284E-04   .104197862226E+02
    .123611111111E-01   .454532047299E-04   .104197674046E+02
    .133333333333E-01   .110912370681E-04   .104198017665E+02
    .143055555556E-01   .365835413480E-04   .104197762742E+02
    .152777777778E-01   .413416652275E-04   .104197715161E+02
    .162500000000E-01   .111613709162E-03   .104197012441E+02
    .172222222222E-01   .110586512033E-03   .104197022713E+02
    .181944444444E-01   .219278166382E-03   .104195935796E+02
    .191666666667E-01   .304749100729E-03   .104195081087E+02
    .201388888889E-01   .415045841706E-03   .104193978119E+02
    .211111111111E-01   .553832165341E-03   .104192590256E+02
    .220833333333E-01   .725673163592E-03   .104190871846E+02
    .230555555556E-01   .936449613732E-03   .104188764082E+02
    .240277777778E-01   .119237667900E-02   .104186204811E+02
    .250000000000E-01   .149990718470E-02   .104183129506E+02
    .259722222222E-01   .186585355549E-02   .104179470042E+02
    .269444444444E-01   .229752395099E-02   .104175153338E+02
    .279166666667E-01   .280257405636E-02   .104170102837E+02
    .288888888889E-01   .338915713464E-02   .104164237006E+02
    .298611111111E-01   .406556659795E-02   .104157472912E+02
    .308333333333E-01   .484057786887E-02   .104149722799E+02
    .318055555556E-01   .572333054913E-02   .104140895272E+02
    .327777777778E-01   .672320643756E-02   .104130896513E+02
    .337500000000E-01   .784976514862E-02   .104119630926E+02
    .347222222222E-01   .911292972451E-02   .104106999280E+02
    .356944444444E-01   .105227123210E-01   .104092901454E+02
    .366666666667E-01   .120895232767E-01   .104077233345E+02
    .376388888889E-01   .138239128106E-01   .104059889450E+02
    .386111111111E-01   .157365746676E-01   .104040762831E+02
    .395833333333E-01   .178383087090E-01   .104019745491E+02
    .405555555556E-01   .201400223241E-01   .103996728354E+02
    .415277777778E-01   .226526663820E-01   .103971601914E+02
    .425000000000E-01   .253873066471E-01   .103944255511E+02
    .434722222222E-01   .283550125501E-01   .103914578452E+02
    .444444444444E-01   .315669432797E-01   .103882459145E+02
    .454166666667E-01   .350341405769E-01   .103847787172E+02
    .463888888889E-01   .387678786434E-01   .103810449791E+02
    .473611111111E-01   .427794245552E-01   .103770334332E+02
    .483333333333E-01   .470796704939E-01   .103727331873E+02
    .493055555556E-01   .516799031717E-01   .103681329546E+02
    .502777777778E-01   .565913448695E-01   .103632215129E+02
    .512500000000E-01   .618247948146E-01   .103579880629E+02
    .522222222222E-01   .673912206470E-01   .103524216371E+02
    .531944444444E-01   .733016770543E-01   .103465111807E+02
    .541666666667E-01   .795668467241E-01   .103402460110E+02
    .551388888889E-01   .861972856808E-01   .103336155721E+02
    .561111111111E-01   .932037468340E-01   .103266091109E+02
    .570833333333E-01   .100596680861E+00   .103192161769E+02
    .580555555556E-01   .108386255795E+00   .103114266020E+02
    .590277777778E-01   .116582828255E+00   .103032300295E+02
    .600000000000E-01   .125196509039E+00   .102946163487E+02
    .609722222222E-01   .134237081673E+00   .102855757761E+02
    .619444444444E-01   .143714457633E+00   .102760984001E+02
    .629166666667E-01   .153638338857E+00   .102661745189E+02
    .638888888889E-01   .164018090723E+00   .102557947670E+02
    .648611111111E-01   .174863152281E+00   .102449497055E+02
    .658333333333E-01   .186182756119E+00   .102336301016E+02
    .668055555556E-01   .197985860701E+00   .102218269971E+02
    .677777777778E-01   .210281363443E+00   .102095314943E+02
    .687500000000E-01   .223078014543E+00   .101967348432E+02
    .697222222222E-01   .236384303328E+00   .101834285544E+02
    .706944444444E-01   .250208567781E+00   .101696042900E+02
    .716666666667E-01   .264559039902E+00   .101552538179E+02
    .726388888889E-01   .279443732267E+00   .101403691255E+02
    .736111111111E-01   .294870466096E+00   .101249423917E+02
    .745833333333E-01   .310846936277E+00   .101089659215E+02
    .755555555556E-01   .327380623139E+00   .100924322346E+02
    .765277777778E-01   .344478746484E+00   .100753341113E+02
    .775000000000E-01   .362148454537E+00   .100576644032E+02
    .784722222222E-01   .380396672559E+00   .100394161852E+02
    .794444444444E-01   .399230070339E+00   .100205827874E+02
    .804166666667E-01   .418655209711E+00   .100011576481E+02
    .813888888889E-01   .438678440826E+00   .998113441694E+01
    .823611111111E-01   .459305846675E+00   .996050701109E+01
    .833333333333E-01   .480543386025E+00   .993926947174E+01
    .843055555556E-01   .502396811774E+00   .991741604599E+01
    .852777777778E-01   .524871611853E+00   .989494124591E+01
    .862500000000E-01   .547973101861E+00   .987183975590E+01
    .872222222222E-01   .571706418636E+00   .984810643913E+01
    .881944444444E-01   .596076442225E+00   .982373641554E+01
    .891666666667E-01   .621087832637E+00   .979872502513E+01
    .901388888889E-01   .646745088678E+00   .977306776909E+01
    .911111111111E-01   .673052437026E+00   .974676042074E+01
    .920833333333E-01   .700013808114E+00   .971979904965E+01
    .930555555556E-01   .727633030963E+00   .969217982680E+01
    .940277777778E-01   .755913654663E+00   .966389920310E+01
    .950000000000E-01   .784858909694E+00   .963495394807E+01
    .959722222222E-01   .814471931605E+00   .960534092616E+01
    .969444444444E-01   .844755583630E+00   .957505727413E+01
    .979166666667E-01   .875712431012E+00   .954410042675E+01
    .988888888889E-01   .907344595585E+00   .951246826218E+01
    .998611111111E-01   .939654277249E+00   .948015858051E+01
    .100833333333E+00   .972643317343E+00   .944716954042E+01
    .101805555556E+00   .100631321160E+01   .941349964617E+01
    .102777777778E+00   .104066503655E+01   .937914782122E+01
    .103750000000E+00   .107569991414E+01   .934411294362E+01
    .104722222222E+00   .111141859223E+01   .930839426553E+01
    .105694444444E+00   .114782143802E+01   .927199141974E+01
    .106666666667E+00   .118490845189E+01   .923490440588E+01
    .107638888889E+00   .122267960136E+01   .919713325640E+01
    .108611111111E+00   .126113448333E+01   .915867837444E+01
    .109583333333E+00   .130027222888E+01   .911954062889E+01
    .110555555556E+00   .134009163297E+01   .907972122479E+01
    .111527777778E+00   .138059144929E+01   .903922140847E+01
    .112500000000E+00   .142177002833E+01   .899804282943E+01
    .113472222222E+00   .146362522648E+01   .895618763128E+01
    .114444444444E+00   .150615462393E+01   .891365823383E+01
    .115416666667E+00   .154935565800E+01   .887045719976E+01
    .116388888889E+00   .159322537329E+01   .882658748448E+01
    .117361111111E+00   .163776051276E+01   .878205234500E+01
    .118333333333E+00   .168295750373E+01   .873685535403E+01
    .119305555556E+00   .172881246127E+01   .869100039649E+01
    .120277777778E+00   .177532119372E+01   .864449166404E+01
    .121250000000E+00   .182247920001E+01   .859733365776E+01
    .122222222222E+00   .187028166967E+01   .854953118810E+01
    .123194444444E+00   .191872165382E+01   .850109120394E+01
    .124166666667E+00   .196779426234E+01   .845201859542E+01
    .125138888889E+00   .201749353297E+01   .840231932479E+01
    .126111111111E+00   .206781307578E+01   .835199978198E+01
    .127083333333E+00   .211874616055E+01   .830106669722E+01
    .128055555556E+00   .217028568825E+01   .824952716951E+01
    .129027777778E+00   .222242409560E+01   .819738876217E+01
    .130000000000E+00   .227515369027E+01   .814465916749E+01
    .130972222222E+00   .232846635037E+01   .809134650739E+01
    .131944444444E+00   .238235361073E+01   .803745924703E+01
    .132916666667E+00   .243680666293E+01   .798300619483E+01
    .133888888889E+00   .249181638444E+01   .792799647332E+01
    .134861111111E+00   .254737331910E+01   .787243953867E+01
    .135833333333E+00   .260346761372E+01   .781634524405E+01
    .136805555556E+00   .266008909960E+01   .775972375816E+01
    .137777777778E+00   .271722726599E+01   .770258559178E+01
    .138750000000E+00   .277487126008E+01   .764494159769E+01
    .139722222222E+00   .283301049306E+01   .758680236470E+01
    .140694444444E+00   .289163356009E+01   .752817929767E+01
    .141666666667E+00   .295072853338E+01   .746908432439E+01
    .142638888889E+00   .301028335252E+01   .740952950524E+01
    .143611111111E+00   .307028562993E+01   .734952722783E+01
    .144583333333E+00   .313072265080E+01   .728909020697E+01
    .145555555556E+00   .319158282357E+01   .722823003420E+01
    .146527777778E+00   .325285256155E+01   .716696029621E+01
    .147500000000E+00   .331451816083E+01   .710529469694E+01
    .148472222222E+00   .337656590897E+01   .704324694879E+01
    .149444444444E+00   .343898177962E+01   .698083107815E+01
    .150416666667E+00   .350175181052E+01   .691806104725E+01
    .151388888889E+00   .356486324599E+01   .685494961178E+01
    .152361111111E+00   .362830043687E+01   .679151242089E+01
    .153333333333E+00   .369204859254E+01   .672776426523E+01
    .154305555556E+00   .375609269835E+01   .666372015942E+01
    .155277777778E+00   .382041752446E+01   .659939533331E+01
    .156250000000E+00   .388500763464E+01   .653480522312E+01
    .157222222222E+00   .394984778432E+01   .646996507344E+01
    .158194444444E+00   .401492259388E+01   .640489026388E+01
    .159166666667E+00   .408021590360E+01   .633959695416E+01
    .160138888889E+00   .414571172796E+01   .627410112981E+01
    .161111111111E+00   .421139394688E+01   .620841891089E+01
    .162083333333E+00   .427724631628E+01   .614256654148E+01
    .163055555556E+00   .434325247867E+01   .607656037910E+01
    .164027777778E+00   .440939825940E+01   .601041459837E+01
    .165000000000E+00   .447566730560E+01   .594414555217E+01
    .165972222222E+00   .454204298430E+01   .587776987346E+01
    .166944444444E+00   .460850926203E+01   .581130359573E+01
    .167916666667E+00   .467505014185E+01   .574476271591E+01
    .168888888889E+00   .474164967988E+01   .567816317789E+01
    .169861111111E+00   .480829193944E+01   .561152091833E+01
    .170833333333E+00   .487495638162E+01   .554485647615E+01
    .171805555556E+00   .494162912642E+01   .547818373135E+01
    .172777777778E+00   .500829372206E+01   .541151913571E+01
    .173750000000E+00   .507493371677E+01   .534487914100E+01
    .174722222222E+00   .514153266656E+01   .527828019120E+01
    .175694444444E+00   .520807414301E+01   .521173871476E+01
    .176666666667E+00   .527454194285E+01   .514527091491E+01
    .177638888889E+00   .534092028328E+01   .507889257449E+01
    .178611111111E+00   .540719260953E+01   .501262024824E+01
    .179583333333E+00   .547334279645E+01   .494647006131E+01
    .180555555556E+00   .553935479783E+01   .488045805994E+01
    .181527777778E+00   .560521265567E+01   .481460020209E+01
    .182500000000E+00   .567090050956E+01   .474891234820E+01
    .183472222222E+00   .573640329059E+01   .468340956717E+01
    .184444444444E+00   .580170582392E+01   .461810703384E+01
    .185416666667E+00   .586679244302E+01   .455302041475E+01
    .186388888889E+00   .593164804480E+01   .448816481296E+01
    .187361111111E+00   .599625771059E+01   .442355514718E+01
    .188333333333E+00   .606060671789E+01   .435920613987E+01
    .189305555556E+00   .612468055229E+01   .429513230548E+01
    .190277777778E+00   .618846594194E+01   .423134691582E+01
    .191250000000E+00   .625194871018E+01   .416786414759E+01
    .192222222222E+00   .631511511732E+01   .410469774045E+01
    .193194444444E+00   .637795186399E+01   .404186099377E+01
    .194166666667E+00   .644044595603E+01   .397936690173E+01
    .195138888889E+00   .650258471863E+01   .391722813913E+01
    .196111111111E+00   .656435512779E+01   .385545772998E+01
    .197083333333E+00   .662573824511E+01   .379407461265E+01
    .198055555556E+00   .668672577826E+01   .373308707950E+01
    .199027777778E+00   .674730539584E+01   .367250746193E+01
    .200000000000E+00   .680746501477E+01   .361234784299E+01
    .200972222222E+00   .686719280663E+01   .355262005114E+01
    .201944444444E+00   .692647720378E+01   .349333565399E+01
    .202916666667E+00   .698530690567E+01   .343450595209E+01
    .203888888889E+00   .704367275688E+01   .337614010089E+01
    .204861111111E+00   .710157158571E+01   .331824127206E+01
    .205833333333E+00   .715898917976E+01   .326082367800E+01
    .206805555556E+00   .721591678115E+01   .320389607661E+01
    .207777777778E+00   .727234611489E+01   .314746674287E+01
    .208750000000E+00   .732826940539E+01   .309154345237E+01
    .209722222222E+00   .738367939295E+01   .303613346482E+01
    .210694444444E+00   .743856935024E+01   .298124350752E+01
    .211666666667E+00   .749292632348E+01   .292688653429E+01
    .212638888889E+00   .754673061256E+01   .287308224521E+01
    .213611111111E+00   .759998446849E+01   .281982838928E+01
    .214583333333E+00   .765268013259E+01   .276713272518E+01
    .215555555556E+00   .770481002964E+01   .271500282812E+01
    .216527777778E+00   .775636676057E+01   .266344609720E+01
    .217500000000E+00   .780734309509E+01   .261246976267E+01
    .218472222222E+00   .785773196443E+01   .256208089333E+01
    .219444444444E+00   .790753457142E+01   .251227828634E+01
    .220416666667E+00   .795675313648E+01   .246305972128E+01
    .221388888889E+00   .800537603485E+01   .241443682291E+01
    .222361111111E+00   .805339970140E+01   .236641315636E+01
    .223333333333E+00   .810082107299E+01   .231899178478E+01
    .224305555556E+00   .814763760179E+01   .227217525597E+01
    .225277777778E+00   .819384726873E+01   .222596558903E+01
    .226250000000E+00   .823944859678E+01   .218036426098E+01
    .227222222222E+00   .828443281757E+01   .213538004020E+01
    .228194444444E+00   .832879543972E+01   .209101741804E+01
    .229166666667E+00   .837253936849E+01   .204727348928E+01
    .230138888889E+00   .841566320141E+01   .200414965636E+01
    .231111111111E+00   .845816586062E+01   .196164699715E+01
    .232083333333E+00   .850004659073E+01   .191976626703E+01
    .233055555556E+00   .854130495668E+01   .187850790108E+01
    .234027777778E+00   .858194084159E+01   .183787201617E+01
    .235000000000E+00   .862195490886E+01   .179785794890E+01
    .235972222222E+00   .866134773744E+01   .175846512033E+01
    .236944444444E+00   .870012007882E+01   .171969277895E+01
    .237916666667E+00   .873827317556E+01   .168153968220E+01
    .238888888889E+00   .877580859141E+01   .164400426636E+01
    .239861111111E+00   .881272820989E+01   .160708464787E+01
    .240833333333E+00   .884903423294E+01   .157077862483E+01
    .241805555556E+00   .888472917947E+01   .153508367829E+01
    .242777777778E+00   .891981451459E+01   .149999834318E+01
    .243750000000E+00   .895429356961E+01   .146551928816E+01
    .244722222222E+00   .898816984330E+01   .143164301446E+01
    .245694444444E+00   .902144683973E+01   .139836601803E+01
    .246666666667E+00   .905412833918E+01   .136568451858E+01
    .247638888889E+00   .908621839497E+01   .133359446280E+01
    .248611111111E+00   .911772133021E+01   .130209152755E+01
    .249583333333E+00   .914864173461E+01   .127117112315E+01
    .250555555556E+00   .917898142820E+01   .124083142956E+01
    .251527777778E+00   .920874672028E+01   .121106613748E+01
    .252500000000E+00   .923794285259E+01   .118187000517E+01
    .253472222222E+00   .926657503332E+01   .115323782444E+01
    .254444444444E+00   .929464867376E+01   .112516418400E+01
    .255416666667E+00   .932216938270E+01   .109764347507E+01
    .256388888889E+00   .934914296092E+01   .107066989685E+01
    .257361111111E+00   .937557539565E+01   .104423746212E+01
    .258333333333E+00   .940147234316E+01   .101834051460E+01
    .259305555556E+00   .942683741037E+01   .992975447395E+00
    .260277777778E+00   .945167862703E+01   .968134230731E+00
    .261250000000E+00   .947600227873E+01   .943810579030E+00
    .262222222222E+00   .949981476290E+01   .919998094865E+00
    .263194444444E+00   .952312258087E+01   .896690276893E+00
    .264166666667E+00   .954593232998E+01   .873880527786E+00
    .265138888889E+00   .956825069560E+01   .851562162162E+00
    .266111111111E+00   .959008444325E+01   .829728414515E+00
    .267083333333E+00   .961144032695E+01   .808372530814E+00
    .268055555556E+00   .963232516041E+01   .787487697358E+00
    .269027777778E+00   .965274596202E+01   .767066895742E+00
    .270000000000E+00   .967270971383E+01   .747103143939E+00
    .270972222222E+00   .969222343542E+01   .727589422349E+00
    .271944444444E+00   .971129417589E+01   .708518681879E+00
    .272916666667E+00   .972992900575E+01   .689883852015E+00
    .273888888889E+00   .974813500886E+01   .671677848901E+00
    .274861111111E+00   .976591927435E+01   .653893583413E+00
    .275833333333E+00   .978328908465E+01   .636523773117E+00
    .276805555556E+00   .980025151271E+01   .619561345050E+00
    .277777777778E+00   .981681358391E+01   .602999273854E+00
    .278750000000E+00   .983298236265E+01   .586830495115E+00
    .279722222222E+00   .984876488227E+01   .571047975492E+00
    .280694444444E+00   .986416813717E+01   .555644720594E+00
    .281666666667E+00   .987919907491E+01   .540613782854E+00
    .282638888889E+00   .989386458836E+01   .525948269406E+00
    .283611111111E+00   .990817150781E+01   .511641349959E+00
    .284583333333E+00   .992212784618E+01   .497685011585E+00
    .285555555556E+00   .993573965977E+01   .484073197998E+00
    .286527777778E+00   .994901366611E+01   .470799191655E+00
    .287500000000E+00   .996195652406E+01   .457856333701E+00
    .288472222222E+00   .997457480843E+01   .445238049330E+00
    .289444444444E+00   .998687500298E+01   .432937854785E+00
    .290416666667E+00   .999886349341E+01   .420949364358E+00
    .291388888889E+00   .100105465604E+02   .409266297391E+00
    .292361111111E+00   .100219309348E+02   .397881922929E+00
    .293333333333E+00   .100330245003E+02   .386788357503E+00
    .294305555556E+00   .100438321270E+02   .375980730724E+00
    .295277777778E+00   .100543599075E+02   .365452950297E+00
    .296250000000E+00   .100646138297E+02   .355199028058E+00
    .297222222222E+00   .100745997726E+02   .345213085148E+00
    .298194444444E+00   .100843235006E+02   .335489357192E+00
    .299166666667E+00   .100937906583E+02   .326022199476E+00
    .300138888889E+00   .101030067656E+02   .316806092128E+00
    .301111111111E+00   .101119791811E+02   .307833676621E+00
    .302083333333E+00   .101207144470E+02   .299098410763E+00
    .303055555556E+00   .101292166766E+02   .290596181161E+00
    .304027777778E+00   .101374913328E+02   .282321524917E+00
    .305000000000E+00   .101455437857E+02   .274269072060E+00
    .305972222222E+00   .101533793099E+02   .266433547836E+00
    .306944444444E+00   .101610030828E+02   .258809774990E+00
    .307916666667E+00   .101684201817E+02   .251392676051E+00
    .308888888889E+00   .101756355821E+02   .244177275622E+00
    .309861111111E+00   .101826544384E+02   .237158419349E+00
    .310833333333E+00   .101894814645E+02   .230331393292E+00
    .311805555556E+00   .101961212955E+02   .223691562247E+00
    .312777777778E+00   .102025785213E+02   .217234336498E+00
    .313750000000E+00   .102088576232E+02   .210955234600E+00
    .314722222222E+00   .102149629724E+02   .204849885405E+00
    .315694444444E+00   .102208988277E+02   .198914030092E+00
    .316666666667E+00   .102266693336E+02   .193143524189E+00
    .317638888889E+00   .102322785941E+02   .187534263656E+00
    .318611111111E+00   .102377321163E+02   .182080741436E+00
    .319583333333E+00   .102430328420E+02   .176780015776E+00
    .320555555556E+00   .102481846270E+02   .171628230760E+00
    .321527777778E+00   .102531912256E+02   .166621632163E+00
    .322500000000E+00   .102580562895E+02   .161756568306E+00
    .323472222222E+00   .102627833668E+02   .157029490921E+00
    .324444444444E+00   .102673759018E+02   .152436956004E+00
    .325416666667E+00   .102718372331E+02   .147975624681E+00
    .326388888889E+00   .102761713366E+02   .143641521186E+00
    .327361111111E+00   .102803829134E+02   .139429944369E+00
    .328333333333E+00   .102844740339E+02   .135338823841E+00
    .329305555556E+00   .102884479137E+02   .131364944089E+00
    .330277777778E+00   .102923076950E+02   .127505162814E+00
    .331250000000E+00   .102960564478E+02   .123756409955E+00
    .332222222222E+00   .102996971710E+02   .120115686718E+00
    .333194444444E+00   .103032327932E+02   .116580064606E+00
    .334166666667E+00   .103066661733E+02   .113146684450E+00
    .335138888889E+00   .103100002185E+02   .109812639280E+00
    .336111111111E+00   .103132376930E+02   .106575164759E+00
    .337083333333E+00   .103163812132E+02   .103431644540E+00
    .338055555556E+00   .103194333960E+02   .100379461714E+00
    .339027777778E+00   .103223967969E+02   .974160608999E-01
    .340000000000E+00   .103252739106E+02   .945389471170E-01
    .340972222222E+00   .103280671731E+02   .917456846726E-01
    .341944444444E+00   .103307789617E+02   .890338960422E-01
    .342916666667E+00   .103334115970E+02   .864012607514E-01
    .343888888889E+00   .103359663891E+02   .838464686830E-01
    .344861111111E+00   .103384458489E+02   .813670088715E-01
    .345833333333E+00   .103408521317E+02   .789607261002E-01
    .346805555556E+00   .103431872019E+02   .766256558376E-01
    .347777777778E+00   .103454529568E+02   .743599009144E-01
    .348750000000E+00   .103476512266E+02   .721616311879E-01
    .349722222222E+00   .103497837746E+02   .700290832063E-01
    .350694444444E+00   .103518522979E+02   .679605598736E-01
    .351666666667E+00   .103538587202E+02   .659541375577E-01
    .352638888889E+00   .103558069551E+02   .640059027118E-01
    .353611111111E+00   .103576972260E+02   .621156318049E-01
    .354583333333E+00   .103595312781E+02   .602815796172E-01
    .355555555556E+00   .103613108294E+02   .585020283951E-01
    .356527777778E+00   .103630375721E+02   .567752856159E-01
    .357500000000E+00   .103647131760E+02   .550996817532E-01
    .358472222222E+00   .103663392897E+02   .534735680417E-01
    .359444444444E+00   .103679175435E+02   .518953142424E-01
    .359722222222E+00   .103683599088E+02   .514529489526E-01
