  1.000000000000000E-004 -0.104385579943044     
   1.00010000000000        26.4858038866708     
   2.00010000000000        103.481912775765     
   3.00010000000000        166.213134074585     
   4.00010000000000        211.727536813293     
   5.00010000000000        247.634449160484     
   6.00010000000000        274.882131580192     
   7.00010000000000        297.796245061609     
   8.00010000000000        316.319993573508     
   9.00010000000000        332.646045882610     
   10.0001000000000        346.626180524981     
   11.0001000000000        359.015973899641     
   12.0001000000000        370.300502730959     
   13.0001000000000        380.508842351069     
   14.0001000000000        389.886027041889     
   15.0001000000000        398.352998594290     
   16.0001000000000        405.750245040430     
   17.0001000000000        411.966979633210     
   18.0001000000000        416.899412047854     
   19.0001000000000        420.649648716709     
   20.0001000000000        423.416132547875     
   21.0001000000000        425.392027097775     
   22.0001000000000        426.765608700188     
   23.0001000000000        427.723837044582     
   24.0001000000000        428.395174918366     
   25.0001000000000        428.871728512208     
   26.0001000000000        429.219655836511     
   27.0001000000000        429.466047945078     
   28.0001000000000        429.623526272998     
   29.0001000000000        429.741928563670     
   30.0001000000000        429.819495427248     
   31.0001000000000        429.874875857886     
   32.0001000000000        429.922329374806     
   33.0001000000000        429.951924596472     
   34.0001000000000        429.981330916820     
   35.0001000000000        430.000319263979     
   36.0001000000000        430.017011182432     
   37.0001000000000        430.031824003262     
   38.0001000000000        430.041213653536     
   39.0001000000000        430.049551464633     
   40.0001000000000        430.056489417487     
   41.0001000000000        430.062370883718     
   42.0001000000000        430.067195863326     
   43.0001000000000        430.070964356311     
   44.0001000000000        430.073676362673     
   45.0001000000000        430.075331882413     
   46.0001000000000        430.075930915529     
   47.0001000000000        430.075473462023     
   48.0001000000000        430.075254890903     
   49.0001000000001        430.076433957206     
   50.0001000000001        430.077263321885     
   51.0001000000001        430.077742984941     
   52.0001000000001        430.077872946373     
   53.0001000000001        430.077653206182     
   54.0001000000001        430.077083764367     
   55.0001000000001        430.076164620929     
   56.0001000000001        430.074895775868     
   57.0001000000001        430.074144541184     
   58.0001000000001        430.073912534147     
   59.0001000000001        430.073647034123     
   60.0001000000001        430.073348041110     
   61.0001000000001        430.073015555109     
   62.0001000000001        430.072649576120     
   63.0001000000001        430.072250104143     
   64.0001000000001        430.071817139178     
   65.0001000000001        430.071350681224     
   66.0001000000001        430.070306872813     
   67.0001000000001        430.070271303158     
   68.0001000000001        430.070235733502     
   69.0001000000001        430.070200163846     
   70.0001000000001        430.070164594191     
   71.0001000000001        430.070129024535     
   72.0001000000001        430.070093454879     
   73.0001000000001        430.070057885224     
   74.0001000000001        430.070022315568     
   75.0001000000001        430.070013842358     
   76.0001000000001        430.070006635937     
   77.0001000000001        430.069999429517     
   78.0001000000001        430.069992223096     
   79.0001000000001        430.069985016676     
   80.0001000000001        430.069977810255     
   81.0001000000001        430.069970603835     
   82.0001000000001        430.069963397414     
   83.0001000000001        430.069956190994     
   84.0001000000001        430.069948984573     
   85.0001000000001        430.069947252339     
   86.0001000000001        430.069945776029     
   87.0001000000001        430.069944299719     
   88.0001000000001        430.069942823409     
   89.0001000000001        430.069941347100     
   90.0001000000001        430.069939870790     
   91.0001000000001        430.069938394480     
   92.0001000000001        430.069936918170     
   93.0001000000001        430.069935441860     
   94.0001000000001        430.069933965550     
   95.0001000000001        430.069933608932     
   96.0001000000001        430.069933304661     
   97.0001000000001        430.069933000389     
   98.0001000000001        430.069932696118     
   99.0001000000001        430.069932391846     
   100.000100000000        430.069932087575     
   101.000100000000        430.069931783304     
   102.000100000000        430.069931479032     
   103.000100000000        430.069931174761     
   104.000100000000        430.069930870489     
   105.000100000000        430.069930796982     
   106.000100000000        430.069930734263     
   107.000100000000        430.069930671545     
   108.000100000000        430.069930608826     
   109.000100000000        430.069930546107     
   110.000100000000        430.069930483389     
   111.000100000000        430.069930420670     
   112.000100000000        430.069930357951     
   113.000100000000        430.069930295233     
   114.000100000000        430.069930232514     
   115.000100000000        430.069930217373     
   116.000100000000        430.069930204457     
   117.000100000000        430.069930191541     
   118.000100000000        430.069930178624     
   119.000100000000        430.069930165708     
   120.000100000000        430.069930152791     
   121.000100000000        430.069930139875     
   122.000100000000        430.069930126959     
   123.000100000000        430.069930114042     
   124.000100000000        430.069930101126     
   125.000100000000        430.069930098011     
   126.000100000000        430.069930095354     
   127.000100000000        430.069930092696     
   128.000100000000        430.069930090040     
   129.000100000000        430.069930087382     
   130.000100000000        430.069930084726     
   131.000100000000        430.069930082068     
   132.000100000000        430.069930079412     
   133.000100000000        430.069930076755     
   134.000100000000        430.069930074098     
   135.000100000000        430.069930073457     
   136.000100000000        430.069930072911     
   137.000100000000        430.069930072365     
   138.000100000000        430.069930071819     
   139.000100000000        430.069930071274     
   140.000100000000        430.069930070728     
   141.000100000000        430.069930070182     
   142.000100000000        430.069930069636     
   143.000100000000        430.069930069090     
   144.000100000000        430.069930068544     
   145.000100000000        430.069930068412     
   146.000100000000        430.069930068300     
   147.000100000000        430.069930068188     
   148.000100000000        430.069930068076     
   149.000100000000        430.069930067964     
   150.000100000000        430.069930067852     
   151.000100000000        430.069930067740     
   152.000100000000        430.069930067628     
   153.000100000000        430.069930067516     
   154.000100000000        430.069930067404     
   155.000100000000        430.069930067377     
   156.000100000000        430.069930067354     
   157.000100000000        430.069930067331     
   158.000100000000        430.069930067308     
   159.000100000000        430.069930067285     
   160.000100000000        430.069930067262     
   161.000100000000        430.069930067239     
   162.000100000000        430.069930067216     
   163.000100000000        430.069930067193     
   164.000100000000        430.069930067170     
   165.000100000000        430.069930067164     
   166.000100000000        430.069930067160     
   167.000100000000        430.069930067155     
   168.000100000000        430.069930067151     
   169.000100000000        430.069930067146     
   170.000100000000        430.069930067141     
   171.000100000000        430.069930067137     
   172.000100000000        430.069930067132     
   173.000100000000        430.069930067127     
   174.000100000000        430.069930067123     
   175.000100000000        430.069930067122     
   176.000100000000        430.069930067121     
   177.000100000000        430.069930067120     
   178.000100000000        430.069930067119     
   179.000100000000        430.069930067118     
   180.000100000000        430.069930067117     
   181.000100000000        430.069930067116     
   182.000100000000        430.069930067115     
   183.000100000000        430.069930067114     
   184.000100000000        430.069930067113     
   185.000100000000        430.069930067113     
   186.000100000000        430.069930067113     
   187.000100000000        430.069930067113     
   188.000100000000        430.069930067112     
   189.000100000000        430.069930067112     
   190.000100000000        430.069930067112     
   191.000100000000        430.069930067112     
   192.000100000000        430.069930067111     
   193.000100000000        430.069930067111     
   194.000100000000        430.069930067111     
   195.000100000000        430.069930067111     
   196.000100000000        430.069930067111     
   197.000100000000        430.069930067111     
   198.000100000000        430.069930067111     
   199.000100000000        430.069930067111     
   200.000100000000        430.069930067111     
   201.000100000000        430.069930067111     
   202.000100000000        430.069930067110     
   203.000100000000        430.069930067110     
   204.000100000000        430.069930067110     
   205.000100000000        430.069930067110     
   206.000100000000        430.069930067110     
   207.000100000000        430.069930067111     
   208.000100000000        430.069930067111     
   209.000100000000        430.069930067111     
   210.000100000000        430.069930067111     
   211.000100000000        430.069930067111     
   212.000100000000        430.069930067111     
   213.000100000000        430.069930067111     
   214.000100000000        430.069930067111     
   215.000100000000        430.069930067111     
   216.000100000000        430.069930067111     
   217.000100000000        430.069930067111     
   218.000100000000        430.069930067111     
   219.000100000000        430.069930067111     
   220.000100000000        430.069930067111     
   221.000100000000        430.069930067111     
   222.000100000000        430.069930067111     
   223.000100000000        430.069930067111     
   224.000100000000        430.069930067111     
   225.000100000000        430.069930067111     
   226.000099999999        430.069930067110     
   227.000099999999        430.069930067110     
   228.000099999999        430.069930067110     
   229.000099999999        430.069930067110     
   230.000099999999        430.069930067110     
   231.000099999999        430.069930067110     
   232.000099999999        430.069930067110     
   233.000099999999        430.069930067110     
   234.000099999999        430.069930067110     
   235.000099999999        430.069930067110     
   236.000099999999        430.069930067110     
   237.000099999999        430.069930067110     
   238.000099999999        430.069930067110     
   239.000099999999        430.069930067110     
   240.000000000000        430.069930067111     
 NOTE: CONCENTRATION UNITS ARE UG/L (?)
 END_OF_DATA
 EXIT VALUE OF NFLAG =
      0
 NOTE: CONCENTRATION UNITS ARE UMOL/L (?)
