   3.816048521055E+01
   5.253314053310E+00
   2.452103627046E+01
   1.833735739150E-02
   2.425594121321E+01
   9.220911410492E+01
   5.624247678133E-02
   7.742548136851E-03
   3.614010161260E-02
   2.702634391653E-05
   3.574939372406E-02
   1.473840714315E-01
   1.148252483275E-02
   2.419991168500E+02
   7.514208199420E-03
   5.098385549019E+00
   2.860091982734E-02
   1.940570615912E+01
   2.419991168500E-05
   1.641962489566E-02
   2.829176843888E+00
   5.624247678133E-02
   3.816048521055E+01
   9.653574344062E-05
   6.549944135957E-02
   3.574939372406E-02
   2.425594121321E+01
   2.826432231532E+00
   1.318041939907E-04
   8.942906293098E-02
   7.539181785255E-03
   5.115330111341E+00
   2.826432231532E-06
   1.917732495839E-03
