  1.000000000000000E-004  0.367992576834740     
   720.000100000000       3.368985825481010E-002
   1440.00010000000       3.564757050247093E-002
   2160.00010000000       4.052016564884005E-002
   2880.00010000000       4.702195645401169E-002
   3600.00010000000       5.289290673927056E-002
   4320.00010000000       5.709747092260487E-002
   5040.00010000000       5.992931975947268E-002
   5760.00010000000       6.223452782448569E-002
   6480.00010000000       6.487795736030322E-002
   7200.00010000000       6.814847178919187E-002
   7920.00010000000       7.202071447710028E-002
   8640.00010000000       7.624201946043090E-002
   9360.00010000000       8.050642548050385E-002
   10080.0001000000       8.460346552521929E-002
   10800.0001000000       8.838294201906102E-002
   11520.0001000000       9.167353578604905E-002
   12240.0001000000       9.434764015271650E-002
   12960.0001000000       9.692216619140243E-002
   13680.0001000000       9.943215793310670E-002
   14400.0001000000       0.101906076990952     
   15120.0001000000       0.104481003600414     
   15840.0001000000       0.107226561257983     
   16560.0001000000       0.110191174913538     
   17280.0001000000       0.113359420090191     
   18000.0001000000       0.116670571258190     
   18720.0001000000       0.120045432938211     
   19440.0001000000       0.123398589795376     
   20160.0001000000       0.126656321319824     
   20880.0001000000       0.129750112890959     
   21600.0001000000       0.132748850656396     
   22320.0001000000       0.135577948608620     
   23040.0001000000       0.138266822766250     
   23760.0001000000       0.140848724482992     
   24480.0001000000       0.143317681483833     
   25200.0001000000       0.145780834244757     
   25920.0001000000       0.148242965104431     
   26640.0001000000       0.150742013999103     
   27360.0001000000       0.153315136313000     
   28080.0001000000       0.156005795358078     
   28800.0001000000       0.158716360909368     
   29520.0001000000       0.161536527279148     
   30240.0001000000       0.164394575700203     
   30960.0001000000       0.167290231325289     
   31680.0001000000       0.170178741455390     
   32400.0001000000       0.173045174078116     
   33120.0001000000       0.175875551184490     
   33840.0001000000       0.178652188520991     
   34560.0001000000       0.181383741434819     
   35280.0001000000       0.184055871485812     
   36000.0001000000       0.186685305899678     
   36720.0001000000       0.189281254699308     
   37440.0001000000       0.191839893015318     
   38160.0001000000       0.194388779554526     
   38880.0001000000       0.196941060174798     
   39600.0001000000       0.199503426865481     
   40320.0001000000       0.202094291561009     
   41040.0001000000       0.204725526762785     
   41760.0001000000       0.207388914354753     
   42480.0001000000       0.210094760607036     
   43200.0001000000       0.212826011635748     
   43920.0001000000       0.215577706703471     
   44640.0001000000       0.218339206388491     
   45360.0001000000       0.221098595372423     
   46080.0001000000       0.223848282379359     
   46800.0001000000       0.226579156071805     
   47520.0001000000       0.229292496608902     
   48240.0001000000       0.232004037218887     
   48960.0001000000       0.234708214939649     
   49680.0001000000       0.237423545715296     
   50400.0001000000       0.240151771469484     
   51120.0001000000       0.242899696695719     
   51840.0001000000       0.245674062771100     
   52560.0001000000       0.248477819298936     
   53280.0001000000       0.251304909300893     
   54000.0001000000       0.254160877419050     
   54720.0001000000       0.257028886270478     
   55440.0001000000       0.259908991612438     
   56160.0001000000       0.262791467865349     
   56880.0001000000       0.265666636195341     
   57600.0001000000       0.268530073071895     
   58320.0001000000       0.271373385589431     
   59040.0001000000       0.274188862928229     
   59760.0001000000       0.276969594707903     
   60480.0001000000       0.279711582106267     
   61200.0001000000       0.282408534434446     
   61920.0001000000       0.285053592921599     
   62640.0001000000       0.287656805528481     
   63360.0001000000       0.290213508417773     
   64080.0001000000       0.292720405416010     
   64800.0001000000       0.295165470903409     
   65520.0001000000       0.297558876712824     
   66240.0001000000       0.299887874257600     
   66960.0001000000       0.302172125900452     
   67680.0001000000       0.304397514481411     
   68400.0001000000       0.306564040000479     
   69120.0001000000       0.308671702457654     
   69840.0001000000       0.310720501852936     
   70560.0001000000       0.312717490774420     
   71280.0001000000       0.314662155345479     
   72000.0001000000       0.316551474864730     
   72720.0001000000       0.318385449332175     
   73440.0001000000       0.320164078747812     
   74160.0001000000       0.321889118885804     
   74880.0001000000       0.323565428969885     
   75600.0001000000       0.325188814245638     
   76320.0001000000       0.326759274713063     
   77040.0001000000       0.328276810372159     
   77760.0001000000       0.329741421222927     
   78480.0001000000       0.331151810767852     
   79200.0001000000       0.332539894563797     
   79920.0001000000       0.333876853388251     
   80640.0001000000       0.335163659285908     
   81360.0001000000       0.336401284301460     
   82080.0001000000       0.337594998488181     
   82800.0001000000       0.338749074792650     
   83520.0001000000       0.339860301065760     
   84240.0001000000       0.340929972809469     
   84960.0001000000       0.341959385525731     
   85680.0001000000       0.342949834716504     
   86400.0001000000       0.343902615883742     
   87120.0001000000       0.344819024529402     
   87840.0001000000       0.345700356155440     
   88560.0001000000       0.346547501118371     
   89280.0001000000       0.347361096503763     
   90000.0001000000       0.348143071345699     
   90720.0001000000       0.348894679982751     
   91440.0001000000       0.349617176753493     
   92160.0001000000       0.350311815996497     
   92880.0001000000       0.350979852050337     
   93600.0001000000       0.351622539253585     
   94320.0001000000       0.352241131944814     
   95040.0001000000       0.352836015524130     
   95760.0001000000       0.353405566020605     
   96480.0001000000       0.353953405580935     
   97200.0001000000       0.354480655095123     
   97920.0001000000       0.354988435453170     
   98640.0001000000       0.355477867545077     
   99360.0001000000       0.355950072260846     
   100080.000100000       0.356406170490478     
   100800.000100000       0.356847283123976     
   101520.000100000       0.357273409938281     
   102240.000100000       0.357676505405568     
   102960.000100000       0.358064496708542     
   103680.000100000       0.358438164334760     
   104400.000100000       0.358798288771779     
   105120.000100000       0.359145650507156     
   105840.000100000       0.359481030028448     
   106560.000100000       0.359805207823212     
   107280.000100000       0.360118964379005     
   108000.000100000       0.360423023804935     
   108720.000100000       0.360708510842743     
   109440.000100000       0.360982872708037     
   110160.000100000       0.361246588864609     
   110880.000100000       0.361500138776252     
   111600.000100000       0.361744001906756     
   112320.000100000       0.361978657719915     
   113040.000100000       0.362204585679520     
   113760.000100000       0.362422265249364     
   114480.000100000       0.362632175893238     
   115200.000100000       0.362831535645860     
   115920.000100000       0.363022716305021     
   116640.000100000       0.363206426307495     
   117360.000100000       0.363383049282146     
   118080.000100000       0.363552968857839     
   118800.000100000       0.363716568663441     
   119520.000100000       0.363874232327818     
   120240.000100000       0.364026343479834     
   120960.000100000       0.364173285748356     
   121680.000100000       0.364315442762250     
   122400.000100000       0.364448672193641     
   123120.000100000       0.364575983704838     
   123840.000100000       0.364698078675537     
   124560.000100000       0.364815207742374     
   125280.000100000       0.364927621541982     
   126000.000100000       0.365035570710995     
   126720.000100000       0.365139305886046     
   127440.000100000       0.365239077703771     
   128160.000100000       0.365335136800803     
   128880.000100000       0.365427733813776     
   129600.000100000       0.365515773904080     
   130320.000100000       0.365600288374888     
   131040.000100000       0.365681622323721     
   131760.000100000       0.365759986851314     
   132480.000100000       0.365835593058408     
   133200.000100000       0.365908652045738     
   133920.000100000       0.365979374914044     
   134640.000100000       0.366047972764063     
   135360.000100000       0.366114656696534     
   136080.000100000       0.366179637812194     
   136800.000100000       0.366239252897691     
   137520.000100000       0.366295960993583     
   138240.000100000       0.366350245201995     
   138960.000100000       0.366402202779521     
   139680.000100000       0.366451930982752     
   140400.000100000       0.366499527068283     
   141120.000100000       0.366545088292704     
   141840.000100000       0.366588711912610     
   142560.000100000       0.366630495184593     
   143280.000100000       0.366670535365244     
   144000.000000000       0.366709489940663     
 END_OF_DATA
 EXIT VALUE OF NFLAG =
      0
 NOTE: CONCENTRATION UNITS ARE UG/L
