Line 17: Class Threed.SSFrame of control fraIsothermDB was not a loaded control class.
Line 37: Class Threed.SSFrame of control fraTwo was not a loaded control class.
Line 423: Class Threed.SSFrame of control fraOne was not a loaded control class.
Line 478: Class Threed.SSCommand of control cmdSelect was not a loaded control class.
Line 499: Class Threed.SSCommand of control cmdFind was not a loaded control class.
Line 521: Class Threed.SSCommand of control cmdFind was not a loaded control class.
Line 595: Class Threed.SSFrame of control fraUserInput was not a loaded control class.
Line 676: Class Threed.SSFrame of control fraSource was not a loaded control class.
Line 696: Class Threed.SSOption of control optFreundlichSource was not a loaded control class.
Line 720: Class Threed.SSOption of control optFreundlichSource was not a loaded control class.
Line 744: Class Threed.SSOption of control optFreundlichSource was not a loaded control class.
Line 768: Class Threed.SSCommand of control cmdCancelOK was not a loaded control class.
Line 792: Class Threed.SSCommand of control cmdCancelOK was not a loaded control class.
Line 816: Class Threed.SSPanel of control sspanel_Warning was not a loaded control class.
Line 848: Class Threed.SSFrame of control fraIPES was not a loaded control class.
Line 886: Class Threed.SSCommand of control cmdCalculate was not a loaded control class.
Line 907: Class Threed.SSFrame of control fraPolanyi was not a loaded control class.
Line 1015: Class Threed.SSCommand of control cmdEditPolanyi was not a loaded control class.
Line 1125: Class Threed.SSFrame of control fraAdditional was not a loaded control class.
Line 1317: Class Threed.SSPanel of control sspanel_StatusBar was not a loaded control class.
Line 1339: Class Threed.SSPanel of control sspanel_Dirty was not a loaded control class.
Line 1363: Class Threed.SSPanel of control sspanel_Status was not a loaded control class.
