 NOTE: ALL TERMS IN UNITS OF UG/S.
    0.9993600000E-04     0.000000000        0.8490822789E-06     1.700000000        0.7012805649E-03     0.000000000        0.7021296472E-03
     864.0000999         0.000000000        0.2053206338E-02     1.700000000         1.695799967         0.000000000         1.697853173    
     1728.000100         0.000000000        0.2053206340E-02     1.700000000         1.695799969         0.000000000         1.697853175    
     2592.000100         0.000000000        0.2053206344E-02     1.700000000         1.695799972         0.000000000         1.697853178    
     3456.000100         0.000000000        0.2053206351E-02     1.700000000         1.695799978         0.000000000         1.697853184    
     4320.000100         0.000000000        0.2053206370E-02     1.700000000         1.695799994         0.000000000         1.697853200    
     5184.000100         0.000000000        0.2053206390E-02     1.700000000         1.695800010         0.000000000         1.697853216    
     6048.000100         0.000000000        0.2053206409E-02     1.700000000         1.695800026         0.000000000         1.697853233    
     6912.000100         0.000000000        0.2053206429E-02     1.700000000         1.695800042         0.000000000         1.697853249    
     7776.000100         0.000000000        0.2053206449E-02     1.700000000         1.695800059         0.000000000         1.697853265    
     8640.000100         0.000000000        0.2053206468E-02     1.700000000         1.695800075         0.000000000         1.697853281    
     9504.000100         0.000000000        0.2053206488E-02     1.700000000         1.695800091         0.000000000         1.697853297    
     10368.00010         0.000000000        0.2053206507E-02     1.700000000         1.695800107         0.000000000         1.697853313    
     11232.00010         0.000000000        0.2053206527E-02     1.700000000         1.695800123         0.000000000         1.697853330    
     12096.00010         0.000000000        0.2053206552E-02     1.700000000         1.695800144         0.000000000         1.697853350    
     12960.00010         0.000000000        0.2053206608E-02     1.700000000         1.695800190         0.000000000         1.697853397    
     13824.00010         0.000000000        0.2053206665E-02     1.700000000         1.695800237         0.000000000         1.697853443    
     14688.00010         0.000000000        0.2053206721E-02     1.700000000         1.695800283         0.000000000         1.697853490    
     15552.00010         0.000000000        0.2053206777E-02     1.700000000         1.695800330         0.000000000         1.697853537    
     16416.00010         0.000000000        0.2053206834E-02     1.700000000         1.695800377         0.000000000         1.697853583    
     17280.00010         0.000000000        0.2053206890E-02     1.700000000         1.695800423         0.000000000         1.697853630    
     18144.00010         0.000000000        0.2053206947E-02     1.700000000         1.695800470         0.000000000         1.697853677    
     19008.00010         0.000000000        0.2053207003E-02     1.700000000         1.695800516         0.000000000         1.697853723    
     19872.00010         0.000000000        0.2053207059E-02     1.700000000         1.695800563         0.000000000         1.697853770    
     20736.00010         0.000000000        0.2053207123E-02     1.700000000         1.695800615         0.000000000         1.697853822    
     21600.00010         0.000000000        0.2053207228E-02     1.700000000         1.695800702         0.000000000         1.697853909    
     22464.00010         0.000000000        0.2053207333E-02     1.700000000         1.695800789         0.000000000         1.697853996    
     23328.00010         0.000000000        0.2053207437E-02     1.700000000         1.695800875         0.000000000         1.697854083    
     24192.00010         0.000000000        0.2053207542E-02     1.700000000         1.695800962         0.000000000         1.697854169    
     25056.00010         0.000000000        0.2053207647E-02     1.700000000         1.695801048         0.000000000         1.697854256    
     25920.00010         0.000000000        0.2053207752E-02     1.700000000         1.695801135         0.000000000         1.697854343    
     26784.00010         0.000000000        0.2053207857E-02     1.700000000         1.695801222         0.000000000         1.697854430    
     27648.00010         0.000000000        0.2053207962E-02     1.700000000         1.695801308         0.000000000         1.697854516    
     28512.00010         0.000000000        0.2053208067E-02     1.700000000         1.695801395         0.000000000         1.697854603    
     29376.00010         0.000000000        0.2053208180E-02     1.700000000         1.695801488         0.000000000         1.697854697    
     30240.00010         0.000000000        0.2053208343E-02     1.700000000         1.695801623         0.000000000         1.697854832    
     31104.00010         0.000000000        0.2053208506E-02     1.700000000         1.695801758         0.000000000         1.697854966    
     31968.00010         0.000000000        0.2053208669E-02     1.700000000         1.695801893         0.000000000         1.697855101    
     32832.00010         0.000000000        0.2053208832E-02     1.700000000         1.695802027         0.000000000         1.697855236    
     33696.00010         0.000000000        0.2053208996E-02     1.700000000         1.695802162         0.000000000         1.697855371    
     34560.00010         0.000000000        0.2053209159E-02     1.700000000         1.695802297         0.000000000         1.697855506    
     35424.00010         0.000000000        0.2053209322E-02     1.700000000         1.695802432         0.000000000         1.697855641    
     36288.00010         0.000000000        0.2053209485E-02     1.700000000         1.695802566         0.000000000         1.697855776    
     37152.00010         0.000000000        0.2053209648E-02     1.700000000         1.695802701         0.000000000         1.697855911    
     38016.00010         0.000000000        0.2053209821E-02     1.700000000         1.695802844         0.000000000         1.697856053    
     38880.00010         0.000000000        0.2053210050E-02     1.700000000         1.695803033         0.000000000         1.697856243    
     39744.00010         0.000000000        0.2053210280E-02     1.700000000         1.695803223         0.000000000         1.697856433    
     40608.00010         0.000000000        0.2053210509E-02     1.700000000         1.695803412         0.000000000         1.697856623    
     41472.00010         0.000000000        0.2053210739E-02     1.700000000         1.695803602         0.000000000         1.697856813    
     42336.00010         0.000000000        0.2053210968E-02     1.700000000         1.695803792         0.000000000         1.697857003    
     43200.00010         0.000000000        0.2053211198E-02     1.700000000         1.695803981         0.000000000         1.697857192    
     44064.00010         0.000000000        0.2053211428E-02     1.700000000         1.695804171         0.000000000         1.697857382    
     44928.00010         0.000000000        0.2053211657E-02     1.700000000         1.695804360         0.000000000         1.697857572    
     45792.00010         0.000000000        0.2053211887E-02     1.700000000         1.695804550         0.000000000         1.697857762    
     46656.00010         0.000000000        0.2053212127E-02     1.700000000         1.695804748         0.000000000         1.697857960    
     47520.00010         0.000000000        0.2053212430E-02     1.700000000         1.695804999         0.000000000         1.697858211    
     48384.00010         0.000000000        0.2053212734E-02     1.700000000         1.695805249         0.000000000         1.697858462    
     49248.00010         0.000000000        0.2053213037E-02     1.700000000         1.695805500         0.000000000         1.697858713    
     50112.00010         0.000000000        0.2053213340E-02     1.700000000         1.695805751         0.000000000         1.697858964    
     50976.00010         0.000000000        0.2053213644E-02     1.700000000         1.695806001         0.000000000         1.697859215    
     51840.00010         0.000000000        0.2053213947E-02     1.700000000         1.695806252         0.000000000         1.697859466    
     52704.00010         0.000000000        0.2053214251E-02     1.700000000         1.695806502         0.000000000         1.697859717    
     53568.00010         0.000000000        0.2053214554E-02     1.700000000         1.695806753         0.000000000         1.697859968    
     54432.00010         0.000000000        0.2053214857E-02     1.700000000         1.695807004         0.000000000         1.697860218    
     55296.00010         0.000000000        0.2053215172E-02     1.700000000         1.695807264         0.000000000         1.697860479    
     56160.00010         0.000000000        0.2053215556E-02     1.700000000         1.695807581         0.000000000         1.697860796    
     57024.00010         0.000000000        0.2053215940E-02     1.700000000         1.695807898         0.000000000         1.697861114    
     57888.00010         0.000000000        0.2053216324E-02     1.700000000         1.695808215         0.000000000         1.697861431    
     58752.00010         0.000000000        0.2053216708E-02     1.700000000         1.695808532         0.000000000         1.697861749    
     59616.00010         0.000000000        0.2053217092E-02     1.700000000         1.695808849         0.000000000         1.697862066    
     60480.00010         0.000000000        0.2053217476E-02     1.700000000         1.695809166         0.000000000         1.697862384    
     61344.00010         0.000000000        0.2053217860E-02     1.700000000         1.695809483         0.000000000         1.697862701    
     62208.00010         0.000000000        0.2053218244E-02     1.700000000         1.695809801         0.000000000         1.697863019    
     63072.00010         0.000000000        0.2053218628E-02     1.700000000         1.695810118         0.000000000         1.697863336    
     63936.00010         0.000000000        0.2053219024E-02     1.700000000         1.695810445         0.000000000         1.697863664    
     64800.00010         0.000000000        0.2053219495E-02     1.700000000         1.695810834         0.000000000         1.697864053    
     65664.00010         0.000000000        0.2053219965E-02     1.700000000         1.695811222         0.000000000         1.697864442    
     66528.00010         0.000000000        0.2053220436E-02     1.700000000         1.695811611         0.000000000         1.697864832    
     67392.00010         0.000000000        0.2053220907E-02     1.700000000         1.695812000         0.000000000         1.697865221    
     68256.00010         0.000000000        0.2053221378E-02     1.700000000         1.695812389         0.000000000         1.697865610    
     69120.00010         0.000000000        0.2053221848E-02     1.700000000         1.695812777         0.000000000         1.697865999    
     69984.00010         0.000000000        0.2053222319E-02     1.700000000         1.695813166         0.000000000         1.697866389    
     70848.00010         0.000000000        0.2053222790E-02     1.700000000         1.695813555         0.000000000         1.697866778    
     71712.00010         0.000000000        0.2053223260E-02     1.700000000         1.695813944         0.000000000         1.697867167    
     72576.00010         0.000000000        0.2053224194E-02     1.700000000         1.695814715         0.000000000         1.697867939    
     73440.00010         0.000000000        0.2053224670E-02     1.700000000         1.695815108         0.000000000         1.697868333    
     74304.00010         0.000000000        0.2053225156E-02     1.700000000         1.695815510         0.000000000         1.697868735    
     75168.00010         0.000000000        0.2053225651E-02     1.700000000         1.695815919         0.000000000         1.697869144    
     76032.00010         0.000000000        0.2053226156E-02     1.700000000         1.695816335         0.000000000         1.697869561    
     76896.00010         0.000000000        0.2053226669E-02     1.700000000         1.695816759         0.000000000         1.697869986    
     77760.00010         0.000000000        0.2053227192E-02     1.700000000         1.695817191         0.000000000         1.697870418    
     78624.00010         0.000000000        0.2053227724E-02     1.700000000         1.695817631         0.000000000         1.697870858    
     79488.00010         0.000000000        0.2053228266E-02     1.700000000         1.695818078         0.000000000         1.697871306    
     80352.00010         0.000000000        0.2053228816E-02     1.700000000         1.695818533         0.000000000         1.697871761    
     81216.00010         0.000000000        0.2053229380E-02     1.700000000         1.695818998         0.000000000         1.697872228    
     82080.00010         0.000000000        0.2053229978E-02     1.700000000         1.695819492         0.000000000         1.697872722    
     82944.00010         0.000000000        0.2053230591E-02     1.700000000         1.695819998         0.000000000         1.697873229    
     83808.00010         0.000000000        0.2053231218E-02     1.700000000         1.695820516         0.000000000         1.697873747    
     84672.00010         0.000000000        0.2053231859E-02     1.700000000         1.695821046         0.000000000         1.697874278    
     85536.00010         0.000000000        0.2053232515E-02     1.700000000         1.695821587         0.000000000         1.697874820    
     86400.00010         0.000000000        0.2053233185E-02     1.700000000         1.695822141         0.000000000         1.697875374    
     87264.00010         0.000000000        0.2053233869E-02     1.700000000         1.695822706         0.000000000         1.697875940    
     88128.00010         0.000000000        0.2053234568E-02     1.700000000         1.695823283         0.000000000         1.697876518    
     88992.00010         0.000000000        0.2053235282E-02     1.700000000         1.695823873         0.000000000         1.697877108    
     89856.00010         0.000000000        0.2053236007E-02     1.700000000         1.695824471         0.000000000         1.697877707    
     90720.00010         0.000000000        0.2053236726E-02     1.700000000         1.695825065         0.000000000         1.697878302    
     91584.00010         0.000000000        0.2053237455E-02     1.700000000         1.695825668         0.000000000         1.697878905    
     92448.00010         0.000000000        0.2053238195E-02     1.700000000         1.695826279         0.000000000         1.697879517    
     93312.00010         0.000000000        0.2053238945E-02     1.700000000         1.695826898         0.000000000         1.697880137    
     94176.00010         0.000000000        0.2053239706E-02     1.700000000         1.695827527         0.000000000         1.697880766    
     95040.00010         0.000000000        0.2053240477E-02     1.700000000         1.695828163         0.000000000         1.697881404    
     95904.00010         0.000000000        0.2053241258E-02     1.700000000         1.695828808         0.000000000         1.697882050    
     96768.00010         0.000000000        0.2053242049E-02     1.700000000         1.695829462         0.000000000         1.697882704    
     97632.00010         0.000000000        0.2053242851E-02     1.700000000         1.695830124         0.000000000         1.697883367    
     98496.00010         0.000000000        0.2053243664E-02     1.700000000         1.695830795         0.000000000         1.697884039    
     99360.00010         0.000000000        0.2053244489E-02     1.700000000         1.695831477         0.000000000         1.697884721    
     100224.0001         0.000000000        0.2053245324E-02     1.700000000         1.695832167         0.000000000         1.697885412    
     101088.0001         0.000000000        0.2053246171E-02     1.700000000         1.695832866         0.000000000         1.697886113    
     101952.0001         0.000000000        0.2053247028E-02     1.700000000         1.695833575         0.000000000         1.697886822    
     102816.0001         0.000000000        0.2053247897E-02     1.700000000         1.695834292         0.000000000         1.697887539    
     103680.0001         0.000000000        0.2053248776E-02     1.700000000         1.695835017         0.000000000         1.697888266    
     104544.0001         0.000000000        0.2053249665E-02     1.700000000         1.695835752         0.000000000         1.697889002    
     105408.0001         0.000000000        0.2053250566E-02     1.700000000         1.695836496         0.000000000         1.697889747    
     106272.0001         0.000000000        0.2053251477E-02     1.700000000         1.695837249         0.000000000         1.697890500    
     107136.0001         0.000000000        0.2053252399E-02     1.700000000         1.695838011         0.000000000         1.697891263    
     108000.0001         0.000000000        0.2053253335E-02     1.700000000         1.695838783         0.000000000         1.697892036    
     108864.0001         0.000000000        0.2053254281E-02     1.700000000         1.695839565         0.000000000         1.697892819    
     109728.0001         0.000000000        0.2053255239E-02     1.700000000         1.695840356         0.000000000         1.697893611    
     110592.0001         0.000000000        0.2053256208E-02     1.700000000         1.695841156         0.000000000         1.697894413    
     111456.0001         0.000000000        0.2053257189E-02     1.700000000         1.695841966         0.000000000         1.697895223    
     112320.0001         0.000000000        0.2053258180E-02     1.700000000         1.695842785         0.000000000         1.697896043    
     113184.0001         0.000000000        0.2053259183E-02     1.700000000         1.695843613         0.000000000         1.697896872    
     114048.0001         0.000000000        0.2053260197E-02     1.700000000         1.695844451         0.000000000         1.697897711    
     114912.0001         0.000000000        0.2053261222E-02     1.700000000         1.695845297         0.000000000         1.697898559    
     115776.0001         0.000000000        0.2053262259E-02     1.700000000         1.695846154         0.000000000         1.697899416    
     116640.0001         0.000000000        0.2053263309E-02     1.700000000         1.695847021         0.000000000         1.697900284    
     117504.0001         0.000000000        0.2053264371E-02     1.700000000         1.695847898         0.000000000         1.697901162    
     118368.0001         0.000000000        0.2053265444E-02     1.700000000         1.695848785         0.000000000         1.697902050    
     119232.0001         0.000000000        0.2053266529E-02     1.700000000         1.695849681         0.000000000         1.697902947    
     120096.0001         0.000000000        0.2053267626E-02     1.700000000         1.695850587         0.000000000         1.697903854    
     120960.0001         0.000000000        0.2053268734E-02     1.700000000         1.695851502         0.000000000         1.697904771    
     121824.0001         0.000000000        0.2053269854E-02     1.700000000         1.695852427         0.000000000         1.697905697    
     122688.0001         0.000000000        0.2053270986E-02     1.700000000         1.695853362         0.000000000         1.697906633    
     123552.0001         0.000000000        0.2053272129E-02     1.700000000         1.695854306         0.000000000         1.697907578    
     124416.0001         0.000000000        0.2053273285E-02     1.700000000         1.695855260         0.000000000         1.697908534    
     125280.0001         0.000000000        0.2053274454E-02     1.700000000         1.695856226         0.000000000         1.697909500    
     126144.0001         0.000000000        0.2053275635E-02     1.700000000         1.695857201         0.000000000         1.697910477    
     127008.0001         0.000000000        0.2053276828E-02     1.700000000         1.695858187         0.000000000         1.697911463    
     127872.0001         0.000000000        0.2053278033E-02     1.700000000         1.695859182         0.000000000         1.697912460    
     128736.0001         0.000000000        0.2053279250E-02     1.700000000         1.695860187         0.000000000         1.697913467    
     129600.0001         0.000000000        0.2053280479E-02     1.700000000         1.695861203         0.000000000         1.697914483    
     130464.0001         0.000000000        0.2053281721E-02     1.700000000         1.695862228         0.000000000         1.697915510    
     131328.0001         0.000000000        0.2053282974E-02     1.700000000         1.695863263         0.000000000         1.697916546    
     132192.0001         0.000000000        0.2053284240E-02     1.700000000         1.695864308         0.000000000         1.697917592    
     133056.0001         0.000000000        0.2053285517E-02     1.700000000         1.695865364         0.000000000         1.697918649    
     133920.0001         0.000000000        0.2053286809E-02     1.700000000         1.695866430         0.000000000         1.697919717    
     134784.0001         0.000000000        0.2053288113E-02     1.700000000         1.695867508         0.000000000         1.697920796    
     135648.0001         0.000000000        0.2053289430E-02     1.700000000         1.695868595         0.000000000         1.697921884    
     136512.0001         0.000000000        0.2053290759E-02     1.700000000         1.695869693         0.000000000         1.697922983    
     137376.0001         0.000000000        0.2053292100E-02     1.700000000         1.695870801         0.000000000         1.697924093    
     138240.0001         0.000000000        0.2053293454E-02     1.700000000         1.695871919         0.000000000         1.697925212    
     139104.0001         0.000000000        0.2053294821E-02     1.700000000         1.695873047         0.000000000         1.697926342    
     139968.0001         0.000000000        0.2053296199E-02     1.700000000         1.695874186         0.000000000         1.697927482    
     140832.0001         0.000000000        0.2053297591E-02     1.700000000         1.695875335         0.000000000         1.697928633    
     141696.0001         0.000000000        0.2053298373E-02     1.700000000         1.695875981         0.000000000         1.697929279    
     142560.0001         0.000000000        0.2053299911E-02     1.700000000         1.695877251         0.000000000         1.697930551    
     143424.0001         0.000000000        0.2053301448E-02     1.700000000         1.695878522         0.000000000         1.697931823    
     144000.0000         0.000000000        0.2053302474E-02     1.700000000         1.695879368         0.000000000         1.697932671    
