Line 20: Class SSPanel of control panelIons was not a loaded control class.
Line 237: Class SSOption of control optSeparationFactors was not a loaded control class.
Line 247: Class SSOption of control optSeparationFactors was not a loaded control class.
Line 257: Class SSOption of control optSeparationFactors was not a loaded control class.
Line 267: Class SSOption of control optSeparationFactors was not a loaded control class.
Line 277: Class SSOption of control optSeparationFactors was not a loaded control class.
Line 287: Class SSOption of control optSeparationFactors was not a loaded control class.
Line 297: Class SSOption of control optSeparationFactors was not a loaded control class.
Line 307: Class SSOption of control optSeparationFactors was not a loaded control class.
Line 317: Class SSOption of control optSeparationFactors was not a loaded control class.
Line 327: Class SSOption of control optSeparationFactors was not a loaded control class.
Line 337: Class SSOption of control optSeparationFactors was not a loaded control class.
Line 348: Class SSOption of control optSeparationFactors was not a loaded control class.
Line 359: Class SSOption of control optSeparationFactors was not a loaded control class.
Line 370: Class SSOption of control optSeparationFactors was not a loaded control class.
Line 381: Class SSOption of control optSeparationFactors was not a loaded control class.
Line 392: Class SSOption of control optSeparationFactors was not a loaded control class.
Line 403: Class SSOption of control optSeparationFactors was not a loaded control class.
Line 414: Class SSOption of control optSeparationFactors was not a loaded control class.
Line 425: Class SSOption of control optSeparationFactors was not a loaded control class.
Line 436: Class SSOption of control optSeparationFactors was not a loaded control class.
Line 458: Class SSPanel of control panelDescription was not a loaded control class.
Line 333: The property name Value in optSeparationFactors is invalid.
Line 338: The property name Alignment in optSeparationFactors is invalid.
Line 349: The property name Alignment in optSeparationFactors is invalid.
Line 360: The property name Alignment in optSeparationFactors is invalid.
Line 371: The property name Alignment in optSeparationFactors is invalid.
Line 382: The property name Alignment in optSeparationFactors is invalid.
Line 393: The property name Alignment in optSeparationFactors is invalid.
Line 404: The property name Alignment in optSeparationFactors is invalid.
Line 415: The property name Alignment in optSeparationFactors is invalid.
Line 426: The property name Alignment in optSeparationFactors is invalid.
Line 437: The property name Alignment in optSeparationFactors is invalid.
