  1.000000000000000E-004  8.504690142287438E-003
   720.000100000000       2.542366965595017E-002
   1440.00010000000       2.744445040948857E-002
   2160.00010000000       3.245760128708498E-002
   2880.00010000000       3.912927204025624E-002
   3600.00010000000       4.513164086336502E-002
   4320.00010000000       4.942816854088084E-002
   5040.00010000000       5.232323598907283E-002
   5760.00010000000       5.468474232696183E-002
   6480.00010000000       5.739893463792364E-002
   7200.00010000000       6.075446300365370E-002
   7920.00010000000       6.472668702907566E-002
   8640.00010000000       6.905370035886362E-002
   9360.00010000000       7.342330725093692E-002
   10080.0001000000       7.761934107159454E-002
   10800.0001000000       8.148962735541716E-002
   11520.0001000000       8.485875057965855E-002
   12240.0001000000       8.759366783438589E-002
   12960.0001000000       9.023262912315948E-002
   13680.0001000000       9.280693689946733E-002
   14400.0001000000       9.534071913594108E-002
   15120.0001000000       9.798046976017652E-002
   15840.0001000000       0.100795583980710     
   16560.0001000000       0.103835320235335     
   17280.0001000000       0.107083481630424     
   18000.0001000000       0.110477264616091     
   18720.0001000000       0.113935699558812     
   19440.0001000000       0.117371267189016     
   20160.0001000000       0.120708640191299     
   20880.0001000000       0.123877699038079     
   21600.0001000000       0.126949540614659     
   22320.0001000000       0.129847839945855     
   23040.0001000000       0.132602608439702     
   23760.0001000000       0.135247765797034     
   24480.0001000000       0.137777362914055     
   25200.0001000000       0.140301447827313     
   25920.0001000000       0.142824951913119     
   26640.0001000000       0.145386496150829     
   27360.0001000000       0.148024001790694     
   28080.0001000000       0.150781834802817     
   28800.0001000000       0.153560274752111     
   29520.0001000000       0.156450743967909     
   30240.0001000000       0.159379841205374     
   30960.0001000000       0.162347285169517     
   31680.0001000000       0.165307236664586     
   32400.0001000000       0.168244403587695     
   33120.0001000000       0.171144519803183     
   33840.0001000000       0.173989504750413     
   34560.0001000000       0.176788236156157     
   35280.0001000000       0.179526191968475     
   36000.0001000000       0.182220391862925     
   36720.0001000000       0.184880349783939     
   37440.0001000000       0.187502195489424     
   38160.0001000000       0.190114156989991     
   38880.0001000000       0.192729730868875     
   39600.0001000000       0.195355805409869     
   40320.0001000000       0.198011114989379     
   41040.0001000000       0.200707834555357     
   41760.0001000000       0.203437477966934     
   42480.0001000000       0.206210571298340     
   43200.0001000000       0.209009631052607     
   43920.0001000000       0.211829547293023     
   44640.0001000000       0.214659427845191     
   45360.0001000000       0.217487072028300     
   46080.0001000000       0.220304722789028     
   46800.0001000000       0.223103091351338     
   47520.0001000000       0.225883516861760     
   48240.0001000000       0.228662183129050     
   48960.0001000000       0.231433412178508     
   49680.0001000000       0.234216088396615     
   50400.0001000000       0.237012029470919     
   51120.0001000000       0.239828194623248     
   51840.0001000000       0.242671480706427     
   52560.0001000000       0.245544896084972     
   53280.0001000000       0.248442194374755     
   54000.0001000000       0.251369046741687     
   54720.0001000000       0.254308185035513     
   55440.0001000000       0.257259647306455     
   56160.0001000000       0.260213483225957     
   56880.0001000000       0.263159788346862     
   57600.0001000000       0.266094013371326     
   58320.0001000000       0.269007570573120     
   59040.0001000000       0.271892564639691     
   59760.0001000000       0.274741912817678     
   60480.0001000000       0.277551516510991     
   61200.0001000000       0.280314931042830     
   61920.0001000000       0.283025130216474     
   62640.0001000000       0.285692484954889     
   63360.0001000000       0.288312224998398     
   64080.0001000000       0.290880987668374     
   64800.0001000000       0.293386239110514     
   65520.0001000000       0.295838528878307     
   66240.0001000000       0.298224705271107     
   66960.0001000000       0.300565199272909     
   67680.0001000000       0.302845341869947     
   68400.0001000000       0.305065133062218     
   69120.0001000000       0.307224572849725     
   69840.0001000000       0.309323661232466     
   70560.0001000000       0.311369697328146     
   71280.0001000000       0.313362149297117     
   72000.0001000000       0.315297890846640     
   72720.0001000000       0.317176921976715     
   73440.0001000000       0.318999242687342     
   74160.0001000000       0.320766650060610     
   74880.0001000000       0.322484117642730     
   75600.0001000000       0.324147351989712     
   76320.0001000000       0.325756353101556     
   77040.0001000000       0.327311120978260     
   77760.0001000000       0.328811655619826     
   78480.0001000000       0.330256626910994     
   79200.0001000000       0.331678777968303     
   79920.0001000000       0.333048542296476     
   80640.0001000000       0.334366917144999     
   81360.0001000000       0.335634899763358     
   82080.0001000000       0.336857887429818     
   82800.0001000000       0.338040256648013     
   83520.0001000000       0.339178721155004     
   84240.0001000000       0.340274609335321     
   84960.0001000000       0.341329249573497     
   85680.0001000000       0.342343970254062     
   86400.0001000000       0.343320099761548     
   87120.0001000000       0.344258966480486     
   87840.0001000000       0.345161898795408     
   88560.0001000000       0.346029804445273     
   89280.0001000000       0.346863328208409     
   90000.0001000000       0.347664456239263     
   90720.0001000000       0.348434474184147     
   91440.0001000000       0.349174667689373     
   92160.0001000000       0.349886322401252     
   92880.0001000000       0.350570723966096     
   93600.0001000000       0.351229158030217     
   94320.0001000000       0.351862910239928     
   95040.0001000000       0.352472373777827     
   95760.0001000000       0.353055878054687     
   96480.0001000000       0.353617140629902     
   97200.0001000000       0.354157310088286     
   97920.0001000000       0.354677535014653     
   98640.0001000000       0.355178963993818     
   99360.0001000000       0.355662745610596     
   100080.000100000       0.356130028449801     
   100800.000100000       0.356581961096248     
   101520.000100000       0.357018542274979     
   102240.000100000       0.357431519114778     
   102960.000100000       0.357829021014862     
   103680.000100000       0.358211847429263     
   104400.000100000       0.358580797812016     
   105120.000100000       0.358936671617154     
   105840.000100000       0.359280268298711     
   106560.000100000       0.359612387310721     
   107280.000100000       0.359933828107217     
   108000.000100000       0.360245332407514     
   108720.000100000       0.360537811636238     
   109440.000100000       0.360818892353716     
   110160.000100000       0.361089065748634     
   110880.000100000       0.361348823009678     
   111600.000100000       0.361598655325534     
   112320.000100000       0.361839053884888     
   113040.000100000       0.362070509876426     
   113760.000100000       0.362293514488835     
   114480.000100000       0.362508558910800     
   115200.000100000       0.362712798370998     
   115920.000100000       0.362908659636173     
   116640.000100000       0.363096868100533     
   117360.000100000       0.363277816927795     
   118080.000100000       0.363451899281677     
   118800.000100000       0.363619508325898     
   119520.000100000       0.363781037224174     
   120240.000100000       0.363936879140224     
   120960.000100000       0.364087427237765     
   121680.000100000       0.364233074680514     
   122400.000100000       0.364369567984150     
   123120.000100000       0.364499996372882     
   123840.000100000       0.364625079234552     
   124560.000100000       0.364745073194212     
   125280.000100000       0.364860234876916     
   126000.000100000       0.364970820907714     
   126720.000100000       0.365077087911660     
   127440.000100000       0.365179292513806     
   128160.000100000       0.365277691339205     
   128880.000100000       0.365372541012908     
   129600.000100000       0.365462733205388     
   130320.000100000       0.365549316510462     
   131040.000100000       0.365632643381642     
   131760.000100000       0.365712930335695     
   132480.000100000       0.365790393889392     
   133200.000100000       0.365865250559500     
   133920.000100000       0.365937716862790     
   134640.000100000       0.366008009316029     
   135360.000100000       0.366076344435986     
   136080.000100000       0.366142938739432     
   136800.000100000       0.366204018957922     
   137520.000100000       0.366262116546261     
   138240.000100000       0.366317728129410     
   138960.000100000       0.366370952986950     
   139680.000100000       0.366421890398464     
   140400.000100000       0.366470639643532     
   141120.000100000       0.366517300001736     
   141840.000100000       0.366561970752658     
   142560.000100000       0.366604751175878     
   143280.000100000       0.366645740550979     
   144000.000000000       0.366685641143806     
 END_OF_DATA
 EXIT VALUE OF NFLAG =
      0
 NOTE: CONCENTRATION UNITS ARE UG/L
