 NOTE: ALL TERMS IN UNITS OF UG/S.
     14400.00000         0.000000000        0.1655578849         1.700000000         1.537006881        0.2564766083E-02     1.702564766    
     18000.00000         0.000000000        0.1655578839         1.700000000         1.537006872        0.2564756176E-02     1.702564756    
     21600.00000         0.000000000        0.1655578830         1.700000000         1.537006863        0.2564746268E-02     1.702564746    
     25200.00000         0.000000000        0.1655578820         1.700000000         1.537006854        0.2564735662E-02     1.702564736    
     28800.00000         0.000000000        0.1655578809         1.700000000         1.537006844        0.2564724925E-02     1.702564725    
     32400.00000         0.000000000        0.1655578797         1.700000000         1.537006833        0.2564712810E-02     1.702564713    
     36000.00000         0.000000000        0.1655578781         1.700000000         1.537006818        0.2564695656E-02     1.702564696    
     39600.00000         0.000000000        0.1655578764         1.700000000         1.537006802        0.2564678501E-02     1.702564679    
     43200.00000         0.000000000        0.1655578747         1.700000000         1.537006787        0.2564661347E-02     1.702564661    
     46800.00000         0.000000000        0.1655578731         1.700000000         1.537006771        0.2564644193E-02     1.702564644    
     50400.00000         0.000000000        0.1655578714         1.700000000         1.537006756        0.2564627038E-02     1.702564627    
     54000.00000         0.000000000        0.1655578697         1.700000000         1.537006740        0.2564609884E-02     1.702564610    
     57600.00000         0.000000000        0.1655578681         1.700000000         1.537006725        0.2564592730E-02     1.702564593    
     61200.00000         0.000000000        0.1655578664         1.700000000         1.537006709        0.2564575575E-02     1.702564576    
     64800.00000         0.000000000        0.1655578647         1.700000000         1.537006694        0.2564558421E-02     1.702564559    
     68400.00000         0.000000000        0.1655578628         1.700000000         1.537006676        0.2564538318E-02     1.702564538    
     72000.00000         0.000000000        0.1655578598         1.700000000         1.537006648        0.2564507431E-02     1.702564508    
     75600.00000         0.000000000        0.1655578568         1.700000000         1.537006620        0.2564476545E-02     1.702564477    
     79200.00000         0.000000000        0.1655578538         1.700000000         1.537006592        0.2564445659E-02     1.702564446    
     82800.00000         0.000000000        0.1655578508         1.700000000         1.537006564        0.2564414772E-02     1.702564415    
     86400.00000         0.000000000        0.1655578478         1.700000000         1.537006536        0.2564383886E-02     1.702564384    
     90000.00000         0.000000000        0.1655578448         1.700000000         1.537006508        0.2564353000E-02     1.702564353    
     93600.00000         0.000000000        0.1655578417         1.700000000         1.537006481        0.2564322113E-02     1.702564322    
     97200.00000         0.000000000        0.1655578387         1.700000000         1.537006453        0.2564291227E-02     1.702564291    
     100800.0000         0.000000000        0.1655578357         1.700000000         1.537006425        0.2564260341E-02     1.702564261    
     104400.0000         0.000000000        0.1655578324         1.700000000         1.537006394        0.2564226389E-02     1.702564227    
     108000.0000         0.000000000        0.1655578281         1.700000000         1.537006353        0.2564181229E-02     1.702564181    
     111600.0000         0.000000000        0.1655578237         1.700000000         1.537006313        0.2564136069E-02     1.702564136    
     115200.0000         0.000000000        0.1655578193         1.700000000         1.537006272        0.2564090909E-02     1.702564091    
     118800.0000         0.000000000        0.1655578149         1.700000000         1.537006231        0.2564045749E-02     1.702564046    
     122400.0000         0.000000000        0.1655578105         1.700000000         1.537006190        0.2564000589E-02     1.702564001    
     126000.0000         0.000000000        0.1655578061         1.700000000         1.537006150        0.2563955429E-02     1.702563956    
     129600.0000         0.000000000        0.1655578017         1.700000000         1.537006109        0.2563910269E-02     1.702563910    
     133200.0000         0.000000000        0.1655577973         1.700000000         1.537006068        0.2563865109E-02     1.702563865    
     136800.0000         0.000000000        0.1655577929         1.700000000         1.537006027        0.2563819950E-02     1.702563820    
     140400.0000         0.000000000        0.1655577882         1.700000000         1.537005983        0.2563771235E-02     1.702563771    
     144000.0000         0.000000000        0.1655577822         1.700000000         1.537005928        0.2563709524E-02     1.702563710    
     147600.0000         0.000000000        0.1655577762         1.700000000         1.537005872        0.2563647813E-02     1.702563648    
     151200.0000         0.000000000        0.1655577702         1.700000000         1.537005816        0.2563586103E-02     1.702563586    
     154800.0000         0.000000000        0.1655577642         1.700000000         1.537005760        0.2563524392E-02     1.702563525    
     158400.0000         0.000000000        0.1655577582         1.700000000         1.537005705        0.2563462681E-02     1.702563463    
     162000.0000         0.000000000        0.1655577522         1.700000000         1.537005649        0.2563400970E-02     1.702563401    
     165600.0000         0.000000000        0.1655577462         1.700000000         1.537005593        0.2563339260E-02     1.702563340    
     169200.0000         0.000000000        0.1655577402         1.700000000         1.537005538        0.2563277549E-02     1.702563278    
     172800.0000         0.000000000        0.1655577342         1.700000000         1.537005482        0.2563215838E-02     1.702563216    
     176400.0000         0.000000000        0.1655577278         1.700000000         1.537005423        0.2563150248E-02     1.702563151    
     180000.0000         0.000000000        0.1655577201         1.700000000         1.537005351        0.2563070476E-02     1.702563071    
     183600.0000         0.000000000        0.1655577123         1.700000000         1.537005279        0.2562990704E-02     1.702562991    
     187200.0000         0.000000000        0.1655577045         1.700000000         1.537005207        0.2562910931E-02     1.702562911    
     190800.0000         0.000000000        0.1655576968         1.700000000         1.537005135        0.2562831159E-02     1.702562832    
     194400.0000         0.000000000        0.1655576890         1.700000000         1.537005063        0.2562751387E-02     1.702562752    
     198000.0000         0.000000000        0.1655576813         1.700000000         1.537004991        0.2562671614E-02     1.702562672    
     201600.0000         0.000000000        0.1655576735         1.700000000         1.537004919        0.2562591842E-02     1.702562592    
     205200.0000         0.000000000        0.1655576658         1.700000000         1.537004847        0.2562512070E-02     1.702562512    
     208800.0000         0.000000000        0.1655576580         1.700000000         1.537004775        0.2562432297E-02     1.702562433    
     212400.0000         0.000000000        0.1655576498         1.700000000         1.537004699        0.2562348377E-02     1.702562349    
     216000.0000         0.000000000        0.1655576402         1.700000000         1.537004610        0.2562249291E-02     1.702562250    
     219600.0000         0.000000000        0.1655576306         1.700000000         1.537004520        0.2562150205E-02     1.702562151    
     223200.0000         0.000000000        0.1655576209         1.700000000         1.537004431        0.2562051119E-02     1.702562052    
     226800.0000         0.000000000        0.1655576113         1.700000000         1.537004341        0.2561952033E-02     1.702561953    
     230400.0000         0.000000000        0.1655576017         1.700000000         1.537004252        0.2561852947E-02     1.702561853    
     234000.0000         0.000000000        0.1655575920         1.700000000         1.537004162        0.2561753861E-02     1.702561754    
     237600.0000         0.000000000        0.1655575824         1.700000000         1.537004073        0.2561654775E-02     1.702561655    
     241200.0000         0.000000000        0.1655575728         1.700000000         1.537003983        0.2561555689E-02     1.702561556    
     244800.0000         0.000000000        0.1655575631         1.700000000         1.537003894        0.2561456603E-02     1.702561457    
     248400.0000         0.000000000        0.1655575531         1.700000000         1.537003801        0.2561353128E-02     1.702561354    
     252000.0000         0.000000000        0.1655575415         1.700000000         1.537003693        0.2561233603E-02     1.702561234    
     255600.0000         0.000000000        0.1655575298         1.700000000         1.537003585        0.2561114078E-02     1.702561115    
     259200.0000         0.000000000        0.1655575182         1.700000000         1.537003477        0.2560994553E-02     1.702560995    
     262800.0000         0.000000000        0.1655575066         1.700000000         1.537003369        0.2560875028E-02     1.702560876    
     266400.0000         0.000000000        0.1655574950         1.700000000         1.537003261        0.2560755504E-02     1.702560756    
     270000.0000         0.000000000        0.1655574834         1.700000000         1.537003153        0.2560635979E-02     1.702560637    
     273600.0000         0.000000000        0.1655574717         1.700000000         1.537003045        0.2560516454E-02     1.702560517    
     277200.0000         0.000000000        0.1655574601         1.700000000         1.537002937        0.2560396929E-02     1.702560398    
     280800.0000         0.000000000        0.1655574485         1.700000000         1.537002830        0.2560277404E-02     1.702560278    
     284400.0000         0.000000000        0.1655574364         1.700000000         1.537002717        0.2560153267E-02     1.702560154    
     288000.0000         0.000000000        0.1655574227         1.700000000         1.537002590        0.2560012267E-02     1.702560013    
     291600.0000         0.000000000        0.1655574090         1.700000000         1.537002463        0.2559871266E-02     1.702559872    
     295200.0000         0.000000000        0.1655573953         1.700000000         1.537002336        0.2559730266E-02     1.702559731    
     298800.0000         0.000000000        0.1655573816         1.700000000         1.537002208        0.2559589266E-02     1.702559590    
     302400.0000         0.000000000        0.1655573679         1.700000000         1.537002081        0.2559448265E-02     1.702559449    
     306000.0000         0.000000000        0.1655573542         1.700000000         1.537001954        0.2559307265E-02     1.702559308    
     309600.0000         0.000000000        0.1655573404         1.700000000         1.537001827        0.2559166265E-02     1.702559167    
     313200.0000         0.000000000        0.1655573267         1.700000000         1.537001699        0.2559025264E-02     1.702559026    
     316800.0000         0.000000000        0.1655573130         1.700000000         1.537001572        0.2558884264E-02     1.702558885    
     320400.0000         0.000000000        0.1655572989         1.700000000         1.537001440        0.2558738444E-02     1.702558739    
     324000.0000         0.000000000        0.1655572830         1.700000000         1.537001293        0.2558575004E-02     1.702558576    
     327600.0000         0.000000000        0.1655572671         1.700000000         1.537001145        0.2558411564E-02     1.702558412    
     331200.0000         0.000000000        0.1655572512         1.700000000         1.537000998        0.2558248125E-02     1.702558249    
     334800.0000         0.000000000        0.1655572353         1.700000000         1.537000850        0.2558084685E-02     1.702558085    
     338400.0000         0.000000000        0.1655572194         1.700000000         1.537000703        0.2557921245E-02     1.702557922    
     342000.0000         0.000000000        0.1655572035         1.700000000         1.537000555        0.2557757805E-02     1.702557759    
     345600.0000         0.000000000        0.1655571876         1.700000000         1.537000408        0.2557594365E-02     1.702557595    
     349200.0000         0.000000000        0.1655571717         1.700000000         1.537000260        0.2557430925E-02     1.702557432    
     352800.0000         0.000000000        0.1655571558         1.700000000         1.537000113        0.2557267486E-02     1.702557268    
     356400.0000         0.000000000        0.1655571394         1.700000000         1.536999960        0.2557099033E-02     1.702557100    
     360000.0000         0.000000000        0.1655571213         1.700000000         1.536999792        0.2556912253E-02     1.702556913    
     363600.0000         0.000000000        0.1655571031         1.700000000         1.536999623        0.2556725473E-02     1.702556726    
     367200.0000         0.000000000        0.1655570850         1.700000000         1.536999455        0.2556538693E-02     1.702556540    
     370800.0000         0.000000000        0.1655570668         1.700000000         1.536999286        0.2556351913E-02     1.702556353    
     374400.0000         0.000000000        0.1655570486         1.700000000         1.536999117        0.2556165134E-02     1.702556166    
     378000.0000         0.000000000        0.1655570305         1.700000000         1.536998949        0.2555978354E-02     1.702555979    
     381600.0000         0.000000000        0.1655570123         1.700000000         1.536998780        0.2555791574E-02     1.702555793    
     385200.0000         0.000000000        0.1655569942         1.700000000         1.536998612        0.2555604794E-02     1.702555606    
     388800.0000         0.000000000        0.1655569760         1.700000000         1.536998443        0.2555418014E-02     1.702555419    
     392400.0000         0.000000000        0.1655569573         1.700000000         1.536998270        0.2555226040E-02     1.702555227    
     396000.0000         0.000000000        0.1655569368         1.700000000         1.536998079        0.2555015075E-02     1.702555016    
     399600.0000         0.000000000        0.1655569163         1.700000000         1.536997889        0.2554804111E-02     1.702554805    
     403200.0000         0.000000000        0.1655568958         1.700000000         1.536997698        0.2554593146E-02     1.702554594    
     406800.0000         0.000000000        0.1655568753         1.700000000         1.536997508        0.2554382181E-02     1.702554383    
     410400.0000         0.000000000        0.1655568548         1.700000000         1.536997318        0.2554171216E-02     1.702554172    
     414000.0000         0.000000000        0.1655568342         1.700000000         1.536997127        0.2553960252E-02     1.702553961    
     417600.0000         0.000000000        0.1655568137         1.700000000         1.536996937        0.2553749287E-02     1.702553750    
     421200.0000         0.000000000        0.1655567932         1.700000000         1.536996746        0.2553538322E-02     1.702553539    
     424800.0000         0.000000000        0.1655567727         1.700000000         1.536996556        0.2553327358E-02     1.702553328    
     428400.0000         0.000000000        0.1655567517         1.700000000         1.536996360        0.2553111028E-02     1.702553112    
     432000.0000         0.000000000        0.1655567287         1.700000000         1.536996148        0.2552875083E-02     1.702552876    
     435600.0000         0.000000000        0.1655567058         1.700000000         1.536995935        0.2552639139E-02     1.702552640    
     439200.0000         0.000000000        0.1655566829         1.700000000         1.536995722        0.2552403194E-02     1.702552404    
     442800.0000         0.000000000        0.1655566599         1.700000000         1.536995509        0.2552167249E-02     1.702552168    
     446400.0000         0.000000000        0.1655566370         1.700000000         1.536995296        0.2551931305E-02     1.702551933    
     450000.0000         0.000000000        0.1655566140         1.700000000         1.536995083        0.2551695360E-02     1.702551697    
     453600.0000         0.000000000        0.1655565911         1.700000000         1.536994870        0.2551459416E-02     1.702551461    
     457200.0000         0.000000000        0.1655565681         1.700000000         1.536994657        0.2551223471E-02     1.702551225    
     460800.0000         0.000000000        0.1655565452         1.700000000         1.536994444        0.2550987526E-02     1.702550989    
     464400.0000         0.000000000        0.1655565217         1.700000000         1.536994226        0.2550746056E-02     1.702550747    
     468000.0000         0.000000000        0.1655564963         1.700000000         1.536993989        0.2550484381E-02     1.702550486    
     471600.0000         0.000000000        0.1655564708         1.700000000         1.536993753        0.2550222706E-02     1.702550224    
     475200.0000         0.000000000        0.1655564454         1.700000000         1.536993517        0.2549961031E-02     1.702549962    
     478800.0000         0.000000000        0.1655564199         1.700000000         1.536993281        0.2549699356E-02     1.702549701    
     482400.0000         0.000000000        0.1655563945         1.700000000         1.536993045        0.2549437681E-02     1.702549439    
     486000.0000         0.000000000        0.1655563691         1.700000000         1.536992808        0.2549176006E-02     1.702549177    
     489600.0000         0.000000000        0.1655563436         1.700000000         1.536992572        0.2548914331E-02     1.702548916    
     493200.0000         0.000000000        0.1655563182         1.700000000         1.536992336        0.2548652656E-02     1.702548654    
     496800.0000         0.000000000        0.1655562927         1.700000000         1.536992100        0.2548390981E-02     1.702548392    
     500400.0000         0.000000000        0.1655562667         1.700000000         1.536991858        0.2548123628E-02     1.702548125    
     504000.0000         0.000000000        0.1655562387         1.700000000         1.536991598        0.2547835513E-02     1.702547837    
     507600.0000         0.000000000        0.1655562107         1.700000000         1.536991338        0.2547547398E-02     1.702547549    
     511200.0000         0.000000000        0.1655561827         1.700000000         1.536991078        0.2547259283E-02     1.702547261    
     514800.0000         0.000000000        0.1655561547         1.700000000         1.536990818        0.2546971168E-02     1.702546973    
     518400.0000         0.000000000        0.1655561267         1.700000000         1.536990558        0.2546683053E-02     1.702546685    
     522000.0000         0.000000000        0.1655560986         1.700000000         1.536990298        0.2546394938E-02     1.702546396    
     525600.0000         0.000000000        0.1655560706         1.700000000         1.536990038        0.2546106823E-02     1.702546108    
     529200.0000         0.000000000        0.1655560426         1.700000000         1.536989778        0.2545818708E-02     1.702545820    
     532800.0000         0.000000000        0.1655560146         1.700000000         1.536989518        0.2545530593E-02     1.702545532    
     536400.0000         0.000000000        0.1655559860         1.700000000         1.536989252        0.2545236655E-02     1.702545238    
     540000.0000         0.000000000        0.1655559554         1.700000000         1.536988968        0.2544921428E-02     1.702544923    
     543600.0000         0.000000000        0.1655559247         1.700000000         1.536988683        0.2544606200E-02     1.702544608    
     547200.0000         0.000000000        0.1655558941         1.700000000         1.536988399        0.2544290972E-02     1.702544293    
     550800.0000         0.000000000        0.1655558634         1.700000000         1.536988114        0.2543975745E-02     1.702543977    
     554400.0000         0.000000000        0.1655558328         1.700000000         1.536987829        0.2543660517E-02     1.702543662    
     558000.0000         0.000000000        0.1655558021         1.700000000         1.536987545        0.2543345290E-02     1.702543347    
     561600.0000         0.000000000        0.1655557715         1.700000000         1.536987260        0.2543030062E-02     1.702543032    
     565200.0000         0.000000000        0.1655557408         1.700000000         1.536986976        0.2542714834E-02     1.702542717    
     568800.0000         0.000000000        0.1655557101         1.700000000         1.536986691        0.2542399607E-02     1.702542401    
     572400.0000         0.000000000        0.1655556789         1.700000000         1.536986401        0.2542078419E-02     1.702542080    
     576000.0000         0.000000000        0.1655556456         1.700000000         1.536986092        0.2541735441E-02     1.702541737    
     579600.0000         0.000000000        0.1655556122         1.700000000         1.536985782        0.2541392462E-02     1.702541394    
     583200.0000         0.000000000        0.1655555789         1.700000000         1.536985472        0.2541049484E-02     1.702541051    
     586800.0000         0.000000000        0.1655555455         1.700000000         1.536985163        0.2540706505E-02     1.702540708    
     590400.0000         0.000000000        0.1655555122         1.700000000         1.536984853        0.2540363527E-02     1.702540365    
     594000.0000         0.000000000        0.1655554788         1.700000000         1.536984544        0.2540020549E-02     1.702540022    
     597600.0000         0.000000000        0.1655554455         1.700000000         1.536984234        0.2539677570E-02     1.702539679    
     601200.0000         0.000000000        0.1655554121         1.700000000         1.536983924        0.2539334592E-02     1.702539336    
     604800.0000         0.000000000        0.1655553788         1.700000000         1.536983615        0.2538991613E-02     1.702538993    
     608400.0000         0.000000000        0.1655553448         1.700000000         1.536983300        0.2538642545E-02     1.702538644    
     612000.0000         0.000000000        0.1655553087         1.700000000         1.536982964        0.2538271210E-02     1.702538273    
     615600.0000         0.000000000        0.1655552726         1.700000000         1.536982629        0.2537899874E-02     1.702537902    
     619200.0000         0.000000000        0.1655552365         1.700000000         1.536982294        0.2537528539E-02     1.702537530    
     622800.0000         0.000000000        0.1655552004         1.700000000         1.536981959        0.2537157204E-02     1.702537159    
     626400.0000         0.000000000        0.1655551643         1.700000000         1.536981624        0.2536785869E-02     1.702536788    
     630000.0000         0.000000000        0.1655551282         1.700000000         1.536981288        0.2536414534E-02     1.702536416    
     633600.0000         0.000000000        0.1655550921         1.700000000         1.536980953        0.2536043198E-02     1.702536045    
     637200.0000         0.000000000        0.1655550560         1.700000000         1.536980618        0.2535671863E-02     1.702535674    
     640800.0000         0.000000000        0.1655550199         1.700000000         1.536980283        0.2535300528E-02     1.702535303    
     644400.0000         0.000000000        0.1655549697         1.700000000         1.536979817        0.2534784462E-02     1.702534786    
     648000.0000         0.000000000        0.1655549334         1.700000000         1.536979480        0.2534411059E-02     1.702534413    
     651600.0000         0.000000000        0.1655548968         1.700000000         1.536979140        0.2534034762E-02     1.702534037    
     655200.0000         0.000000000        0.1655548599         1.700000000         1.536978798        0.2533655573E-02     1.702533658    
     658800.0000         0.000000000        0.1655548228         1.700000000         1.536978453        0.2533273490E-02     1.702533276    
     662400.0000         0.000000000        0.1655547853         1.700000000         1.536978105        0.2532888513E-02     1.702532891    
     666000.0000         0.000000000        0.1655547476         1.700000000         1.536977755        0.2532500644E-02     1.702532503    
     669600.0000         0.000000000        0.1655547096         1.700000000         1.536977402        0.2532109881E-02     1.702532112    
     673200.0000         0.000000000        0.1655546713         1.700000000         1.536977047        0.2531716225E-02     1.702531718    
     676800.0000         0.000000000        0.1655546328         1.700000000         1.536976689        0.2531319675E-02     1.702531322    
     680400.0000         0.000000000        0.1655545938         1.700000000         1.536976327        0.2530918601E-02     1.702530921    
     684000.0000         0.000000000        0.1655545538         1.700000000         1.536975956        0.2530507768E-02     1.702530510    
     687600.0000         0.000000000        0.1655545135         1.700000000         1.536975581        0.2530092555E-02     1.702530095    
     691200.0000         0.000000000        0.1655544727         1.700000000         1.536975203        0.2529672961E-02     1.702529675    
     694800.0000         0.000000000        0.1655544314         1.700000000         1.536974820        0.2529248987E-02     1.702529251    
     698400.0000         0.000000000        0.1655543898         1.700000000         1.536974433        0.2528820633E-02     1.702528823    
     702000.0000         0.000000000        0.1655543477         1.700000000         1.536974043        0.2528387899E-02     1.702528390    
     705600.0000         0.000000000        0.1655543052         1.700000000         1.536973648        0.2527950785E-02     1.702527953    
     709200.0000         0.000000000        0.1655542623         1.700000000         1.536973249        0.2527509291E-02     1.702527512    
     712800.0000         0.000000000        0.1655542189         1.700000000         1.536972847        0.2527063416E-02     1.702527066    
     716400.0000         0.000000000        0.1655541753         1.700000000         1.536972442        0.2526614645E-02     1.702526617    
     720000.0000         0.000000000        0.1655541318         1.700000000         1.536972038        0.2526167738E-02     1.702526170    
     723600.0000         0.000000000        0.1655540881         1.700000000         1.536971632        0.2525717804E-02     1.702525720    
     727200.0000         0.000000000        0.1655540440         1.700000000         1.536971223        0.2525264842E-02     1.702525267    
     730800.0000         0.000000000        0.1655539997         1.700000000         1.536970812        0.2524808852E-02     1.702524811    
     734400.0000         0.000000000        0.1655539551         1.700000000         1.536970397        0.2524349834E-02     1.702524352    
     738000.0000         0.000000000        0.1655539101         1.700000000         1.536969980        0.2523887789E-02     1.702523890    
     741600.0000         0.000000000        0.1655538649         1.700000000         1.536969560        0.2523422715E-02     1.702523425    
     745200.0000         0.000000000        0.1655538194         1.700000000         1.536969138        0.2522954614E-02     1.702522957    
     748800.0000         0.000000000        0.1655537736         1.700000000         1.536968712        0.2522483485E-02     1.702522486    
     752400.0000         0.000000000        0.1655537275         1.700000000         1.536968284        0.2522009301E-02     1.702522012    
     756000.0000         0.000000000        0.1655536811         1.700000000         1.536967853        0.2521531976E-02     1.702521535    
     759600.0000         0.000000000        0.1655536343         1.700000000         1.536967420        0.2521051598E-02     1.702521054    
     763200.0000         0.000000000        0.1655535873         1.700000000         1.536966983        0.2520568168E-02     1.702520571    
     766800.0000         0.000000000        0.1655535400         1.700000000         1.536966544        0.2520081685E-02     1.702520084    
     770400.0000         0.000000000        0.1655534924         1.700000000         1.536966102        0.2519592150E-02     1.702519595    
     774000.0000         0.000000000        0.1655534445         1.700000000         1.536965658        0.2519099562E-02     1.702519102    
     777600.0000         0.000000000        0.1655533963         1.700000000         1.536965210        0.2518603922E-02     1.702518607    
     781200.0000         0.000000000        0.1655533479         1.700000000         1.536964760        0.2518105230E-02     1.702518108    
     784800.0000         0.000000000        0.1655532991         1.700000000         1.536964307        0.2517603485E-02     1.702517606    
     788400.0000         0.000000000        0.1655532500         1.700000000         1.536963851        0.2517098636E-02     1.702517101    
     792000.0000         0.000000000        0.1655532006         1.700000000         1.536963393        0.2516590516E-02     1.702516593    
     795600.0000         0.000000000        0.1655531509         1.700000000         1.536962931        0.2516079297E-02     1.702516082    
     799200.0000         0.000000000        0.1655531008         1.700000000         1.536962467        0.2515564978E-02     1.702515568    
     802800.0000         0.000000000        0.1655530505         1.700000000         1.536962000        0.2515047559E-02     1.702515050    
     806400.0000         0.000000000        0.1655529999         1.700000000         1.536961530        0.2514527041E-02     1.702514530    
     810000.0000         0.000000000        0.1655529490         1.700000000         1.536961057        0.2514003423E-02     1.702514006    
     813600.0000         0.000000000        0.1655528978         1.700000000         1.536960582        0.2513476705E-02     1.702513480    
     817200.0000         0.000000000        0.1655528463         1.700000000         1.536960103        0.2512946887E-02     1.702512950    
     820800.0000         0.000000000        0.1655527945         1.700000000         1.536959622        0.2512413970E-02     1.702512417    
     824400.0000         0.000000000        0.1655527423         1.700000000         1.536959138        0.2511877904E-02     1.702511881    
     828000.0000         0.000000000        0.1655526899         1.700000000         1.536958652        0.2511338532E-02     1.702511341    
     831600.0000         0.000000000        0.1655526371         1.700000000         1.536958162        0.2510796015E-02     1.702510799    
     835200.0000         0.000000000        0.1655525841         1.700000000         1.536957669        0.2510250353E-02     1.702510253    
     838800.0000         0.000000000        0.1655525307         1.700000000         1.536957174        0.2509701547E-02     1.702509705    
     842400.0000         0.000000000        0.1655524770         1.700000000         1.536956676        0.2509149596E-02     1.702509153    
     846000.0000         0.000000000        0.1655524231         1.700000000         1.536956174        0.2508594501E-02     1.702508598    
     849600.0000         0.000000000        0.1655523688         1.700000000         1.536955671        0.2508036261E-02     1.702508039    
     853200.0000         0.000000000        0.1655523142         1.700000000         1.536955164        0.2507474877E-02     1.702507478    
     856800.0000         0.000000000        0.1655522593         1.700000000         1.536954654        0.2506910348E-02     1.702506913    
     860400.0000         0.000000000        0.1655522041         1.700000000         1.536954142        0.2506342628E-02     1.702506346    
     864000.0000         0.000000000        0.1655521486         1.700000000         1.536953626        0.2505771567E-02     1.702505775    
     867600.0000         0.000000000        0.1655520927         1.700000000         1.536953108        0.2505197319E-02     1.702505200    
     871200.0000         0.000000000        0.1655520366         1.700000000         1.536952586        0.2504619884E-02     1.702504623    
     874800.0000         0.000000000        0.1655519801         1.700000000         1.536952062        0.2504039262E-02     1.702504042    
     878400.0000         0.000000000        0.1655519234         1.700000000         1.536951535        0.2503455453E-02     1.702503459    
     882000.0000         0.000000000        0.1655518663         1.700000000         1.536951005        0.2502868457E-02     1.702502872    
     885600.0000         0.000000000        0.1655518089         1.700000000         1.536950473        0.2502278274E-02     1.702502281    
     889200.0000         0.000000000        0.1655517512         1.700000000         1.536949937        0.2501684904E-02     1.702501688    
     892800.0000         0.000000000        0.1655516932         1.700000000         1.536949398        0.2501088346E-02     1.702501092    
     896400.0000         0.000000000        0.1655516349         1.700000000         1.536948857        0.2500488558E-02     1.702500492    
     900000.0000         0.000000000        0.1655515762         1.700000000         1.536948312        0.2499885396E-02     1.702499889    
     903600.0000         0.000000000        0.1655515172         1.700000000         1.536947765        0.2499279008E-02     1.702499282    
     907200.0000         0.000000000        0.1655514580         1.700000000         1.536947215        0.2498669391E-02     1.702498673    
     910800.0000         0.000000000        0.1655513984         1.700000000         1.536946661        0.2498056548E-02     1.702498060    
     914400.0000         0.000000000        0.1655513385         1.700000000         1.536946105        0.2497440477E-02     1.702497444    
     918000.0000         0.000000000        0.1655512783         1.700000000         1.536945546        0.2496821179E-02     1.702496825    
     921600.0000         0.000000000        0.1655512177         1.700000000         1.536944984        0.2496198653E-02     1.702496202    
     925200.0000         0.000000000        0.1655511569         1.700000000         1.536944419        0.2495572901E-02     1.702495576    
     928800.0000         0.000000000        0.1655510957         1.700000000         1.536943852        0.2494943920E-02     1.702494947    
     932400.0000         0.000000000        0.1655510342         1.700000000         1.536943281        0.2494311671E-02     1.702494315    
     936000.0000         0.000000000        0.1655509724         1.700000000         1.536942707        0.2493676019E-02     1.702493679    
     939600.0000         0.000000000        0.1655509103         1.700000000         1.536942130        0.2493037101E-02     1.702493041    
     943200.0000         0.000000000        0.1655508479         1.700000000         1.536941551        0.2492394917E-02     1.702492398    
     946800.0000         0.000000000        0.1655507851         1.700000000         1.536940968        0.2491749469E-02     1.702491753    
     950400.0000         0.000000000        0.1655507220         1.700000000         1.536940382        0.2491100754E-02     1.702491104    
     954000.0000         0.000000000        0.1655506586         1.700000000         1.536939794        0.2490448775E-02     1.702490452    
     957600.0000         0.000000000        0.1655505949         1.700000000         1.536939202        0.2489793530E-02     1.702489797    
     961200.0000         0.000000000        0.1655505309         1.700000000         1.536938608        0.2489135019E-02     1.702489139    
     964800.0000         0.000000000        0.1655504665         1.700000000         1.536938010        0.2488473243E-02     1.702488477    
     968400.0000         0.000000000        0.1655504018         1.700000000         1.536937410        0.2487808163E-02     1.702487812    
     972000.0000         0.000000000        0.1655503368         1.700000000         1.536936806        0.2487139650E-02     1.702487143    
     975600.0000         0.000000000        0.1655502715         1.700000000         1.536936200        0.2486467837E-02     1.702486471    
     979200.0000         0.000000000        0.1655502059         1.700000000         1.536935591        0.2485792722E-02     1.702485796    
     982800.0000         0.000000000        0.1655501399         1.700000000         1.536934978        0.2485114306E-02     1.702485118    
     986400.0000         0.000000000        0.1655500736         1.700000000         1.536934363        0.2484432588E-02     1.702484436    
     990000.0000         0.000000000        0.1655500070         1.700000000         1.536933744        0.2483747569E-02     1.702483751    
     993600.0000         0.000000000        0.1655499401         1.700000000         1.536933123        0.2483059248E-02     1.702483063    
     997200.0000         0.000000000        0.1655498728         1.700000000         1.536932499        0.2482367626E-02     1.702482371    
     1000800.000         0.000000000        0.1655498052         1.700000000         1.536931871        0.2481672703E-02     1.702481676    
     1004400.000         0.000000000        0.1655497374         1.700000000         1.536931241        0.2480974441E-02     1.702480978    
     1008000.000         0.000000000        0.1655496691         1.700000000         1.536930607        0.2480272722E-02     1.702480277    
     1011600.000         0.000000000        0.1655496006         1.700000000         1.536929971        0.2479567667E-02     1.702479571    
     1015200.000         0.000000000        0.1655495317         1.700000000         1.536929331        0.2478859277E-02     1.702478863    
     1018800.000         0.000000000        0.1655494625         1.700000000         1.536928689        0.2478147552E-02     1.702478151    
     1022400.000         0.000000000        0.1655493929         1.700000000         1.536928043        0.2477432491E-02     1.702477436    
     1026000.000         0.000000000        0.1655493231         1.700000000         1.536927395        0.2476714096E-02     1.702476718    
     1029600.000         0.000000000        0.1655492529         1.700000000         1.536926743        0.2475992365E-02     1.702475996    
     1033200.000         0.000000000        0.1655491824         1.700000000         1.536926089        0.2475267298E-02     1.702475271    
     1036800.000         0.000000000        0.1655491116         1.700000000         1.536925431        0.2474538897E-02     1.702474543    
     1040400.000         0.000000000        0.1655490404         1.700000000         1.536924771        0.2473807125E-02     1.702473811    
     1044000.000         0.000000000        0.1655489689         1.700000000         1.536924107        0.2473071872E-02     1.702473076    
     1047600.000         0.000000000        0.1655488971         1.700000000         1.536923440        0.2472333251E-02     1.702472337    
     1051200.000         0.000000000        0.1655488250         1.700000000         1.536922770        0.2471591263E-02     1.702471595    
     1054800.000         0.000000000        0.1655487525         1.700000000         1.536922097        0.2470845908E-02     1.702470850    
     1058400.000         0.000000000        0.1655486797         1.700000000         1.536921422        0.2470097186E-02     1.702470101    
     1062000.000         0.000000000        0.1655486065         1.700000000         1.536920743        0.2469345097E-02     1.702469349    
     1065600.000         0.000000000        0.1655485331         1.700000000         1.536920061        0.2468589641E-02     1.702468594    
     1069200.000         0.000000000        0.1655484593         1.700000000         1.536919376        0.2467830818E-02     1.702467835    
     1072800.000         0.000000000        0.1655483852         1.700000000         1.536918688        0.2467068627E-02     1.702467073    
     1076400.000         0.000000000        0.1655483107         1.700000000         1.536917996        0.2466303037E-02     1.702466307    
     1080000.000         0.000000000        0.1655482359         1.700000000         1.536917302        0.2465533943E-02     1.702465538    
     1083600.000         0.000000000        0.1655481608         1.700000000         1.536916605        0.2464761451E-02     1.702464766    
     1087200.000         0.000000000        0.1655480854         1.700000000         1.536915904        0.2463985563E-02     1.702463990    
     1090800.000         0.000000000        0.1655480096         1.700000000         1.536915201        0.2463206277E-02     1.702463210    
     1094400.000         0.000000000        0.1655479335         1.700000000         1.536914494        0.2462423595E-02     1.702462428    
     1098000.000         0.000000000        0.1655478571         1.700000000         1.536913785        0.2461637516E-02     1.702461642    
     1101600.000         0.000000000        0.1655477803         1.700000000         1.536913072        0.2460848040E-02     1.702460852    
     1105200.000         0.000000000        0.1655477032         1.700000000         1.536912356        0.2460055168E-02     1.702460059    
     1108800.000         0.000000000        0.1655476258         1.700000000         1.536911637        0.2459258898E-02     1.702459263    
     1112400.000         0.000000000        0.1655475480         1.700000000         1.536910916        0.2458459201E-02     1.702458464    
     1116000.000         0.000000000        0.1655474699         1.700000000         1.536910190        0.2457655979E-02     1.702457660    
     1119600.000         0.000000000        0.1655473915         1.700000000         1.536909462        0.2456849332E-02     1.702456854    
     1123200.000         0.000000000        0.1655473127         1.700000000         1.536908731        0.2456039260E-02     1.702456044    
     1126800.000         0.000000000        0.1655472336         1.700000000         1.536907997        0.2455225764E-02     1.702455230    
     1130400.000         0.000000000        0.1655471542         1.700000000         1.536907259        0.2454408843E-02     1.702454413    
     1134000.000         0.000000000        0.1655470744         1.700000000         1.536906519        0.2453588497E-02     1.702453593    
     1137600.000         0.000000000        0.1655469943         1.700000000         1.536905775        0.2452764727E-02     1.702452769    
     1141200.000         0.000000000        0.1655469139         1.700000000         1.536905028        0.2451937532E-02     1.702451942    
     1144800.000         0.000000000        0.1655468331         1.700000000         1.536904278        0.2451106912E-02     1.702451111    
     1148400.000         0.000000000        0.1655467520         1.700000000         1.536903525        0.2450272839E-02     1.702450277    
     1152000.000         0.000000000        0.1655466705         1.700000000         1.536902769        0.2449435223E-02     1.702449440    
     1155600.000         0.000000000        0.1655465888         1.700000000         1.536902010        0.2448594155E-02     1.702448599    
     1159200.000         0.000000000        0.1655465066         1.700000000         1.536901248        0.2447749637E-02     1.702447754    
     1162800.000         0.000000000        0.1655464242         1.700000000         1.536900482        0.2446901669E-02     1.702446906    
     1166400.000         0.000000000        0.1655463414         1.700000000         1.536899713        0.2446050249E-02     1.702446055    
     1170000.000         0.000000000        0.1655462583         1.700000000         1.536898942        0.2445195380E-02     1.702445200    
     1173600.000         0.000000000        0.1655461748         1.700000000         1.536898167        0.2444337060E-02     1.702444342    
     1177200.000         0.000000000        0.1655460910         1.700000000         1.536897389        0.2443475289E-02     1.702443480    
     1180800.000         0.000000000        0.1655460069         1.700000000         1.536896608        0.2442610068E-02     1.702442615    
     1184400.000         0.000000000        0.1655459224         1.700000000         1.536895824        0.2441741370E-02     1.702441746    
     1188000.000         0.000000000        0.1655458376         1.700000000         1.536895036        0.2440869110E-02     1.702440874    
     1191600.000         0.000000000        0.1655457524         1.700000000         1.536894246        0.2439993377E-02     1.702439998    
     1195200.000         0.000000000        0.1655456669         1.700000000         1.536893452        0.2439114169E-02     1.702439119    
     1198800.000         0.000000000        0.1655455811         1.700000000         1.536892655        0.2438231486E-02     1.702438236    
     1202400.000         0.000000000        0.1655454949         1.700000000         1.536891855        0.2437345329E-02     1.702437350    
     1206000.000         0.000000000        0.1655454084         1.700000000         1.536891052        0.2436455697E-02     1.702436461    
     1209600.000         0.000000000        0.1655453216         1.700000000         1.536890246        0.2435562591E-02     1.702435567    
     1213200.000         0.000000000        0.1655452344         1.700000000         1.536889436        0.2434666011E-02     1.702434671    
     1216800.000         0.000000000        0.1655451469         1.700000000         1.536888624        0.2433765955E-02     1.702433771    
     1220400.000         0.000000000        0.1655450590         1.700000000         1.536887808        0.2432862402E-02     1.702432867    
     1224000.000         0.000000000        0.1655449708         1.700000000         1.536886989        0.2431955272E-02     1.702431960    
     1227600.000         0.000000000        0.1655448823         1.700000000         1.536886167        0.2431044645E-02     1.702431050    
     1231200.000         0.000000000        0.1655447934         1.700000000         1.536885342        0.2430130522E-02     1.702430135    
     1234800.000         0.000000000        0.1655447042         1.700000000         1.536884514        0.2429212903E-02     1.702429218    
     1238400.000         0.000000000        0.1655446146         1.700000000         1.536883682        0.2428291787E-02     1.702428297    
     1242000.000         0.000000000        0.1655445247         1.700000000         1.536882847        0.2427367174E-02     1.702427372    
     1245600.000         0.000000000        0.1655444344         1.700000000         1.536882010        0.2426439065E-02     1.702426444    
     1249200.000         0.000000000        0.1655443438         1.700000000         1.536881169        0.2425507459E-02     1.702425513    
     1252800.000         0.000000000        0.1655442529         1.700000000         1.536880324        0.2424572357E-02     1.702424577    
     1256400.000         0.000000000        0.1655441617         1.700000000         1.536879477        0.2423633736E-02     1.702423639    
     1260000.000         0.000000000        0.1655440700         1.700000000         1.536878627        0.2422691526E-02     1.702422697    
     1263600.000         0.000000000        0.1655439781         1.700000000         1.536877773        0.2421745799E-02     1.702421751    
     1267200.000         0.000000000        0.1655438858         1.700000000         1.536876916        0.2420796555E-02     1.702420802    
     1270800.000         0.000000000        0.1655437931         1.700000000         1.536876056        0.2419843794E-02     1.702419849    
     1274400.000         0.000000000        0.1655437001         1.700000000         1.536875193        0.2418887517E-02     1.702418893    
     1278000.000         0.000000000        0.1655436068         1.700000000         1.536874326        0.2417927724E-02     1.702417933    
     1281600.000         0.000000000        0.1655435131         1.700000000         1.536873456        0.2416964413E-02     1.702416970    
     1285200.000         0.000000000        0.1655434191         1.700000000         1.536872584        0.2415997586E-02     1.702416003    
     1288800.000         0.000000000        0.1655433248         1.700000000         1.536871708        0.2415027242E-02     1.702415032    
     1292400.000         0.000000000        0.1655432301         1.700000000         1.536870829        0.2414053361E-02     1.702414059    
     1296000.000         0.000000000        0.1655431350         1.700000000         1.536869946        0.2413075880E-02     1.702413081    
     1299600.000         0.000000000        0.1655430396         1.700000000         1.536869061        0.2412094863E-02     1.702412100    
     1303200.000         0.000000000        0.1655429439         1.700000000         1.536868172        0.2411110311E-02     1.702411116    
     1306800.000         0.000000000        0.1655428478         1.700000000         1.536867280        0.2410122225E-02     1.702410128    
     1310400.000         0.000000000        0.1655427514         1.700000000         1.536866385        0.2409130603E-02     1.702409136    
     1314000.000         0.000000000        0.1655426546         1.700000000         1.536865486        0.2408135446E-02     1.702408141    
     1317600.000         0.000000000        0.1655425575         1.700000000         1.536864585        0.2407136755E-02     1.702407142    
     1321200.000         0.000000000        0.1655424601         1.700000000         1.536863680        0.2406134528E-02     1.702406140    
     1324800.000         0.000000000        0.1655423623         1.700000000         1.536862772        0.2405128766E-02     1.702405134    
     1328400.000         0.000000000        0.1655422641         1.700000000         1.536861861        0.2404119452E-02     1.702404125    
     1332000.000         0.000000000        0.1655421656         1.700000000         1.536860946        0.2403106526E-02     1.702403112    
     1335600.000         0.000000000        0.1655420668         1.700000000         1.536860029        0.2402090049E-02     1.702402096    
     1339200.000         0.000000000        0.1655419676         1.700000000         1.536859108        0.2401070021E-02     1.702401076    
     1342800.000         0.000000000        0.1655418681         1.700000000         1.536858184        0.2400046441E-02     1.702400052    
     1346400.000         0.000000000        0.1655417682         1.700000000         1.536857257        0.2399019310E-02     1.702399025    
     1350000.000         0.000000000        0.1655416680         1.700000000         1.536856326        0.2397988627E-02     1.702397994    
     1353600.000         0.000000000        0.1655415674         1.700000000         1.536855393        0.2396954393E-02     1.702396960    
     1357200.000         0.000000000        0.1655414665         1.700000000         1.536854456        0.2395916607E-02     1.702395922    
     1360800.000         0.000000000        0.1655413652         1.700000000         1.536853516        0.2394875270E-02     1.702394881    
     1364400.000         0.000000000        0.1655412636         1.700000000         1.536852572        0.2393830366E-02     1.702393836    
     1368000.000         0.000000000        0.1655411617         1.700000000         1.536851626        0.2392781842E-02     1.702392788    
     1371600.000         0.000000000        0.1655410594         1.700000000         1.536850676        0.2391729753E-02     1.702391735    
     1375200.000         0.000000000        0.1655409567         1.700000000         1.536849723        0.2390674097E-02     1.702390680    
     1378800.000         0.000000000        0.1655408537         1.700000000         1.536848767        0.2389614876E-02     1.702389621    
     1382400.000         0.000000000        0.1655407504         1.700000000         1.536847807        0.2388552088E-02     1.702388558    
     1386000.000         0.000000000        0.1655406467         1.700000000         1.536846845        0.2387485734E-02     1.702387492    
     1389600.000         0.000000000        0.1655405426         1.700000000         1.536845879        0.2386415814E-02     1.702386422    
     1393200.000         0.000000000        0.1655404383         1.700000000         1.536844910        0.2385342328E-02     1.702385348    
     1396800.000         0.000000000        0.1655403335         1.700000000         1.536843938        0.2384265276E-02     1.702384271    
     1400400.000         0.000000000        0.1655402284         1.700000000         1.536842962        0.2383184649E-02     1.702383190    
     1404000.000         0.000000000        0.1655401230         1.700000000         1.536841983        0.2382100413E-02     1.702382106    
     1407600.000         0.000000000        0.1655400172         1.700000000         1.536841001        0.2381012603E-02     1.702381018    
     1411200.000         0.000000000        0.1655399111         1.700000000         1.536840016        0.2379921218E-02     1.702379927    
     1414800.000         0.000000000        0.1655398046         1.700000000         1.536839028        0.2378826257E-02     1.702378832    
     1418400.000         0.000000000        0.1655396978         1.700000000         1.536838036        0.2377727722E-02     1.702377734    
     1422000.000         0.000000000        0.1655395907         1.700000000         1.536837041        0.2376625612E-02     1.702376632    
     1425600.000         0.000000000        0.1655394831         1.700000000         1.536836043        0.2375519926E-02     1.702375526    
     1429200.000         0.000000000        0.1655393753         1.700000000         1.536835041        0.2374410666E-02     1.702374417    
     1432800.000         0.000000000        0.1655392671         1.700000000         1.536834037        0.2373297831E-02     1.702373304    
     1436400.000         0.000000000        0.1655391585         1.700000000         1.536833029        0.2372181400E-02     1.702372187    
     1440000.000         0.000000000        0.1655390496         1.700000000         1.536832018        0.2371061307E-02     1.702371067    
