 VARS1, VARIOUS OUTPUT VARIABLES:
   7.00000000000000     
   11.0000000000000     
   87.0000000000000     
  5.130000000000000E-002
  0.803000000000000     
  0.641000000000000     
  0.452074375777032     
  0.000000000000000E+000
   272.412426912817     
   10.0430534409517     
  0.000000000000000E+000
  0.000000000000000E+000
  0.000000000000000E+000
  0.000000000000000E+000
  0.000000000000000E+000
 VARS2, VARIOUS OUTPUT VARIABLES:
   217.000000000000     
   400.110000000000     
  2.124415785658944E-005
  8.021567224600600E-002
  0.450000000000000     
  0.000000000000000E+000
  1.629306748531780E-003
  1.500000000000000E-010
   10.4863446253314     
   29007.1296850148     
   23.2828384930643     
  0.450389441495942     
  0.776908278694717     
  5.000000000000000E-007
   260.790752573106     
  4.020980238703777E-002
  3.000000000000000E-004
  0.000000000000000E+000
  0.000000000000000E+000
 NFLAG, ERROR FLAG FOR PSDM MODEL:
      0
 EOFTESTMARKER:
   123456.000000000     
