 NOTE: ALL TERMS IN UNITS OF UG/S.
     19000.00000         0.000000000        0.1476518634         1.700000000         1.554349068        0.2000931327E-02     1.702000931    
     19600.00000         0.000000000        0.1476518634         1.700000000         1.554349068        0.2000931053E-02     1.702000931    
     20200.00000         0.000000000        0.1476518634         1.700000000         1.554349067        0.2000930688E-02     1.702000931    
     20800.00000         0.000000000        0.1476518633         1.700000000         1.554349067        0.2000930323E-02     1.702000930    
     21400.00000         0.000000000        0.1476518633         1.700000000         1.554349067        0.2000929958E-02     1.702000930    
     22000.00000         0.000000000        0.1476518633         1.700000000         1.554349066        0.2000929592E-02     1.702000930    
     22600.00000         0.000000000        0.1476518632         1.700000000         1.554349066        0.2000929227E-02     1.702000929    
     23200.00000         0.000000000        0.1476518632         1.700000000         1.554349066        0.2000928862E-02     1.702000929    
     23800.00000         0.000000000        0.1476518632         1.700000000         1.554349065        0.2000928497E-02     1.702000929    
     24400.00000         0.000000000        0.1476518631         1.700000000         1.554349065        0.2000928131E-02     1.702000928    
     25000.00000         0.000000000        0.1476518631         1.700000000         1.554349065        0.2000927766E-02     1.702000928    
     25600.00000         0.000000000        0.1476518631         1.700000000         1.554349064        0.2000927401E-02     1.702000927    
     26200.00000         0.000000000        0.1476518630         1.700000000         1.554349064        0.2000927035E-02     1.702000927    
     26800.00000         0.000000000        0.1476518630         1.700000000         1.554349064        0.2000926670E-02     1.702000927    
     27400.00000         0.000000000        0.1476518630         1.700000000         1.554349063        0.2000926305E-02     1.702000926    
     28000.00000         0.000000000        0.1476518629         1.700000000         1.554349063        0.2000925940E-02     1.702000926    
     28600.00000         0.000000000        0.1476518629         1.700000000         1.554349063        0.2000925574E-02     1.702000926    
     29200.00000         0.000000000        0.1476518629         1.700000000         1.554349062        0.2000925209E-02     1.702000925    
     29800.00000         0.000000000        0.1476518629         1.700000000         1.554349062        0.2000924844E-02     1.702000925    
     30400.00000         0.000000000        0.1476518628         1.700000000         1.554349062        0.2000924479E-02     1.702000924    
     31000.00000         0.000000000        0.1476518628         1.700000000         1.554349061        0.2000924113E-02     1.702000924    
     31600.00000         0.000000000        0.1476518628         1.700000000         1.554349061        0.2000923748E-02     1.702000924    
     32200.00000         0.000000000        0.1476518627         1.700000000         1.554349061        0.2000923383E-02     1.702000923    
     32800.00000         0.000000000        0.1476518627         1.700000000         1.554349060        0.2000923018E-02     1.702000923    
     33400.00000         0.000000000        0.1476518627         1.700000000         1.554349060        0.2000922652E-02     1.702000923    
     34000.00000         0.000000000        0.1476518626         1.700000000         1.554349060        0.2000922109E-02     1.702000922    
     34600.00000         0.000000000        0.1476518626         1.700000000         1.554349059        0.2000921473E-02     1.702000921    
     35200.00000         0.000000000        0.1476518625         1.700000000         1.554349058        0.2000920837E-02     1.702000921    
     35800.00000         0.000000000        0.1476518625         1.700000000         1.554349058        0.2000920202E-02     1.702000920    
     36400.00000         0.000000000        0.1476518624         1.700000000         1.554349057        0.2000919566E-02     1.702000920    
     37000.00000         0.000000000        0.1476518623         1.700000000         1.554349057        0.2000918930E-02     1.702000919    
     37600.00000         0.000000000        0.1476518623         1.700000000         1.554349056        0.2000918294E-02     1.702000918    
     38200.00000         0.000000000        0.1476518622         1.700000000         1.554349055        0.2000917658E-02     1.702000918    
     38800.00000         0.000000000        0.1476518622         1.700000000         1.554349055        0.2000917023E-02     1.702000917    
     39400.00000         0.000000000        0.1476518621         1.700000000         1.554349054        0.2000916387E-02     1.702000916    
     40000.00000         0.000000000        0.1476518621         1.700000000         1.554349054        0.2000915751E-02     1.702000916    
     40600.00000         0.000000000        0.1476518620         1.700000000         1.554349053        0.2000915115E-02     1.702000915    
     41200.00000         0.000000000        0.1476518620         1.700000000         1.554349053        0.2000914479E-02     1.702000914    
     41800.00000         0.000000000        0.1476518619         1.700000000         1.554349052        0.2000913844E-02     1.702000914    
     42400.00000         0.000000000        0.1476518618         1.700000000         1.554349051        0.2000913208E-02     1.702000913    
     43000.00000         0.000000000        0.1476518618         1.700000000         1.554349051        0.2000912572E-02     1.702000913    
     43600.00000         0.000000000        0.1476518617         1.700000000         1.554349050        0.2000911936E-02     1.702000912    
     44200.00000         0.000000000        0.1476518617         1.700000000         1.554349050        0.2000911301E-02     1.702000911    
     44800.00000         0.000000000        0.1476518616         1.700000000         1.554349049        0.2000910665E-02     1.702000911    
     45400.00000         0.000000000        0.1476518616         1.700000000         1.554349048        0.2000910029E-02     1.702000910    
     46000.00000         0.000000000        0.1476518615         1.700000000         1.554349048        0.2000909393E-02     1.702000909    
     46600.00000         0.000000000        0.1476518615         1.700000000         1.554349047        0.2000908757E-02     1.702000909    
     47200.00000         0.000000000        0.1476518614         1.700000000         1.554349047        0.2000908122E-02     1.702000908    
     47800.00000         0.000000000        0.1476518613         1.700000000         1.554349046        0.2000907486E-02     1.702000908    
     48400.00000         0.000000000        0.1476518613         1.700000000         1.554349045        0.2000906698E-02     1.702000907    
     49000.00000         0.000000000        0.1476518612         1.700000000         1.554349045        0.2000905850E-02     1.702000906    
     49600.00000         0.000000000        0.1476518611         1.700000000         1.554349044        0.2000905003E-02     1.702000905    
     50200.00000         0.000000000        0.1476518611         1.700000000         1.554349043        0.2000904156E-02     1.702000904    
     50800.00000         0.000000000        0.1476518610         1.700000000         1.554349042        0.2000903308E-02     1.702000903    
     51400.00000         0.000000000        0.1476518609         1.700000000         1.554349042        0.2000902461E-02     1.702000902    
     52000.00000         0.000000000        0.1476518608         1.700000000         1.554349041        0.2000901614E-02     1.702000902    
     52600.00000         0.000000000        0.1476518608         1.700000000         1.554349040        0.2000900766E-02     1.702000901    
     53200.00000         0.000000000        0.1476518607         1.700000000         1.554349039        0.2000899919E-02     1.702000900    
     53800.00000         0.000000000        0.1476518606         1.700000000         1.554349038        0.2000899072E-02     1.702000899    
     54400.00000         0.000000000        0.1476518605         1.700000000         1.554349038        0.2000898129E-02     1.702000898    
     55000.00000         0.000000000        0.1476518605         1.700000000         1.554349037        0.2000897150E-02     1.702000897    
     55600.00000         0.000000000        0.1476518604         1.700000000         1.554349036        0.2000896171E-02     1.702000896    
     56200.00000         0.000000000        0.1476518603         1.700000000         1.554349035        0.2000895191E-02     1.702000895    
     56800.00000         0.000000000        0.1476518602         1.700000000         1.554349034        0.2000894212E-02     1.702000894    
     57400.00000         0.000000000        0.1476518601         1.700000000         1.554349033        0.2000893233E-02     1.702000893    
     58000.00000         0.000000000        0.1476518600         1.700000000         1.554349032        0.2000892253E-02     1.702000892    
     58600.00000         0.000000000        0.1476518599         1.700000000         1.554349031        0.2000891274E-02     1.702000891    
     59200.00000         0.000000000        0.1476518599         1.700000000         1.554349030        0.2000890295E-02     1.702000890    
     59800.00000         0.000000000        0.1476518598         1.700000000         1.554349030        0.2000889315E-02     1.702000889    
     60400.00000         0.000000000        0.1476518597         1.700000000         1.554349029        0.2000888238E-02     1.702000888    
     61000.00000         0.000000000        0.1476518596         1.700000000         1.554349028        0.2000887122E-02     1.702000887    
     61600.00000         0.000000000        0.1476518595         1.700000000         1.554349027        0.2000886006E-02     1.702000886    
     62200.00000         0.000000000        0.1476518594         1.700000000         1.554349026        0.2000884890E-02     1.702000885    
     62800.00000         0.000000000        0.1476518593         1.700000000         1.554349025        0.2000883775E-02     1.702000884    
     63400.00000         0.000000000        0.1476518592         1.700000000         1.554349023        0.2000882659E-02     1.702000883    
     64000.00000         0.000000000        0.1476518591         1.700000000         1.554349022        0.2000881543E-02     1.702000882    
     64600.00000         0.000000000        0.1476518590         1.700000000         1.554349021        0.2000880427E-02     1.702000880    
     65200.00000         0.000000000        0.1476518589         1.700000000         1.554349020        0.2000879311E-02     1.702000879    
     65800.00000         0.000000000        0.1476518588         1.700000000         1.554349019        0.2000878196E-02     1.702000878    
     66400.00000         0.000000000        0.1476518587         1.700000000         1.554349018        0.2000876978E-02     1.702000877    
     67000.00000         0.000000000        0.1476518586         1.700000000         1.554349017        0.2000875722E-02     1.702000876    
     67600.00000         0.000000000        0.1476518585         1.700000000         1.554349016        0.2000874465E-02     1.702000874    
     68200.00000         0.000000000        0.1476518584         1.700000000         1.554349015        0.2000873209E-02     1.702000873    
     68800.00000         0.000000000        0.1476518583         1.700000000         1.554349014        0.2000871952E-02     1.702000872    
     69400.00000         0.000000000        0.1476518582         1.700000000         1.554349013        0.2000870696E-02     1.702000871    
     70000.00000         0.000000000        0.1476518580         1.700000000         1.554349011        0.2000869439E-02     1.702000869    
     70600.00000         0.000000000        0.1476518579         1.700000000         1.554349010        0.2000868183E-02     1.702000868    
     71200.00000         0.000000000        0.1476518578         1.700000000         1.554349009        0.2000866926E-02     1.702000867    
     71800.00000         0.000000000        0.1476518577         1.700000000         1.554349008        0.2000865670E-02     1.702000866    
     72400.00000         0.000000000        0.1476518576         1.700000000         1.554349007        0.2000864309E-02     1.702000864    
     73000.00000         0.000000000        0.1476518575         1.700000000         1.554349005        0.2000862908E-02     1.702000863    
     73600.00000         0.000000000        0.1476518574         1.700000000         1.554349004        0.2000861506E-02     1.702000862    
     74200.00000         0.000000000        0.1476518572         1.700000000         1.554349003        0.2000860105E-02     1.702000860    
     74800.00000         0.000000000        0.1476518571         1.700000000         1.554349002        0.2000858704E-02     1.702000859    
     75400.00000         0.000000000        0.1476518570         1.700000000         1.554349000        0.2000857303E-02     1.702000857    
     76000.00000         0.000000000        0.1476518569         1.700000000         1.554348999        0.2000855901E-02     1.702000856    
     76600.00000         0.000000000        0.1476518568         1.700000000         1.554348998        0.2000854500E-02     1.702000855    
     77200.00000         0.000000000        0.1476518566         1.700000000         1.554348997        0.2000853099E-02     1.702000853    
     77800.00000         0.000000000        0.1476518565         1.700000000         1.554348995        0.2000851698E-02     1.702000852    
     78400.00000         0.000000000        0.1476518564         1.700000000         1.554348994        0.2000850189E-02     1.702000850    
     79000.00000         0.000000000        0.1476518562         1.700000000         1.554348992        0.2000848640E-02     1.702000849    
     79600.00000         0.000000000        0.1476518561         1.700000000         1.554348991        0.2000847090E-02     1.702000847    
     80200.00000         0.000000000        0.1476518560         1.700000000         1.554348990        0.2000845540E-02     1.702000846    
     80800.00000         0.000000000        0.1476518558         1.700000000         1.554348988        0.2000843991E-02     1.702000844    
     81400.00000         0.000000000        0.1476518557         1.700000000         1.554348987        0.2000842441E-02     1.702000842    
     82000.00000         0.000000000        0.1476518556         1.700000000         1.554348985        0.2000840891E-02     1.702000841    
     82600.00000         0.000000000        0.1476518554         1.700000000         1.554348984        0.2000839341E-02     1.702000839    
     83200.00000         0.000000000        0.1476518553         1.700000000         1.554348983        0.2000837792E-02     1.702000838    
     83800.00000         0.000000000        0.1476518552         1.700000000         1.554348981        0.2000836242E-02     1.702000836    
     84400.00000         0.000000000        0.1476518550         1.700000000         1.554348980        0.2000834583E-02     1.702000835    
     85000.00000         0.000000000        0.1476518549         1.700000000         1.554348978        0.2000832881E-02     1.702000833    
     85600.00000         0.000000000        0.1476518547         1.700000000         1.554348976        0.2000831179E-02     1.702000831    
     86200.00000         0.000000000        0.1476518546         1.700000000         1.554348975        0.2000829477E-02     1.702000830    
     86800.00000         0.000000000        0.1476518544         1.700000000         1.554348973        0.2000827776E-02     1.702000828    
     87400.00000         0.000000000        0.1476518543         1.700000000         1.554348972        0.2000826074E-02     1.702000826    
     88000.00000         0.000000000        0.1476518541         1.700000000         1.554348970        0.2000824372E-02     1.702000824    
     88600.00000         0.000000000        0.1476518540         1.700000000         1.554348969        0.2000822670E-02     1.702000823    
     89200.00000         0.000000000        0.1476518538         1.700000000         1.554348967        0.2000820969E-02     1.702000821    
     89800.00000         0.000000000        0.1476518537         1.700000000         1.554348966        0.2000819267E-02     1.702000819    
     90400.00000         0.000000000        0.1476518535         1.700000000         1.554348964        0.2000817453E-02     1.702000818    
     91000.00000         0.000000000        0.1476518534         1.700000000         1.554348962        0.2000815596E-02     1.702000816    
     91600.00000         0.000000000        0.1476518532         1.700000000         1.554348961        0.2000813739E-02     1.702000814    
     92200.00000         0.000000000        0.1476518531         1.700000000         1.554348959        0.2000811881E-02     1.702000812    
     92800.00000         0.000000000        0.1476518529         1.700000000         1.554348957        0.2000810024E-02     1.702000810    
     93400.00000         0.000000000        0.1476518527         1.700000000         1.554348955        0.2000808167E-02     1.702000808    
     94000.00000         0.000000000        0.1476518526         1.700000000         1.554348954        0.2000806310E-02     1.702000806    
     94600.00000         0.000000000        0.1476518524         1.700000000         1.554348952        0.2000804452E-02     1.702000805    
     95200.00000         0.000000000        0.1476518523         1.700000000         1.554348950        0.2000802595E-02     1.702000803    
     95800.00000         0.000000000        0.1476518521         1.700000000         1.554348949        0.2000800738E-02     1.702000801    
     96400.00000         0.000000000        0.1476518519         1.700000000         1.554348947        0.2000798766E-02     1.702000799    
     97000.00000         0.000000000        0.1476518517         1.700000000         1.554348945        0.2000796750E-02     1.702000797    
     97600.00000         0.000000000        0.1476518516         1.700000000         1.554348943        0.2000794734E-02     1.702000795    
     98200.00000         0.000000000        0.1476518514         1.700000000         1.554348941        0.2000792718E-02     1.702000793    
     98800.00000         0.000000000        0.1476518512         1.700000000         1.554348940        0.2000790702E-02     1.702000791    
     99400.00000         0.000000000        0.1476518510         1.700000000         1.554348938        0.2000788686E-02     1.702000789    
     100000.0000         0.000000000        0.1476518509         1.700000000         1.554348936        0.2000786670E-02     1.702000787    
     100600.0000         0.000000000        0.1476518507         1.700000000         1.554348934        0.2000784654E-02     1.702000785    
     101200.0000         0.000000000        0.1476518505         1.700000000         1.554348932        0.2000782638E-02     1.702000783    
     101800.0000         0.000000000        0.1476518503         1.700000000         1.554348930        0.2000780622E-02     1.702000781    
     102400.0000         0.000000000        0.1476518502         1.700000000         1.554348928        0.2000778490E-02     1.702000779    
     103000.0000         0.000000000        0.1476518500         1.700000000         1.554348926        0.2000776312E-02     1.702000776    
     103600.0000         0.000000000        0.1476518498         1.700000000         1.554348924        0.2000774134E-02     1.702000774    
     104200.0000         0.000000000        0.1476518496         1.700000000         1.554348922        0.2000771956E-02     1.702000772    
     104800.0000         0.000000000        0.1476518494         1.700000000         1.554348920        0.2000769778E-02     1.702000770    
     105400.0000         0.000000000        0.1476518492         1.700000000         1.554348918        0.2000767600E-02     1.702000768    
     106000.0000         0.000000000        0.1476518490         1.700000000         1.554348916        0.2000765422E-02     1.702000765    
     106600.0000         0.000000000        0.1476518488         1.700000000         1.554348914        0.2000763245E-02     1.702000763    
     107200.0000         0.000000000        0.1476518487         1.700000000         1.554348912        0.2000761067E-02     1.702000761    
     107800.0000         0.000000000        0.1476518485         1.700000000         1.554348910        0.2000758889E-02     1.702000759    
     108400.0000         0.000000000        0.1476518483         1.700000000         1.554348908        0.2000756592E-02     1.702000757    
     109000.0000         0.000000000        0.1476518481         1.700000000         1.554348906        0.2000754249E-02     1.702000754    
     109600.0000         0.000000000        0.1476518479         1.700000000         1.554348904        0.2000751907E-02     1.702000752    
     110200.0000         0.000000000        0.1476518477         1.700000000         1.554348902        0.2000749564E-02     1.702000750    
     110800.0000         0.000000000        0.1476518474         1.700000000         1.554348900        0.2000747221E-02     1.702000747    
     111400.0000         0.000000000        0.1476518472         1.700000000         1.554348898        0.2000744878E-02     1.702000745    
     112000.0000         0.000000000        0.1476518470         1.700000000         1.554348896        0.2000742536E-02     1.702000743    
     112600.0000         0.000000000        0.1476518468         1.700000000         1.554348893        0.2000740193E-02     1.702000740    
     113200.0000         0.000000000        0.1476518466         1.700000000         1.554348891        0.2000737850E-02     1.702000738    
     113800.0000         0.000000000        0.1476518464         1.700000000         1.554348889        0.2000735507E-02     1.702000736    
     114400.0000         0.000000000        0.1476518462         1.700000000         1.554348887        0.2000733044E-02     1.702000733    
     115000.0000         0.000000000        0.1476518460         1.700000000         1.554348885        0.2000730533E-02     1.702000731    
     115600.0000         0.000000000        0.1476518458         1.700000000         1.554348882        0.2000728023E-02     1.702000728    
     116200.0000         0.000000000        0.1476518456         1.700000000         1.554348880        0.2000725512E-02     1.702000726    
     116800.0000         0.000000000        0.1476518453         1.700000000         1.554348878        0.2000723002E-02     1.702000723    
     117400.0000         0.000000000        0.1476518451         1.700000000         1.554348875        0.2000720491E-02     1.702000721    
     118000.0000         0.000000000        0.1476518449         1.700000000         1.554348873        0.2000717981E-02     1.702000718    
     118600.0000         0.000000000        0.1476518447         1.700000000         1.554348871        0.2000715470E-02     1.702000716    
     119200.0000         0.000000000        0.1476518445         1.700000000         1.554348869        0.2000712960E-02     1.702000713    
     119800.0000         0.000000000        0.1476518443         1.700000000         1.554348866        0.2000710449E-02     1.702000711    
     120400.0000         0.000000000        0.1476518440         1.700000000         1.554348864        0.2000707816E-02     1.702000708    
     121000.0000         0.000000000        0.1476518438         1.700000000         1.554348861        0.2000705134E-02     1.702000705    
     121600.0000         0.000000000        0.1476518436         1.700000000         1.554348859        0.2000702453E-02     1.702000703    
     122200.0000         0.000000000        0.1476518433         1.700000000         1.554348857        0.2000699772E-02     1.702000700    
     122800.0000         0.000000000        0.1476518431         1.700000000         1.554348854        0.2000697091E-02     1.702000697    
     123400.0000         0.000000000        0.1476518429         1.700000000         1.554348852        0.2000694410E-02     1.702000694    
     124000.0000         0.000000000        0.1476518426         1.700000000         1.554348849        0.2000691729E-02     1.702000692    
     124600.0000         0.000000000        0.1476518424         1.700000000         1.554348847        0.2000689048E-02     1.702000689    
     125200.0000         0.000000000        0.1476518422         1.700000000         1.554348844        0.2000686367E-02     1.702000686    
     125800.0000         0.000000000        0.1476518419         1.700000000         1.554348842        0.2000683686E-02     1.702000684    
     126400.0000         0.000000000        0.1476518417         1.700000000         1.554348839        0.2000680880E-02     1.702000681    
     127000.0000         0.000000000        0.1476518414         1.700000000         1.554348837        0.2000678025E-02     1.702000678    
     127600.0000         0.000000000        0.1476518412         1.700000000         1.554348834        0.2000675171E-02     1.702000675    
     128200.0000         0.000000000        0.1476518410         1.700000000         1.554348831        0.2000672316E-02     1.702000672    
     128800.0000         0.000000000        0.1476518407         1.700000000         1.554348829        0.2000669462E-02     1.702000670    
     129400.0000         0.000000000        0.1476518405         1.700000000         1.554348826        0.2000666608E-02     1.702000667    
     130000.0000         0.000000000        0.1476518402         1.700000000         1.554348824        0.2000663753E-02     1.702000664    
     130600.0000         0.000000000        0.1476518400         1.700000000         1.554348821        0.2000660899E-02     1.702000661    
     131200.0000         0.000000000        0.1476518397         1.700000000         1.554348818        0.2000658044E-02     1.702000658    
     131800.0000         0.000000000        0.1476518395         1.700000000         1.554348816        0.2000655190E-02     1.702000655    
     132400.0000         0.000000000        0.1476518392         1.700000000         1.554348813        0.2000652209E-02     1.702000652    
     133000.0000         0.000000000        0.1476518389         1.700000000         1.554348810        0.2000649179E-02     1.702000649    
     133600.0000         0.000000000        0.1476518387         1.700000000         1.554348808        0.2000646148E-02     1.702000646    
     134200.0000         0.000000000        0.1476518384         1.700000000         1.554348805        0.2000643118E-02     1.702000643    
     134800.0000         0.000000000        0.1476518382         1.700000000         1.554348802        0.2000640088E-02     1.702000640    
     135400.0000         0.000000000        0.1476518379         1.700000000         1.554348799        0.2000637057E-02     1.702000637    
     136000.0000         0.000000000        0.1476518376         1.700000000         1.554348796        0.2000634027E-02     1.702000634    
     136600.0000         0.000000000        0.1476518374         1.700000000         1.554348794        0.2000630997E-02     1.702000631    
     137200.0000         0.000000000        0.1476518371         1.700000000         1.554348791        0.2000627966E-02     1.702000628    
     137800.0000         0.000000000        0.1476518368         1.700000000         1.554348788        0.2000624936E-02     1.702000625    
     138400.0000         0.000000000        0.1476518366         1.700000000         1.554348785        0.2000621777E-02     1.702000622    
     139000.0000         0.000000000        0.1476518363         1.700000000         1.554348782        0.2000618568E-02     1.702000619    
     139600.0000         0.000000000        0.1476518360         1.700000000         1.554348779        0.2000615360E-02     1.702000615    
     140200.0000         0.000000000        0.1476518357         1.700000000         1.554348777        0.2000612151E-02     1.702000612    
     140800.0000         0.000000000        0.1476518355         1.700000000         1.554348774        0.2000608942E-02     1.702000609    
     141400.0000         0.000000000        0.1476518352         1.700000000         1.554348771        0.2000605733E-02     1.702000606    
     142000.0000         0.000000000        0.1476518349         1.700000000         1.554348768        0.2000602525E-02     1.702000603    
     142600.0000         0.000000000        0.1476518346         1.700000000         1.554348765        0.2000599316E-02     1.702000599    
     143200.0000         0.000000000        0.1476518343         1.700000000         1.554348762        0.2000596107E-02     1.702000596    
     143800.0000         0.000000000        0.1476518341         1.700000000         1.554348759        0.2000592898E-02     1.702000593    
     144400.0000         0.000000000        0.1476518338         1.700000000         1.554348756        0.2000589559E-02     1.702000590    
     145000.0000         0.000000000        0.1476518335         1.700000000         1.554348753        0.2000586169E-02     1.702000586    
     145600.0000         0.000000000        0.1476518332         1.700000000         1.554348750        0.2000582780E-02     1.702000583    
     146200.0000         0.000000000        0.1476518329         1.700000000         1.554348747        0.2000579390E-02     1.702000579    
     146800.0000         0.000000000        0.1476518326         1.700000000         1.554348743        0.2000576000E-02     1.702000576    
     147400.0000         0.000000000        0.1476518323         1.700000000         1.554348740        0.2000572611E-02     1.702000573    
     148000.0000         0.000000000        0.1476518320         1.700000000         1.554348737        0.2000569221E-02     1.702000569    
     148600.0000         0.000000000        0.1476518317         1.700000000         1.554348734        0.2000565831E-02     1.702000566    
     149200.0000         0.000000000        0.1476518314         1.700000000         1.554348731        0.2000562442E-02     1.702000563    
     149800.0000         0.000000000        0.1476518311         1.700000000         1.554348728        0.2000559052E-02     1.702000559    
     150400.0000         0.000000000        0.1476518308         1.700000000         1.554348725        0.2000555530E-02     1.702000556    
     151000.0000         0.000000000        0.1476518305         1.700000000         1.554348722        0.2000551957E-02     1.702000552    
     151600.0000         0.000000000        0.1476518302         1.700000000         1.554348718        0.2000548384E-02     1.702000548    
     152200.0000         0.000000000        0.1476518299         1.700000000         1.554348715        0.2000544811E-02     1.702000545    
     152800.0000         0.000000000        0.1476518296         1.700000000         1.554348712        0.2000541238E-02     1.702000541    
     153400.0000         0.000000000        0.1476518293         1.700000000         1.554348708        0.2000537665E-02     1.702000538    
     154000.0000         0.000000000        0.1476518290         1.700000000         1.554348705        0.2000534092E-02     1.702000534    
     154600.0000         0.000000000        0.1476518287         1.700000000         1.554348702        0.2000530519E-02     1.702000531    
     155200.0000         0.000000000        0.1476518283         1.700000000         1.554348699        0.2000526946E-02     1.702000527    
     155800.0000         0.000000000        0.1476518280         1.700000000         1.554348695        0.2000523373E-02     1.702000523    
     156400.0000         0.000000000        0.1476518277         1.700000000         1.554348692        0.2000519666E-02     1.702000520    
     157000.0000         0.000000000        0.1476518274         1.700000000         1.554348689        0.2000515908E-02     1.702000516    
     157600.0000         0.000000000        0.1476518271         1.700000000         1.554348685        0.2000512149E-02     1.702000512    
     158200.0000         0.000000000        0.1476518267         1.700000000         1.554348682        0.2000508390E-02     1.702000508    
     158800.0000         0.000000000        0.1476518264         1.700000000         1.554348678        0.2000504632E-02     1.702000505    
     159400.0000         0.000000000        0.1476518261         1.700000000         1.554348675        0.2000500873E-02     1.702000501    
     160000.0000         0.000000000        0.1476518258         1.700000000         1.554348671        0.2000497114E-02     1.702000497    
     160600.0000         0.000000000        0.1476518254         1.700000000         1.554348668        0.2000493356E-02     1.702000493    
     161200.0000         0.000000000        0.1476518251         1.700000000         1.554348665        0.2000489597E-02     1.702000490    
     161800.0000         0.000000000        0.1476518248         1.700000000         1.554348661        0.2000485838E-02     1.702000486    
     162400.0000         0.000000000        0.1476518244         1.700000000         1.554348658        0.2000481944E-02     1.702000482    
     163000.0000         0.000000000        0.1476518241         1.700000000         1.554348654        0.2000477998E-02     1.702000478    
     163600.0000         0.000000000        0.1476518238         1.700000000         1.554348650        0.2000474051E-02     1.702000474    
     164200.0000         0.000000000        0.1476518234         1.700000000         1.554348647        0.2000470105E-02     1.702000470    
     164800.0000         0.000000000        0.1476518231         1.700000000         1.554348643        0.2000466158E-02     1.702000466    
     165400.0000         0.000000000        0.1476518227         1.700000000         1.554348640        0.2000462211E-02     1.702000462    
     166000.0000         0.000000000        0.1476518224         1.700000000         1.554348636        0.2000458265E-02     1.702000458    
     166600.0000         0.000000000        0.1476518220         1.700000000         1.554348632        0.2000454318E-02     1.702000454    
     167200.0000         0.000000000        0.1476518217         1.700000000         1.554348629        0.2000450372E-02     1.702000450    
     167800.0000         0.000000000        0.1476518214         1.700000000         1.554348625        0.2000446425E-02     1.702000447    
     168400.0000         0.000000000        0.1476518210         1.700000000         1.554348621        0.2000442341E-02     1.702000442    
     169000.0000         0.000000000        0.1476518206         1.700000000         1.554348618        0.2000438205E-02     1.702000438    
     169600.0000         0.000000000        0.1476518203         1.700000000         1.554348614        0.2000434068E-02     1.702000434    
     170200.0000         0.000000000        0.1476518199         1.700000000         1.554348610        0.2000429931E-02     1.702000430    
     170800.0000         0.000000000        0.1476518196         1.700000000         1.554348606        0.2000425795E-02     1.702000426    
     171400.0000         0.000000000        0.1476518192         1.700000000         1.554348603        0.2000421658E-02     1.702000422    
     172000.0000         0.000000000        0.1476518189         1.700000000         1.554348599        0.2000417521E-02     1.702000418    
     172600.0000         0.000000000        0.1476518185         1.700000000         1.554348595        0.2000413384E-02     1.702000414    
     173200.0000         0.000000000        0.1476518181         1.700000000         1.554348591        0.2000409248E-02     1.702000409    
     173800.0000         0.000000000        0.1476518178         1.700000000         1.554348587        0.2000405111E-02     1.702000405    
     174400.0000         0.000000000        0.1476518174         1.700000000         1.554348584        0.2000400836E-02     1.702000401    
     175000.0000         0.000000000        0.1476518170         1.700000000         1.554348580        0.2000396507E-02     1.702000397    
     175600.0000         0.000000000        0.1476518167         1.700000000         1.554348576        0.2000392178E-02     1.702000392    
     176200.0000         0.000000000        0.1476518163         1.700000000         1.554348572        0.2000387848E-02     1.702000388    
     176800.0000         0.000000000        0.1476518159         1.700000000         1.554348568        0.2000383519E-02     1.702000384    
     177400.0000         0.000000000        0.1476518155         1.700000000         1.554348564        0.2000379190E-02     1.702000379    
     178000.0000         0.000000000        0.1476518152         1.700000000         1.554348560        0.2000374861E-02     1.702000375    
     178600.0000         0.000000000        0.1476518148         1.700000000         1.554348556        0.2000370532E-02     1.702000371    
     179200.0000         0.000000000        0.1476518144         1.700000000         1.554348552        0.2000366203E-02     1.702000366    
     179800.0000         0.000000000        0.1476518140         1.700000000         1.554348548        0.2000361874E-02     1.702000362    
     180400.0000         0.000000000        0.1476518136         1.700000000         1.554348544        0.2000357405E-02     1.702000358    
     181000.0000         0.000000000        0.1476518132         1.700000000         1.554348540        0.2000352881E-02     1.702000353    
     181600.0000         0.000000000        0.1476518129         1.700000000         1.554348536        0.2000348358E-02     1.702000348    
     182200.0000         0.000000000        0.1476518125         1.700000000         1.554348532        0.2000343834E-02     1.702000344    
     182800.0000         0.000000000        0.1476518121         1.700000000         1.554348527        0.2000339311E-02     1.702000339    
     183400.0000         0.000000000        0.1476518117         1.700000000         1.554348523        0.2000334787E-02     1.702000335    
     184000.0000         0.000000000        0.1476518113         1.700000000         1.554348519        0.2000330264E-02     1.702000330    
     184600.0000         0.000000000        0.1476518109         1.700000000         1.554348515        0.2000325740E-02     1.702000326    
     185200.0000         0.000000000        0.1476518105         1.700000000         1.554348511        0.2000321217E-02     1.702000321    
     185800.0000         0.000000000        0.1476518101         1.700000000         1.554348507        0.2000316693E-02     1.702000317    
     186400.0000         0.000000000        0.1476518097         1.700000000         1.554348502        0.2000312028E-02     1.702000312    
     187000.0000         0.000000000        0.1476518093         1.700000000         1.554348498        0.2000307308E-02     1.702000307    
     187600.0000         0.000000000        0.1476518089         1.700000000         1.554348494        0.2000302588E-02     1.702000303    
     188200.0000         0.000000000        0.1476518085         1.700000000         1.554348490        0.2000297868E-02     1.702000298    
     188800.0000         0.000000000        0.1476518081         1.700000000         1.554348485        0.2000293148E-02     1.702000293    
     189400.0000         0.000000000        0.1476518077         1.700000000         1.554348481        0.2000288428E-02     1.702000289    
     190000.0000         0.000000000        0.1476518072         1.700000000         1.554348477        0.2000283708E-02     1.702000284    
     190600.0000         0.000000000        0.1476518068         1.700000000         1.554348472        0.2000278988E-02     1.702000279    
     191200.0000         0.000000000        0.1476518064         1.700000000         1.554348468        0.2000274268E-02     1.702000274    
     191800.0000         0.000000000        0.1476518060         1.700000000         1.554348464        0.2000269548E-02     1.702000270    
     192400.0000         0.000000000        0.1476518056         1.700000000         1.554348459        0.2000264685E-02     1.702000265    
     193000.0000         0.000000000        0.1476518052         1.700000000         1.554348455        0.2000259767E-02     1.702000260    
     193600.0000         0.000000000        0.1476518047         1.700000000         1.554348450        0.2000254848E-02     1.702000255    
     194200.0000         0.000000000        0.1476518043         1.700000000         1.554348446        0.2000249930E-02     1.702000250    
     194800.0000         0.000000000        0.1476518039         1.700000000         1.554348441        0.2000245011E-02     1.702000245    
     195400.0000         0.000000000        0.1476518035         1.700000000         1.554348437        0.2000240093E-02     1.702000240    
     196000.0000         0.000000000        0.1476518030         1.700000000         1.554348432        0.2000235174E-02     1.702000235    
     196600.0000         0.000000000        0.1476518026         1.700000000         1.554348428        0.2000230256E-02     1.702000230    
     197200.0000         0.000000000        0.1476518022         1.700000000         1.554348423        0.2000225337E-02     1.702000225    
     197800.0000         0.000000000        0.1476518018         1.700000000         1.554348419        0.2000220418E-02     1.702000221    
     198400.0000         0.000000000        0.1476518013         1.700000000         1.554348414        0.2000215355E-02     1.702000215    
     199000.0000         0.000000000        0.1476518009         1.700000000         1.554348410        0.2000210236E-02     1.702000210    
     199600.0000         0.000000000        0.1476518004         1.700000000         1.554348405        0.2000205117E-02     1.702000205    
     200200.0000         0.000000000        0.1476518000         1.700000000         1.554348400        0.2000199998E-02     1.702000200    
     200800.0000         0.000000000        0.1476517995         1.700000000         1.554348395        0.2000194879E-02     1.702000195    
     201400.0000         0.000000000        0.1476517991         1.700000000         1.554348391        0.2000189760E-02     1.702000190    
     202000.0000         0.000000000        0.1476517987         1.700000000         1.554348386        0.2000184641E-02     1.702000185    
     202600.0000         0.000000000        0.1476517982         1.700000000         1.554348381        0.2000179522E-02     1.702000180    
     203200.0000         0.000000000        0.1476517978         1.700000000         1.554348377        0.2000174403E-02     1.702000175    
     203800.0000         0.000000000        0.1476517973         1.700000000         1.554348372        0.2000169284E-02     1.702000169    
     204400.0000         0.000000000        0.1476517969         1.700000000         1.554348367        0.2000164019E-02     1.702000164    
     205000.0000         0.000000000        0.1476517964         1.700000000         1.554348362        0.2000158698E-02     1.702000159    
     205600.0000         0.000000000        0.1476517959         1.700000000         1.554348358        0.2000153376E-02     1.702000154    
     206200.0000         0.000000000        0.1476517955         1.700000000         1.554348353        0.2000148055E-02     1.702000148    
     206800.0000         0.000000000        0.1476517950         1.700000000         1.554348348        0.2000142733E-02     1.702000143    
     207400.0000         0.000000000        0.1476517946         1.700000000         1.554348343        0.2000137412E-02     1.702000138    
     208000.0000         0.000000000        0.1476517941         1.700000000         1.554348338        0.2000132090E-02     1.702000132    
     208600.0000         0.000000000        0.1476517936         1.700000000         1.554348333        0.2000126769E-02     1.702000127    
     209200.0000         0.000000000        0.1476517932         1.700000000         1.554348328        0.2000121447E-02     1.702000122    
     209800.0000         0.000000000        0.1476517927         1.700000000         1.554348324        0.2000116126E-02     1.702000116    
     210400.0000         0.000000000        0.1476517922         1.700000000         1.554348319        0.2000110657E-02     1.702000111    
     211000.0000         0.000000000        0.1476517918         1.700000000         1.554348314        0.2000105131E-02     1.702000105    
     211600.0000         0.000000000        0.1476517913         1.700000000         1.554348308        0.2000099605E-02     1.702000100    
     212200.0000         0.000000000        0.1476517908         1.700000000         1.554348303        0.2000094079E-02     1.702000094    
     212800.0000         0.000000000        0.1476517903         1.700000000         1.554348298        0.2000088554E-02     1.702000089    
     213400.0000         0.000000000        0.1476517898         1.700000000         1.554348293        0.2000083028E-02     1.702000083    
     214000.0000         0.000000000        0.1476517894         1.700000000         1.554348288        0.2000077502E-02     1.702000078    
     214600.0000         0.000000000        0.1476517889         1.700000000         1.554348283        0.2000071976E-02     1.702000072    
     215200.0000         0.000000000        0.1476517884         1.700000000         1.554348278        0.2000066450E-02     1.702000067    
     215800.0000         0.000000000        0.1476517879         1.700000000         1.554348273        0.2000060924E-02     1.702000061    
     216400.0000         0.000000000        0.1476517874         1.700000000         1.554348268        0.2000055250E-02     1.702000055    
     217000.0000         0.000000000        0.1476517869         1.700000000         1.554348263        0.2000049518E-02     1.702000050    
     217600.0000         0.000000000        0.1476517864         1.700000000         1.554348258        0.2000043786E-02     1.702000044    
     218200.0000         0.000000000        0.1476517859         1.700000000         1.554348252        0.2000038054E-02     1.702000038    
     218800.0000         0.000000000        0.1476517854         1.700000000         1.554348247        0.2000032322E-02     1.702000032    
     219400.0000         0.000000000        0.1476517849         1.700000000         1.554348242        0.2000026590E-02     1.702000027    
     220000.0000         0.000000000        0.1476517844         1.700000000         1.554348237        0.2000020858E-02     1.702000021    
     220600.0000         0.000000000        0.1476517839         1.700000000         1.554348231        0.2000015125E-02     1.702000015    
     221200.0000         0.000000000        0.1476517835         1.700000000         1.554348226        0.2000009393E-02     1.702000010    
     221800.0000         0.000000000        0.1476517830         1.700000000         1.554348221        0.2000003661E-02     1.702000004    
     222400.0000         0.000000000        0.1476517824         1.700000000         1.554348216        0.1999997779E-02     1.701999998    
     223000.0000         0.000000000        0.1476517819         1.700000000         1.554348210        0.1999991839E-02     1.701999992    
     223600.0000         0.000000000        0.1476517814         1.700000000         1.554348205        0.1999985899E-02     1.701999986    
     224200.0000         0.000000000        0.1476517809         1.700000000         1.554348199        0.1999979959E-02     1.701999980    
     224800.0000         0.000000000        0.1476517804         1.700000000         1.554348194        0.1999974019E-02     1.701999974    
     225400.0000         0.000000000        0.1476517799         1.700000000         1.554348188        0.1999968079E-02     1.701999968    
     226000.0000         0.000000000        0.1476517794         1.700000000         1.554348183        0.1999962139E-02     1.701999962    
     226600.0000         0.000000000        0.1476517788         1.700000000         1.554348178        0.1999956199E-02     1.701999956    
     227200.0000         0.000000000        0.1476517783         1.700000000         1.554348172        0.1999950258E-02     1.701999950    
     227800.0000         0.000000000        0.1476517778         1.700000000         1.554348167        0.1999944318E-02     1.701999944    
     228400.0000         0.000000000        0.1476517773         1.700000000         1.554348161        0.1999938227E-02     1.701999938    
     229000.0000         0.000000000        0.1476517767         1.700000000         1.554348156        0.1999932077E-02     1.701999932    
     229600.0000         0.000000000        0.1476517762         1.700000000         1.554348150        0.1999925927E-02     1.701999926    
     230200.0000         0.000000000        0.1476517757         1.700000000         1.554348144        0.1999919777E-02     1.701999920    
     230800.0000         0.000000000        0.1476517751         1.700000000         1.554348139        0.1999913627E-02     1.701999914    
     231400.0000         0.000000000        0.1476517746         1.700000000         1.554348133        0.1999907477E-02     1.701999908    
     232000.0000         0.000000000        0.1476517741         1.700000000         1.554348127        0.1999901327E-02     1.701999902    
     232600.0000         0.000000000        0.1476517735         1.700000000         1.554348122        0.1999895177E-02     1.701999895    
     233200.0000         0.000000000        0.1476517730         1.700000000         1.554348116        0.1999889027E-02     1.701999889    
     233800.0000         0.000000000        0.1476517725         1.700000000         1.554348111        0.1999882877E-02     1.701999883    
     234400.0000         0.000000000        0.1476517719         1.700000000         1.554348105        0.1999876575E-02     1.701999877    
     235000.0000         0.000000000        0.1476517714         1.700000000         1.554348099        0.1999870213E-02     1.701999870    
     235600.0000         0.000000000        0.1476517708         1.700000000         1.554348093        0.1999863852E-02     1.701999864    
     236200.0000         0.000000000        0.1476517703         1.700000000         1.554348087        0.1999857490E-02     1.701999858    
     236800.0000         0.000000000        0.1476517697         1.700000000         1.554348082        0.1999851129E-02     1.701999851    
     237400.0000         0.000000000        0.1476517692         1.700000000         1.554348076        0.1999844767E-02     1.701999845    
     238000.0000         0.000000000        0.1476517686         1.700000000         1.554348070        0.1999838405E-02     1.701999839    
     238600.0000         0.000000000        0.1476517681         1.700000000         1.554348064        0.1999832044E-02     1.701999832    
     239200.0000         0.000000000        0.1476517675         1.700000000         1.554348058        0.1999825682E-02     1.701999826    
     239800.0000         0.000000000        0.1476517670         1.700000000         1.554348053        0.1999819321E-02     1.701999820    
     240400.0000         0.000000000        0.1476517664         1.700000000         1.554348047        0.1999812805E-02     1.701999813    
     241000.0000         0.000000000        0.1476517658         1.700000000         1.554348041        0.1999806230E-02     1.701999806    
     241600.0000         0.000000000        0.1476517653         1.700000000         1.554348035        0.1999799656E-02     1.701999800    
     242200.0000         0.000000000        0.1476517647         1.700000000         1.554348029        0.1999793081E-02     1.701999793    
     242800.0000         0.000000000        0.1476517641         1.700000000         1.554348023        0.1999786506E-02     1.701999787    
     243400.0000         0.000000000        0.1476517635         1.700000000         1.554348017        0.1999779931E-02     1.701999780    
     244000.0000         0.000000000        0.1476517630         1.700000000         1.554348011        0.1999773356E-02     1.701999774    
     244600.0000         0.000000000        0.1476517624         1.700000000         1.554348005        0.1999766781E-02     1.701999767    
     245200.0000         0.000000000        0.1476517618         1.700000000         1.554347999        0.1999760206E-02     1.701999760    
     245800.0000         0.000000000        0.1476517613         1.700000000         1.554347993        0.1999753631E-02     1.701999754    
     246400.0000         0.000000000        0.1476517607         1.700000000         1.554347986        0.1999746901E-02     1.701999747    
     247000.0000         0.000000000        0.1476517601         1.700000000         1.554347980        0.1999740111E-02     1.701999740    
     247600.0000         0.000000000        0.1476517595         1.700000000         1.554347974        0.1999733321E-02     1.701999734    
     248200.0000         0.000000000        0.1476517589         1.700000000         1.554347968        0.1999726531E-02     1.701999727    
     248800.0000         0.000000000        0.1476517583         1.700000000         1.554347962        0.1999719741E-02     1.701999720    
     249400.0000         0.000000000        0.1476517577         1.700000000         1.554347955        0.1999712951E-02     1.701999713    
     250000.0000         0.000000000        0.1476517571         1.700000000         1.554347949        0.1999706161E-02     1.701999706    
     250000.0000         0.000000000        0.1476517571         1.700000000         1.554347949        0.1999706161E-02     1.701999706    
