   1.000000000000000E-004        1.229975013306832
   3.001000000000000E-001        1.202885369269874
   6.001000000000000E-001        1.176445313785693
   9.001000000000000E-001        1.150581704150630
        1.200100000000000        1.125287301610876
        1.500100000000000        1.100554346726971
        1.800100000000000        1.076354158795619
        2.100100000000000        1.052685447027519
        2.400100000000000        1.029540658744817
        2.700100000000000        1.006913181077970
        3.000100000000000   9.847903706072581E-001
        3.300100000000000   9.631595839129610E-001
        3.600100000000000   9.420081775753580E-001
        3.900100000000000   9.213235081747290E-001
        4.200100000000000   9.010929322913529E-001
        4.500100000000000   8.813038065055097E-001
        4.800100000000001   8.619434873974783E-001
        5.100100000000000   8.430467137848871E-001
        5.400100000000000   8.245889044857889E-001
        5.700100000000000   8.065429439910961E-001
        6.000099999999999   7.888979790302597E-001
        6.300099999999999   7.716431563327307E-001
        6.600099999999998   7.547676226279600E-001
        6.900099999999998   7.382605246453988E-001
        7.200099999999996   7.221110091144979E-001
        7.500099999999996   7.063082227647083E-001
        7.800099999999995   6.908413123254810E-001
        8.100099999999994   6.757566966087903E-001
        8.400099999999995   6.610349432518159E-001
        8.700099999999994   6.466499386415860E-001
        9.000099999999993   6.325943875113453E-001
        9.300099999999992   6.188609945943383E-001
        9.600099999999992   6.054424646238096E-001
        9.900099999999991   5.923315023330038E-001
       10.200099999999990   5.795222376859942E-001
       10.500099999999990   5.670546282085422E-001
       10.800099999999990   5.548909291635497E-001
       11.100099999999990   5.430259368083108E-001
       11.400099999999990   5.314544474001204E-001
       11.700099999999990   5.201712571962729E-001
       12.000099999999990   5.091711624540626E-001
       12.300099999999990   4.984489594307843E-001
       12.600099999999990   4.879879414065738E-001
       12.900099999999980   4.777672789509352E-001
       13.200099999999990   4.678039915587476E-001
       13.500099999999980   4.580980792300109E-001
       13.800099999999980   4.486495419647252E-001
       14.100099999999980   4.394400732890983E-001
       14.400099999999980   4.304124027637742E-001
       14.700099999999980   4.216136300033602E-001
       15.000099999999980   4.130437550078562E-001
       15.300099999999980   4.047027777772626E-001
       15.600099999999980   3.965801888784876E-001
       15.900099999999980   3.885964038535649E-001
       16.200099999999980   3.808099155708546E-001
       16.500099999999980   3.732207240303566E-001
       16.800099999999980   3.658288292320709E-001
       17.100099999999980   3.586332099801821E-001
       17.400099999999980   3.515466062850473E-001
       17.700099999999970   3.446282135738169E-001
       18.000099999999980   3.378780318464911E-001
       18.300099999999970   3.312960611030698E-001
       18.600099999999970   3.248823013435528E-001
       18.900099999999970   3.185498372293089E-001
       19.200099999999970   3.123514144714970E-001
       19.500099999999970   3.062953542597827E-001
       19.800099999999970   3.003816565941660E-001
       20.100099999999970   2.946103214746470E-001
       20.400099999999970   2.889813489012256E-001
       20.700099999999970   2.834677236288152E-001
       21.000099999999970   2.780265508045115E-001
       21.300099999999970   2.727041949807697E-001
       21.600099999999970   2.675006561575898E-001
       21.900099999999970   2.624159343349719E-001
       22.200099999999970   2.574500295129160E-001
       22.500099999999960   2.526029416914219E-001
       22.800099999999970   2.478179970646218E-001
       23.100099999999970   2.431165866093472E-001
       23.400099999999970   2.385137766308017E-001
       23.700099999999970   2.340095671289852E-001
       24.000099999999980   2.296039581038977E-001
       24.300099999999980   2.252969495555393E-001
       24.600099999999980   2.210799470314346E-001
       24.900099999999980   2.169187199772376E-001
       25.200099999999980   2.128431761162685E-001
       25.500099999999990   2.088533154485275E-001
       25.800099999999990   2.049491379740146E-001
       26.100099999999990   2.011306436927297E-001
       26.400099999999990   1.973978326046728E-001
       26.700099999999990   1.937066135337874E-001
       27.000099999999990   1.900643034297196E-001
       27.300100000000000   1.864944821822646E-001
       27.600100000000000   1.829971497914226E-001
       27.900100000000000   1.795723062571935E-001
       28.200100000000000   1.762199515795772E-001
       28.500100000000000   1.729400857585738E-001
       28.800100000000000   1.697327087941833E-001
       29.100100000000010   1.665978206864056E-001
       29.400100000000010   1.635354214352408E-001
       29.700100000000010   1.605026106877663E-001
       30.000100000000010   1.575065077760166E-001
       30.300100000000020   1.545700557394967E-001
       30.600100000000020   1.516932545782067E-001
       30.900100000000020   1.488761042921465E-001
       31.200100000000020   1.461186048813162E-001
       31.500100000000020   1.434207563457157E-001
       31.800100000000030   1.407825586853451E-001
       32.100100000000030   1.382040119002044E-001
       32.400100000000030   1.356851159902935E-001
       32.700100000000030   1.331898265276181E-001
       33.000100000000030   1.307241251005198E-001
       33.300100000000040   1.283072882109169E-001
       33.600100000000030   1.259393158588094E-001
       33.900100000000040   1.236202080441972E-001
       34.200100000000040   1.213499647670803E-001
       34.500100000000040   1.191285860274589E-001
       34.800100000000040   1.169560718253328E-001
       35.100100000000050   1.148324221607020E-001
       35.400100000000050   1.127576370335666E-001
       35.700100000000050   1.107022770793898E-001
       36.000100000000050   1.086712277733890E-001
       36.300100000000050   1.066802332402056E-001
       36.600100000000050   1.047292934798395E-001
       36.900100000000060   1.028184084922909E-001
       37.200100000000060   1.009475782775595E-001
       37.500100000000060   9.911680283564554E-002
       37.800100000000060   9.732608216654892E-002
       38.100100000000060   9.557541627026969E-002
       38.400100000000070   9.386480514680783E-002
       38.700100000000070   9.217028585357714E-002
       39.000100000000070   9.049583505121504E-002
       39.300100000000070   8.885426808274219E-002
       39.600100000000080   8.724558494815858E-002
       39.900100000000070   8.566978564746418E-002
       40.200100000000080   8.412687018065902E-002
       40.500100000000080   8.261683854774311E-002
       40.800100000000080   8.113969074871642E-002
       41.100100000000080   7.969542678357897E-002
       41.400100000000090   7.828404665233076E-002
       41.700100000000080   7.688597773218334E-002
       42.000100000000090   7.550446810831385E-002
       42.300100000000090   7.414998518780071E-002
       42.600100000000090   7.282252897064395E-002
       42.900100000000090   7.152209945684353E-002
       43.200100000000100   7.024869664639946E-002
       43.500100000000100   6.900232053931175E-002
       43.800100000000100   6.778297113558041E-002
       44.100100000000100   6.659064843520544E-002
       44.400100000000100   6.542535243818681E-002
       44.700100000000110   6.427103963387250E-002
       45.000100000000110   6.313037244976137E-002
       45.300100000000110   6.201193092945709E-002
       45.600100000000110   6.091571507295968E-002
       45.900100000000120   5.984172488026913E-002
       46.200100000000110   5.878996035138544E-002
       46.500100000000120   5.776042148630859E-002
       46.800100000000120   5.675310828503860E-002
       47.100100000000120   5.576802074757548E-002
       47.400100000000120   5.480515887391919E-002
       47.700100000000130   5.390542959687317E-002
       48.000100000000130   5.294732137257177E-002
       48.300100000000130   5.201079657694911E-002
       48.600100000000130   5.109546090956560E-002
       48.900100000000140   5.020092006998168E-002
       49.200100000000130   4.932677975775779E-002
       49.500100000000140   4.847264567245432E-002
       49.800100000000140   4.763812351363172E-002
       50.100100000000140   4.682281898085040E-002
       50.400100000000140   4.602633777367082E-002
       50.700100000000150   4.524451360989597E-002
       51.000100000000150   4.447705994424794E-002
       51.300100000000150   4.372533778348145E-002
       51.600100000000150   4.298878867264434E-002
       51.900100000000150   4.226685415678446E-002
       52.200100000000160   4.155897578094966E-002
       52.500100000000160   4.086459509018778E-002
       52.800100000000160   4.018315362954667E-002
       53.100100000000160   3.951409294407416E-002
       53.400100000000170   3.885685457881812E-002
       53.700100000000160   3.821394363623637E-002
       54.000100000000170   3.758471414395357E-002
       54.300100000000170   3.696718200800128E-002
       54.600100000000170   3.636092209771302E-002
       54.900100000000170   3.576550928242232E-002
       55.200100000000180   3.518051843146270E-002
       55.500100000000170   3.460552441416769E-002
       55.800100000000180   3.404010209987082E-002
       56.100100000000180   3.348382635790561E-002
       56.400100000000180   3.293627205760558E-002
       56.700100000000180   3.240072173623919E-002
       57.000100000000190   3.187664434524764E-002
       57.300100000000190   3.136188937547144E-002
       57.600100000000190   3.085619305185551E-002
       57.900100000000190   3.035929159934479E-002
       58.200100000000190   2.987092124288420E-002
       58.500100000000200   2.939081820741867E-002
       58.800100000000200   2.891871871789312E-002
       59.100100000000200   2.845435899925250E-002
       59.400100000000200   2.799747527644173E-002
       59.700100000000210   2.754994260384414E-002
       60.000100000000200   2.711143610592045E-002
       60.300100000000210   2.668069669455679E-002
       60.600100000000210   2.625755367534551E-002
       60.900100000000210   2.584183635387891E-002
       61.200100000000210   2.543337403574934E-002
       61.500100000000220   2.503199602654911E-002
       61.800100000000210   2.463753163187057E-002
       62.100100000000220   2.424981015730603E-002
       62.400100000000220   2.386866090844783E-002
       62.700100000000220   2.349484259319269E-002
       63.000100000000220   2.312815796666109E-002
       63.300100000000230   2.276800383326791E-002
       63.600100000000230   2.241424994566809E-002
       63.900100000000230   2.206676605651655E-002
       64.200100000000230   2.172542191846823E-002
       64.500100000000230   2.139008728417803E-002
       64.800100000000230   2.106063190630092E-002
       65.100100000000240   2.073692553749180E-002
       65.400100000000240   2.041883793040561E-002
       65.700100000000230   2.010668288027787E-002
       66.000100000000250   1.980031745468625E-002
       66.300100000000240   1.949940476924804E-002
       66.600100000000250   1.920383390110014E-002
       66.900100000000250   1.891349392737942E-002
       67.200100000000250   1.862827392522275E-002
       67.500100000000260   1.834806297176702E-002
       67.800100000000260   1.807275014414911E-002
       68.100100000000250   1.780222451950589E-002
       68.400100000000270   1.753637517497423E-002
       68.700100000000260   1.727543758997853E-002
       69.000100000000260   1.701929094589346E-002
       69.300100000000270   1.676766312012947E-002
       69.600100000000270   1.652045826505508E-002
       69.900100000000270   1.627758053303876E-002
       70.200100000000280   1.603893407644903E-002
       70.500100000000270   1.580442304765437E-002
       70.800100000000270   1.557395159902329E-002
       71.100100000000280   1.534742388292429E-002
       71.400100000000280   1.512474405172586E-002
       71.700100000000280   1.490616286592051E-002
       72.000100000000290   1.469157457623434E-002
       72.300100000000290   1.448072203952257E-002
       72.600100000000280   1.427352449234321E-002
       72.900100000000290   1.406990117125427E-002
       73.200100000000290   1.386977131281376E-002
       73.500100000000290   1.367305415357967E-002
       73.800100000000300   1.347966893011003E-002
       74.100100000000300   1.328953487896283E-002
       74.400100000000290   1.310257123669608E-002
       74.700100000000310   1.291902550761559E-002
       75.000100000000300   1.273880755057117E-002
       75.300100000000300   1.256168384137689E-002
       75.600100000000310   1.238758790261747E-002
       75.900100000000310   1.221645325687762E-002
       76.200100000000310   1.204821342674207E-002
       76.500100000000320   1.188280193479553E-002
       76.800100000000310   1.172015230362272E-002
       77.100100000000310   1.156019805580835E-002
       77.400100000000320   1.140287271393715E-002
       77.700100000000320   1.124838957287369E-002
       78.000100000000320   1.109667416287687E-002
       78.300100000000330   1.094752981335254E-002
       78.600100000000320   1.080090222241679E-002
       78.900100000000320   1.065673708818570E-002
       79.200100000000330   1.051498010877538E-002
       79.500100000000330   1.037557698230192E-002
       79.800100000000330   1.023847340688140E-002
       80.100100000000340   1.010361508062992E-002
       80.400100000000340   9.970947701663579E-003
       80.700100000000330   9.840639716033404E-003
       81.000100000000340   9.712630458558613E-003
       81.300100000000340   9.586761970689424E-003
       81.600100000000340   9.462989644406065E-003
       81.900100000000350   9.341268871688766E-003
       82.200100000000350   9.221555044517762E-003
       82.500100000000340   9.103803554873282E-003
       82.800100000000360   8.987969794735559E-003
       83.100100000000350   8.874009156084824E-003
       83.400100000000350   8.761877030901304E-003
       83.700100000000360   8.651704284881729E-003
       84.000100000000360   8.543441297204071E-003
       84.300100000000360   8.436961802434287E-003
       84.600100000000370   8.332228829069505E-003
       84.900100000000360   8.229205405606841E-003
       85.200100000000360   8.127854560543421E-003
       85.500100000000370   8.028139322376365E-003
       85.800100000000370   7.930022719602798E-003
       86.100100000000370   7.833467780719838E-003
       86.400100000000380   7.738437534224607E-003
       86.700100000000380   7.645039244293221E-003
       87.000100000000370   7.553231819005499E-003
       87.300100000000380   7.462911166193273E-003
       87.600100000000380   7.374046591408832E-003
       87.900100000000380   7.286607400204466E-003
       88.200100000000390   7.200562898132466E-003
       88.500100000000390   7.115882390745118E-003
       88.800100000000380   7.032535183594713E-003
       89.100100000000400   6.950490582233542E-003
       89.400100000000390   6.869717892213891E-003
       89.700100000000390   6.790305443814069E-003
       90.000100000000400   6.712219142376766E-003
       90.300100000000400   6.635372904809437E-003
       90.600100000000400   6.559741216553122E-003
       90.900100000000410   6.485298563048868E-003
       91.200100000000390   6.412019429737717E-003
       91.500100000000400   6.339878302060707E-003
       91.800100000000400   6.268849665458887E-003
       92.100100000000400   6.198908005373298E-003
       92.400100000000410   6.130027807244984E-003
       92.700100000000400   6.062285542365866E-003
       93.000100000000400   5.995652782721263E-003
       93.300100000000410   5.930056554217870E-003
       93.600100000000410   5.865475780663279E-003
       93.900100000000410   5.801889385865076E-003
       94.200100000000420   5.739276293630851E-003
       94.500100000000420   5.677615427768193E-003
       94.800100000000410   5.616885712084686E-003
       95.100100000000420   5.557066070387923E-003
       95.400100000000420   5.498135426485491E-003
       95.700100000000420   5.440156942173591E-003
       96.000100000000430   5.383107134811781E-003
       96.300100000000430   5.326925727713861E-003
       96.600100000000420   5.271595310677038E-003
       96.900100000000440   5.217098473498516E-003
       97.200100000000430   5.163417805975503E-003
       97.500100000000430   5.110535897905206E-003
       97.800100000000440   5.058435339084830E-003
       98.100100000000440   5.007098719311582E-003
       98.400100000000440   4.956508628382667E-003
       98.700100000000450   4.906716461402650E-003
       99.000100000000440   4.857702842590034E-003
       99.300100000000440   4.809418342909808E-003
       99.600100000000450   4.761848546527238E-003
       99.900100000000450   4.714979037607587E-003
      100.000000000000000   4.699524427931883E-003
 END_OF_DATA
 EXIT VALUE OF NFLAG =
           0
