



 NUMBER OF COLLOCATION POINTS, NC............ =              7
 TOTAL NO. OF DIFFERENTIAL EQUATIONS, NEQ.... =              8
 MASS OF ADSORBENT, WT (GRAMS)............... =     .89952    
 VOLUME OF REACTOR, VOL (CM**3).............. =     21000.    
 VOID FRACTION OF REACTOR, ECMBR (DIM.)...... =     .99995    
 VOID FRACTION OF ADSORBENT, EPOR (DIM.)..... =     .64100    
 RADIUS OF ADSORBENT PARTICLE, RAD (CM)...... =     .52500E-01
 APPARENT PARTICLE DENSITY, RHOP (GM/CM**3).. =     .78500    
 TOTAL RUN TIME, DTOL (MIN).................. =     6500.0    

DS =      .1000000000E-08 FMIN =      1.379880107    
DS =      .1100000000E-08 FMIN =      1.255193616    
DS =      .1200000000E-08 FMIN =      1.146189139    
DS =      .1300000000E-08 FMIN =      1.056294932    
DS =      .1400000000E-08 FMIN =      .9777704813    
DS =      .1500000000E-08 FMIN =      .9110793023    
DS =      .1600000000E-08 FMIN =      .8646591203    
DS =      .1700000000E-08 FMIN =      .8296857557    
DS =      .1800000000E-08 FMIN =      .8025291062    
DS =      .1900000000E-08 FMIN =      .7800583068    
DS =      .2000000000E-08 FMIN =      .7619155461    
DS =      .2100000000E-08 FMIN =      .7508114983    
DS =      .2200000000E-08 FMIN =      .7503001918    
DS =      .2300000000E-08 FMIN =      .7556359364    
DS =      .2400000000E-08 FMIN =      .7636161229    
DS =      .2500000000E-08 FMIN =      .7729986817    
DS =      .2600000000E-08 FMIN =      .7849894773    
DS =      .2700000000E-08 FMIN =      .7972111513    
DS =      .2800000000E-08 FMIN =      .8090960694    
DS =      .2900000000E-08 FMIN =      .8211891528    
DS =      .3000000000E-08 FMIN =      .8329076598    
DS =      .3100000000E-08 FMIN =      .8448304237    
DS =      .3200000000E-08 FMIN =      .8564926375    
DS =      .3300000000E-08 FMIN =      .8680408941    
DS =      .3400000000E-08 FMIN =      .8794654131    
DS =      .3500000000E-08 FMIN =      .8907488608    
DS =      .3600000000E-08 FMIN =      .9035932784    
DS =      .3700000000E-08 FMIN =      .9190866918    
DS =      .3800000000E-08 FMIN =      .9343476895    
DS =      .3900000000E-08 FMIN =      .9493914517    
DS =      .4000000000E-08 FMIN =      .9641965704    
DS =      .4100000000E-08 FMIN =      .9787865214    
DS =      .4200000000E-08 FMIN =      .9931463590    
DS =      .4300000000E-08 FMIN =      1.007283114    
DS =      .4400000000E-08 FMIN =      1.022803005    
DS =      .4500000000E-08 FMIN =      1.038766735    
DS =      .4600000000E-08 FMIN =      1.054484963    
DS =      .4700000000E-08 FMIN =      1.069968055    
DS =      .4800000000E-08 FMIN =      1.085211588    
DS =      .4900000000E-08 FMIN =      1.100222504    
DS =      .5000000000E-08 FMIN =      1.114993454    
DS =      .5100000000E-08 FMIN =      1.129542758    
DS =      .5200000000E-08 FMIN =      1.143870125    
DS =      .5300000000E-08 FMIN =      1.157977052    
DS =      .5400000000E-08 FMIN =      1.172481801    
DS =      .