 Column 1: Time in Minutes
 Other Columns: Dimensionless Concentrations, C/CT
 
 
    .100000000000E+01   .466181174901E-05   .999995338188E+00
    .229800000000E+01   .496967751468E-05   .999995030322E+00
    .359600000000E+01   .325284402257E-05   .999996747156E+00
    .489400000000E+01   .428658518745E-05   .999995713415E+00
    .619200000000E+01   .369040495104E-05   .999996309595E+00
    .749000000000E+01   .176424557699E-05   .999998235754E+00
    .878800000000E+01   .130773848088E-06   .999999869226E+00
    .100860000000E+02   .168428379653E-05   .999998315716E+00
    .113840000000E+02   .248008531382E-05   .999997519915E+00
    .126820000000E+02   .335323293613E-05   .999996646767E+00
    .139800000000E+02   .724836803568E-05   .999992751632E+00
    .152780000000E+02   .586924926584E-06   .999999413075E+00
    .165760000000E+02   .314004999903E-05   .999996859950E+00
    .178740000000E+02   .399941496293E-05   .999996000585E+00
    .191720000000E+02   .107196395894E-05   .999998928036E+00
    .204700000000E+02   .392106535543E-05   .999996078935E+00
    .217680000000E+02   .203963214340E-05   .999997960368E+00
    .230660000000E+02   .662382515751E-05   .999993376175E+00
    .243640000000E+02   .115919206111E-04   .999988408079E+00
    .256620000000E+02   .186201983696E-04   .999981379802E+00
    .269600000000E+02   .252027049970E-04   .999974797295E+00
    .282580000000E+02   .339117149718E-04   .999966088285E+00
    .295560000000E+02   .447761732217E-04   .999955223827E+00
    .308540000000E+02   .581276643603E-04   .999941872336E+00
    .321520000000E+02   .743543960706E-04   .999925645604E+00
    .334500000000E+02   .939230075334E-04   .999906076992E+00
    .347480000000E+02   .117307874351E-03   .999882692126E+00
    .360460000000E+02   .145008667735E-03   .999854991332E+00
    .373440000000E+02   .177546706220E-03   .999822453294E+00
    .386420000000E+02   .215480610319E-03   .999784519390E+00
    .399400000000E+02   .259397669732E-03   .999740602330E+00
    .412380000000E+02   .309912784502E-03   .999690087215E+00
    .425360000000E+02   .367652854156E-03   .999632347146E+00
    .438340000000E+02   .433288848942E-03   .999566711151E+00
    .451320000000E+02   .507507829788E-03   .999492492170E+00
    .464300000000E+02   .591010714557E-03   .999408989285E+00
    .477280000000E+02   .684527993629E-03   .999315472006E+00
    .490260000000E+02   .788806548647E-03   .999211193451E+00
    .503240000000E+02   .904602223072E-03   .999095397777E+00
    .516220000000E+02   .103268762115E-02   .998967312379E+00
    .529200000000E+02   .117386723335E-02   .998826132767E+00
    .542180000000E+02   .132894413051E-02   .998671055869E+00
    .555160000000E+02   .149873957992E-02   .998501260420E+00
    .568140000000E+02   .168408021046E-02   .998315919790E+00
    .581120000000E+02   .188579653288E-02   .998114203467E+00
    .594100000000E+02   .210472924268E-02   .997895270757E+00
    .607080000000E+02   .234171956855E-02   .997658280431E+00
    .620060000000E+02   .259761634253E-02   .997402383657E+00
    .633040000000E+02   .287326964655E-02   .997126730353E+00
    .646020000000E+02   .316952852266E-02   .996830471477E+00
    .659000000000E+02   .348724464949E-02   .996512755351E+00
    .671980000000E+02   .382728077765E-02   .996172719222E+00
    .684960000000E+02   .419049553560E-02   .995809504464E+00
    .697940000000E+02   .457771869002E-02   .995422281310E+00
    .710920000000E+02   .498981891372E-02   .995010181086E+00
    .723900000000E+02   .542765344905E-02   .994572346551E+00
    .736880000000E+02   .589204577523E-02   .994107954225E+00
    .749860000000E+02   .638383354633E-02   .993616166454E+00
    .762840000000E+02   .690386427880E-02   .993096135721E+00
    .775820000000E+02   .745296525977E-02   .992547034740E+00
    .788800000000E+02   .803193146256E-02   .991968068537E+00
    .801780000000E+02   .864159269975E-02   .991358407300E+00
    .814760000000E+02   .928275969237E-02   .990717240308E+00
    .827740000000E+02   .995620906151E-02   .990043790938E+00
    .840720000000E+02   .106627333994E-01   .989337266601E+00
    .853700000000E+02   .114031168151E-01   .988596883185E+00
    .866680000000E+02   .121781251274E-01   .987821874873E+00
    .879660000000E+02   .129885069580E-01   .987011493042E+00
    .892640000000E+02   .138350189420E-01   .986164981058E+00
    .905620000000E+02   .147184025978E-01   .985281597402E+00
    .918600000000E+02   .156393720668E-01   .984360627933E+00
    .931580000000E+02   .165986510597E-01   .983401348940E+00
    .944560000000E+02   .175969472404E-01   .982403052760E+00
    .957540000000E+02   .186349514859E-01   .981365048514E+00
    .970520000000E+02   .197133426968E-01   .980286657303E+00
    .983500000000E+02   .208327962633E-01   .979167203737E+00
    .996480000000E+02   .219939724015E-01   .978006027598E+00
    .100946000000E+03   .231975081918E-01   .976802491808E+00
    .102244000000E+03   .244440429857E-01   .975555957014E+00
    .103542000000E+03   .257341998193E-01   .974265800181E+00
    .104840000000E+03   .270685862392E-01   .972931413761E+00
    .106138000000E+03   .284477990848E-01   .971552200915E+00
    .107436000000E+03   .298724248757E-01   .970127575124E+00
    .108734000000E+03   .313430348880E-01   .968656965112E+00
    .110032000000E+03   .328601804267E-01   .967139819573E+00
    .111330000000E+03   .344244100327E-01   .965575589967E+00
    .112628000000E+03   .360362559842E-01   .963963744016E+00
    .113926000000E+03   .376962322133E-01   .962303767787E+00
    .115224000000E+03   .394048434458E-01   .960595156554E+00
    .116522000000E+03   .411625814239E-01   .958837418576E+00
    .117820000000E+03   .429699216429E-01   .957030078357E+00
    .119118000000E+03   .448273228047E-01   .955172677195E+00
    .120416000000E+03   .467352354456E-01   .953264764554E+00
    .121714000000E+03   .486940943487E-01   .951305905651E+00
    .123012000000E+03   .507043121601E-01   .949295687840E+00
    .124310000000E+03   .527662956303E-01   .947233704370E+00
    .125608000000E+03   .548804350406E-01   .945119564959E+00
    .126906000000E+03   .570471027839E-01   .942952897216E+00
    .128204000000E+03   .592666553200E-01   .940733344680E+00
    .129502000000E+03   .615394387413E-01   .938460561259E+00
    .130800000000E+03   .638657817229E-01   .936134218277E+00
    .132098000000E+03   .662459854545E-01   .933754014546E+00
    .133396000000E+03   .686803496592E-01   .931319650341E+00
    .134694000000E+03   .711691538214E-01   .928830846179E+00
    .135992000000E+03   .737126551204E-01   .926287344880E+00
    .137290000000E+03   .763110977523E-01   .923688902248E+00
    .138588000000E+03   .789647135540E-01   .921035286446E+00
    .139886000000E+03   .816737161049E-01   .918326283895E+00
    .141184000000E+03   .844382921096E-01   .915561707890E+00
    .142482000000E+03   .872586037516E-01   .912741396248E+00
    .143780000000E+03   .901348175873E-01   .909865182413E+00
    .145078000000E+03   .930670740441E-01   .906932925956E+00
    .146376000000E+03   .960554913003E-01   .903944508700E+00
    .147674000000E+03   .991001476818E-01   .900899852318E+00
    .148972000000E+03   .102201136069E+00   .897798863931E+00
    .150270000000E+03   .105358518973E+00   .894641481027E+00
    .151568000000E+03   .108572340616E+00   .891427659384E+00
    .152866000000E+03   .111842597024E+00   .888157402976E+00
    .154164000000E+03   .115169300372E+00   .884830699628E+00
    .155462000000E+03   .118552431814E+00   .881447568186E+00
    .156760000000E+03   .121991952861E+00   .878008047139E+00
    .158058000000E+03   .125487778627E+00   .874512221373E+00
    .159356000000E+03   .129039823570E+00   .870960176430E+00
    .160654000000E+03   .132647986180E+00   .867352013820E+00
    .161952000000E+03   .136312138614E+00   .863687861386E+00
    .163250000000E+03   .140032117077E+00   .859967882923E+00
    .164548000000E+03   .143807734858E+00   .856192265142E+00
    .165846000000E+03   .147638801510E+00   .852361198490E+00
    .167144000000E+03   .151525096111E+00   .848474903889E+00
    .168442000000E+03   .155466376072E+00   .844533623928E+00
    .169740000000E+03   .159462377280E+00   .840537622720E+00
    .171038000000E+03   .163512812626E+00   .836487187374E+00
    .172336000000E+03   .167617373524E+00   .832382626476E+00
    .173634000000E+03   .171775729451E+00   .828224270549E+00
    .174932000000E+03   .175987527941E+00   .824012472059E+00
    .176230000000E+03   .180252379515E+00   .819747620485E+00
    .177528000000E+03   .184569735372E+00   .815430264628E+00
    .178826000000E+03   .188939243342E+00   .811060756658E+00
    .180124000000E+03   .193360439283E+00   .806639560717E+00
    .181422000000E+03   .197832834923E+00   .802167165077E+00
    .182720000000E+03   .202355917856E+00   .797644082144E+00
    .184018000000E+03   .206929151547E+00   .793070848453E+00
    .185316000000E+03   .211551960627E+00   .788448039373E+00
    .186614000000E+03   .216223764666E+00   .783776235334E+00
    .187912000000E+03   .220943953557E+00   .779056046443E+00
    .189210000000E+03   .225711891781E+00   .774288108219E+00
    .190508000000E+03   .230526919480E+00   .769473080520E+00
    .191806000000E+03   .235388352452E+00   .764611647548E+00
    .193104000000E+03   .240295486600E+00   .759704513400E+00
    .194402000000E+03   .245247589554E+00   .754752410446E+00
    .195700000000E+03   .250243903640E+00   .749756096360E+00
    .196998000000E+03   .255283648277E+00   .744716351723E+00
    .198296000000E+03   .260366018627E+00   .739633981373E+00
    .199594000000E+03   .265490185598E+00   .734509814402E+00
    .200892000000E+03   .270655333082E+00   .729344666918E+00
    .202190000000E+03   .275860614930E+00   .724139385070E+00
    .203488000000E+03   .281105113782E+00   .718894886218E+00
    .204786000000E+03   .286387915431E+00   .713612084569E+00
    .206084000000E+03   .291708082467E+00   .708291917533E+00
    .207382000000E+03   .297064654277E+00   .702935345723E+00
    .208680000000E+03   .302456667029E+00   .697543332971E+00
    .209978000000E+03   .307883252560E+00   .692116747440E+00
    .211276000000E+03   .313343304636E+00   .686656695364E+00
    .212574000000E+03   .318835793084E+00   .681164206916E+00
    .213872000000E+03   .324359665213E+00   .675640334787E+00
    .215170000000E+03   .329913846106E+00   .670086153894E+00
    .216468000000E+03   .335497257261E+00   .664502742739E+00
    .217766000000E+03   .341108962142E+00   .658891037858E+00
    .219064000000E+03   .346747742888E+00   .653252257112E+00
    .220362000000E+03   .352412471786E+00   .647587528214E+00
    .221660000000E+03   .358102005088E+00   .641897994912E+00
    .222958000000E+03   .363815183591E+00   .636184816409E+00
    .224256000000E+03   .369550833214E+00   .630449166786E+00
    .225554000000E+03   .375307765579E+00   .624692234421E+00
    .226852000000E+03   .381084847710E+00   .618915152290E+00
    .228150000000E+03   .386880850356E+00   .613119149644E+00
    .229448000000E+03   .392694549952E+00   .607305450048E+00
    .230746000000E+03   .398524721554E+00   .601475278446E+00
    .232044000000E+03   .404370130812E+00   .595629869188E+00
    .233342000000E+03   .410229534657E+00   .589770465343E+00
    .234640000000E+03   .416101682001E+00   .583898317999E+00
    .235938000000E+03   .421985469961E+00   .578014530039E+00
    .237236000000E+03   .427879704559E+00   .572120295441E+00
    .238534000000E+03   .433783080132E+00   .566216919868E+00
    .239832000000E+03   .439694369744E+00   .560305630256E+00
    .241130000000E+03   .445612348657E+00   .554387651343E+00
    .242428000000E+03   .451535795419E+00   .548464204581E+00
    .243726000000E+03   .457463492956E+00   .542536507044E+00
    .245024000000E+03   .463394107847E+00   .536605892153E+00
    .246322000000E+03   .469326180969E+00   .530673819031E+00
    .247620000000E+03   .475258626906E+00   .524741373094E+00
    .248918000000E+03   .481190187276E+00   .518809812724E+00
    .250216000000E+03   .487119603785E+00   .512880396215E+00
    .251514000000E+03   .493045618736E+00   .506954381264E+00
    .252812000000E+03   .498966975542E+00   .501033024458E+00
    .254110000000E+03   .504882424433E+00   .495117575567E+00
    .255408000000E+03   .510790780175E+00   .489209219825E+00
    .256706000000E+03   .516690763631E+00   .483309236369E+00
    .258004000000E+03   .522581139686E+00   .477418860314E+00
    .259302000000E+03   .528460678585E+00   .471539321415E+00
    .260600000000E+03   .534328156552E+00   .465671843448E+00
    .261898000000E+03   .540182356399E+00   .459817643601E+00
    .263196000000E+03   .546022068139E+00   .453977931861E+00
    .264494000000E+03   .551846185494E+00   .448153814506E+00
    .265792000000E+03   .557653499520E+00   .442346500480E+00
    .267090000000E+03   .563442829560E+00   .436557170440E+00
    .268388000000E+03   .569213021808E+00   .430786978192E+00
    .269686000000E+03   .574962935590E+00   .425037064410E+00
    .270984000000E+03   .580691444135E+00   .419308555865E+00
    .272282000000E+03   .586397435358E+00   .413602564642E+00
    .273580000000E+03   .592079870308E+00   .407920129692E+00
    .274878000000E+03   .597737700164E+00   .402262299836E+00
    .276176000000E+03   .603369846477E+00   .396630153523E+00
    .277474000000E+03   .608975282772E+00   .391024717228E+00
    .278772000000E+03   .614553003774E+00   .385446996226E+00
    .280070000000E+03   .620102026332E+00   .379897973668E+00
    .281368000000E+03   .625621390354E+00   .374378609646E+00
    .282666000000E+03   .631109969977E+00   .368890030023E+00
    .283964000000E+03   .636566441734E+00   .363433558266E+00
    .285262000000E+03   .641990158896E+00   .358009841104E+00
    .286560000000E+03   .647380179793E+00   .352619820207E+00
    .287858000000E+03   .652735580389E+00   .347264419611E+00
    .289156000000E+03   .658055454687E+00   .341944545313E+00
    .290454000000E+03   .663338915143E+00   .336661084857E+00
    .291752000000E+03   .668585093076E+00   .331414906924E+00
    .293050000000E+03   .673793139073E+00   .326206860927E+00
    .294348000000E+03   .678962923045E+00   .321037076955E+00
    .295646000000E+03   .684093480271E+00   .315906519729E+00
    .296944000000E+03   .689183998808E+00   .310816001192E+00
    .298242000000E+03   .694233824324E+00   .305766175676E+00
    .299540000000E+03   .699242337186E+00   .300757662814E+00
    .300838000000E+03   .704208953544E+00   .295791046456E+00
    .302136000000E+03   .709133126414E+00   .290866873586E+00
    .303434000000E+03   .714014346766E+00   .285985653234E+00
    .304732000000E+03   .718851595035E+00   .281148404965E+00
    .306030000000E+03   .723643173054E+00   .276356826946E+00
    .307328000000E+03   .728389421083E+00   .271610578917E+00
    .308626000000E+03   .733089743438E+00   .266910256562E+00
    .309924000000E+03   .737743557546E+00   .262256442454E+00
    .311222000000E+03   .742350293463E+00   .257649706537E+00
    .312520000000E+03   .746909393392E+00   .253090606608E+00
    .313818000000E+03   .751420311201E+00   .248579688799E+00
    .315116000000E+03   .755882511943E+00   .244117488057E+00
    .316414000000E+03   .760296860486E+00   .239703139514E+00
    .317712000000E+03   .764662563652E+00   .235337436348E+00
    .319010000000E+03   .768979057094E+00   .231020942906E+00
    .320308000000E+03   .773246075192E+00   .226753924808E+00
    .321606000000E+03   .777463388067E+00   .222536611933E+00
    .322904000000E+03   .781630802457E+00   .218369197543E+00
    .324202000000E+03   .785748162595E+00   .214251837405E+00
    .325500000000E+03   .789815351092E+00   .210184648908E+00
    .326798000000E+03   .793831945270E+00   .206168054730E+00
    .328096000000E+03   .797797062136E+00   .202202937864E+00
    .329394000000E+03   .801711187138E+00   .198288812862E+00
    .330692000000E+03   .805574203123E+00   .194425796877E+00
    .331990000000E+03   .809386016022E+00   .190613983978E+00
    .333288000000E+03   .813146554709E+00   .186853445291E+00
    .334586000000E+03   .816855770864E+00   .183144229136E+00
    .335884000000E+03   .820513638827E+00   .179486361173E+00
    .337182000000E+03   .824120155461E+00   .175879844539E+00
    .338480000000E+03   .827675388999E+00   .172324611001E+00
    .339778000000E+03   .831179372122E+00   .168820627878E+00
    .341076000000E+03   .834632165765E+00   .165367834235E+00
    .342374000000E+03   .838033863682E+00   .161966136318E+00
    .343672000000E+03   .841384582415E+00   .158615417585E+00
    .344970000000E+03   .844684461197E+00   .155315538803E+00
    .346268000000E+03   .847933661865E+00   .152066338135E+00
    .347566000000E+03   .851132368763E+00   .148867631237E+00
    .348864000000E+03   .854280749750E+00   .145719250250E+00
    .350162000000E+03   .857378932456E+00   .142621067544E+00
    .351460000000E+03   .860427225768E+00   .139572774232E+00
    .352758000000E+03   .863425884155E+00   .136574115845E+00
    .354056000000E+03   .866375181830E+00   .133624818170E+00
    .355354000000E+03   .869275412536E+00   .130724587464E+00
    .356652000000E+03   .872126889335E+00   .127873110665E+00
    .357950000000E+03   .874929944396E+00   .125070055604E+00
    .359248000000E+03   .877684928784E+00   .122315071216E+00
    .360546000000E+03   .880391988585E+00   .119608011415E+00
    .361844000000E+03   .883051559801E+00   .116948440199E+00
    .363142000000E+03   .885664070825E+00   .114335929175E+00
    .364440000000E+03   .888229915424E+00   .111770084576E+00
    .365738000000E+03   .890749501891E+00   .109250498109E+00
    .367036000000E+03   .893223252686E+00   .106776747314E+00
    .368334000000E+03   .895651604067E+00   .104348395933E+00
    .369632000000E+03   .898035005729E+00   .101964994271E+00
    .370930000000E+03   .900373920438E+00   .996260795621E-01
    .372228000000E+03   .902668725660E+00   .973312743399E-01
    .373526000000E+03   .904919753125E+00   .950802468750E-01
    .374824000000E+03   .907127611124E+00   .928723888762E-01
    .376122000000E+03   .909292780898E+00   .907072191023E-01
    .377420000000E+03   .911415751610E+00   .885842483905E-01
    .378718000000E+03   .913497019822E+00   .865029801776E-01
    .380016000000E+03   .915537088978E+00   .844629110216E-01
    .381314000000E+03   .917536468877E+00   .824635311228E-01
    .382612000000E+03   .919495675154E+00   .805043248455E-01
    .383910000000E+03   .921415228761E+00   .785847712394E-01
    .385208000000E+03   .923295637934E+00   .767043620663E-01
    .386506000000E+03   .925137441258E+00   .748625587422E-01
    .387804000000E+03   .926941171505E+00   .730588284949E-01
    .389102000000E+03   .928707363713E+00   .712926362867E-01
    .390400000000E+03   .930436555419E+00   .695634445810E-01
    .391698000000E+03   .932129286127E+00   .678707138733E-01
    .392996000000E+03   .933786096778E+00   .662139032216E-01
    .394294000000E+03   .935407529222E+00   .645924707783E-01
    .395592000000E+03   .936994125680E+00   .630058743202E-01
    .396890000000E+03   .938546440562E+00   .614535594380E-01
    .398188000000E+03   .940065021963E+00   .599349780366E-01
    .399486000000E+03   .941550403607E+00   .584495963930E-01
    .400784000000E+03   .943003126483E+00   .569968735169E-01
    .402082000000E+03   .944423729584E+00   .555762704162E-01
    .403380000000E+03   .945812749385E+00   .541872506153E-01
    .404678000000E+03   .947170719327E+00   .528292806725E-01
    .405976000000E+03   .948498169302E+00   .515018306981E-01
    .407274000000E+03   .949795625128E+00   .502043748720E-01
    .408572000000E+03   .951063618533E+00   .489363814672E-01
    .409870000000E+03   .952302761952E+00   .476972380481E-01
    .411168000000E+03   .953513509901E+00   .464864900991E-01
    .412466000000E+03   .954696377513E+00   .453036224873E-01
    .413764000000E+03   .955851874468E+00   .441481255318E-01
    .415062000000E+03   .956980504535E+00   .430194954648E-01
    .416360000000E+03   .958082765109E+00   .419172348911E-01
    .417658000000E+03   .959159146751E+00   .408408532487E-01
    .418956000000E+03   .960210132731E+00   .397898672690E-01
    .420254000000E+03   .961236198563E+00   .387638014370E-01
    .421552000000E+03   .962237963791E+00   .377620362087E-01
    .422850000000E+03   .963215885541E+00   .367841144592E-01
    .424148000000E+03   .964170381023E+00   .358296189768E-01
    .425446000000E+03   .965101913989E+00   .348980860109E-01
    .426744000000E+03   .966010940714E+00   .339890592863E-01
    .428042000000E+03   .966897909657E+00   .331020903435E-01
    .429340000000E+03   .967763261121E+00   .322367388791E-01
    .430638000000E+03   .968607426913E+00   .313925730865E-01
    .431936000000E+03   .969430830004E+00   .305691699960E-01
    .433234000000E+03   .970233972362E+00   .297660276377E-01
    .434532000000E+03   .971017494586E+00   .289825054135E-01
    .435830000000E+03   .971781639987E+00   .282183600127E-01
    .437128000000E+03   .972526828992E+00   .274731710081E-01
    .438426000000E+03   .973253475503E+00   .267465244967E-01
    .439724000000E+03   .973961986751E+00   .260380132494E-01
    .441022000000E+03   .974652763138E+00   .253472368617E-01
    .442320000000E+03   .975326198096E+00   .246738019039E-01
    .443618000000E+03   .975982677929E+00   .240173220709E-01
    .444916000000E+03   .976622581667E+00   .233774183331E-01
    .446214000000E+03   .977246308511E+00   .227536914893E-01
    .447512000000E+03   .977854212752E+00   .221457872478E-01
    .448810000000E+03   .978446650144E+00   .215533498558E-01
    .450108000000E+03   .979023972551E+00   .209760274494E-01
    .451406000000E+03   .979586524177E+00   .204134758230E-01
    .452704000000E+03   .980134641438E+00   .198653585624E-01
    .454002000000E+03   .980668652821E+00   .193313471786E-01
    .455300000000E+03   .981188878759E+00   .188111212405E-01
    .456598000000E+03   .981695631492E+00   .183043685084E-01
    .457896000000E+03   .982189273685E+00   .178107263152E-01
    .459194000000E+03   .982670160500E+00   .173298394996E-01
    .460492000000E+03   .983138532660E+00   .168614673402E-01
    .461790000000E+03   .983594683187E+00   .164053168128E-01
    .463088000000E+03   .984038897883E+00   .159611021175E-01
    .464386000000E+03   .984471455266E+00   .155285447343E-01
    .465684000000E+03   .984892626520E+00   .151073734804E-01
    .466982000000E+03   .985302675434E+00   .146973245659E-01
    .468280000000E+03   .985701858349E+00   .142981416511E-01
    .469578000000E+03   .986090428634E+00   .139095713661E-01
    .470876000000E+03   .986468855122E+00   .135311448782E-01
    .472174000000E+03   .986837243653E+00   .131627563471E-01
    .473472000000E+03   .987195842488E+00   .128041575121E-01
    .474770000000E+03   .987544894665E+00   .124551053353E-01
    .476068000000E+03   .987884638063E+00   .121153619370E-01
    .477366000000E+03   .988215305468E+00   .117846945323E-01
    .478664000000E+03   .988537124633E+00   .114628753670E-01
    .479962000000E+03   .988850318346E+00   .111496816539E-01
    .481260000000E+03   .989155104491E+00   .108448955090E-01
    .482558000000E+03   .989451706623E+00   .105482933775E-01
    .483856000000E+03   .989740335674E+00   .102596643260E-01
    .485154000000E+03   .990021191426E+00   .997880857378E-02
    .486452000000E+03   .990294474696E+00   .970552530422E-02
    .487750000000E+03   .990560381922E+00   .943961807750E-02
    .489048000000E+03   .990819105243E+00   .918089475698E-02
    .490346000000E+03   .991070832564E+00   .892916743564E-02
    .491644000000E+03   .991315747637E+00   .868425236266E-02
    .492942000000E+03   .991554030130E+00   .844596986985E-02
    .494240000000E+03   .991785839828E+00   .821416017188E-02
    .495538000000E+03   .992011272316E+00   .798872768380E-02
    .496836000000E+03   .992230541387E+00   .776945861259E-02
    .498134000000E+03   .992443801414E+00   .755619858584E-02
    .499432000000E+03   .992651201972E+00   .734879802783E-02
    .500730000000E+03   .992852887863E+00   .714711213738E-02
    .502028000000E+03   .993048999134E+00   .695100086586E-02
    .503326000000E+03   .993239671105E+00   .676032889509E-02
    .504624000000E+03   .993425034385E+00   .657496561531E-02
    .505922000000E+03   .993605214897E+00   .639478510306E-02
    .507220000000E+03   .993780512560E+00   .621948743953E-02
    .508518000000E+03   .993951010969E+00   .604898903099E-02
    .509816000000E+03   .994116801739E+00   .588319826107E-02
    .511114000000E+03   .994278017329E+00   .572198267067E-02
    .512412000000E+03   .994434788321E+00   .556521167866E-02
    .513710000000E+03   .994587243565E+00   .541275643490E-02
    .515008000000E+03   .994735510327E+00   .526448967337E-02
    .516306000000E+03   .994879714435E+00   .512028556520E-02
    .517604000000E+03   .995019980428E+00   .498001957171E-02
    .518000000000E+03   .995062008344E+00   .493799165637E-02
