 NX, NUMBER OF COMPONENTS:
           2
 C_O, LIQUID PHASE CONCENTRATION, ug/L:
    50000.000000000000000
   0.000000000000000E+000
    49999.999999999990000
    72836.198071718640000
 DGY_O, DIMENSIONLESS GROUP Y, USED TO FIND STRONGEST COMPONENT:
     3751.086121222971000
   0.000000000000000E+000
      865.680942867906200
     1770.336676068015000
 FCS_O, DIMLESS LIQUID PHASE CONCENTRATION C/COK:
   0.000000000000000E+000
   0.000000000000000E+000
   0.000000000000000E+000
        1.456723961434373
 OATS_O, ???
     1650.552732640716000
      779.215747360784500
 Q_O, SOLID PHASE CONCENTRATION, ug/g:
   183531.793687887700000
   0.000000000000000E+000
    42355.726067459320000
   126179.093929747500000
 QAVE_O, AVERAGE Q IN ZONE:
   183531.793687887700000
    86644.225873456260000
    42355.726067459320000
    86606.599853407900000
 SSTC_O, SINGLE SOLUTE TREATMENT CAPACITY (mg C/L WATER)
      249.656574450505400
      483.696059913333400
 VW_O, VELOCITY OF WAVE, cm/s:
   2.969634424377226E-004
   6.290347995021089E-004
 ZZZ_O, DIMENSIONLESS BED LENGTH:
   4.720938216339921E-001
   5.279061783660080E-001
 EOFTESTMARKER:
   123456.000000000000000
