 Column 1: Time in Minutes
 Other Columns: Dimensionless Concentrations, C/CT
 
 
    .100000000000E+01   .523349703473E-05   .999994766503E+00
    .225000000000E+01   .308103967587E-05   .999996918960E+00
    .350000000000E+01   .189066794725E-05   .999998109332E+00
    .475000000000E+01   .374419450591E-05   .999996255805E+00
    .600000000000E+01   .284997712509E-05   .999997150023E+00
    .725000000000E+01   .147605236633E-05   .999998523948E+00
    .850000000000E+01   .681548307995E-06   .999999318452E+00
    .975000000000E+01   .706516330643E-06   .999999293484E+00
    .110000000000E+02   .182796983818E-05   .999998172030E+00
    .122500000000E+02   .259597171217E-05   .999997404028E+00
    .135000000000E+02   .276253531452E-05   .999997237465E+00
    .147500000000E+02   .242864338806E-05   .999997571357E+00
    .160000000000E+02   .210482722939E-05   .999997895173E+00
    .172500000000E+02   .207769815173E-05   .999997922302E+00
    .185000000000E+02   .409421619591E-05   .999995905784E+00
    .197500000000E+02   .692611783459E-05   .999993073882E+00
    .210000000000E+02   .103031083079E-04   .999989696892E+00
    .222500000000E+02   .149066844419E-04   .999985093316E+00
    .235000000000E+02   .209267233671E-04   .999979073277E+00
    .247500000000E+02   .286810105982E-04   .999971318989E+00
    .260000000000E+02   .384439894425E-04   .999961556011E+00
    .272500000000E+02   .504420670612E-04   .999949557933E+00
    .285000000000E+02   .653145766543E-04   .999934685423E+00
    .297500000000E+02   .833708721974E-04   .999916629128E+00
    .310000000000E+02   .105010766606E-03   .999894989233E+00
    .322500000000E+02   .130741948132E-03   .999869258052E+00
    .335000000000E+02   .161091485418E-03   .999838908515E+00
    .347500000000E+02   .196592933980E-03   .999803407066E+00
    .360000000000E+02   .237803457357E-03   .999762196543E+00
    .372500000000E+02   .285301949409E-03   .999714698051E+00
    .385000000000E+02   .339693774146E-03   .999660306226E+00
    .397500000000E+02   .401616979073E-03   .999598383021E+00
    .410000000000E+02   .471702990214E-03   .999528297010E+00
    .422500000000E+02   .550624100054E-03   .999449375900E+00
    .435000000000E+02   .639080263839E-03   .999360919736E+00
    .447500000000E+02   .737760075992E-03   .999262239924E+00
    .460000000000E+02   .847328213147E-03   .999152671787E+00
    .472500000000E+02   .968529968188E-03   .999031470032E+00
    .485000000000E+02   .110212260882E-02   .998897877391E+00
    .497500000000E+02   .124880948038E-02   .998751190520E+00
    .510000000000E+02   .140933151343E-02   .998590668487E+00
    .522500000000E+02   .158442094394E-02   .998415579056E+00
    .535000000000E+02   .177481881835E-02   .998225181182E+00
    .547500000000E+02   .198127579941E-02   .998018724201E+00
    .560000000000E+02   .220454544352E-02   .997795454556E+00
    .572500000000E+02   .244538847785E-02   .997554611522E+00
    .585000000000E+02   .270455191171E-02   .997295448088E+00
    .597500000000E+02   .298278676809E-02   .997017213232E+00
    .610000000000E+02   .328081202437E-02   .996719187976E+00
    .622500000000E+02   .359935918731E-02   .996400640813E+00
    .635000000000E+02   .393915908698E-02   .996060840913E+00
    .647500000000E+02   .430095262405E-02   .995699047376E+00
    .660000000000E+02   .468548798660E-02   .995314512013E+00
    .672500000000E+02   .509343129398E-02   .994906568706E+00
    .685000000000E+02   .552547800012E-02   .994474522000E+00
    .697500000000E+02   .598235079050E-02   .994017649210E+00
    .710000000000E+02   .646472457869E-02   .993535275421E+00
    .722500000000E+02   .697326600598E-02   .993026733994E+00
    .735000000000E+02   .750865382715E-02   .992491346173E+00
    .747500000000E+02   .807151350960E-02   .991928486490E+00
    .760000000000E+02   .866251868605E-02   .991337481314E+00
    .772500000000E+02   .928226999226E-02   .990717730008E+00
    .785000000000E+02   .993142262932E-02   .990068577371E+00
    .797500000000E+02   .106105594871E-01   .989389440513E+00
    .810000000000E+02   .113202957602E-01   .988679704240E+00
    .822500000000E+02   .120612077110E-01   .987938792289E+00
    .835000000000E+02   .128338699877E-01   .987166130012E+00
    .847500000000E+02   .136388483647E-01   .986361151635E+00
    .860000000000E+02   .144766657217E-01   .985523334278E+00
    .872500000000E+02   .153478879364E-01   .984652112064E+00
    .885000000000E+02   .162530407114E-01   .983746959289E+00
    .897500000000E+02   .171926320293E-01   .982807367971E+00
    .910000000000E+02   .181671515879E-01   .981832848412E+00
    .922500000000E+02   .191770711962E-01   .980822928804E+00
    .935000000000E+02   .202228593325E-01   .979777140668E+00
    .947500000000E+02   .213049633030E-01   .978695036697E+00
    .960000000000E+02   .224238069705E-01   .977576193030E+00
    .972500000000E+02   .235798134566E-01   .976420186543E+00
    .985000000000E+02   .247734155219E-01   .975226584478E+00
    .997500000000E+02   .260049968310E-01   .973995003169E+00
    .101000000000E+03   .272749403864E-01   .972725059614E+00
    .102250000000E+03   .285836294766E-01   .971416370523E+00
    .103500000000E+03   .299314208850E-01   .970068579115E+00
    .104750000000E+03   .313186633226E-01   .968681336677E+00
    .106000000000E+03   .327456917164E-01   .967254308284E+00
    .107250000000E+03   .342128286008E-01   .965787171399E+00
    .108500000000E+03   .357203847620E-01   .964279615238E+00
    .109750000000E+03   .372686554609E-01   .962731344539E+00
    .111000000000E+03   .388579188002E-01   .961142081200E+00
    .112250000000E+03   .404884497356E-01   .959511550264E+00
    .113500000000E+03   .421605063460E-01   .957839493654E+00
    .114750000000E+03   .438743339092E-01   .956125666091E+00
    .116000000000E+03   .456301649018E-01   .954369835098E+00
    .117250000000E+03   .474282188777E-01   .952571781122E+00
    .118500000000E+03   .492687027074E-01   .950731297293E+00
    .119750000000E+03   .511518104607E-01   .948848189539E+00
    .121000000000E+03   .530777233785E-01   .946922276622E+00
    .122250000000E+03   .550466098976E-01   .944953390102E+00
    .123500000000E+03   .570586281040E-01   .942941371896E+00
    .124750000000E+03   .591139293833E-01   .940886070617E+00
    .126000000000E+03   .612126407340E-01   .938787359266E+00
    .127250000000E+03   .633548814183E-01   .936645118582E+00
    .128500000000E+03   .655407580980E-01   .934459241902E+00
    .129750000000E+03   .677703648337E-01   .932229635166E+00
    .131000000000E+03   .700437978512E-01   .929956202149E+00
    .132250000000E+03   .723611277626E-01   .927638872237E+00
    .133500000000E+03   .747224107024E-01   .925277589298E+00
    .134750000000E+03   .771276942519E-01   .922872305748E+00
    .136000000000E+03   .795770137647E-01   .920422986235E+00
    .137250000000E+03   .820703958140E-01   .917929604186E+00
    .138500000000E+03   .846078663546E-01   .915392133645E+00
    .139750000000E+03   .871894187105E-01   .912810581290E+00
    .141000000000E+03   .898150427074E-01   .910184957293E+00
    .142250000000E+03   .924847162819E-01   .907515283718E+00
    .143500000000E+03   .951984054807E-01   .904801594519E+00
    .144750000000E+03   .979560645937E-01   .902043935406E+00
    .146000000000E+03   .100757635918E+00   .899242364082E+00
    .147250000000E+03   .103603049824E+00   .896396950176E+00
    .148500000000E+03   .106492224839E+00   .893507775161E+00
    .149750000000E+03   .109425067603E+00   .890574932397E+00
    .151000000000E+03   .112401477461E+00   .887598522539E+00
    .152250000000E+03   .115421361830E+00   .884578638170E+00
    .153500000000E+03   .118484580940E+00   .881515419060E+00
    .154750000000E+03   .121590998184E+00   .878409001816E+00
    .156000000000E+03   .124740465462E+00   .875259534538E+00
    .157250000000E+03   .127932823180E+00   .872067176820E+00
    .158500000000E+03   .131167900250E+00   .868832099750E+00
    .159750000000E+03   .134445519478E+00   .865554480522E+00
    .161000000000E+03   .137765484515E+00   .862234515485E+00
    .162250000000E+03   .141127590518E+00   .858872409482E+00
    .163500000000E+03   .144531621234E+00   .855468378766E+00
    .164750000000E+03   .147977348984E+00   .852022651016E+00
    .166000000000E+03   .151464534667E+00   .848535465333E+00
    .167250000000E+03   .154992792876E+00   .845007207124E+00
    .168500000000E+03   .158561875473E+00   .841438124527E+00
    .169750000000E+03   .162171509687E+00   .837828490313E+00
    .171000000000E+03   .165821384672E+00   .834178615328E+00
    .172250000000E+03   .169511175907E+00   .830488824093E+00
    .173500000000E+03   .173240545202E+00   .826759454798E+00
    .174750000000E+03   .177009237092E+00   .822990762908E+00
    .176000000000E+03   .180816925739E+00   .819183074261E+00
    .177250000000E+03   .184663209987E+00   .815336790013E+00
    .178500000000E+03   .188547722217E+00   .811452277783E+00
    .179750000000E+03   .192470083357E+00   .807529916643E+00
    .181000000000E+03   .196429902875E+00   .803570097125E+00
    .182250000000E+03   .200426811135E+00   .799573188865E+00
    .183500000000E+03   .204460439429E+00   .795539560571E+00
    .184750000000E+03   .208530341965E+00   .791469658035E+00
    .186000000000E+03   .212636095124E+00   .787363904876E+00
    .187250000000E+03   .216777264968E+00   .783222735032E+00
    .188500000000E+03   .220953407237E+00   .779046592763E+00
    .189750000000E+03   .225164001498E+00   .774835998502E+00
    .191000000000E+03   .229408324224E+00   .770591675776E+00
    .192250000000E+03   .233686014476E+00   .766313985524E+00
    .193500000000E+03   .237996537879E+00   .762003462121E+00
    .194750000000E+03   .242339345309E+00   .757660654691E+00
    .196000000000E+03   .246713872888E+00   .753286127112E+00
    .197250000000E+03   .251119564759E+00   .748880435241E+00
    .198500000000E+03   .255556458192E+00   .744443541808E+00
    .199750000000E+03   .260023626065E+00   .739976373935E+00
    .201000000000E+03   .264520515569E+00   .735479484431E+00
    .202250000000E+03   .269046564870E+00   .730953435130E+00
    .203500000000E+03   .273601203104E+00   .726398796896E+00
    .204750000000E+03   .278183850381E+00   .721816149619E+00
    .206000000000E+03   .282793917783E+00   .717206082217E+00
    .207250000000E+03   .287430272391E+00   .712569727609E+00
    .208500000000E+03   .292092506789E+00   .707907493211E+00
    .209750000000E+03   .296779983247E+00   .703220016753E+00
    .211000000000E+03   .301492008869E+00   .698507991131E+00
    .212250000000E+03   .306227876553E+00   .693772123447E+00
    .213500000000E+03   .310986864992E+00   .689013135008E+00
    .214750000000E+03   .315768238675E+00   .684231761325E+00
    .216000000000E+03   .320571923358E+00   .679428076642E+00
    .217250000000E+03   .325397066578E+00   .674602933422E+00
    .218500000000E+03   .330242834768E+00   .669757165232E+00
    .219750000000E+03   .335108538046E+00   .664891461954E+00
    .221000000000E+03   .339993480220E+00   .660006519780E+00
    .222250000000E+03   .344896958791E+00   .655103041209E+00
    .223500000000E+03   .349818264946E+00   .650181735054E+00
    .224750000000E+03   .354756547617E+00   .645243452383E+00
    .226000000000E+03   .359711056935E+00   .640288943065E+00
    .227250000000E+03   .364681099690E+00   .635318900310E+00
    .228500000000E+03   .369665916435E+00   .630334083565E+00
    .229750000000E+03   .374664739435E+00   .625335260565E+00
    .231000000000E+03   .379676792670E+00   .620323207330E+00
    .232250000000E+03   .384701291831E+00   .615298708169E+00
    .233500000000E+03   .389737589188E+00   .610262410812E+00
    .234750000000E+03   .394784988730E+00   .605215011270E+00
    .236000000000E+03   .399842606940E+00   .600157393060E+00
    .237250000000E+03   .404909661170E+00   .595090338830E+00
    .238500000000E+03   .409985363224E+00   .590014636776E+00
    .239750000000E+03   .415068919358E+00   .584931080642E+00
    .241000000000E+03   .420159530276E+00   .579840469724E+00
    .242250000000E+03   .425256474734E+00   .574743525266E+00
    .243500000000E+03   .430359075731E+00   .569640924269E+00
    .244750000000E+03   .435466437824E+00   .564533562176E+00
    .246000000000E+03   .440577767225E+00   .559422232775E+00
    .247250000000E+03   .445692266795E+00   .554307733205E+00
    .248500000000E+03   .450809136051E+00   .549190863949E+00
    .249750000000E+03   .455927571162E+00   .544072428838E+00
    .251000000000E+03   .461046835822E+00   .538953164178E+00
    .252250000000E+03   .466166344477E+00   .533833655523E+00
    .253500000000E+03   .471285134691E+00   .528714865309E+00
    .254750000000E+03   .476402415042E+00   .523597584958E+00
    .256000000000E+03   .481517392545E+00   .518482607455E+00
    .257250000000E+03   .486629272652E+00   .513370727348E+00
    .258500000000E+03   .491737259252E+00   .508262740748E+00
    .259750000000E+03   .496840554672E+00   .503159445328E+00
    .261000000000E+03   .501938359674E+00   .498061640326E+00
    .262250000000E+03   .507030244254E+00   .492969755746E+00
    .263500000000E+03   .512115327228E+00   .487884672772E+00
    .264750000000E+03   .517192754076E+00   .482807245924E+00
    .266000000000E+03   .522261759487E+00   .477738240513E+00
    .267250000000E+03   .527321579269E+00   .472678420731E+00
    .268500000000E+03   .532371450347E+00   .467628549653E+00
    .269750000000E+03   .537410610765E+00   .462589389235E+00
    .271000000000E+03   .542438299686E+00   .457561700314E+00
    .272250000000E+03   .547453896758E+00   .452546103242E+00
    .273500000000E+03   .552456967454E+00   .447543032546E+00
    .274750000000E+03   .557446530521E+00   .442553469479E+00
    .276000000000E+03   .562421871360E+00   .437578128640E+00
    .277250000000E+03   .567382279371E+00   .432617720629E+00
    .278500000000E+03   .572327047948E+00   .427672952052E+00
    .279750000000E+03   .577255474483E+00   .422744525517E+00
    .281000000000E+03   .582166860365E+00   .417833139635E+00
    .282250000000E+03   .587060510979E+00   .412939489021E+00
    .283500000000E+03   .591936076135E+00   .408063923865E+00
    .284750000000E+03   .596792763061E+00   .403207236939E+00
    .286000000000E+03   .601629862320E+00   .398370137680E+00
    .287250000000E+03   .606446729653E+00   .393553270347E+00
    .288500000000E+03   .611242727081E+00   .388757272919E+00
    .289750000000E+03   .616017222908E+00   .383982777092E+00
    .291000000000E+03   .620769591722E+00   .379230408278E+00
    .292250000000E+03   .625499214391E+00   .374500785609E+00
    .293500000000E+03   .630205594654E+00   .369794405346E+00
    .294750000000E+03   .634888326896E+00   .365111673104E+00
    .296000000000E+03   .639546664192E+00   .360453335808E+00
    .297250000000E+03   .644180042174E+00   .355819957826E+00
    .298500000000E+03   .648787904787E+00   .351212095213E+00
    .299750000000E+03   .653369704298E+00   .346630295702E+00
    .301000000000E+03   .657924901289E+00   .342075098711E+00
    .302250000000E+03   .662452964659E+00   .337547035341E+00
    .303500000000E+03   .666953371624E+00   .333046628376E+00
    .304750000000E+03   .671425892451E+00   .328574107549E+00
    .306000000000E+03   .675869907213E+00   .324130092787E+00
    .307250000000E+03   .680284910197E+00   .319715089803E+00
    .308500000000E+03   .684670438773E+00   .315329561227E+00
    .309750000000E+03   .689026040414E+00   .310973959586E+00
    .311000000000E+03   .693351272687E+00   .306648727313E+00
    .312250000000E+03   .697645703264E+00   .302354296736E+00
    .313500000000E+03   .701908909913E+00   .298091090087E+00
    .314750000000E+03   .706140566424E+00   .293859433576E+00
    .316000000000E+03   .710340380297E+00   .289659619703E+00
    .317250000000E+03   .714507873830E+00   .285492126170E+00
    .318500000000E+03   .718642684113E+00   .281357315887E+00
    .319750000000E+03   .722744459630E+00   .277255540370E+00
    .321000000000E+03   .726812860259E+00   .273187139741E+00
    .322250000000E+03   .730847557271E+00   .269152442729E+00
    .323500000000E+03   .734848233335E+00   .265151766665E+00
    .324750000000E+03   .738814582512E+00   .261185417488E+00
    .326000000000E+03   .742746471317E+00   .257253528683E+00
    .327250000000E+03   .746643539649E+00   .253356460351E+00
    .328500000000E+03   .750505518625E+00   .249494481375E+00
    .329750000000E+03   .754332162157E+00   .245667837843E+00
    .331000000000E+03   .758123236495E+00   .241876763505E+00
    .332250000000E+03   .761878520224E+00   .238121479776E+00
    .333500000000E+03   .765597804268E+00   .234402195732E+00
    .334750000000E+03   .769280891887E+00   .230719108113E+00
    .336000000000E+03   .772927636287E+00   .227072363713E+00
    .337250000000E+03   .776537900266E+00   .223462099734E+00
    .338500000000E+03   .780111494123E+00   .219888505877E+00
    .339750000000E+03   .783648277763E+00   .216351722237E+00
    .341000000000E+03   .787148123926E+00   .212851876074E+00
    .342250000000E+03   .790610918186E+00   .209389081814E+00
    .343500000000E+03   .794036558952E+00   .205963441048E+00
    .344750000000E+03   .797424957468E+00   .202575042532E+00
    .346000000000E+03   .800776037813E+00   .199223962187E+00
    .347250000000E+03   .804089765869E+00   .195910234131E+00
    .348500000000E+03   .807366075513E+00   .192633924487E+00
    .349750000000E+03   .810604931027E+00   .189395068973E+00
    .351000000000E+03   .813806310248E+00   .186193689752E+00
    .352250000000E+03   .816970204002E+00   .183029795998E+00
    .353500000000E+03   .820096616112E+00   .179903383888E+00
    .354750000000E+03   .823185563395E+00   .176814436605E+00
    .356000000000E+03   .826237075660E+00   .173762924340E+00
    .357250000000E+03   .829251064587E+00   .170748935413E+00
    .358500000000E+03   .832227500777E+00   .167772499223E+00
    .359750000000E+03   .835166536480E+00   .164833463520E+00
    .361000000000E+03   .838068230787E+00   .161931769213E+00
    .362250000000E+03   .840932654241E+00   .159067345759E+00
    .363500000000E+03   .843759888836E+00   .156240111164E+00
    .364750000000E+03   .846550028017E+00   .153449971983E+00
    .366000000000E+03   .849303176681E+00   .150696823319E+00
    .367250000000E+03   .852019454645E+00   .147980545355E+00
    .368500000000E+03   .854699136753E+00   .145300863247E+00
    .369750000000E+03   .857342276435E+00   .142657723565E+00
    .371000000000E+03   .859949035981E+00   .140050964019E+00
    .372250000000E+03   .862519589945E+00   .137480410055E+00
    .373500000000E+03   .865054125146E+00   .134945874854E+00
    .374750000000E+03   .867552840668E+00   .132447159332E+00
    .376000000000E+03   .870015947860E+00   .129984052140E+00
    .377250000000E+03   .872443670338E+00   .127556329662E+00
    .378500000000E+03   .874835953326E+00   .125164046674E+00
    .379750000000E+03   .877192921935E+00   .122807078065E+00
    .381000000000E+03   .879514983452E+00   .120485016548E+00
    .382250000000E+03   .881802365201E+00   .118197634799E+00
    .383500000000E+03   .884055303699E+00   .115944696301E+00
    .384750000000E+03   .886274044660E+00   .113725955340E+00
    .386000000000E+03   .888458842989E+00   .111541157011E+00
    .387250000000E+03   .890609962784E+00   .109390037216E+00
    .388500000000E+03   .892727662883E+00   .107272337117E+00
    .389750000000E+03   .894812025916E+00   .105187974084E+00
    .391000000000E+03   .896863462785E+00   .103136537215E+00
    .392250000000E+03   .898882257425E+00   .101117742575E+00
    .393500000000E+03   .900868701775E+00   .991312982255E-01
    .394750000000E+03   .902823095783E+00   .971769042166E-01
    .396000000000E+03   .904745747409E+00   .952542525913E-01
    .397250000000E+03   .906636972616E+00   .933630273843E-01
    .398500000000E+03   .908497095378E+00   .915029046221E-01
    .399750000000E+03   .910326215401E+00   .896737845990E-01
    .401000000000E+03   .912124618109E+00   .878753818912E-01
    .402250000000E+03   .913892743516E+00   .861072564838E-01
    .403500000000E+03   .915630914676E+00   .843690853235E-01
    .404750000000E+03   .917339460427E+00   .826605395729E-01
    .406000000000E+03   .919018715390E+00   .809812846104E-01
    .407250000000E+03   .920669019969E+00   .793309800305E-01
    .408500000000E+03   .922290720356E+00   .777092796437E-01
    .409750000000E+03   .923884207751E+00   .761157922490E-01
    .411000000000E+03   .925449327727E+00   .745506722728E-01
    .412250000000E+03   .926986769759E+00   .730132302413E-01
    .413500000000E+03   .928496868714E+00   .715031312861E-01
    .414750000000E+03   .929979964739E+00   .700200352607E-01
    .416000000000E+03   .931436403022E+00   .685635969777E-01
    .417250000000E+03   .932866533554E+00   .671334664463E-01
    .418500000000E+03   .934270710890E+00   .657292891101E-01
    .419750000000E+03   .935649293915E+00   .643507060845E-01
    .421000000000E+03   .937002432064E+00   .629975679357E-01
    .422250000000E+03   .938330478250E+00   .616695217503E-01
    .423500000000E+03   .939633865983E+00   .603661340171E-01
    .424750000000E+03   .940912937640E+00   .590870623600E-01
    .426000000000E+03   .942168035508E+00   .578319644921E-01
    .427250000000E+03   .943399501404E+00   .566004985962E-01
    .428500000000E+03   .944607676295E+00   .553923237046E-01
    .429750000000E+03   .945792899921E+00   .542071000792E-01
    .431000000000E+03   .946955510408E+00   .530444895916E-01
    .432250000000E+03   .948095843897E+00   .519041561031E-01
    .433500000000E+03   .949214206086E+00   .507857939143E-01
    .434750000000E+03   .950310926165E+00   .496890738353E-01
    .436000000000E+03   .951386340312E+00   .486136596876E-01
    .437250000000E+03   .952440768774E+00   .475592312259E-01
    .438500000000E+03   .953474527480E+00   .465254725200E-01
    .439750000000E+03   .954487927647E+00   .455120723528E-01
    .441000000000E+03   .955481275380E+00   .445187246199E-01
    .442250000000E+03   .956454871272E+00   .435451287281E-01
    .443500000000E+03   .957409010006E+00   .425909899941E-01
    .444750000000E+03   .958343979956E+00   .416560200436E-01
    .446000000000E+03   .959260325358E+00   .407396746422E-01
    .447250000000E+03   .960158337881E+00   .398416621194E-01
    .448500000000E+03   .961038207034E+00   .389617929660E-01
    .449750000000E+03   .961900230635E+00   .380997693646E-01
    .451000000000E+03   .962744702171E+00   .372552978292E-01
    .452250000000E+03   .963571910572E+00   .364280894280E-01
    .453500000000E+03   .964382139992E+00   .356178600076E-01
    .454750000000E+03   .965175669584E+00   .348243304160E-01
    .456000000000E+03   .965952773274E+00   .340472267264E-01
    .457250000000E+03   .966713719540E+00   .332862804604E-01
    .458500000000E+03   .967458925882E+00   .325410741184E-01
    .459750000000E+03   .968188659291E+00   .318113407088E-01
    .461000000000E+03   .968903124873E+00   .310968751270E-01
    .462250000000E+03   .969602589857E+00   .303974101434E-01
    .463500000000E+03   .970287317245E+00   .297126827545E-01
    .464750000000E+03   .970957565697E+00   .290424343031E-01
    .466000000000E+03   .971613589402E+00   .283864105984E-01
    .467250000000E+03   .972255637964E+00   .277443620363E-01
    .468500000000E+03   .972883956280E+00   .271160437196E-01
    .469750000000E+03   .973498784422E+00   .265012155783E-01
    .471000000000E+03   .974100511691E+00   .258994883095E-01
    .472250000000E+03   .974689378189E+00   .253106218107E-01
    .473500000000E+03   .975265563251E+00   .247344367495E-01
    .474750000000E+03   .975829309139E+00   .241706908612E-01
    .476000000000E+03   .976380855023E+00   .236191449773E-01
    .477250000000E+03   .976920436958E+00   .230795630422E-01
    .478500000000E+03   .977448287869E+00   .225517121307E-01
    .479750000000E+03   .977964637534E+00   .220353624656E-01
    .481000000000E+03   .978469712566E+00   .215302874343E-01
    .482250000000E+03   .978963736393E+00   .210362636066E-01
    .483500000000E+03   .979446935289E+00   .205530647109E-01
    .484750000000E+03   .979919526661E+00   .200804733394E-01
    .486000000000E+03   .980381722504E+00   .196182774963E-01
    .487250000000E+03   .980833734237E+00   .191662657631E-01
    .488500000000E+03   .981275770101E+00   .187242298986E-01
    .489750000000E+03   .981708035148E+00   .182919648521E-01
    .491000000000E+03   .982130731224E+00   .178692687764E-01
    .492250000000E+03   .982544056959E+00   .174559430410E-01
    .493500000000E+03   .982948207754E+00   .170517922458E-01
    .494750000000E+03   .983343375766E+00   .166566242337E-01
    .496000000000E+03   .983729657333E+00   .162703426673E-01
    .497250000000E+03   .984107311735E+00   .158926882652E-01
    .498500000000E+03   .984476488297E+00   .155235117032E-01
    .499000000000E+03   .984621823760E+00   .153781762398E-01
