 Column 1: Time in minutes
 Other Columns: Concentrations in mg/L
 
 
    .100000000000E+01   .111674398600E-02   .105239619254E+02
    .229800000000E+01   .119049369123E-02   .105239586854E+02
    .359600000000E+01   .779223657067E-03   .105239767534E+02
    .489400000000E+01   .102685790124E-02   .105239658743E+02
    .619200000000E+01   .884042032772E-03   .105239721485E+02
    .749000000000E+01   .422627670102E-03   .105239924194E+02
    .878800000000E+01   .313270711564E-04   .105240096101E+02
    .100860000000E+02   .403472705843E-03   .105239932609E+02
    .113840000000E+02   .594108151101E-03   .105239848859E+02
    .126820000000E+02   .803271971652E-03   .105239756969E+02
    .139800000000E+02   .173635741810E-02   .105239347044E+02
    .152780000000E+02   .140598745142E-03   .105240048095E+02
    .165760000000E+02   .752203679805E-03   .105239779404E+02
    .178740000000E+02   .958065843894E-03   .105239688965E+02
    .191720000000E+02   .256790571737E-03   .105239997050E+02
    .204700000000E+02   .939297078080E-03   .105239697210E+02
    .217680000000E+02   .488596934504E-03   .105239895212E+02
    .230660000000E+02   .158674723632E-02   .105239412771E+02
    .243640000000E+02   .277686194245E-02   .105238889928E+02
    .256620000000E+02   .446049640504E-02   .105238150272E+02
    .269600000000E+02   .603734572561E-02   .105237457528E+02
    .282580000000E+02   .812360210768E-02   .105236540991E+02
    .295560000000E+02   .107261993521E-01   .105235397614E+02
    .308540000000E+02   .139245690495E-01   .105233992502E+02
    .321520000000E+02   .178117069319E-01   .105232284799E+02
    .334500000000E+02   .224993971137E-01   .105230225396E+02
    .347480000000E+02   .281012769809E-01   .105227764370E+02
    .360460000000E+02   .347370435208E-01   .105224849135E+02
    .373440000000E+02   .425315793690E-01   .105221424829E+02
    .386420000000E+02   .516187029057E-01   .105217432660E+02
    .399400000000E+02   .621391002582E-01   .105212810824E+02
    .412380000000E+02   .742400716527E-01   .105207494608E+02
    .425360000000E+02   .880717918100E-01   .105201418037E+02
    .438340000000E+02   .103794992657E+00   .105194510497E+02
    .451320000000E+02   .121574260669E+00   .105186699684E+02
    .464300000000E+02   .141577501770E+00   .105177911831E+02
    .477280000000E+02   .163979706023E+00   .105168070062E+02
    .490260000000E+02   .188959790045E+00   .105157095776E+02
    .503240000000E+02   .216698817269E+00   .105144909426E+02
    .516220000000E+02   .247381866200E+00   .105131429705E+02
    .529200000000E+02   .281201653732E+00   .105116571947E+02
    .542180000000E+02   .318350556690E+00   .105100251637E+02
    .555160000000E+02   .359025310883E+00   .105082382345E+02
    .568140000000E+02   .403423936494E+00   .105062877077E+02
    .581120000000E+02   .451745383620E+00   .105041648429E+02
    .594100000000E+02   .504191042125E+00   .105018607927E+02
    .607080000000E+02   .560962429606E+00   .104993667039E+02
    .620060000000E+02   .622262885044E+00   .104966736434E+02
    .633040000000E+02   .688296046839E+00   .104937726650E+02
    .646020000000E+02   .759265304289E+00   .104906548333E+02
    .659000000000E+02   .835374678283E+00   .104873111853E+02
    .671980000000E+02   .916830842022E+00   .104837326414E+02
    .684960000000E+02   .100383948124E+01   .104799101653E+02
    .697940000000E+02   .109659936779E+01   .104758350246E+02
    .710920000000E+02   .119531859354E+01   .104714980773E+02
    .723900000000E+02   .130020251217E+01   .104668903018E+02
    .736880000000E+02   .141144838938E+01   .104620030319E+02
    .749860000000E+02   .152925688645E+01   .104568274520E+02
    .762840000000E+02   .165383102721E+01   .104513546428E+02
    .775820000000E+02   .178536898954E+01   .104455758981E+02
    .788800000000E+02   .192406121048E+01   .104394828514E+02
    .801780000000E+02   .207010647288E+01   .104330667698E+02
    .814760000000E+02   .222369898617E+01   .104263191214E+02
    .827740000000E+02   .238502479110E+01   .104192317328E+02
    .840720000000E+02   .255427375433E+01   .104117962629E+02
    .853700000000E+02   .273163371037E+01   .104040044597E+02
    .866680000000E+02   .291728811222E+01   .103958482637E+02
    .879660000000E+02   .311141629337E+01   .103873197964E+02
    .892640000000E+02   .331419950689E+01   .103784110950E+02
    .905620000000E+02   .352581538459E+01   .103691143557E+02
    .918600000000E+02   .374643500013E+01   .103594220629E+02
    .931580000000E+02   .397623171950E+01   .103493266002E+02
    .944560000000E+02   .421537506462E+01   .103388205203E+02
    .957540000000E+02   .446403053615E+01   .103278965522E+02
    .970520000000E+02   .472236076572E+01   .103165475512E+02
    .983500000000E+02   .499052754406E+01   .103047664096E+02
    .996480000000E+02   .526868902696E+01   .102925461792E+02
    .100946000000E+03   .555699782794E+01   .102798801553E+02
    .102244000000E+03   .585560710463E+01   .102667616094E+02
    .103542000000E+03   .616466610624E+01   .102531839847E+02
    .104840000000E+03   .648432037153E+01   .102391408874E+02
    .106138000000E+03   .681471287420E+01   .102246260362E+02
    .107436000000E+03   .715598411593E+01   .102096332588E+02
    .108734000000E+03   .750827094674E+01   .101941565428E+02
    .110032000000E+03   .787170543261E+01   .101781900865E+02
    .111330000000E+03   .824641897733E+01   .101617281170E+02
    .112628000000E+03   .863253908892E+01   .101447650325E+02
    .113926000000E+03   .903018888058E+01   .101272954244E+02
    .115224000000E+03   .943948926014E+01   .101093139810E+02
    .116522000000E+03   .986055802517E+01   .100908155272E+02
    .117820000000E+03   .102935090813E+02   .100717950589E+02
    .119118000000E+03   .107384523113E+02   .100522477487E+02
    .120416000000E+03   .111954956417E+02   .100321688551E+02
    .121714000000E+03   .116647432255E+02   .100115538024E+02
    .123012000000E+03   .121462939127E+02   .999039824811E+01
    .124310000000E+03   .126402451410E+02   .996869791142E+01
    .125608000000E+03   .131466904029E+02   .994644868504E+01
    .126906000000E+03   .136657189056E+02   .992364664991E+01
    .128204000000E+03   .141974160397E+02   .990028805463E+01
    .129502000000E+03   .147418647119E+02   .987636925694E+01
    .130800000000E+03   .152991436571E+02   .985188679784E+01
    .132098000000E+03   .158693250256E+02   .982683750762E+01
    .133396000000E+03   .164524806165E+02   .980121823198E+01
    .134694000000E+03   .170486773808E+02   .977502602964E+01
    .135992000000E+03   .176579769262E+02   .974825819402E+01
    .137290000000E+03   .182804377501E+02   .972091215522E+01
    .138588000000E+03   .189161153894E+02   .969298547337E+01
    .139886000000E+03   .195650610075E+02   .966447590076E+01
    .141184000000E+03   .202273193296E+02   .963538147251E+01
    .142482000000E+03   .209029292072E+02   .960570048181E+01
    .143780000000E+03   .215919305389E+02   .957543117580E+01
    .145078000000E+03   .222943569645E+02   .954457207664E+01
    .146376000000E+03   .230102367937E+02   .951312194060E+01
    .147674000000E+03   .237395887895E+02   .948107994339E+01
    .148972000000E+03   .244824352017E+02   .944844510754E+01
    .150270000000E+03   .252387910048E+02   .941521677517E+01
    .151568000000E+03   .260086667925E+02   .938139448089E+01
    .152866000000E+03   .267920616125E+02   .934697826653E+01
    .154164000000E+03   .275889783817E+02   .931196800394E+01
    .155462000000E+03   .283994125853E+02   .927636389147E+01
    .156760000000E+03   .292233550031E+02   .924016633418E+01
    .158058000000E+03   .300607853005E+02   .920337622542E+01
    .159356000000E+03   .309116829862E+02   .916599446542E+01
    .160654000000E+03   .317760237429E+02   .912802212247E+01
    .161952000000E+03   .326537769460E+02   .908946054200E+01
    .163250000000E+03   .335449033579E+02   .905031144778E+01
    .164548000000E+03   .344493582516E+02   .901057680478E+01
    .165846000000E+03   .353670960055E+02   .897025861724E+01
    .167144000000E+03   .362980636975E+02   .892935921016E+01
    .168442000000E+03   .372422032145E+02   .888788113655E+01
    .169740000000E+03   .381994512883E+02   .884582717594E+01
    .171038000000E+03   .391697391412E+02   .880320034986E+01
    .172336000000E+03   .401529928514E+02   .876000390587E+01
    .173634000000E+03   .411491332413E+02   .871624132241E+01
    .174932000000E+03   .421580758772E+02   .867191630883E+01
    .176230000000E+03   .431797274587E+02   .862703296402E+01
    .177528000000E+03   .442139565201E+02   .858159706354E+01
    .178826000000E+03   .452606786980E+02   .853561231366E+01
    .180124000000E+03   .463197828068E+02   .848908359900E+01
    .181422000000E+03   .473911518802E+02   .844201605816E+01
    .182720000000E+03   .484746631707E+02   .839441508367E+01
    .184018000000E+03   .495701881501E+02   .834628632207E+01
    .185316000000E+03   .506775889885E+02   .829763582852E+01
    .186614000000E+03   .517967266425E+02   .824846971149E+01
    .187912000000E+03   .529274549602E+02   .819879439174E+01
    .189210000000E+03   .540696217023E+02   .814861655749E+01
    .190508000000E+03   .552230687985E+02   .809794315309E+01
    .191806000000E+03   .563876323474E+02   .804678137908E+01
    .193104000000E+03   .575631436817E+02   .799513864539E+01
    .194402000000E+03   .587494273604E+02   .794302265951E+01
    .195700000000E+03   .599463018821E+02   .789044139517E+01
    .196998000000E+03   .611535802575E+02   .783740306725E+01
    .198296000000E+03   .623710696863E+02   .778391614584E+01
    .199594000000E+03   .635985715580E+02   .772998935635E+01
    .200892000000E+03   .648358903732E+02   .767563128747E+01
    .202190000000E+03   .660828234354E+02   .762085084412E+01
    .203488000000E+03   .673391509895E+02   .756565768058E+01
    .204786000000E+03   .686046540360E+02   .751006141799E+01
    .206084000000E+03   .698791080169E+02   .745407192166E+01
    .207382000000E+03   .711622828160E+02   .739769930108E+01
    .208680000000E+03   .724539475460E+02   .734095369963E+01
    .209978000000E+03   .737538942368E+02   .728384425389E+01
    .211276000000E+03   .750618578885E+02   .722638260586E+01
    .212574000000E+03   .763775917218E+02   .716857959709E+01
    .213872000000E+03   .777008435627E+02   .711044630612E+01
    .215170000000E+03   .790313559138E+02   .705199404537E+01
    .216468000000E+03   .803688704175E+02   .699323416504E+01
    .217766000000E+03   .817131627259E+02   .693417652122E+01
    .219064000000E+03   .830639410982E+02   .687483393070E+01
    .220362000000E+03   .844209353892E+02   .681521826154E+01
    .221660000000E+03   .857838716124E+02   .675534155057E+01
    .222958000000E+03   .871524720788E+02   .669521599723E+01
    .224256000000E+03   .885264555357E+02   .663485395759E+01
    .225554000000E+03   .899055373053E+02   .657426793813E+01
    .226852000000E+03   .912894459815E+02   .651346986232E+01
    .228150000000E+03   .926778870955E+02   .645247266679E+01
    .229448000000E+03   .940705675403E+02   .639128922837E+01
    .230746000000E+03   .954671938790E+02   .632993243838E+01
    .232044000000E+03   .968674704207E+02   .626841528713E+01
    .233342000000E+03   .982710993868E+02   .620675085669E+01
    .234640000000E+03   .996777810771E+02   .614495231353E+01
    .235938000000E+03   .101087251295E+03   .608303126439E+01
    .237236000000E+03   .102499224020E+03   .602100027473E+01
    .238534000000E+03   .103913386479E+03   .595887308534E+01
    .239832000000E+03   .105329444759E+03   .589666260852E+01
    .241130000000E+03   .106747105470E+03   .583438173343E+01
    .242428000000E+03   .108166076013E+03   .577204331462E+01
    .243726000000E+03   .109586064835E+03   .570966016062E+01
    .245024000000E+03   .111006752514E+03   .564724630436E+01
    .246322000000E+03   .112427789514E+03   .558481710165E+01
    .247620000000E+03   .113848915823E+03   .552238397543E+01
    .248918000000E+03   .115269829992E+03   .545996016893E+01
    .250216000000E+03   .116690230597E+03   .539755892444E+01
    .251514000000E+03   .118109816353E+03   .533519347799E+01
    .252812000000E+03   .119528286244E+03   .527287705391E+01
    .254110000000E+03   .120945340885E+03   .521062280479E+01
    .255408000000E+03   .122360696351E+03   .514844320406E+01
    .256706000000E+03   .123774046224E+03   .508635171335E+01
    .258004000000E+03   .125185094629E+03   .502436133104E+01
    .259302000000E+03   .126593546978E+03   .496248499906E+01
    .260600000000E+03   .127999110112E+03   .490073559647E+01
    .261898000000E+03   .129401492452E+03   .483912593297E+01
    .263196000000E+03   .130800404145E+03   .477766874246E+01
    .264494000000E+03   .132195580180E+03   .471637566743E+01
    .265792000000E+03   .133586730952E+03   .465525943082E+01
    .267090000000E+03   .134973573633E+03   .459433245788E+01
    .268388000000E+03   .136355831828E+03   .453360689126E+01
    .269686000000E+03   .137733232285E+03   .447309473545E+01
    .270984000000E+03   .139105505086E+03   .441280784859E+01
    .272282000000E+03   .140472383829E+03   .435275793427E+01
    .273580000000E+03   .141833619631E+03   .429295592643E+01
    .274878000000E+03   .143188961246E+03   .423341286286E+01
    .276176000000E+03   .144538150330E+03   .417414009320E+01
    .277474000000E+03   .145880940989E+03   .411514842004E+01
    .278772000000E+03   .147217092409E+03   .405644842293E+01
    .280070000000E+03   .148546369073E+03   .399805044857E+01
    .281368000000E+03   .149868540990E+03   .393996460097E+01
    .282666000000E+03   .151183338458E+03   .388220272871E+01
    .283964000000E+03   .152490444439E+03   .382477875999E+01
    .285262000000E+03   .153789704008E+03   .376769950100E+01
    .286560000000E+03   .155080891586E+03   .371097486186E+01
    .287858000000E+03   .156363785819E+03   .365461456716E+01
    .289156000000E+03   .157638169674E+03   .359862815160E+01
    .290454000000E+03   .158903830539E+03   .354302495571E+01
    .291752000000E+03   .160160560319E+03   .348781412151E+01
    .293050000000E+03   .161408155538E+03   .343300458821E+01
    .294348000000E+03   .162646585030E+03   .337859772490E+01
    .295646000000E+03   .163875617697E+03   .332460368428E+01
    .296944000000E+03   .165095059036E+03   .327103101128E+01
    .298242000000E+03   .166304752301E+03   .321788659206E+01
    .299540000000E+03   .167504549058E+03   .316517694768E+01
    .300838000000E+03   .168694309445E+03   .311290822257E+01
    .302136000000E+03   .169873902430E+03   .306108617318E+01
    .303434000000E+03   .171043206076E+03   .300971615658E+01
    .304732000000E+03   .172201976143E+03   .295880890264E+01
    .306030000000E+03   .173349805833E+03   .290838228293E+01
    .307328000000E+03   .174486776656E+03   .285843271653E+01
    .308626000000E+03   .175612745916E+03   .280896647242E+01
    .309924000000E+03   .176727574055E+03   .275998968162E+01
    .311222000000E+03   .177831124543E+03   .271150834222E+01
    .312520000000E+03   .178923263758E+03   .266352832449E+01
    .313818000000E+03   .180003860875E+03   .261605537591E+01
    .315116000000E+03   .181072787746E+03   .256909512627E+01
    .316414000000E+03   .182130251550E+03   .252263847371E+01
    .317712000000E+03   .183176062281E+03   .247669376563E+01
    .319010000000E+03   .184210084750E+03   .243126694122E+01
    .320308000000E+03   .185232255326E+03   .238636079587E+01
    .321606000000E+03   .186242518941E+03   .234197774884E+01
    .322904000000E+03   .187240829299E+03   .229811983403E+01
    .324202000000E+03   .188227149086E+03   .225478869070E+01
    .325500000000E+03   .189201450182E+03   .221198555426E+01
    .326798000000E+03   .190163631332E+03   .216971487301E+01
    .328096000000E+03   .191113481016E+03   .212798593955E+01
    .329394000000E+03   .192051115522E+03   .208679364502E+01
    .330692000000E+03   .192976506786E+03   .204613922236E+01
    .331990000000E+03   .193889632274E+03   .200602366154E+01
    .333288000000E+03   .194790474949E+03   .196644771108E+01
    .334586000000E+03   .195679023234E+03   .192741187951E+01
    .335884000000E+03   .196555270982E+03   .188891643688E+01
    .337182000000E+03   .197419217443E+03   .185096141620E+01
    .338480000000E+03   .198270878961E+03   .181354609939E+01
    .339778000000E+03   .199110263366E+03   .177667014251E+01
    .341076000000E+03   .199937385254E+03   .174033290428E+01
    .342374000000E+03   .200752267085E+03   .170453339803E+01
    .343672000000E+03   .201554936775E+03   .166927039727E+01
    .344970000000E+03   .202345427679E+03   .163454243671E+01
    .346268000000E+03   .203123778565E+03   .160034781319E+01
    .347566000000E+03   .203890033593E+03   .156668458665E+01
    .348864000000E+03   .204644232973E+03   .153355099055E+01
    .350162000000E+03   .205386407281E+03   .150094568171E+01
    .351460000000E+03   .206116630508E+03   .146886540942E+01
    .352758000000E+03   .206834963616E+03   .143730749561E+01
    .354056000000E+03   .207541472291E+03   .140626905447E+01
    .355354000000E+03   .208236226900E+03   .137574699465E+01
    .356652000000E+03   .208919302437E+03   .134573802149E+01
    .357950000000E+03   .209590778475E+03   .131623863924E+01
    .359248000000E+03   .210250739111E+03   .128724515327E+01
    .360546000000E+03   .210899219341E+03   .125875602618E+01
    .361844000000E+03   .211536323608E+03   .123076666949E+01
    .363142000000E+03   .212162154537E+03   .120327257477E+01
    .364440000000E+03   .212776806453E+03   .117626959803E+01
    .365738000000E+03   .213380377164E+03   .114975344236E+01
    .367036000000E+03   .213972967872E+03   .112371966182E+01
    .368334000000E+03   .214554683082E+03   .109816366520E+01
    .369632000000E+03   .215125630520E+03   .107308071993E+01
    .370930000000E+03   .215685921041E+03   .104846595584E+01
    .372228000000E+03   .216235645069E+03   .102431540047E+01
    .373526000000E+03   .216774882069E+03   .100062556270E+01
    .374824000000E+03   .217303777759E+03   .977390040861E+00
    .376122000000E+03   .217822447421E+03   .954603770373E+00
    .377420000000E+03   .218331008234E+03   .932261603278E+00
    .378718000000E+03   .218829579152E+03   .910358313741E+00
    .380016000000E+03   .219318280773E+03   .888888603530E+00
    .381314000000E+03   .219797235222E+03   .867847107509E+00
    .382612000000E+03   .220266566020E+03   .847228399122E+00
    .383910000000E+03   .220726397961E+03   .827026995883E+00
    .385208000000E+03   .221176852795E+03   .807237549086E+00
    .386506000000E+03   .221618059539E+03   .787854390669E+00
    .387804000000E+03   .222050145821E+03   .768871913729E+00
    .389102000000E+03   .222473239810E+03   .750284487526E+00
    .390400000000E+03   .222887470272E+03   .732086455019E+00
    .391698000000E+03   .223292966448E+03   .714272138453E+00
    .392996000000E+03   .223689857921E+03   .696835844953E+00
    .394294000000E+03   .224078274491E+03   .679771872105E+00
    .395592000000E+03   .224458346049E+03   .663074513550E+00
    .396890000000E+03   .224830205404E+03   .646737934675E+00
    .398188000000E+03   .225193983853E+03   .630756367323E+00
    .399486000000E+03   .225549809250E+03   .615124194587E+00
    .400784000000E+03   .225897811191E+03   .599835723078E+00
    .402082000000E+03   .226238118791E+03   .584885280440E+00
    .403380000000E+03   .226570860564E+03   .570267220795E+00
    .404678000000E+03   .226896164298E+03   .555975930198E+00
    .405976000000E+03   .227214156927E+03   .542005832084E+00
    .407274000000E+03   .227524964413E+03   .528351392715E+00
    .408572000000E+03   .227828714132E+03   .515007016193E+00
    .409870000000E+03   .228125552794E+03   .501966257236E+00
    .411168000000E+03   .228415589279E+03   .489224332520E+00
    .412466000000E+03   .228698946986E+03   .476775820777E+00
    .413764000000E+03   .228975748013E+03   .464615358123E+00
    .415062000000E+03   .229246113035E+03   .452737642898E+00
    .416360000000E+03   .229510161207E+03   .441137440511E+00
    .417658000000E+03   .229768010041E+03   .429809588281E+00
    .418956000000E+03   .230019775306E+03   .418749000284E+00
    .420254000000E+03   .230265570913E+03   .407950672195E+00
    .421552000000E+03   .230505545274E+03   .397408083927E+00
    .422850000000E+03   .230739807893E+03   .387116424691E+00
    .424148000000E+03   .230968458716E+03   .377071303748E+00
    .425446000000E+03   .231191608833E+03   .367267840581E+00
    .426744000000E+03   .231409367546E+03   .357701233344E+00
    .428042000000E+03   .231621842285E+03   .348366762446E+00
    .429340000000E+03   .231829138524E+03   .339259794128E+00
    .430638000000E+03   .232031359704E+03   .330375784052E+00
    .431936000000E+03   .232228607147E+03   .321710280882E+00
    .433234000000E+03   .232421001102E+03   .313258001879E+00
    .434532000000E+03   .232608695024E+03   .305012205384E+00
    .435830000000E+03   .232791747199E+03   .296970330790E+00
    .437128000000E+03   .232970258341E+03   .289127953519E+00
    .438426000000E+03   .233144327601E+03   .281480717650E+00
    .439724000000E+03   .233314052532E+03   .274024337499E+00
    .441022000000E+03   .233479529050E+03   .266754599206E+00
    .442320000000E+03   .233640851402E+03   .259667362311E+00
    .443618000000E+03   .233798112130E+03   .252758561336E+00
    .444916000000E+03   .233951402028E+03   .246024207370E+00
    .446214000000E+03   .234100816728E+03   .239460099213E+00
    .447512000000E+03   .234246441099E+03   .233062508297E+00
    .448810000000E+03   .234388360364E+03   .226827690675E+00
    .450108000000E+03   .234526658811E+03   .220751943327E+00
    .451406000000E+03   .234661418895E+03   .214831643830E+00
    .452704000000E+03   .234792721206E+03   .209063251759E+00
    .454002000000E+03   .234920644433E+03   .203443310089E+00
    .455300000000E+03   .235045265335E+03   .197968446601E+00
    .456598000000E+03   .235166658711E+03   .192635375280E+00
    .457896000000E+03   .235284911438E+03   .187440279416E+00
    .459194000000E+03   .235400108595E+03   .182379421286E+00
    .460492000000E+03   .235512307847E+03   .177450267534E+00
    .461790000000E+03   .235621579389E+03   .172649734373E+00
    .463088000000E+03   .235727991684E+03   .167974814038E+00
    .464386000000E+03   .235831611453E+03   .163422575386E+00
    .465684000000E+03   .235932503658E+03   .158990164482E+00
    .466982000000E+03   .236030731490E+03   .154674805202E+00
    .468280000000E+03   .236126356355E+03   .150473799821E+00
    .469578000000E+03   .236219438948E+03   .146384481872E+00
    .470876000000E+03   .236310091580E+03   .142401917356E+00
    .472174000000E+03   .236398339605E+03   .138524992407E+00
    .473472000000E+03   .236484242492E+03   .134751094328E+00
    .474770000000E+03   .236567858464E+03   .131077665385E+00
    .476068000000E+03   .236649244504E+03   .127502202129E+00
    .477366000000E+03   .236728456376E+03   .124022254729E+00
    .478664000000E+03   .236805548639E+03   .120635426297E+00
    .479962000000E+03   .236880574662E+03   .117339372220E+00
    .481260000000E+03   .236953586639E+03   .114131799483E+00
    .482558000000E+03   .237024638124E+03   .111010355392E+00
    .483856000000E+03   .237093779646E+03   .107972820083E+00
    .485154000000E+03   .237161059062E+03   .105017091061E+00
    .486452000000E+03   .237226524478E+03   .102141054930E+00
    .487750000000E+03   .237290222953E+03   .993426443545E-01
    .489048000000E+03   .237352200512E+03   .966198372869E-01
    .490346000000E+03   .237412502168E+03   .939706561916E-01
    .491644000000E+03   .237471171941E+03   .913931672728E-01
    .492942000000E+03   .237528252869E+03   .888854797006E-01
    .494240000000E+03   .237583783229E+03   .864459118924E-01
    .495538000000E+03   .237637785919E+03   .840734579112E-01
    .496836000000E+03   .237690312154E+03   .817658677968E-01
    .498134000000E+03   .237741398913E+03   .795215169324E-01
    .499432000000E+03   .237791082027E+03   .773388311812E-01
    .500730000000E+03   .237839396184E+03   .752162866544E-01
    .502028000000E+03   .237886374933E+03   .731524094784E-01
    .503326000000E+03   .237932050689E+03   .711457755633E-01
    .504624000000E+03   .237976454740E+03   .691950103703E-01
    .505922000000E+03   .238019617252E+03   .672987886799E-01
    .507220000000E+03   .238061610070E+03   .654539541430E-01
    .508518000000E+03   .238102453219E+03   .636596270184E-01
    .509816000000E+03   .238142168646E+03   .619148431343E-01
    .511114000000E+03   .238180788082E+03   .602182084898E-01
    .512412000000E+03   .238218342808E+03   .585683488475E-01
    .513710000000E+03   .238254863690E+03   .569639081873E-01
    .515008000000E+03   .238290381215E+03   .554035471601E-01
    .516306000000E+03   .238324925525E+03   .538859415414E-01
    .517604000000E+03   .238358526454E+03   .524097806849E-01
    .518000000000E+03   .238368594304E+03   .519674784421E-01
