 Column 1: Time in Days
 Other Columns: Concentrations in meq/L
 
 
    .694444444444E-03   .485752060028E-04   .104197642826E+02
    .159583333333E-02   .517831096664E-04   .104197610747E+02
    .249722222222E-02   .338940259707E-04   .104197789637E+02
    .339861111111E-02   .446654154521E-04   .104197681923E+02
    .430000000000E-02   .384533289592E-04   .104197744044E+02
    .520138888889E-02   .183831087474E-04   .104197944747E+02
    .610277777778E-02   .136263902377E-05   .104198114951E+02
    .700416666667E-02   .175499219592E-04   .104197953078E+02
    .790555555556E-02   .258420248413E-04   .104197870157E+02
    .880694444444E-02   .349400596630E-04   .104197779177E+02
    .970833333333E-02   .755266384560E-04   .104197373311E+02
    .106097222222E-01   .611564789656E-05   .104198067421E+02
    .115111111111E-01   .327187333539E-04   .104197801390E+02
    .124125000000E-01   .416731554543E-04   .104197711846E+02
    .133138888889E-01   .111696638424E-04   .104198016881E+02
    .142152777778E-01   .408567672066E-04   .104197720010E+02
    .151166666667E-01   .212525852329E-04   .104197916052E+02
    .160180555556E-01   .690190185438E-04   .104197438387E+02
    .169194444444E-01   .120785643430E-03   .104196920721E+02
    .178208333333E-01   .194018982385E-03   .104196188388E+02
    .187222222222E-01   .262607469578E-03   .104195502503E+02
    .196236111111E-01   .353353723692E-03   .104194595040E+02
    .205250000000E-01   .466559345457E-03   .104193462984E+02
    .214263888889E-01   .605679384494E-03   .104192071784E+02
    .223277777778E-01   .774758892208E-03   .104190380989E+02
    .232291666667E-01   .978660161536E-03   .104188341976E+02
    .241305555556E-01   .122232609747E-02   .104185905317E+02
    .250319444444E-01   .151096318055E-02   .104183018946E+02
    .259333333333E-01   .185000345233E-02   .104179628543E+02
    .268347222222E-01   .224526763400E-02   .104175675901E+02
    .277361111111E-01   .270287517435E-02   .104171099826E+02
    .286375000000E-01   .322923321673E-02   .104165836245E+02
    .295388888889E-01   .383087393693E-02   .104159819838E+02
    .304402777778E-01   .451478871933E-02   .104152980690E+02
    .313416666667E-01   .528813661024E-02   .104145247212E+02
    .322430555556E-01   .615822104262E-02   .104136546367E+02
    .331444444444E-01   .713265358952E-02   .104126802042E+02
    .340458333333E-01   .821921661788E-02   .104115936411E+02
    .349472222222E-01   .942578587512E-02   .104103870719E+02
    .358486111111E-01   .107604117529E-01   .104090524460E+02
    .367500000000E-01   .122314768914E-01   .104075813809E+02
    .376513888889E-01   .138473491383E-01   .104059655086E+02
    .385527777778E-01   .156165859453E-01   .104041962718E+02
    .394541666667E-01   .175478006305E-01   .104022650571E+02
    .403555555556E-01   .196496469604E-01   .104001632108E+02
    .412569444444E-01   .219308848249E-01   .103978819729E+02
    .421583333333E-01   .244002796697E-01   .103954125781E+02
    .430597222222E-01   .270666761654E-01   .103927461816E+02
    .439611111111E-01   .299389320069E-01   .103898739258E+02
    .448625000000E-01   .330258940534E-01   .103867869637E+02
    .457638888889E-01   .363364366369E-01   .103834764211E+02
    .466652777778E-01   .398795494573E-01   .103799333083E+02
    .475666666667E-01   .436641792623E-01   .103761486785E+02
    .484680555556E-01   .476989720655E-01   .103721138857E+02
    .493694444444E-01   .519929792751E-01   .103678198785E+02
    .502708333333E-01   .565551331959E-01   .103632577246E+02
    .511722222222E-01   .613940143273E-01   .103584188434E+02
    .520736111111E-01   .665183508679E-01   .103532945069E+02
    .529750000000E-01   .719369737805E-01   .103478758840E+02
    .538763888889E-01   .776585032422E-01   .103421543545E+02
    .547777777778E-01   .836912227263E-01   .103361216350E+02
    .556791666667E-01   .900437787245E-01   .103297690790E+02
    .565805555556E-01   .967246187981E-01   .103230882390E+02
    .574819444444E-01   .103741835194E+00   .103160710226E+02
    .583833333333E-01   .111103686574E+00   .103087091712E+02
    .592847222222E-01   .118818343209E+00   .103009945146E+02
    .601861111111E-01   .126893784786E+00   .102929190730E+02
    .610875000000E-01   .135337811804E+00   .102844750460E+02
    .619888888889E-01   .144158308259E+00   .102756545495E+02
    .628902777778E-01   .153363000635E+00   .102664498571E+02
    .637916666667E-01   .162959330149E+00   .102568535276E+02
    .646930555556E-01   .172954837734E+00   .102468580200E+02
    .655944444444E-01   .183356897112E+00   .102364559607E+02
    .664958333333E-01   .194172707097E+00   .102256401507E+02
    .673972222222E-01   .205409341702E+00   .102144035161E+02
    .682986111111E-01   .217073838367E+00   .102027390194E+02
    .692000000000E-01   .229173076423E+00   .101906397813E+02
    .701013888889E-01   .241713694125E+00   .101780991636E+02
    .710027777778E-01   .254702353398E+00   .101651105044E+02
    .719041666667E-01   .268145546161E+00   .101516673116E+02
    .728055555556E-01   .282049602937E+00   .101377632548E+02
    .737069444444E-01   .296420742679E+00   .101233921151E+02
    .746083333333E-01   .311265076813E+00   .101085477810E+02
    .755097222222E-01   .326588557927E+00   .100932242998E+02
    .764111111111E-01   .342396930518E+00   .100774159272E+02
    .773125000000E-01   .358695910280E+00   .100611169475E+02
    .782138888889E-01   .375491043450E+00   .100443218143E+02
    .791152777778E-01   .392787685106E+00   .100270251727E+02
    .800166666667E-01   .410591094395E+00   .100092217634E+02
    .809180555556E-01   .428906395179E+00   .999090646258E+01
    .818194444444E-01   .447738542032E+00   .997207431573E+01
    .827208333333E-01   .467092314540E+00   .995272054322E+01
    .836222222222E-01   .486972407206E+00   .993284045056E+01
    .845236111111E-01   .507383350392E+00   .991242950737E+01
    .854250000000E-01   .528329443790E+00   .989148341397E+01
    .863263888889E-01   .549814925665E+00   .986999793210E+01
    .872277777778E-01   .571843862676E+00   .984796899509E+01
    .881291666667E-01   .594420135086E+00   .982539272268E+01
    .890305555556E-01   .617547457140E+00   .980226540062E+01
    .899319444444E-01   .641229435056E+00   .977858342271E+01
    .908333333333E-01   .665469493567E+00   .975434336420E+01
    .917347222222E-01   .690270771014E+00   .972954208675E+01
    .926361111111E-01   .715636390454E+00   .970417646731E+01
    .935375000000E-01   .741569264065E+00   .967824359370E+01
    .944388888889E-01   .768072071604E+00   .965174078616E+01
    .953402777778E-01   .795147357550E+00   .962466550021E+01
    .962416666667E-01   .822797537599E+00   .959701532016E+01
    .971430555556E-01   .851024837211E+00   .956878802055E+01
    .980444444444E-01   .879831201811E+00   .953998165595E+01
    .989458333333E-01   .909218321321E+00   .951059453644E+01
    .998472222222E-01   .939187931229E+00   .948062492654E+01
    .100748611111E+00   .969741494759E+00   .945007136301E+01
    .101650000000E+00   .100088024331E+01   .941893261445E+01
    .102551388889E+00   .103260499302E+01   .938720786474E+01
    .103452777778E+00   .106491671169E+01   .935489614608E+01
    .104354166667E+00   .109781605067E+01   .932199680710E+01
    .105255555556E+00   .113130347075E+01   .928850938702E+01
    .106156944444E+00   .116537893051E+01   .925443392725E+01
    .107058333333E+00   .120004255684E+01   .921977030093E+01
    .107959722222E+00   .123529415334E+01   .918451870442E+01
    .108861111111E+00   .127113331897E+01   .914867953879E+01
    .109762500000E+00   .130755916923E+01   .911225368854E+01
    .110663888889E+00   .134457081280E+01   .907524204497E+01
    .111565277778E+00   .138216719195E+01   .903764566581E+01
    .112466666667E+00   .142034697460E+01   .899946588316E+01
    .113368055556E+00   .145910845402E+01   .896070440375E+01
    .114269444444E+00   .149844968472E+01   .892136317305E+01
    .115170833333E+00   .153836868228E+01   .888144417549E+01
    .116072222222E+00   .157886314473E+01   .884094971303E+01
    .116973611111E+00   .161993054434E+01   .879988231342E+01
    .117875000000E+00   .166156812911E+01   .875824472865E+01
    .118776388889E+00   .170377290740E+01   .871603995036E+01
    .119677777778E+00   .174654166383E+01   .867327119394E+01
    .120579166667E+00   .178987095438E+01   .862994190338E+01
    .121480555556E+00   .183375710645E+01   .858605575132E+01
    .122381944444E+00   .187819606171E+01   .854161679606E+01
    .123283333333E+00   .192318210179E+01   .849663075598E+01
    .124184722222E+00   .196871155711E+01   .845110130065E+01
    .125086111111E+00   .201477959142E+01   .840503326634E+01
    .125987500000E+00   .206138111701E+01   .835843174075E+01
    .126888888889E+00   .210851079472E+01   .831130206304E+01
    .127790277778E+00   .215616303393E+01   .826364982383E+01
    .128691666667E+00   .220433183943E+01   .821548101833E+01
    .129593055556E+00   .225301116322E+01   .816680169454E+01
    .130494444444E+00   .230219464812E+01   .811761820965E+01
    .131395833333E+00   .235187567213E+01   .806793718563E+01
    .132297222222E+00   .240204735966E+01   .801776549811E+01
    .133198611111E+00   .245270258144E+01   .796711027632E+01
    .134100000000E+00   .250383400094E+01   .791597885682E+01
    .135001388889E+00   .255543398697E+01   .786437887080E+01
    .135902777778E+00   .260749464472E+01   .781231821304E+01
    .136804166667E+00   .266000784069E+01   .775980501707E+01
    .137705555556E+00   .271296518862E+01   .770684766915E+01
    .138606944444E+00   .276635804950E+01   .765345480826E+01
    .139508333333E+00   .282017791967E+01   .759963493809E+01
    .140409722222E+00   .287441598240E+01   .754539687536E+01
    .141311111111E+00   .292906267897E+01   .749075017879E+01
    .142212500000E+00   .298410848351E+01   .743570437425E+01
    .143113888889E+00   .303954362840E+01   .738026922937E+01
    .144015277778E+00   .309535810422E+01   .732445475354E+01
    .144916666667E+00   .315154186803E+01   .726827098974E+01
    .145818055556E+00   .320808587372E+01   .721172698405E+01
    .146719444444E+00   .326497859454E+01   .715483426322E+01
    .147620833333E+00   .332220929629E+01   .709760356147E+01
    .148522222222E+00   .337976701012E+01   .704004584764E+01
    .149423611111E+00   .343764053561E+01   .698217232215E+01
    .150325000000E+00   .349581863495E+01   .692399422282E+01
    .151226388889E+00   .355429154963E+01   .686552130814E+01
    .152127777778E+00   .361304658974E+01   .680676626802E+01
    .153029166667E+00   .367207200475E+01   .674774085301E+01
    .153930555556E+00   .373135587701E+01   .668845698076E+01
    .154831944444E+00   .379088612783E+01   .662892672993E+01
    .155733333333E+00   .385065052352E+01   .656916233424E+01
    .156634722222E+00   .391063668140E+01   .650917617637E+01
    .157536111111E+00   .397083279607E+01   .644898006170E+01
    .158437500000E+00   .403122605896E+01   .638858679880E+01
    .159338888889E+00   .409180372076E+01   .632800913700E+01
    .160240277778E+00   .415255301779E+01   .626725983998E+01
    .161141666667E+00   .421346108833E+01   .620635176944E+01
    .162043055556E+00   .427451497985E+01   .614529787791E+01
    .162944444444E+00   .433570165625E+01   .608411120152E+01
    .163845833333E+00   .439700962569E+01   .602280323207E+01
    .164747222222E+00   .445842644714E+01   .596138641063E+01
    .165648611111E+00   .451993851584E+01   .589987434192E+01
    .166550000000E+00   .458153304735E+01   .583827981042E+01
    .167451388889E+00   .464319728011E+01   .577661557765E+01
    .168352777778E+00   .470491848685E+01   .571489437091E+01
    .169254166667E+00   .476668398586E+01   .565312887190E+01
    .170155555556E+00   .482847988316E+01   .559133297461E+01
    .171056944444E+00   .489029097494E+01   .552952188282E+01
    .171958333333E+00   .495210595140E+01   .546770690637E+01
    .172859722222E+00   .501391170041E+01   .540590115735E+01
    .173761111111E+00   .507569511079E+01   .534411774697E+01
    .174662500000E+00   .513744307757E+01   .528236978019E+01
    .175563888889E+00   .519914250735E+01   .522067035041E+01
    .176465277778E+00   .526078037777E+01   .515903247999E+01
    .177366666667E+00   .532234433889E+01   .509746851887E+01
    .178268055556E+00   .538382106237E+01   .503599179539E+01
    .179169444444E+00   .544519767852E+01   .497461517924E+01
    .180070833333E+00   .550646137354E+01   .491335148422E+01
    .180972222222E+00   .556759939591E+01   .485221346186E+01
    .181873611111E+00   .562859906274E+01   .479121379502E+01
    .182775000000E+00   .568944776622E+01   .473036509155E+01
    .183676388889E+00   .575013397912E+01   .466967887865E+01
    .184577777778E+00   .581064510448E+01   .460916775329E+01
    .185479166667E+00   .587096884006E+01   .454884401770E+01
    .186380555556E+00   .593109316345E+01   .448871969432E+01
    .187281944444E+00   .599100618900E+01   .442880666877E+01
    .188183333333E+00   .605069617599E+01   .436911668178E+01
    .189084722222E+00   .611015153671E+01   .430966132106E+01
    .189986111111E+00   .616936144545E+01   .425045141231E+01
    .190887500000E+00   .622831497374E+01   .419149788402E+01
    .191788888889E+00   .628700088430E+01   .413281197346E+01
    .192690277778E+00   .634540848149E+01   .407440437627E+01
    .193591666667E+00   .640352729050E+01   .401628556726E+01
    .194493055556E+00   .646134706710E+01   .395846579066E+01
    .195394444444E+00   .651885780730E+01   .390095505046E+01
    .196295833333E+00   .657604777983E+01   .384376507794E+01
    .197197222222E+00   .663290319440E+01   .378690966336E+01
    .198098611111E+00   .668941731222E+01   .373039554554E+01
    .199000000000E+00   .674558032127E+01   .367423253649E+01
    .199901388889E+00   .680138259325E+01   .361843026451E+01
    .200802777778E+00   .685681468787E+01   .356299816990E+01
    .201704166667E+00   .691186735706E+01   .350794550070E+01
    .202605555556E+00   .696653154934E+01   .345328130842E+01
    .203506944444E+00   .702079841399E+01   .339901444378E+01
    .204408333333E+00   .707466659549E+01   .334514626228E+01
    .205309722222E+00   .712812604164E+01   .329168681612E+01
    .206211111111E+00   .718116829215E+01   .323864456562E+01
    .207112500000E+00   .723378652899E+01   .318602632878E+01
    .208013888889E+00   .728597429571E+01   .313383856206E+01
    .208915277778E+00   .733772550869E+01   .308208734908E+01
    .209816666667E+00   .738903446847E+01   .303077838929E+01
    .210718055556E+00   .743989587106E+01   .297991698671E+01
    .211619444444E+00   .749029909277E+01   .292951376499E+01
    .212520833333E+00   .754022643902E+01   .287958641875E+01
    .213422222222E+00   .758968145526E+01   .283013140251E+01
    .214323611111E+00   .763865793457E+01   .278115492319E+01
    .215225000000E+00   .768714980665E+01   .273266305111E+01
    .216126388889E+00   .773515113279E+01   .268466172497E+01
    .217027777778E+00   .778265610085E+01   .263715675692E+01
    .217929166667E+00   .782965902023E+01   .259015383753E+01
    .218830555556E+00   .787615431690E+01   .254365854086E+01
    .219731944444E+00   .792215100261E+01   .249766185516E+01
    .220633333333E+00   .796764081259E+01   .245217204517E+01
    .221534722222E+00   .801261786646E+01   .240719499131E+01
    .222436111111E+00   .805707939650E+01   .236273346126E+01
    .223337500000E+00   .810102300742E+01   .231878985034E+01
    .224238888889E+00   .814444668546E+01   .227536617230E+01
    .225140277778E+00   .818734880757E+01   .223246405019E+01
    .226041666667E+00   .822972815057E+01   .219008470719E+01
    .226943055556E+00   .827158031023E+01   .214823254754E+01
    .227844444444E+00   .831289608594E+01   .210691677183E+01
    .228745833333E+00   .835368053596E+01   .206613232181E+01
    .229647222222E+00   .839393243958E+01   .202588041818E+01
    .230548611111E+00   .843365081664E+01   .198616204113E+01
    .231450000000E+00   .847283492600E+01   .194697793176E+01
    .232351388889E+00   .851148426419E+01   .190832859358E+01
    .233252777778E+00   .854959856382E+01   .187021429394E+01
    .234154166667E+00   .858717779222E+01   .183263506554E+01
    .235055555556E+00   .862422266035E+01   .179559019742E+01
    .235956944444E+00   .866073350875E+01   .175907934902E+01
    .236858333333E+00   .869671097234E+01   .172310188542E+01
    .237759722222E+00   .873215602804E+01   .168765682973E+01
    .238661111111E+00   .876706989017E+01   .165274296759E+01
    .239562500000E+00   .880145400953E+01   .161835884823E+01
    .240463888889E+00   .883531007243E+01   .158450278534E+01
    .241365277778E+00   .886863999970E+01   .155117285807E+01
    .242266666667E+00   .890144554038E+01   .151836731738E+01
    .243168055556E+00   .893372802438E+01   .148608483338E+01
    .244069444444E+00   .896549067022E+01   .145432218754E+01
    .244970833333E+00   .899673612944E+01   .142307672832E+01
    .245872222222E+00   .902746725928E+01   .139234559848E+01
    .246773611111E+00   .905768712048E+01   .136212573728E+01
    .247675000000E+00   .908739897510E+01   .133241388267E+01
    .248576388889E+00   .911660628426E+01   .130320657350E+01
    .249477777778E+00   .914531270601E+01   .127450015175E+01
    .250379166667E+00   .917351976253E+01   .124629309523E+01
    .251280555556E+00   .920123199688E+01   .121858086088E+01
    .252181944444E+00   .922845387284E+01   .119135898492E+01
    .253083333333E+00   .925518949338E+01   .116462336438E+01
    .253984722222E+00   .928144311285E+01   .113836974491E+01
    .254886111111E+00   .930721913319E+01   .111259372457E+01
    .255787500000E+00   .933252210014E+01   .108729075763E+01
    .256688888889E+00   .935735669942E+01   .106245615834E+01
    .257590277778E+00   .938172775297E+01   .103808510479E+01
    .258491666667E+00   .940563919393E+01   .101417366383E+01
    .259393055556E+00   .942909447886E+01   .990718378908E+00
    .260294444444E+00   .945209994602E+01   .967712911743E+00
    .261195833333E+00   .947466060987E+01   .945152247894E+00
    .262097222222E+00   .949678156739E+01   .923031290375E+00
    .262998611111E+00   .951846799267E+01   .901344865090E+00
    .263900000000E+00   .953972513150E+01   .880087726267E+00
    .264801388889E+00   .956055829587E+01   .859254561890E+00
    .265702777778E+00   .958097285863E+01   .838839999131E+00
    .266604166667E+00   .960097424798E+01   .818838609785E+00
    .267505555556E+00   .962056775966E+01   .799245098105E+00
    .268406944444E+00   .963975900562E+01   .780053852147E+00
    .269308333333E+00   .965855353724E+01   .761259320524E+00
    .270209722222E+00   .967695692952E+01   .742855928244E+00
    .271111111111E+00   .969497478349E+01   .724838074276E+00
    .272012500000E+00   .971261272068E+01   .707200137082E+00
    .272913888889E+00   .972987637761E+01   .689936480152E+00
    .273815277778E+00   .974677140023E+01   .673041457530E+00
    .274716666667E+00   .976330343841E+01   .656509419356E+00
    .275618055556E+00   .977947826898E+01   .640334588787E+00
    .276519444444E+00   .979530160299E+01   .624511254776E+00
    .277420833333E+00   .981077900174E+01   .609033856027E+00
    .278322222222E+00   .982591610224E+01   .593896755523E+00
    .279223611111E+00   .984071852070E+01   .579094337069E+00
    .280125000000E+00   .985519184708E+01   .564621010688E+00
    .281026388889E+00   .986934163975E+01   .550471218018E+00
    .281927777778E+00   .988317342006E+01   .536639437706E+00
    .282829166667E+00   .989669266696E+01   .523120190807E+00
    .283730555556E+00   .990990492094E+01   .509907936825E+00
    .284631944444E+00   .992281656347E+01   .496996294294E+00
    .285533333333E+00   .993543233052E+01   .484380527247E+00
    .286434722222E+00   .994775758967E+01   .472055268096E+00
    .287336111111E+00   .995979765170E+01   .460015206062E+00
    .288237500000E+00   .997155776579E+01   .448255091978E+00
    .289138888889E+00   .998304311468E+01   .436769743080E+00
    .290040277778E+00   .999425880996E+01   .425554047803E+00
    .290941666667E+00   .100052098872E+02   .414602970578E+00
    .291843055556E+00   .100159013011E+02   .403911556629E+00
    .292744444444E+00   .100263395073E+02   .393473350423E+00
    .293645833333E+00   .100365292690E+02   .383283588803E+00
    .294547222222E+00   .100464749333E+02   .373337924503E+00
    .295448611111E+00   .100561813324E+02   .363631525328E+00
    .296350000000E+00   .100656532208E+02   .354159636975E+00
    .297251388889E+00   .100748952712E+02   .344917586580E+00
    .298152777778E+00   .100839120715E+02   .335900786265E+00
    .299054166667E+00   .100927081211E+02   .327104736685E+00
    .299955555556E+00   .101012878272E+02   .318525030576E+00
    .300856944444E+00   .101096564203E+02   .310156437504E+00
    .301758333333E+00   .101178205752E+02   .301992282558E+00
    .302659722222E+00   .101257828273E+02   .294030030485E+00
    .303561111111E+00   .101335475573E+02   .286265300514E+00
    .304462500000E+00   .101411190779E+02   .278693779851E+00
    .305363888889E+00   .101485016325E+02   .271311225247E+00
    .306265277778E+00   .101556993932E+02   .264113464561E+00
    .307166666667E+00   .101627164594E+02   .257096398328E+00
    .308068055556E+00   .101695568564E+02   .250256001323E+00
    .308969444444E+00   .101762245336E+02   .243588324128E+00
    .309870833333E+00   .101827236506E+02   .237089207141E+00
    .310772222222E+00   .101890578991E+02   .230754958710E+00
    .311673611111E+00   .101952309858E+02   .224581871955E+00
    .312575000000E+00   .102012465772E+02   .218566280522E+00
    .313476388889E+00   .102071082599E+02   .212704597852E+00
    .314377777778E+00   .102128195392E+02   .206993318573E+00
    .315279166667E+00   .102183838379E+02   .201429019890E+00
    .316180555556E+00   .102238044948E+02   .196008362971E+00
    .317081944444E+00   .102290847634E+02   .190728094337E+00
    .317983333333E+00   .102342284227E+02   .185584435065E+00
    .318884722222E+00   .102392391733E+02   .180573684441E+00
    .319786111111E+00   .102441195236E+02   .175693334192E+00
    .320687500000E+00   .102488725267E+02   .170940331062E+00
    .321588888889E+00   .102535011607E+02   .166311697068E+00
    .322490277778E+00   .102580083277E+02   .161804530085E+00
    .323391666667E+00   .102623968533E+02   .157416004438E+00
    .324293055556E+00   .102666694863E+02   .153143371487E+00
    .325194444444E+00   .102708288975E+02   .148983960219E+00
    .326095833333E+00   .102748777272E+02   .144935130567E+00
    .326997222222E+00   .102788208604E+02   .140991997383E+00
    .327898611111E+00   .102826593999E+02   .137153457829E+00
    .328800000000E+00   .102863959327E+02   .133416925078E+00
    .329701388889E+00   .102900329910E+02   .129779866718E+00
    .330602777778E+00   .102935730537E+02   .126239804088E+00
    .331504166667E+00   .102970185462E+02   .122794311612E+00
    .332405555556E+00   .103003718416E+02   .119441016136E+00
    .333306944444E+00   .103036352615E+02   .116177596257E+00
    .334208333333E+00   .103068110761E+02   .113001781666E+00
    .335109722222E+00   .103099016148E+02   .109911242962E+00
    .336011111111E+00   .103129090755E+02   .106903782261E+00
    .336912500000E+00   .103158355399E+02   .103977317882E+00
    .337813888889E+00   .103186831004E+02   .101129757356E+00
    .338715277778E+00   .103214538039E+02   .983590538164E-01
    .339616666667E+00   .103241496525E+02   .956632052345E-01
    .340518055556E+00   .103267726041E+02   .930402536550E-01
    .341419444444E+00   .103293245733E+02   .904882844285E-01
    .342320833333E+00   .103318074323E+02   .880054254462E-01
    .343222222222E+00   .103342228460E+02   .855900117747E-01
    .344123611111E+00   .103365718103E+02   .832410474368E-01
    .345025000000E+00   .103388565530E+02   .809563047493E-01
    .345926388889E+00   .103410786826E+02   .787341751806E-01
    .346827777778E+00   .103432397576E+02   .765731001794E-01
    .347729166667E+00   .103453412868E+02   .744715709449E-01
    .348630555556E+00   .103473847296E+02   .724281281964E-01
    .349531944444E+00   .103493714958E+02   .704413619438E-01
    .350433333333E+00   .103513029465E+02   .685099112578E-01
    .351334722222E+00   .103531803937E+02   .666324640395E-01
    .352236111111E+00   .103550069626E+02   .648058951911E-01
    .353137500000E+00   .103567835241E+02   .630293336815E-01
    .354038888889E+00   .103585110329E+02   .613018248855E-01
    .354940277778E+00   .103601908692E+02   .596219886038E-01
    .355841666667E+00   .103618243936E+02   .579884642054E-01
    .356743055556E+00   .103634129487E+02   .563999090963E-01
    .357644444444E+00   .103649578606E+02   .548549971882E-01
    .358545833333E+00   .103664604404E+02   .533524173677E-01
    .359447222222E+00   .103679219858E+02   .518908719652E-01
    .359722222222E+00   .103683599088E+02   .514529489526E-01
